#
# A fatal error has been detected by the Java Runtime Environment:
#
#  EXCEPTION_ACCESS_VIOLATION (0xc0000005) at pc=0x0000000066842310, pid=10480, tid=0x00000000000022f4
#
# JRE version: Java(TM) SE Runtime Environment (8.0_161-b12) (build 1.8.0_161-b12)
# Java VM: Java HotSpot(TM) 64-Bit Server VM (25.161-b12 mixed mode windows-amd64 compressed oops)
# Problematic frame:
# C  [opencv_ffmpeg248_64.dll+0x2310]
#
# Failed to write core dump. Minidumps are not enabled by default on client versions of Windows
#
# If you would like to submit a bug report, please visit:
#   http://bugreport.java.com/bugreport/crash.jsp
# The crash happened outside the Java Virtual Machine in native code.
# See problematic frame for where to report the bug.
#

---------------  T H R E A D  ---------------

Current thread (0x0000000019d7d000):  JavaThread "Thread-4" [_thread_in_native, id=8948, stack(0x0000000020dd0000,0x0000000020ed0000)]

siginfo: ExceptionCode=0xc0000005, reading address 0x0000000000000008

Registers:
RAX=0x0000000000000000, RBX=0x000000000147d260, RCX=0x0000000001470000, RDX=0x000000001f1b5840
RSP=0x0000000020ecef10, RBP=0x8000000000000000, RSI=0x000000000147d4f8, RDI=0x0000000000000000
R8 =0x0000000020ecef3c, R9 =0x000000000147d4f8, R10=0x0000000000000000, R11=0x0000000020ecea00
R12=0x0000000000000000, R13=0x0000000020ecf100, R14=0x0000000020ecf0a0, R15=0x0000000019d7d000
RIP=0x0000000066842310, EFLAGS=0x0000000000010246

Top of Stack: (sp=0x0000000020ecef10)
0x0000000020ecef10:   0000000020ecf0b0 000000006684346a
0x0000000020ecef20:   00005ccefa179915 0000000000000000
0x0000000020ecef30:   00005ccefa179935 0000000020ecf0a0
0x0000000020ecef40:   0000000017447cb0 0000000081cdcfe8
0x0000000020ecef50:   0000000081cdcfc8 0000000020ecf0b0
0x0000000020ecef60:   0000000000000000 0000000066843429
0x0000000020ecef70:   0000000000000000 0000000019d7d000
0x0000000020ecef80:   0000000019d7d000 000000007643de8c
0x0000000020ecef90:   0000000100064e18 00007ff8db273323
0x0000000020ecefa0:   00000000d5d85f08 0000000076478690
0x0000000020ecefb0:   0000000019d7d000 000000007646ed79
0x0000000020ecefc0:   00000000d5d85f08 00007ff8db2710e1
0x0000000020ecefd0:   0000000019d7d1f8 0000000019d7d000
0x0000000020ecefe0:   0000000019d7d000 0000000000000000
0x0000000020eceff0:   0000000000000000 0000000019d7d1f8
0x0000000020ecf000:   0000000019c3b170 00007ff90278756b 

Instructions: (pc=0x0000000066842310)
0x00000000668422f0:   e0 48 83 c4 30 5b 5e 5f 5d 41 5c c3 0f 1f 40 00
0x0000000066842300:   48 8b 43 18 48 8b 53 20 4c 8d 44 24 2c 49 89 f1
0x0000000066842310:   48 8b 48 08 e8 c7 c5 0e 00 44 8b 64 24 2c 45 85
0x0000000066842320:   e4 74 1d 48 39 ab 90 02 00 00 74 64 48 83 83 18 


Register to memory mapping:

RAX=0x0000000000000000 is an unknown value
RBX=0x000000000147d260 is an unknown value
RCX=0x0000000001470000 is an unknown value
RDX=0x000000001f1b5840 is an unknown value
RSP=0x0000000020ecef10 is pointing into the stack for thread: 0x0000000019d7d000
RBP=0x8000000000000000 is an unknown value
RSI=0x000000000147d4f8 is an unknown value
RDI=0x0000000000000000 is an unknown value
R8 =0x0000000020ecef3c is pointing into the stack for thread: 0x0000000019d7d000
R9 =0x000000000147d4f8 is an unknown value
R10=0x0000000000000000 is an unknown value
R11=0x0000000020ecea00 is pointing into the stack for thread: 0x0000000019d7d000
R12=0x0000000000000000 is an unknown value
R13=0x0000000020ecf100 is pointing into the stack for thread: 0x0000000019d7d000
R14=0x0000000020ecf0a0 is pointing into the stack for thread: 0x0000000019d7d000
R15=0x0000000019d7d000 is a thread


Stack: [0x0000000020dd0000,0x0000000020ed0000],  sp=0x0000000020ecef10,  free space=1019k
Native frames: (J=compiled Java code, j=interpreted, Vv=VM code, C=native code)
C  [opencv_ffmpeg248_64.dll+0x2310]
C  [opencv_ffmpeg248_64.dll+0x3429]
C  [opencv_highgui248.dll+0x3323]
C  [opencv_highgui248.dll+0x10e1]
C  [jniopencv_highgui.dll+0x756b]
C  0x0000000003525614

Java frames: (J=compiled Java code, j=interpreted, Vv=VM code)
J 2087  com.googlecode.javacv.cpp.opencv_highgui.cvGrabFrame(Lcom/googlecode/javacv/cpp/opencv_highgui$CvCapture;)I (0 bytes) @ 0x0000000003525592 [0x0000000003525540+0x52]
J 2967 C2 com.googlecode.javacv.OpenCVFrameGrabber.grab()Lcom/googlecode/javacv/cpp/opencv_core$IplImage; (177 bytes) @ 0x00000000034233e8 [0x0000000003423380+0x68]
j  serial.CameraHandler.run()V+16
j  java.lang.Thread.run()V+11
v  ~StubRoutines::call_stub

---------------  P R O C E S S  ---------------

Java Threads: ( => current thread )
  0x0000000019d89000 JavaThread "DestroyJavaVM" [_thread_blocked, id=13464, stack(0x0000000002c90000,0x0000000002d90000)]
  0x0000000019d84000 JavaThread "J3D-InputDeviceScheduler-1" [_thread_blocked, id=13732, stack(0x00000000219d0000,0x0000000021ad0000)]
  0x0000000019d85800 JavaThread "J3D-SoundSchedulerUpdateThread-1" [_thread_blocked, id=11028, stack(0x00000000218d0000,0x00000000219d0000)]
  0x0000000019d7c800 JavaThread "J3D-RenderStructureUpdateThread-1" [_thread_blocked, id=12644, stack(0x00000000217d0000,0x00000000218d0000)]
  0x0000000019d80000 JavaThread "J3D-BehaviorScheduler-1" [_thread_blocked, id=10620, stack(0x00000000216d0000,0x00000000217d0000)]
  0x0000000019d81000 JavaThread "J3D-TransformStructureUpdateThread-1" [_thread_blocked, id=15072, stack(0x00000000215d0000,0x00000000216d0000)]
  0x0000000019d81800 JavaThread "J3D-RenderingEnvironmentStructureUpdateThread-1" [_thread_blocked, id=3012, stack(0x00000000214d0000,0x00000000215d0000)]
  0x0000000019d7f800 JavaThread "J3D-SoundStructureUpdateThread-1" [_thread_blocked, id=14552, stack(0x00000000213d0000,0x00000000214d0000)]
  0x0000000019d7e800 JavaThread "J3D-GeometryStructureUpdateThread-1" [_thread_blocked, id=13304, stack(0x00000000212d0000,0x00000000213d0000)]
  0x0000000019d7e000 JavaThread "J3D-BehaviorStructureUpdateThread-1" [_thread_blocked, id=2036, stack(0x00000000211d0000,0x00000000212d0000)]
=>0x0000000019d7d000 JavaThread "Thread-4" [_thread_in_native, id=8948, stack(0x0000000020dd0000,0x0000000020ed0000)]
  0x0000000019c00000 JavaThread "TimerQueue" daemon [_thread_blocked, id=2684, stack(0x0000000020cd0000,0x0000000020dd0000)]
  0x0000000019c01800 JavaThread "AWT-EventQueue-0" [_thread_blocked, id=9532, stack(0x0000000020ad0000,0x0000000020bd0000)]
  0x0000000019c00800 JavaThread "AWT-Shutdown" [_thread_blocked, id=11304, stack(0x00000000209d0000,0x0000000020ad0000)]
  0x0000000019ca4000 JavaThread "J3D-Renderer-1" [_thread_blocked, id=6964, stack(0x000000001b100000,0x000000001b200000)]
  0x000000001a164000 JavaThread "J3D-MasterControl-1" [_thread_blocked, id=11544, stack(0x000000001b000000,0x000000001b100000)]
  0x0000000019dc0800 JavaThread "J3D-NotificationThread" [_thread_blocked, id=9864, stack(0x000000001af00000,0x000000001b000000)]
  0x0000000019c60000 JavaThread "J3D-TimerThread" [_thread_blocked, id=9860, stack(0x000000001ae00000,0x000000001af00000)]
  0x0000000019fd3000 JavaThread "J3D-RenderingAttributesStructureUpdateThread" [_thread_blocked, id=11076, stack(0x000000001ad00000,0x000000001ae00000)]
  0x0000000019c49000 JavaThread "Java2D Disposer" daemon [_thread_blocked, id=2164, stack(0x000000001a290000,0x000000001a390000)]
  0x000000001936b000 JavaThread "Service Thread" daemon [_thread_blocked, id=12828, stack(0x0000000019740000,0x0000000019840000)]
  0x00000000179ec800 JavaThread "C1 CompilerThread2" daemon [_thread_blocked, id=7816, stack(0x0000000019240000,0x0000000019340000)]
  0x00000000179e4800 JavaThread "C2 CompilerThread1" daemon [_thread_blocked, id=9068, stack(0x0000000019140000,0x0000000019240000)]
  0x00000000179e1000 JavaThread "C2 CompilerThread0" daemon [_thread_blocked, id=15344, stack(0x0000000019040000,0x0000000019140000)]
  0x00000000179dd800 JavaThread "Attach Listener" daemon [_thread_blocked, id=7356, stack(0x0000000018f40000,0x0000000019040000)]
  0x00000000179dc000 JavaThread "Signal Dispatcher" daemon [_thread_blocked, id=7208, stack(0x0000000018e40000,0x0000000018f40000)]
  0x0000000002e8d800 JavaThread "Finalizer" daemon [_thread_blocked, id=9384, stack(0x0000000018c30000,0x0000000018d30000)]
  0x0000000002e82000 JavaThread "Reference Handler" daemon [_thread_blocked, id=13956, stack(0x0000000018b30000,0x0000000018c30000)]

Other Threads:
  0x00000000179a8000 VMThread [stack: 0x0000000018a30000,0x0000000018b30000] [id=6988]
  0x0000000017a3e800 WatcherThread [stack: 0x0000000019840000,0x0000000019940000] [id=13164]

VM state:not at safepoint (normal execution)

VM Mutex/Monitor currently owned by a thread: None

Heap:
 PSYoungGen      total 50176K, used 45332K [0x00000000d5d80000, 0x00000000da100000, 0x0000000100000000)
  eden space 37376K, 99% used [0x00000000d5d80000,0x00000000d81bc2b0,0x00000000d8200000)
  from space 12800K, 64% used [0x00000000d8200000,0x00000000d8a09030,0x00000000d8e80000)
  to   space 12800K, 0% used [0x00000000d9480000,0x00000000d9480000,0x00000000da100000)
 ParOldGen       total 208384K, used 207635K [0x0000000081800000, 0x000000008e380000, 0x00000000d5d80000)
  object space 208384K, 99% used [0x0000000081800000,0x000000008e2c4d90,0x000000008e380000)
 Metaspace       used 20182K, capacity 20408K, committed 20608K, reserved 1067008K
  class space    used 2246K, capacity 2343K, committed 2432K, reserved 1048576K

Card table byte_map: [0x0000000012250000,0x0000000012650000] byte_map_base: 0x0000000011e44000

Marking Bits: (ParMarkBitMap*) 0x0000000076b4f860
 Begin Bits: [0x0000000012d00000, 0x0000000014ca0000)
 End Bits:   [0x0000000014ca0000, 0x0000000016c40000)

Polling page: 0x0000000001100000

CodeCache: size=245760Kb used=10475Kb max_used=10746Kb free=235284Kb
 bounds [0x0000000002e90000, 0x00000000039c0000, 0x0000000011e90000]
 total_blobs=3206 nmethods=2523 adapters=594
 compilation: enabled

Compilation events (10 events):
Event: 2206.856 Thread 0x00000000179ec800 3367   !   3       javax.media.j3d.CanvasViewCache::doComputeDerivedData (415 bytes)
Event: 2206.864 Thread 0x00000000179ec800 nmethod 3367 0x00000000032e1410 code [0x00000000032e1780, 0x00000000032e31f8]
Event: 2208.672 Thread 0x00000000179e1000 3369       4       sun.java2d.pipe.Region::getDifference (55 bytes)
Event: 2208.673 Thread 0x00000000179e4800 3370       4       sun.java2d.pipe.Region::intersectsQuickCheck (50 bytes)
Event: 2208.674 Thread 0x00000000179e1000 nmethod 3369 0x000000000348f6d0 code [0x000000000348f800, 0x000000000348f8b8]
Event: 2208.675 Thread 0x00000000179e4800 nmethod 3370 0x0000000003287b50 code [0x0000000003287c80, 0x0000000003287d38]
Event: 2209.376 Thread 0x00000000179ec800 3371       3       javax.swing.plaf.nimbus.AbstractRegionPainter::decodeX (87 bytes)
Event: 2209.377 Thread 0x00000000179ec800 nmethod 3371 0x0000000003471c90 code [0x0000000003471e60, 0x0000000003472328]
Event: 2209.377 Thread 0x00000000179ec800 3372       3       javax.swing.plaf.nimbus.AbstractRegionPainter::decodeY (87 bytes)
Event: 2209.378 Thread 0x00000000179ec800 nmethod 3372 0x00000000037e7390 code [0x00000000037e7560, 0x00000000037e7a28]

GC Heap History (10 events):
Event: 2200.254 GC heap before
{Heap before GC invocations=1127 (full 58):
 PSYoungGen      total 49664K, used 44309K [0x00000000d5d80000, 0x00000000d9980000, 0x0000000100000000)
  eden space 37888K, 95% used [0x00000000d5d80000,0x00000000d80bc688,0x00000000d8280000)
  from space 11776K, 69% used [0x00000000d8280000,0x00000000d8a89030,0x00000000d8e00000)
  to   space 11776K, 0% used [0x00000000d8e00000,0x00000000d8e00000,0x00000000d9980000)
 ParOldGen       total 194560K, used 194406K [0x0000000081800000, 0x000000008d600000, 0x00000000d5d80000)
  object space 194560K, 99% used [0x0000000081800000,0x000000008d5d9ad8,0x000000008d600000)
 Metaspace       used 20115K, capacity 20362K, committed 20608K, reserved 1067008K
  class space    used 2243K, capacity 2350K, committed 2432K, reserved 1048576K
Event: 2200.352 GC heap after
Heap after GC invocations=1127 (full 58):
 PSYoungGen      total 49664K, used 0K [0x00000000d5d80000, 0x00000000d9980000, 0x0000000100000000)
  eden space 37888K, 0% used [0x00000000d5d80000,0x00000000d5d80000,0x00000000d8280000)
  from space 11776K, 0% used [0x00000000d8280000,0x00000000d8280000,0x00000000d8e00000)
  to   space 11776K, 0% used [0x00000000d8e00000,0x00000000d8e00000,0x00000000d9980000)
 ParOldGen       total 125440K, used 13194K [0x0000000081800000, 0x0000000089280000, 0x00000000d5d80000)
  object space 125440K, 10% used [0x0000000081800000,0x00000000824e2910,0x0000000089280000)
 Metaspace       used 20103K, capacity 20344K, committed 20608K, reserved 1067008K
  class space    used 2239K, capacity 2343K, committed 2432K, reserved 1048576K
}
Event: 2205.466 GC heap before
{Heap before GC invocations=1128 (full 58):
 PSYoungGen      total 49664K, used 37172K [0x00000000d5d80000, 0x00000000d9980000, 0x0000000100000000)
  eden space 37888K, 98% used [0x00000000d5d80000,0x00000000d81cd0b0,0x00000000d8280000)
  from space 11776K, 0% used [0x00000000d8280000,0x00000000d8280000,0x00000000d8e00000)
  to   space 11776K, 0% used [0x00000000d8e00000,0x00000000d8e00000,0x00000000d9980000)
 ParOldGen       total 183808K, used 183295K [0x0000000081800000, 0x000000008cb80000, 0x00000000d5d80000)
  object space 183808K, 99% used [0x0000000081800000,0x000000008caffd00,0x000000008cb80000)
 Metaspace       used 20103K, capacity 20344K, committed 20608K, reserved 1067008K
  class space    used 2239K, capacity 2343K, committed 2432K, reserved 1048576K
Event: 2205.477 GC heap after
Heap after GC invocations=1128 (full 58):
 PSYoungGen      total 49152K, used 96K [0x00000000d5d80000, 0x00000000d9a80000, 0x0000000100000000)
  eden space 37376K, 0% used [0x00000000d5d80000,0x00000000d5d80000,0x00000000d8200000)
  from space 11776K, 0% used [0x00000000d8e00000,0x00000000d8e18000,0x00000000d9980000)
  to   space 12288K, 0% used [0x00000000d8200000,0x00000000d8200000,0x00000000d8e00000)
 ParOldGen       total 183808K, used 183295K [0x0000000081800000, 0x000000008cb80000, 0x00000000d5d80000)
  object space 183808K, 99% used [0x0000000081800000,0x000000008caffd00,0x000000008cb80000)
 Metaspace       used 20103K, capacity 20344K, committed 20608K, reserved 1067008K
  class space    used 2239K, capacity 2343K, committed 2432K, reserved 1048576K
}
Event: 2206.303 GC heap before
{Heap before GC invocations=1129 (full 58):
 PSYoungGen      total 49152K, used 36168K [0x00000000d5d80000, 0x00000000d9a80000, 0x0000000100000000)
  eden space 37376K, 96% used [0x00000000d5d80000,0x00000000d80ba390,0x00000000d8200000)
  from space 11776K, 0% used [0x00000000d8e00000,0x00000000d8e18000,0x00000000d9980000)
  to   space 12288K, 0% used [0x00000000d8200000,0x00000000d8200000,0x00000000d8e00000)
 ParOldGen       total 183808K, used 183295K [0x0000000081800000, 0x000000008cb80000, 0x00000000d5d80000)
  object space 183808K, 99% used [0x0000000081800000,0x000000008caffd00,0x000000008cb80000)
 Metaspace       used 20103K, capacity 20344K, committed 20608K, reserved 1067008K
  class space    used 2239K, capacity 2343K, committed 2432K, reserved 1048576K
Event: 2206.311 GC heap after
Heap after GC invocations=1129 (full 58):
 PSYoungGen      total 49664K, used 8228K [0x00000000d5d80000, 0x00000000d9b00000, 0x0000000100000000)
  eden space 37376K, 0% used [0x00000000d5d80000,0x00000000d5d80000,0x00000000d8200000)
  from space 12288K, 66% used [0x00000000d8200000,0x00000000d8a09030,0x00000000d8e00000)
  to   space 12800K, 0% used [0x00000000d8e80000,0x00000000d8e80000,0x00000000d9b00000)
 ParOldGen       total 183808K, used 183319K [0x0000000081800000, 0x000000008cb80000, 0x00000000d5d80000)
  object space 183808K, 99% used [0x0000000081800000,0x000000008cb05d00,0x000000008cb80000)
 Metaspace       used 20103K, capacity 20344K, committed 20608K, reserved 1067008K
  class space    used 2239K, capacity 2343K, committed 2432K, reserved 1048576K
}
Event: 2207.176 GC heap before
{Heap before GC invocations=1130 (full 58):
 PSYoungGen      total 49664K, used 44305K [0x00000000d5d80000, 0x00000000d9b00000, 0x0000000100000000)
  eden space 37376K, 96% used [0x00000000d5d80000,0x00000000d80bb678,0x00000000d8200000)
  from space 12288K, 66% used [0x00000000d8200000,0x00000000d8a09030,0x00000000d8e00000)
  to   space 12800K, 0% used [0x00000000d8e80000,0x00000000d8e80000,0x00000000d9b00000)
 ParOldGen       total 183808K, used 183319K [0x0000000081800000, 0x000000008cb80000, 0x00000000d5d80000)
  object space 183808K, 99% used [0x0000000081800000,0x000000008cb05d00,0x000000008cb80000)
 Metaspace       used 20103K, capacity 20344K, committed 20608K, reserved 1067008K
  class space    used 2239K, capacity 2343K, committed 2432K, reserved 1048576K
Event: 2207.182 GC heap after
Heap after GC invocations=1130 (full 58):
 PSYoungGen      total 50176K, used 8228K [0x00000000d5d80000, 0x00000000d9b00000, 0x0000000100000000)
  eden space 37376K, 0% used [0x00000000d5d80000,0x00000000d5d80000,0x00000000d8200000)
  from space 12800K, 64% used [0x00000000d8e80000,0x00000000d9689030,0x00000000d9b00000)
  to   space 12800K, 0% used [0x00000000d8200000,0x00000000d8200000,0x00000000d8e80000)
 ParOldGen       total 183808K, used 183327K [0x0000000081800000, 0x000000008cb80000, 0x00000000d5d80000)
  object space 183808K, 99% used [0x0000000081800000,0x000000008cb07d00,0x000000008cb80000)
 Metaspace       used 20103K, capacity 20344K, committed 20608K, reserved 1067008K
  class space    used 2239K, capacity 2343K, committed 2432K, reserved 1048576K
}
Event: 2208.035 GC heap before
{Heap before GC invocations=1131 (full 58):
 PSYoungGen      total 50176K, used 44318K [0x00000000d5d80000, 0x00000000d9b00000, 0x0000000100000000)
  eden space 37376K, 96% used [0x00000000d5d80000,0x00000000d80bea78,0x00000000d8200000)
  from space 12800K, 64% used [0x00000000d8e80000,0x00000000d9689030,0x00000000d9b00000)
  to   space 12800K, 0% used [0x00000000d8200000,0x00000000d8200000,0x00000000d8e80000)
 ParOldGen       total 186880K, used 186027K [0x0000000081800000, 0x000000008ce80000, 0x00000000d5d80000)
  object space 186880K, 99% used [0x0000000081800000,0x000000008cdaad10,0x000000008ce80000)
 Metaspace       used 20103K, capacity 20344K, committed 20608K, reserved 1067008K
  class space    used 2239K, capacity 2343K, committed 2432K, reserved 1048576K
Event: 2208.044 GC heap after
Heap after GC invocations=1131 (full 58):
 PSYoungGen      total 50176K, used 8228K [0x00000000d5d80000, 0x00000000da100000, 0x0000000100000000)
  eden space 37376K, 0% used [0x00000000d5d80000,0x00000000d5d80000,0x00000000d8200000)
  from space 12800K, 64% used [0x00000000d8200000,0x00000000d8a09030,0x00000000d8e80000)
  to   space 12800K, 0% used [0x00000000d9480000,0x00000000d9480000,0x00000000da100000)
 ParOldGen       total 186880K, used 186035K [0x0000000081800000, 0x000000008ce80000, 0x00000000d5d80000)
  object space 186880K, 99% used [0x0000000081800000,0x000000008cdacd10,0x000000008ce80000)
 Metaspace       used 20103K, capacity 20344K, committed 20608K, reserved 1067008K
  class space    used 2239K, capacity 2343K, committed 2432K, reserved 1048576K
}

Deoptimization events (10 events):
Event: 2181.267 Thread 0x0000000019c01800 Uncommon trap: reason=bimorphic action=maybe_recompile pc=0x000000000361aa74 method=java.awt.Container.invalidate()V @ 19
Event: 2209.355 Thread 0x0000000019c01800 Uncommon trap: reason=unstable_if action=reinterpret pc=0x00000000035fd964 method=javax.swing.DefaultButtonModel.isPressed()Z @ 6
Event: 2209.360 Thread 0x0000000019c01800 Uncommon trap: reason=unstable_if action=reinterpret pc=0x0000000003315f80 method=javax.swing.JComponent.getClientProperty(Ljava/lang/Object;)Ljava/lang/Object; @ 16
Event: 2209.476 Thread 0x0000000019c01800 Uncommon trap: reason=unstable_if action=reinterpret pc=0x0000000003280b1c method=java.util.concurrent.locks.AbstractQueuedSynchronizer.enq(Ljava/util/concurrent/locks/AbstractQueuedSynchronizer$Node;)Ljava/util/concurrent/locks/AbstractQueuedSynchronizer
Event: 2209.483 Thread 0x0000000019d83000 Uncommon trap: reason=unstable_if action=reinterpret pc=0x00000000037b5510 method=java.util.concurrent.locks.AbstractQueuedSynchronizer$ConditionObject.addConditionWaiter()Ljava/util/concurrent/locks/AbstractQueuedSynchronizer$Node; @ 6
Event: 2209.484 Thread 0x0000000019d82800 Uncommon trap: reason=unstable_if action=reinterpret pc=0x0000000003619df8 method=java.net.AbstractPlainSocketImpl.releaseFD()V @ 22
Event: 2209.491 Thread 0x0000000019d7b800 Uncommon trap: reason=unstable_if action=reinterpret pc=0x00000000033b22f4 method=java.util.HashMap.clear()V @ 23
Event: 2209.495 Thread 0x0000000019d82800 Uncommon trap: reason=unstable_if action=reinterpret pc=0x000000000300f4bc method=java.util.concurrent.locks.AbstractQueuedSynchronizer.enq(Ljava/util/concurrent/locks/AbstractQueuedSynchronizer$Node;)Ljava/util/concurrent/locks/AbstractQueuedSynchronizer
Event: 2209.495 Thread 0x0000000019d7b800 Uncommon trap: reason=unstable_if action=reinterpret pc=0x000000000300f4bc method=java.util.concurrent.locks.AbstractQueuedSynchronizer.enq(Ljava/util/concurrent/locks/AbstractQueuedSynchronizer$Node;)Ljava/util/concurrent/locks/AbstractQueuedSynchronizer
Event: 2209.495 Thread 0x0000000019bff000 Uncommon trap: reason=unstable_if action=reinterpret pc=0x000000000300f4bc method=java.util.concurrent.locks.AbstractQueuedSynchronizer.enq(Ljava/util/concurrent/locks/AbstractQueuedSynchronizer$Node;)Ljava/util/concurrent/locks/AbstractQueuedSynchronizer

Classes redefined (0 events):
No events

Internal exceptions (10 events):
Event: 1196.147 Thread 0x0000000019c01800 Implicit null exception at 0x0000000003435f30 to 0x000000000343668f
Event: 1654.760 Thread 0x0000000019c01800 Implicit null exception at 0x00000000032813ef to 0x0000000003281f05
Event: 1654.760 Thread 0x0000000019c01800 Implicit null exception at 0x0000000003421a6c to 0x0000000003421c81
Event: 1654.761 Thread 0x0000000019c01800 Implicit null exception at 0x000000000331b377 to 0x000000000331b94d
Event: 2181.193 Thread 0x0000000019c01800 Implicit null exception at 0x00000000032fbe90 to 0x00000000032fbee6
Event: 2181.195 Thread 0x0000000019c01800 Implicit null exception at 0x000000000325af0c to 0x000000000325c6d1
Event: 2181.202 Thread 0x0000000019c01800 Implicit null exception at 0x000000000372c023 to 0x000000000372ca45
Event: 2209.483 Thread 0x0000000019d83000 Exception <a 'java/lang/InterruptedException'> (0x00000000d68dd8e8) thrown at [C:\re\workspace\8-2-build-windows-amd64-cygwin\jdk8u161\10277\hotspot\src\share\vm\runtime\objectMonitor.cpp, line 1684]
Event: 2209.484 Thread 0x0000000019d82800 Exception <a 'java/net/SocketException': Socket closed> (0x00000000d68ddb30) thrown at [C:\re\workspace\8-2-build-windows-amd64-cygwin\jdk8u161\10277\hotspot\src\share\vm\prims\jni.cpp, line 735]
Event: 2209.485 Thread 0x0000000019bff000 Exception <a 'java/lang/InterruptedException'> (0x00000000d8174870) thrown at [C:\re\workspace\8-2-build-windows-amd64-cygwin\jdk8u161\10277\hotspot\src\share\vm\runtime\objectMonitor.cpp, line 1684]

Events (10 events):
Event: 2209.496 Thread 0x0000000019d83000 Thread exited: 0x0000000019d83000
Event: 2209.496 Thread 0x0000000019d8a000 Thread exited: 0x0000000019d8a000
Event: 2209.496 Executing VM operation: RevokeBias
Event: 2209.496 Executing VM operation: RevokeBias done
Event: 2209.496 Executing VM operation: RevokeBias
Event: 2209.496 Executing VM operation: RevokeBias done
Event: 2209.496 Thread 0x0000000019d7b800 Thread exited: 0x0000000019d7b800
Event: 2209.496 Thread 0x0000000019bff000 Thread exited: 0x0000000019bff000
Event: 2209.496 Executing VM operation: RevokeBias
Event: 2209.497 Executing VM operation: RevokeBias done


Dynamic libraries:
0x00007ff72bfe0000 - 0x00007ff72c017000 	C:\Program Files\Java\jdk1.8.0_161\bin\java.exe
0x00007ff90e0f0000 - 0x00007ff90e2d1000 	C:\WINDOWS\SYSTEM32\ntdll.dll
0x00007ff8e75b0000 - 0x00007ff8e75c2000 	C:\Program Files\AVAST Software\Avast\aswhook.dll
0x00007ff90e000000 - 0x00007ff90e0b1000 	C:\WINDOWS\System32\KERNEL32.DLL
0x00007ff90a4c0000 - 0x00007ff90a733000 	C:\WINDOWS\System32\KERNELBASE.dll
0x00007ff90b5e0000 - 0x00007ff90b681000 	C:\WINDOWS\System32\ADVAPI32.dll
0x00007ff90db90000 - 0x00007ff90dc2e000 	C:\WINDOWS\System32\msvcrt.dll
0x00007ff90dc30000 - 0x00007ff90dc8b000 	C:\WINDOWS\System32\sechost.dll
0x00007ff90da30000 - 0x00007ff90db54000 	C:\WINDOWS\System32\RPCRT4.dll
0x00007ff90bd90000 - 0x00007ff90bf20000 	C:\WINDOWS\System32\USER32.dll
0x00007ff90abb0000 - 0x00007ff90abd0000 	C:\WINDOWS\System32\win32u.dll
0x00007ff90db60000 - 0x00007ff90db88000 	C:\WINDOWS\System32\GDI32.dll
0x00007ff90aa10000 - 0x00007ff90aba1000 	C:\WINDOWS\System32\gdi32full.dll
0x00007ff90a8a0000 - 0x00007ff90a93f000 	C:\WINDOWS\System32\msvcp_win.dll
0x00007ff90a740000 - 0x00007ff90a838000 	C:\WINDOWS\System32\ucrtbase.dll
0x00007ff901fa0000 - 0x00007ff902209000 	C:\WINDOWS\WinSxS\amd64_microsoft.windows.common-controls_6595b64144ccf1df_6.0.17134.950_none_fb3da4273069d3e0\COMCTL32.dll
0x00007ff90bf20000 - 0x00007ff90c242000 	C:\WINDOWS\System32\combase.dll
0x00007ff90a940000 - 0x00007ff90a9b9000 	C:\WINDOWS\System32\bcryptPrimitives.dll
0x00007ff90dc90000 - 0x00007ff90dcbd000 	C:\WINDOWS\System32\IMM32.DLL
0x0000000076250000 - 0x0000000076322000 	C:\Program Files\Java\jdk1.8.0_161\jre\bin\msvcr100.dll
0x0000000076330000 - 0x0000000076bcf000 	C:\Program Files\Java\jdk1.8.0_161\jre\bin\server\jvm.dll
0x00007ff90bc20000 - 0x00007ff90bc28000 	C:\WINDOWS\System32\PSAPI.DLL
0x00007ff8fe9e0000 - 0x00007ff8fe9e9000 	C:\WINDOWS\SYSTEM32\WSOCK32.dll
0x00007ff90c250000 - 0x00007ff90c2bc000 	C:\WINDOWS\System32\WS2_32.dll
0x00007ff8ffee0000 - 0x00007ff8fff03000 	C:\WINDOWS\SYSTEM32\WINMM.dll
0x00007ff9023b0000 - 0x00007ff9023ba000 	C:\WINDOWS\SYSTEM32\VERSION.dll
0x00007ff8ffeb0000 - 0x00007ff8ffeda000 	C:\WINDOWS\SYSTEM32\WINMMBASE.dll
0x00007ff90a9c0000 - 0x00007ff90aa09000 	C:\WINDOWS\System32\cfgmgr32.dll
0x0000000050520000 - 0x000000005052f000 	C:\Program Files\Java\jdk1.8.0_161\jre\bin\verify.dll
0x0000000077110000 - 0x0000000077139000 	C:\Program Files\Java\jdk1.8.0_161\jre\bin\java.dll
0x0000000076230000 - 0x0000000076246000 	C:\Program Files\Java\jdk1.8.0_161\jre\bin\zip.dll
0x00007ff90c4c0000 - 0x00007ff90d900000 	C:\WINDOWS\System32\SHELL32.dll
0x00007ff90bb70000 - 0x00007ff90bc19000 	C:\WINDOWS\System32\shcore.dll
0x00007ff90adc0000 - 0x00007ff90b4cd000 	C:\WINDOWS\System32\windows.storage.dll
0x00007ff90b580000 - 0x00007ff90b5d1000 	C:\WINDOWS\System32\shlwapi.dll
0x00007ff90a410000 - 0x00007ff90a421000 	C:\WINDOWS\System32\kernel.appcore.dll
0x00007ff90a4a0000 - 0x00007ff90a4bf000 	C:\WINDOWS\System32\profapi.dll
0x00007ff90a430000 - 0x00007ff90a47c000 	C:\WINDOWS\System32\powrprof.dll
0x00007ff90a400000 - 0x00007ff90a40a000 	C:\WINDOWS\System32\FLTLIB.DLL
0x0000000075a00000 - 0x0000000075b98000 	C:\Program Files\Java\jdk1.8.0_161\jre\bin\awt.dll
0x00007ff90d900000 - 0x00007ff90d9c2000 	C:\WINDOWS\System32\OLEAUT32.dll
0x00007ff9089c0000 - 0x00007ff908a4b000 	C:\WINDOWS\SYSTEM32\apphelp.dll
0x00007ff908b00000 - 0x00007ff908b98000 	C:\WINDOWS\system32\uxtheme.dll
0x00007ff90c2c0000 - 0x00007ff90c433000 	C:\WINDOWS\System32\MSCTF.dll
0x00007ff908bd0000 - 0x00007ff908bf9000 	C:\WINDOWS\system32\dwmapi.dll
0x00007ff90bc30000 - 0x00007ff90bd81000 	C:\WINDOWS\System32\ole32.dll
0x0000000077100000 - 0x0000000077107000 	C:\Program Files\Java\jdk1.8.0_161\jre\bin\jawt.dll
0x000000001aca0000 - 0x000000001acde000 	C:\Program Files\Java\jdk1.8.0_161\jre\bin\j3dcore-ogl.dll
0x00007ff8e8fa0000 - 0x00007ff8e90c0000 	C:\WINDOWS\SYSTEM32\OPENGL32.dll
0x00007ff8eeac0000 - 0x00007ff8eeaec000 	C:\WINDOWS\SYSTEM32\GLU32.dll
0x00007ff8d3860000 - 0x00007ff8d43a7000 	C:\WINDOWS\SYSTEM32\ig75icd64.dll
0x00007ff8e0590000 - 0x00007ff8e0fcf000 	C:\WINDOWS\SYSTEM32\igdusc64.dll
0x00007ff906240000 - 0x00007ff906253000 	C:\WINDOWS\SYSTEM32\WTSAPI32.dll
0x00000000761a0000 - 0x00000000761e7000 	C:\Program Files\Java\jdk1.8.0_161\jre\bin\fontmanager.dll
0x0000000075fe0000 - 0x00000000760b1000 	C:\Users\joaoq\AppData\Local\Temp\javacpp965442361231525\msvcr100.dll
0x0000000075f40000 - 0x0000000075fd8000 	C:\Users\joaoq\AppData\Local\Temp\javacpp965442361231525\msvcp100.dll
0x0000000066840000 - 0x00000000676b4000 	C:\Users\joaoq\AppData\Local\Temp\javacpp965442361231525\opencv_ffmpeg248_64.dll
0x00007ff8e11a0000 - 0x00007ff8e1412000 	C:\Users\joaoq\AppData\Local\Temp\javacpp965442361231525\opencv_core248.dll
0x00007ff8d1df0000 - 0x00007ff8d20a2000 	C:\Users\joaoq\AppData\Local\Temp\javacpp965442361231525\opencv_imgproc248.dll
0x00007ff8db270000 - 0x00007ff8db4bd000 	C:\Users\joaoq\AppData\Local\Temp\javacpp965442361231525\opencv_highgui248.dll
0x00007ff905e40000 - 0x00007ff905e5f000 	C:\WINDOWS\SYSTEM32\AVIFIL32.dll
0x00007ff8fcf60000 - 0x00007ff8fcf89000 	C:\WINDOWS\SYSTEM32\MSVFW32.dll
0x00007ff9059b0000 - 0x00007ff9059c8000 	C:\WINDOWS\SYSTEM32\AVICAP32.dll
0x00007ff8f90f0000 - 0x00007ff8f910c000 	C:\WINDOWS\SYSTEM32\MSACM32.dll
0x00007ff902780000 - 0x00007ff902793000 	C:\Users\joaoq\AppData\Local\Temp\javacpp965442361231525\jniopencv_highgui.dll
0x00007ff909c80000 - 0x00007ff909ce6000 	C:\WINDOWS\system32\mswsock.dll
0x00007ff909e30000 - 0x00007ff909e47000 	C:\WINDOWS\SYSTEM32\CRYPTSP.dll
0x00007ff909830000 - 0x00007ff909863000 	C:\WINDOWS\system32\rsaenh.dll
0x00007ff909f60000 - 0x00007ff909f85000 	C:\WINDOWS\SYSTEM32\bcrypt.dll
0x00007ff909e50000 - 0x00007ff909e5b000 	C:\WINDOWS\SYSTEM32\CRYPTBASE.dll
0x00007ff906ec0000 - 0x00007ff906ed6000 	C:\WINDOWS\system32\napinsp.dll
0x00007ff906ea0000 - 0x00007ff906eba000 	C:\WINDOWS\system32\pnrpnsp.dll
0x00007ff9041b0000 - 0x00007ff9041c9000 	C:\WINDOWS\system32\NLAapi.dll
0x00007ff909a10000 - 0x00007ff909ace000 	C:\WINDOWS\SYSTEM32\DNSAPI.dll
0x00007ff90b690000 - 0x00007ff90b698000 	C:\WINDOWS\System32\NSI.dll
0x00007ff9099d0000 - 0x00007ff909a08000 	C:\WINDOWS\SYSTEM32\IPHLPAPI.DLL
0x00007ff906e90000 - 0x00007ff906e9e000 	C:\WINDOWS\System32\winrnr.dll
0x00007ff8fa770000 - 0x00007ff8fa785000 	C:\WINDOWS\System32\wshbth.dll
0x00007ff8e6970000 - 0x00007ff8e6a0a000 	C:\Users\joaoq\AppData\Local\Temp\javacpp965442361231525\jniopencv_core.dll
0x0000000076210000 - 0x000000007622a000 	C:\Program Files\Java\jdk1.8.0_161\jre\bin\net.dll
0x00000000761f0000 - 0x0000000076201000 	C:\Program Files\Java\jdk1.8.0_161\jre\bin\nio.dll
0x00007ff904580000 - 0x00007ff90458a000 	C:\Windows\System32\rasadhlp.dll
0x0000000076150000 - 0x0000000076192000 	C:\Program Files\Java\jdk1.8.0_161\jre\bin\t2k.dll
0x00007ff901d60000 - 0x00007ff901dd2000 	C:\WINDOWS\System32\fwpuclnt.dll
0x00007ff8fb600000 - 0x00007ff8fb696000 	C:\WINDOWS\System32\TextInputFramework.dll
0x00007ff8fea10000 - 0x00007ff8fed2e000 	C:\WINDOWS\System32\CoreUIComponents.dll
0x00007ff9087c0000 - 0x00007ff90889a000 	C:\WINDOWS\System32\CoreMessaging.dll
0x00007ff9094c0000 - 0x00007ff9094f1000 	C:\WINDOWS\SYSTEM32\ntmarta.dll
0x00007ff906bb0000 - 0x00007ff906cfd000 	C:\WINDOWS\SYSTEM32\wintypes.dll
0x00000000760c0000 - 0x00000000760ea000 	C:\Program Files\Java\jdk1.8.0_161\jre\bin\dcpr.dll
0x00007ff909190000 - 0x00007ff90924b000 	C:\WINDOWS\SYSTEM32\dxgi.dll
0x00007ff907ba0000 - 0x00007ff907eab000 	C:\WINDOWS\SYSTEM32\d3d11.dll
0x00007ff903370000 - 0x00007ff903539000 	C:\WINDOWS\SYSTEM32\dbghelp.dll

VM Arguments:
jvm_args: -Dfile.encoding=UTF-8 
java_command: serial.JFMain
java_class_path (initial): C:\Program Files\Java\jre1.8.0_191\lib\ext\RXTXcomm.jar;C:\Program Files\NetBeans 8.2\java\modules\ext\AbsoluteLayout.jar;C:\Users\joaoq\Downloads\org.eclipse.paho.client.mqttv3-1.2.0.jar;C:\Users\joaoq\OneDrive\Documentos\IPCamera\javacpp.jar;C:\Users\joaoq\OneDrive\Documentos\IPCamera\javacv.jar;C:\Users\joaoq\OneDrive\Documentos\IPCamera\javacv-windows-x86.jar;C:\Users\joaoq\OneDrive\Documentos\IPCamera\javacv-windows-x86_64.jar;C:\Users\joaoq\OneDrive\Documentos\IPCamera\opencv-2.4.8-windows-x86.jar;C:\Users\joaoq\OneDrive\Documentos\IPCamera\opencv-2.4.8-windows-x86_64.jar;C:\Users\joaoq\Google Drive\TCC João Pedro Quintino\TCC2\Software PC\ReadWriteSerial\build\classes
Launcher Type: SUN_STANDARD

Environment Variables:
JAVA_HOME=C:\Program Files\Java\jdk1.8.0_161
CLASSPATH=C:\Program Files\Java\jdk1.8.0_161\lib;C:\jflex-1.6.1\lib\jflex-1.6.1.jar
PATH=C:\Program Files (x86)\Common Files\Oracle\Java\javapath;C:\ProgramData\Oracle\Java\javapath;C:\Program Files (x86)\Intel\iCLS Client\;C:\Program Files\Intel\iCLS Client\;C:\Windows\system32;C:\Windows;C:\Windows\System32\Wbem;C:\Windows\System32\WindowsPowerShell\v1.0\;C:\Program Files (x86)\Intel\Intel(R) Management Engine Components\DAL;C:\Program Files\Intel\Intel(R) Management Engine Components\DAL;C:\Program Files (x86)\Intel\Intel(R) Management Engine Components\IPT;C:\Program Files\Intel\Intel(R) Management Engine Components\IPT;C:\Program Files (x86)\NVIDIA Corporation\PhysX\Common;C:\WINDOWS\system32;C:\WINDOWS;C:\WINDOWS\System32\Wbem;C:\WINDOWS\System32\WindowsPowerShell\v1.0\;C:\Program Files\Java\jdk1.8.0_161\bin;C:\WINDOWS\System32\OpenSSH\;C:\Program Files\MATLAB\R2018a\runtime\win64;C:\Program Files\MATLAB\R2018a\bin;D:\Program Files\nodejs\;D:\Program Files\Microsoft VS Code\bin;D:\Program Files (x86)\Yarn\bin\;D:\Program Files\Git\cmd;C:\Users\joaoq\AppData\Local\Programs\Python\Python37-32\Scripts\;C:\Users\joaoq\AppData\Local\Programs\Python\Python37-32\;C:\Users\joaoq\AppData\Local\Microsoft\WindowsApps;C:\Users\joaoq\AppData\Roaming\npm;C:\Users\joaoq\AppData\Local\Yarn\bin;D:\Program Files\Docker Toolbox
USERNAME=joaoq
OS=Windows_NT
PROCESSOR_IDENTIFIER=Intel64 Family 6 Model 69 Stepping 1, GenuineIntel



---------------  S Y S T E M  ---------------

OS: Windows 10.0 , 64 bit Build 17134 (10.0.17134.753)

CPU:total 4 (initial active 4) (2 cores per cpu, 2 threads per core) family 6 model 69 stepping 1, cmov, cx8, fxsr, mmx, sse, sse2, sse3, ssse3, sse4.1, sse4.2, popcnt, avx, avx2, aes, clmul, erms, lzcnt, ht, tsc, tscinvbit, bmi1, bmi2

Memory: 4k page, physical 8289792k(3768144k free), swap 13940564k(6248856k free)

vm_info: Java HotSpot(TM) 64-Bit Server VM (25.161-b12) for windows-amd64 JRE (1.8.0_161-b12), built on Dec 19 2017 17:52:25 by "java_re" with MS VC++ 10.0 (VS2010)

time: Wed Aug 28 13:44:18 2019
elapsed time: 2209 seconds (0d 0h 36m 49s)

