#
# A fatal error has been detected by the Java Runtime Environment:
#
#  EXCEPTION_ACCESS_VIOLATION (0xc0000005) at pc=0x0000000066842310, pid=11240, tid=0x00000000000015d8
#
# JRE version: Java(TM) SE Runtime Environment (8.0_161-b12) (build 1.8.0_161-b12)
# Java VM: Java HotSpot(TM) 64-Bit Server VM (25.161-b12 mixed mode windows-amd64 compressed oops)
# Problematic frame:
# C  [opencv_ffmpeg248_64.dll+0x2310]
#
# Failed to write core dump. Minidumps are not enabled by default on client versions of Windows
#
# If you would like to submit a bug report, please visit:
#   http://bugreport.java.com/bugreport/crash.jsp
# The crash happened outside the Java Virtual Machine in native code.
# See problematic frame for where to report the bug.
#

---------------  T H R E A D  ---------------

Current thread (0x0000000019ca8800):  JavaThread "Thread-4" [_thread_in_native, id=5592, stack(0x0000000064580000,0x0000000064680000)]

siginfo: ExceptionCode=0xc0000005, reading address 0x0000000000000008

Registers:
RAX=0x0000000000000000, RBX=0x00000000010bc2c0, RCX=0x00000000010b0000, RDX=0x000000001b3139a0
RSP=0x000000006467f050, RBP=0x8000000000000000, RSI=0x00000000010bc558, RDI=0x0000000000000007
R8 =0x000000006467f07c, R9 =0x00000000010bc558, R10=0x0000000000000000, R11=0x000000006467eb40
R12=0x0000000000000000, R13=0x00000000171b2e70, R14=0x000000006467f218, R15=0x0000000019ca8800
RIP=0x0000000066842310, EFLAGS=0x0000000000010246

Top of Stack: (sp=0x000000006467f050)
0x000000006467f050:   0000000019ca8800 000000007236de8c
0x000000006467f060:   000000006467f07c 0000000000000005
0x000000006467f070:   00000000d602e320 00000000723a8690
0x000000006467f080:   00000000171b2e70 0000000000000001
0x000000006467f090:   0000000002b780e0 000000006467f1f8
0x000000006467f0a0:   0000000000000000 0000000066843429
0x000000006467f0b0:   0000000019ca8800 0000000000000000
0x000000006467f0c0:   0000000000000000 0000000019ca89f8
0x000000006467f0d0:   00000000198d3920 00007ffed5423323
0x000000006467f0e0:   0000000000000000 0000000019bd4370
0x000000006467f0f0:   000000006467f198 0000000002ffaadc
0x000000006467f100:   00000000d602e320 00007ffed54210e1
0x000000006467f110:   0000000000000000 0000000002b891c6
0x000000006467f120:   0000000019ca89f8 00000000171b2fb0
0x000000006467f130:   0000000019bd4370 0000000000000001
0x000000006467f140:   0000000000000000 00007fff04df756b 

Instructions: (pc=0x0000000066842310)
0x00000000668422f0:   e0 48 83 c4 30 5b 5e 5f 5d 41 5c c3 0f 1f 40 00
0x0000000066842300:   48 8b 43 18 48 8b 53 20 4c 8d 44 24 2c 49 89 f1
0x0000000066842310:   48 8b 48 08 e8 c7 c5 0e 00 44 8b 64 24 2c 45 85
0x0000000066842320:   e4 74 1d 48 39 ab 90 02 00 00 74 64 48 83 83 18 


Register to memory mapping:

RAX=0x0000000000000000 is an unknown value
RBX=0x00000000010bc2c0 is an unknown value
RCX=0x00000000010b0000 is an unknown value
RDX=0x000000001b3139a0 is an unknown value
RSP=0x000000006467f050 is pointing into the stack for thread: 0x0000000019ca8800
RBP=0x8000000000000000 is an unknown value
RSI=0x00000000010bc558 is an unknown value
RDI=0x0000000000000007 is an unknown value
R8 =0x000000006467f07c is pointing into the stack for thread: 0x0000000019ca8800
R9 =0x00000000010bc558 is an unknown value
R10=0x0000000000000000 is an unknown value
R11=0x000000006467eb40 is pointing into the stack for thread: 0x0000000019ca8800
R12=0x0000000000000000 is an unknown value
R13={method} {0x00000000171b2e78} 'cvGrabFrame' '(Lcom/googlecode/javacv/cpp/opencv_highgui$CvCapture;)I' in 'com/googlecode/javacv/cpp/opencv_highgui'
R14=0x000000006467f218 is pointing into the stack for thread: 0x0000000019ca8800
R15=0x0000000019ca8800 is a thread


Stack: [0x0000000064580000,0x0000000064680000],  sp=0x000000006467f050,  free space=1020k
Native frames: (J=compiled Java code, j=interpreted, Vv=VM code, C=native code)
C  [opencv_ffmpeg248_64.dll+0x2310]
C  [opencv_ffmpeg248_64.dll+0x3429]
C  [opencv_highgui248.dll+0x3323]
C  [opencv_highgui248.dll+0x10e1]
C  [jniopencv_highgui.dll+0x756b]
C  0x0000000002b88c67

Java frames: (J=compiled Java code, j=interpreted, Vv=VM code)
j  com.googlecode.javacv.cpp.opencv_highgui.cvGrabFrame(Lcom/googlecode/javacv/cpp/opencv_highgui$CvCapture;)I+0
j  com.googlecode.javacv.OpenCVFrameGrabber.grab()Lcom/googlecode/javacv/cpp/opencv_core$IplImage;+33
j  serial.CameraHandler.run()V+19
j  java.lang.Thread.run()V+11
v  ~StubRoutines::call_stub

---------------  P R O C E S S  ---------------

Java Threads: ( => current thread )
  0x000000001dbb4000 JavaThread "DestroyJavaVM" [_thread_blocked, id=8088, stack(0x0000000002970000,0x0000000002a70000)]
  0x000000001dbb8800 JavaThread "J3D-InputDeviceScheduler-1" [_thread_blocked, id=2984, stack(0x0000000065080000,0x0000000065180000)]
  0x000000001dbb3000 JavaThread "J3D-SoundSchedulerUpdateThread-1" [_thread_blocked, id=12732, stack(0x0000000064f80000,0x0000000065080000)]
  0x000000001dbb7800 JavaThread "J3D-RenderStructureUpdateThread-1" [_thread_blocked, id=7884, stack(0x0000000064e80000,0x0000000064f80000)]
  0x000000001dbb5800 JavaThread "J3D-BehaviorScheduler-1" [_thread_blocked, id=7268, stack(0x0000000064c80000,0x0000000064d80000)]
  0x000000001dbb4800 JavaThread "J3D-TransformStructureUpdateThread-1" [_thread_blocked, id=15328, stack(0x0000000064b80000,0x0000000064c80000)]
  0x000000001dbb7000 JavaThread "MQTT Ping: cliente_java_1564700978683" [_thread_blocked, id=10628, stack(0x0000000064a80000,0x0000000064b80000)]
  0x000000001dbb2800 JavaThread "J3D-RenderingEnvironmentStructureUpdateThread-1" [_thread_blocked, id=13528, stack(0x0000000064980000,0x0000000064a80000)]
  0x0000000019ca7000 JavaThread "J3D-SoundStructureUpdateThread-1" [_thread_blocked, id=13036, stack(0x0000000064880000,0x0000000064980000)]
  0x0000000019ca6000 JavaThread "J3D-GeometryStructureUpdateThread-1" [_thread_blocked, id=4484, stack(0x0000000064780000,0x0000000064880000)]
  0x0000000019ca4800 JavaThread "J3D-BehaviorStructureUpdateThread-1" [_thread_blocked, id=16948, stack(0x0000000064680000,0x0000000064780000)]
=>0x0000000019ca8800 JavaThread "Thread-4" [_thread_in_native, id=5592, stack(0x0000000064580000,0x0000000064680000)]
  0x0000000019cab800 JavaThread "TimerQueue" daemon [_thread_blocked, id=17668, stack(0x0000000064380000,0x0000000064480000)]
  0x0000000019ca9000 JavaThread "MQTT Call: cliente_java_1564700978683" [_thread_blocked, id=17128, stack(0x0000000064280000,0x0000000064380000)]
  0x0000000019caa800 JavaThread "pool-2-thread-3" [_thread_blocked, id=17108, stack(0x0000000064180000,0x0000000064280000)]
  0x0000000019caa000 JavaThread "MQTT Rec: cliente_java_1564700978683" [_thread_in_native, id=10708, stack(0x0000000064080000,0x0000000064180000)]
  0x0000000019ca7800 JavaThread "J3D-Renderer-1" [_thread_blocked, id=5368, stack(0x000000001f2a0000,0x000000001f3a0000)]
  0x0000000019c46000 JavaThread "J3D-MasterControl-1" [_thread_blocked, id=17764, stack(0x000000001f1a0000,0x000000001f2a0000)]
  0x0000000019c45800 JavaThread "J3D-NotificationThread" [_thread_blocked, id=5804, stack(0x000000001f0a0000,0x000000001f1a0000)]
  0x0000000019c4b800 JavaThread "J3D-TimerThread" [_thread_blocked, id=14628, stack(0x000000001efa0000,0x000000001f0a0000)]
  0x000000001dbed000 JavaThread "MQTT Snd: cliente_java_1564700978683" [_thread_blocked, id=17756, stack(0x000000001eea0000,0x000000001efa0000)]
  0x000000001dbd7800 JavaThread "J3D-RenderingAttributesStructureUpdateThread" [_thread_blocked, id=14876, stack(0x000000001eda0000,0x000000001eea0000)]
  0x000000001941e000 JavaThread "AWT-EventQueue-0" [_thread_blocked, id=3652, stack(0x000000001d7f0000,0x000000001d8f0000)]
  0x00000000192ab000 JavaThread "AWT-Shutdown" [_thread_blocked, id=14484, stack(0x000000001d6f0000,0x000000001d7f0000)]
  0x000000001980d800 JavaThread "Java2D Disposer" daemon [_thread_blocked, id=18040, stack(0x0000000019f80000,0x000000001a080000)]
  0x000000001905c000 JavaThread "Service Thread" daemon [_thread_blocked, id=16804, stack(0x0000000019430000,0x0000000019530000)]
  0x00000000176d4800 JavaThread "C1 CompilerThread2" daemon [_thread_blocked, id=9620, stack(0x0000000018f30000,0x0000000019030000)]
  0x00000000176c5000 JavaThread "C2 CompilerThread1" daemon [_thread_blocked, id=11152, stack(0x0000000018e30000,0x0000000018f30000)]
  0x00000000176c2000 JavaThread "C2 CompilerThread0" daemon [_thread_blocked, id=12428, stack(0x0000000018d30000,0x0000000018e30000)]
  0x00000000176be800 JavaThread "Attach Listener" daemon [_thread_blocked, id=2916, stack(0x0000000018c30000,0x0000000018d30000)]
  0x00000000176bd000 JavaThread "Signal Dispatcher" daemon [_thread_blocked, id=12992, stack(0x0000000018b30000,0x0000000018c30000)]
  0x0000000002b6d800 JavaThread "Finalizer" daemon [_thread_blocked, id=5432, stack(0x0000000018920000,0x0000000018a20000)]
  0x0000000017689800 JavaThread "Reference Handler" daemon [_thread_blocked, id=7076, stack(0x0000000018820000,0x0000000018920000)]

Other Threads:
  0x0000000017688000 VMThread [stack: 0x0000000018720000,0x0000000018820000] [id=7276]
  0x0000000019085800 WatcherThread [stack: 0x0000000019530000,0x0000000019630000] [id=10180]

VM state:not at safepoint (normal execution)

VM Mutex/Monitor currently owned by a thread: None

Heap:
 PSYoungGen      total 142848K, used 126729K [0x00000000d5d80000, 0x00000000df680000, 0x0000000100000000)
  eden space 132096K, 88% used [0x00000000d5d80000,0x00000000dd049f28,0x00000000dde80000)
  from space 10752K, 85% used [0x00000000dea00000,0x00000000df2f8658,0x00000000df480000)
  to   space 11776K, 0% used [0x00000000dde80000,0x00000000dde80000,0x00000000dea00000)
 ParOldGen       total 87552K, used 8855K [0x0000000081800000, 0x0000000086d80000, 0x00000000d5d80000)
  object space 87552K, 10% used [0x0000000081800000,0x00000000820a5da0,0x0000000086d80000)
 Metaspace       used 19193K, capacity 19502K, committed 19584K, reserved 1067008K
  class space    used 2252K, capacity 2382K, committed 2432K, reserved 1048576K

Card table byte_map: [0x0000000011f30000,0x0000000012330000] byte_map_base: 0x0000000011b24000

Marking Bits: (ParMarkBitMap*) 0x0000000072a7f860
 Begin Bits: [0x00000000129e0000, 0x0000000014980000)
 End Bits:   [0x0000000014980000, 0x0000000016920000)

Polling page: 0x0000000000d20000

CodeCache: size=245760Kb used=6309Kb max_used=6317Kb free=239450Kb
 bounds [0x0000000002b70000, 0x00000000031b0000, 0x0000000011b70000]
 total_blobs=2410 nmethods=1728 adapters=593
 compilation: enabled

Compilation events (10 events):
Event: 14.531 Thread 0x00000000176d4800 nmethod 1836 0x000000000319c1d0 code [0x000000000319c340, 0x000000000319c4d0]
Event: 14.532 Thread 0x00000000176d4800 1838       1       sun.awt.windows.WObjectPeer::getTarget (5 bytes)
Event: 14.532 Thread 0x00000000176c5000 nmethod 1833 0x000000000319d790 code [0x000000000319d940, 0x000000000319deb8]
Event: 14.532 Thread 0x00000000176d4800 nmethod 1838 0x0000000003196f10 code [0x0000000003197060, 0x0000000003197170]
Event: 14.532 Thread 0x00000000176d4800 1839       3       sun.java2d.SunGraphics2D::setClip (14 bytes)
Event: 14.532 Thread 0x00000000176d4800 nmethod 1839 0x000000000319d290 code [0x000000000319d400, 0x000000000319d6d8]
Event: 14.567 Thread 0x00000000176d4800 1840       3       sun.java2d.SunGraphics2D::setClip (17 bytes)
Event: 14.568 Thread 0x00000000176d4800 nmethod 1840 0x000000000319c890 code [0x000000000319ca20, 0x000000000319cfd8]
Event: 14.609 Thread 0x00000000176c2000 1841       4       javax.swing.plaf.synth.SynthContext::getContext (39 bytes)
Event: 14.615 Thread 0x00000000176c2000 nmethod 1841 0x00000000031a0ed0 code [0x00000000031a1020, 0x00000000031a1338]

GC Heap History (10 events):
Event: 9.911 GC heap before
{Heap before GC invocations=2 (full 0):
 PSYoungGen      total 38400K, used 37805K [0x00000000d5d80000, 0x00000000d8800000, 0x0000000100000000)
  eden space 33280K, 98% used [0x00000000d5d80000,0x00000000d7d6f828,0x00000000d7e00000)
  from space 5120K, 99% used [0x00000000d7e00000,0x00000000d82fbe00,0x00000000d8300000)
  to   space 5120K, 0% used [0x00000000d8300000,0x00000000d8300000,0x00000000d8800000)
 ParOldGen       total 87552K, used 1076K [0x0000000081800000, 0x0000000086d80000, 0x00000000d5d80000)
  object space 87552K, 1% used [0x0000000081800000,0x000000008190d0a8,0x0000000086d80000)
 Metaspace       used 18591K, capacity 18826K, committed 19072K, reserved 1067008K
  class space    used 2235K, capacity 2350K, committed 2432K, reserved 1048576K
Event: 9.936 GC heap after
Heap after GC invocations=2 (full 0):
 PSYoungGen      total 38400K, used 5100K [0x00000000d5d80000, 0x00000000da880000, 0x0000000100000000)
  eden space 33280K, 0% used [0x00000000d5d80000,0x00000000d5d80000,0x00000000d7e00000)
  from space 5120K, 99% used [0x00000000d8300000,0x00000000d87fb010,0x00000000d8800000)
  to   space 5120K, 0% used [0x00000000d7e00000,0x00000000d7e00000,0x00000000d8300000)
 ParOldGen       total 87552K, used 3383K [0x0000000081800000, 0x0000000086d80000, 0x00000000d5d80000)
  object space 87552K, 3% used [0x0000000081800000,0x0000000081b4dd80,0x0000000086d80000)
 Metaspace       used 18591K, capacity 18826K, committed 19072K, reserved 1067008K
  class space    used 2235K, capacity 2350K, committed 2432K, reserved 1048576K
}
Event: 10.132 GC heap before
{Heap before GC invocations=3 (full 0):
 PSYoungGen      total 38400K, used 37148K [0x00000000d5d80000, 0x00000000da880000, 0x0000000100000000)
  eden space 33280K, 96% used [0x00000000d5d80000,0x00000000d7ccc1a0,0x00000000d7e00000)
  from space 5120K, 99% used [0x00000000d8300000,0x00000000d87fb010,0x00000000d8800000)
  to   space 5120K, 0% used [0x00000000d7e00000,0x00000000d7e00000,0x00000000d8300000)
 ParOldGen       total 87552K, used 3383K [0x0000000081800000, 0x0000000086d80000, 0x00000000d5d80000)
  object space 87552K, 3% used [0x0000000081800000,0x0000000081b4dd80,0x0000000086d80000)
 Metaspace       used 18626K, capacity 18954K, committed 19072K, reserved 1067008K
  class space    used 2236K, capacity 2350K, committed 2432K, reserved 1048576K
Event: 10.137 GC heap after
Heap after GC invocations=3 (full 0):
 PSYoungGen      total 38400K, used 5100K [0x00000000d5d80000, 0x00000000da880000, 0x0000000100000000)
  eden space 33280K, 0% used [0x00000000d5d80000,0x00000000d5d80000,0x00000000d7e00000)
  from space 5120K, 99% used [0x00000000d7e00000,0x00000000d82fb010,0x00000000d8300000)
  to   space 5120K, 0% used [0x00000000da380000,0x00000000da380000,0x00000000da880000)
 ParOldGen       total 87552K, used 3423K [0x0000000081800000, 0x0000000086d80000, 0x00000000d5d80000)
  object space 87552K, 3% used [0x0000000081800000,0x0000000081b57d80,0x0000000086d80000)
 Metaspace       used 18626K, capacity 18954K, committed 19072K, reserved 1067008K
  class space    used 2236K, capacity 2350K, committed 2432K, reserved 1048576K
}
Event: 10.277 GC heap before
{Heap before GC invocations=4 (full 0):
 PSYoungGen      total 38400K, used 36648K [0x00000000d5d80000, 0x00000000da880000, 0x0000000100000000)
  eden space 33280K, 94% used [0x00000000d5d80000,0x00000000d7c4f0a8,0x00000000d7e00000)
  from space 5120K, 99% used [0x00000000d7e00000,0x00000000d82fb010,0x00000000d8300000)
  to   space 5120K, 0% used [0x00000000da380000,0x00000000da380000,0x00000000da880000)
 ParOldGen       total 87552K, used 3423K [0x0000000081800000, 0x0000000086d80000, 0x00000000d5d80000)
  object space 87552K, 3% used [0x0000000081800000,0x0000000081b57d80,0x0000000086d80000)
 Metaspace       used 18653K, capacity 18954K, committed 19072K, reserved 1067008K
  class space    used 2236K, capacity 2350K, committed 2432K, reserved 1048576K
Event: 10.287 GC heap after
Heap after GC invocations=4 (full 0):
 PSYoungGen      total 71680K, used 5100K [0x00000000d5d80000, 0x00000000da880000, 0x0000000100000000)
  eden space 66560K, 0% used [0x00000000d5d80000,0x00000000d5d80000,0x00000000d9e80000)
  from space 5120K, 99% used [0x00000000da380000,0x00000000da87b010,0x00000000da880000)
  to   space 5120K, 0% used [0x00000000d9e80000,0x00000000d9e80000,0x00000000da380000)
 ParOldGen       total 87552K, used 3439K [0x0000000081800000, 0x0000000086d80000, 0x00000000d5d80000)
  object space 87552K, 3% used [0x0000000081800000,0x0000000081b5bd80,0x0000000086d80000)
 Metaspace       used 18653K, capacity 18954K, committed 19072K, reserved 1067008K
  class space    used 2236K, capacity 2350K, committed 2432K, reserved 1048576K
}
Event: 10.653 GC heap before
{Heap before GC invocations=5 (full 0):
 PSYoungGen      total 71680K, used 69413K [0x00000000d5d80000, 0x00000000da880000, 0x0000000100000000)
  eden space 66560K, 96% used [0x00000000d5d80000,0x00000000d9c4e648,0x00000000d9e80000)
  from space 5120K, 99% used [0x00000000da380000,0x00000000da87b010,0x00000000da880000)
  to   space 5120K, 0% used [0x00000000d9e80000,0x00000000d9e80000,0x00000000da380000)
 ParOldGen       total 87552K, used 3439K [0x0000000081800000, 0x0000000086d80000, 0x00000000d5d80000)
  object space 87552K, 3% used [0x0000000081800000,0x0000000081b5bd80,0x0000000086d80000)
 Metaspace       used 18751K, capacity 19086K, committed 19328K, reserved 1067008K
  class space    used 2242K, capacity 2350K, committed 2432K, reserved 1048576K
Event: 10.665 GC heap after
Heap after GC invocations=5 (full 0):
 PSYoungGen      total 71680K, used 5100K [0x00000000d5d80000, 0x00000000df480000, 0x0000000100000000)
  eden space 66560K, 0% used [0x00000000d5d80000,0x00000000d5d80000,0x00000000d9e80000)
  from space 5120K, 99% used [0x00000000d9e80000,0x00000000da37b010,0x00000000da380000)
  to   space 10752K, 0% used [0x00000000dea00000,0x00000000dea00000,0x00000000df480000)
 ParOldGen       total 87552K, used 8855K [0x0000000081800000, 0x0000000086d80000, 0x00000000d5d80000)
  object space 87552K, 10% used [0x0000000081800000,0x00000000820a5da0,0x0000000086d80000)
 Metaspace       used 18751K, capacity 19086K, committed 19328K, reserved 1067008K
  class space    used 2242K, capacity 2350K, committed 2432K, reserved 1048576K
}
Event: 11.824 GC heap before
{Heap before GC invocations=6 (full 0):
 PSYoungGen      total 71680K, used 71282K [0x00000000d5d80000, 0x00000000df480000, 0x0000000100000000)
  eden space 66560K, 99% used [0x00000000d5d80000,0x00000000d9e21ad8,0x00000000d9e80000)
  from space 5120K, 99% used [0x00000000d9e80000,0x00000000da37b010,0x00000000da380000)
  to   space 10752K, 0% used [0x00000000dea00000,0x00000000dea00000,0x00000000df480000)
 ParOldGen       total 87552K, used 8855K [0x0000000081800000, 0x0000000086d80000, 0x00000000d5d80000)
  object space 87552K, 10% used [0x0000000081800000,0x00000000820a5da0,0x0000000086d80000)
 Metaspace       used 18915K, capacity 19214K, committed 19328K, reserved 1067008K
  class space    used 2244K, capacity 2350K, committed 2432K, reserved 1048576K
Event: 11.838 GC heap after
Heap after GC invocations=6 (full 0):
 PSYoungGen      total 142848K, used 9185K [0x00000000d5d80000, 0x00000000df680000, 0x0000000100000000)
  eden space 132096K, 0% used [0x00000000d5d80000,0x00000000d5d80000,0x00000000dde80000)
  from space 10752K, 85% used [0x00000000dea00000,0x00000000df2f8658,0x00000000df480000)
  to   space 11776K, 0% used [0x00000000dde80000,0x00000000dde80000,0x00000000dea00000)
 ParOldGen       total 87552K, used 8855K [0x0000000081800000, 0x0000000086d80000, 0x00000000d5d80000)
  object space 87552K, 10% used [0x0000000081800000,0x00000000820a5da0,0x0000000086d80000)
 Metaspace       used 18915K, capacity 19214K, committed 19328K, reserved 1067008K
  class space    used 2244K, capacity 2350K, committed 2432K, reserved 1048576K
}

Deoptimization events (10 events):
Event: 8.355 Thread 0x0000000002a72800 Uncommon trap: reason=unstable_if action=reinterpret pc=0x0000000002e12e50 method=java.util.HashMap.putVal(ILjava/lang/Object;Ljava/lang/Object;ZZ)Ljava/lang/Object; @ 236
Event: 8.371 Thread 0x000000001941e000 Uncommon trap: reason=unstable_if action=reinterpret pc=0x0000000002d88924 method=java.util.HashMap.getNode(ILjava/lang/Object;)Ljava/util/HashMap$Node; @ 84
Event: 8.371 Thread 0x000000001941e000 Uncommon trap: reason=unstable_if action=reinterpret pc=0x0000000002db8c1c method=java.util.HashMap.getNode(ILjava/lang/Object;)Ljava/util/HashMap$Node; @ 84
Event: 8.383 Thread 0x0000000002a72800 Uncommon trap: reason=unstable_if action=reinterpret pc=0x0000000002d8c9fc method=java.net.URI.match(CJJ)Z @ 45
Event: 8.757 Thread 0x0000000002a72800 Uncommon trap: reason=unstable_if action=reinterpret pc=0x0000000002e98828 method=java.util.jar.Attributes.read(Ljava/util/jar/Manifest$FastInputStream;[B)V @ 249
Event: 8.784 Thread 0x0000000002a72800 Uncommon trap: reason=class_check action=maybe_recompile pc=0x0000000002d77254 method=java.io.FilterInputStream.read([BII)I @ 7
Event: 8.787 Thread 0x0000000002a72800 Uncommon trap: reason=class_check action=maybe_recompile pc=0x0000000002d77254 method=java.io.FilterInputStream.read([BII)I @ 7
Event: 8.787 Thread 0x0000000002a72800 Uncommon trap: reason=class_check action=maybe_recompile pc=0x0000000002d77254 method=java.io.FilterInputStream.read([BII)I @ 7
Event: 9.762 Thread 0x0000000019ca8800 Uncommon trap: reason=unstable_if action=reinterpret pc=0x0000000002d9f134 method=com.googlecode.javacv.cpp.opencv_core$IplImage.flipCopyWithGamma(Ljava/nio/ByteBuffer;ILjava/nio/ByteBuffer;IZDZI)V @ 50
Event: 12.661 Thread 0x000000001941e000 Uncommon trap: reason=unstable_if action=reinterpret pc=0x0000000003069b80 method=javax.swing.JComponent.getClientProperty(Ljava/lang/Object;)Ljava/lang/Object; @ 16

Classes redefined (0 events):
No events

Internal exceptions (10 events):
Event: 0.622 Thread 0x0000000002a72800 Exception <a 'java/lang/ClassNotFoundException': javax/swing/JToolBarSeparator> (0x00000000d6292b80) thrown at [C:\re\workspace\8-2-build-windows-amd64-cygwin\jdk8u161\10277\hotspot\src\share\vm\classfile\systemDictionary.cpp, line 210]
Event: 0.622 Thread 0x0000000002a72800 Exception <a 'java/lang/ClassNotFoundException': ToolBarSeparator> (0x00000000d6293018) thrown at [C:\re\workspace\8-2-build-windows-amd64-cygwin\jdk8u161\10277\hotspot\src\share\vm\classfile\systemDictionary.cpp, line 210]
Event: 0.622 Thread 0x0000000002a72800 Exception <a 'java/lang/ClassNotFoundException': ToolTip> (0x00000000d6293758) thrown at [C:\re\workspace\8-2-build-windows-amd64-cygwin\jdk8u161\10277\hotspot\src\share\vm\classfile\systemDictionary.cpp, line 210]
Event: 0.624 Thread 0x0000000002a72800 Exception <a 'java/lang/ClassNotFoundException': Tree> (0x00000000d6294378) thrown at [C:\re\workspace\8-2-build-windows-amd64-cygwin\jdk8u161\10277\hotspot\src\share\vm\classfile\systemDictionary.cpp, line 210]
Event: 0.624 Thread 0x0000000002a72800 Exception <a 'java/lang/ClassNotFoundException': Tree> (0x00000000d6294ab8) thrown at [C:\re\workspace\8-2-build-windows-amd64-cygwin\jdk8u161\10277\hotspot\src\share\vm\classfile\systemDictionary.cpp, line 210]
Event: 0.624 Thread 0x0000000002a72800 Exception <a 'java/lang/ClassNotFoundException': javax/swing/JTreeCell> (0x00000000d6294e38) thrown at [C:\re\workspace\8-2-build-windows-amd64-cygwin\jdk8u161\10277\hotspot\src\share\vm\classfile\systemDictionary.cpp, line 210]
Event: 0.624 Thread 0x0000000002a72800 Exception <a 'java/lang/ClassNotFoundException': TreeCell> (0x00000000d62952c0) thrown at [C:\re\workspace\8-2-build-windows-amd64-cygwin\jdk8u161\10277\hotspot\src\share\vm\classfile\systemDictionary.cpp, line 210]
Event: 0.625 Thread 0x0000000002a72800 Exception <a 'java/lang/ClassNotFoundException': RootPane> (0x00000000d6295d20) thrown at [C:\re\workspace\8-2-build-windows-amd64-cygwin\jdk8u161\10277\hotspot\src\share\vm\classfile\systemDictionary.cpp, line 210]
Event: 8.344 Thread 0x000000001941e000 Implicit null exception at 0x0000000002dcd416 to 0x0000000002dcd7b1
Event: 8.345 Thread 0x000000001941e000 Implicit null exception at 0x0000000002db53d9 to 0x0000000002db579d

Events (10 events):
Event: 13.362 Thread 0x000000001941e000 DEOPT PACKING pc=0x0000000003105d26 sp=0x000000001d8ebe80
Event: 13.362 Thread 0x000000001941e000 DEOPT UNPACKING pc=0x0000000002bb7890 sp=0x000000001d8ebbc0 mode 0
Event: 14.524 loading class javax/swing/ClientPropertyKey
Event: 14.524 loading class javax/swing/ClientPropertyKey done
Event: 14.524 loading class javax/swing/ClientPropertyKey$1
Event: 14.524 loading class sun/awt/AWTAccessor$ClientPropertyKeyAccessor
Event: 14.524 loading class sun/awt/AWTAccessor$ClientPropertyKeyAccessor done
Event: 14.524 loading class javax/swing/ClientPropertyKey$1 done
Event: 14.525 Thread 0x000000001941e000 DEOPT PACKING pc=0x00000000030b5ad1 sp=0x000000001d8ebc80
Event: 14.525 Thread 0x000000001941e000 DEOPT UNPACKING pc=0x0000000002bb7890 sp=0x000000001d8eb990 mode 0


Dynamic libraries:
0x00007ff7e58c0000 - 0x00007ff7e58f7000 	C:\Program Files\Java\jdk1.8.0_161\bin\java.exe
0x00007fff148b0000 - 0x00007fff14a91000 	C:\WINDOWS\SYSTEM32\ntdll.dll
0x00007fff0cf90000 - 0x00007fff0cfa2000 	C:\Program Files\AVAST Software\Avast\aswhook.dll
0x00007fff12240000 - 0x00007fff122f1000 	C:\WINDOWS\System32\KERNEL32.DLL
0x00007fff11240000 - 0x00007fff114b3000 	C:\WINDOWS\System32\KERNELBASE.dll
0x00007fff11de0000 - 0x00007fff11e81000 	C:\WINDOWS\System32\ADVAPI32.dll
0x00007fff12370000 - 0x00007fff1240e000 	C:\WINDOWS\System32\msvcrt.dll
0x00007fff147c0000 - 0x00007fff1481b000 	C:\WINDOWS\System32\sechost.dll
0x00007fff13bc0000 - 0x00007fff13ce4000 	C:\WINDOWS\System32\RPCRT4.dll
0x00007fff13cf0000 - 0x00007fff13e80000 	C:\WINDOWS\System32\USER32.dll
0x00007fff10c80000 - 0x00007fff10ca0000 	C:\WINDOWS\System32\win32u.dll
0x00007fff12210000 - 0x00007fff12238000 	C:\WINDOWS\System32\GDI32.dll
0x00007fff110a0000 - 0x00007fff11231000 	C:\WINDOWS\System32\gdi32full.dll
0x00007fff11590000 - 0x00007fff1162f000 	C:\WINDOWS\System32\msvcp_win.dll
0x00007fff10ca0000 - 0x00007fff10d98000 	C:\WINDOWS\System32\ucrtbase.dll
0x00007fff088a0000 - 0x00007fff08b09000 	C:\WINDOWS\WinSxS\amd64_microsoft.windows.common-controls_6595b64144ccf1df_6.0.17134.885_none_fb42a3473065565f\COMCTL32.dll
0x00007fff14490000 - 0x00007fff147b2000 	C:\WINDOWS\System32\combase.dll
0x00007fff11510000 - 0x00007fff11589000 	C:\WINDOWS\System32\bcryptPrimitives.dll
0x00007fff12590000 - 0x00007fff125bd000 	C:\WINDOWS\System32\IMM32.DLL
0x0000000072180000 - 0x0000000072252000 	C:\Program Files\Java\jdk1.8.0_161\jre\bin\msvcr100.dll
0x0000000072260000 - 0x0000000072aff000 	C:\Program Files\Java\jdk1.8.0_161\jre\bin\server\jvm.dll
0x00007fff125c0000 - 0x00007fff125c8000 	C:\WINDOWS\System32\PSAPI.DLL
0x00007fff07a70000 - 0x00007fff07a79000 	C:\WINDOWS\SYSTEM32\WSOCK32.dll
0x00007fff125d0000 - 0x00007fff1263c000 	C:\WINDOWS\System32\WS2_32.dll
0x00007fff0e910000 - 0x00007fff0e933000 	C:\WINDOWS\SYSTEM32\WINMM.dll
0x00007fff092a0000 - 0x00007fff092aa000 	C:\WINDOWS\SYSTEM32\VERSION.dll
0x00007fff0e8e0000 - 0x00007fff0e90a000 	C:\WINDOWS\SYSTEM32\WINMMBASE.dll
0x00007fff114c0000 - 0x00007fff11509000 	C:\WINDOWS\System32\cfgmgr32.dll
0x0000000073030000 - 0x000000007303f000 	C:\Program Files\Java\jdk1.8.0_161\jre\bin\verify.dll
0x0000000072150000 - 0x0000000072179000 	C:\Program Files\Java\jdk1.8.0_161\jre\bin\java.dll
0x0000000072130000 - 0x0000000072146000 	C:\Program Files\Java\jdk1.8.0_161\jre\bin\zip.dll
0x00007fff126a0000 - 0x00007fff13ae0000 	C:\WINDOWS\System32\SHELL32.dll
0x00007fff13e80000 - 0x00007fff13f29000 	C:\WINDOWS\System32\shcore.dll
0x00007fff11630000 - 0x00007fff11d3d000 	C:\WINDOWS\System32\windows.storage.dll
0x00007fff12310000 - 0x00007fff12361000 	C:\WINDOWS\System32\shlwapi.dll
0x00007fff10c40000 - 0x00007fff10c51000 	C:\WINDOWS\System32\kernel.appcore.dll
0x00007fff10c60000 - 0x00007fff10c7f000 	C:\WINDOWS\System32\profapi.dll
0x00007fff10bf0000 - 0x00007fff10c3c000 	C:\WINDOWS\System32\powrprof.dll
0x00007fff10be0000 - 0x00007fff10bea000 	C:\WINDOWS\System32\FLTLIB.DLL
0x0000000071f50000 - 0x00000000720e8000 	C:\Program Files\Java\jdk1.8.0_161\jre\bin\awt.dll
0x00007fff13ae0000 - 0x00007fff13ba2000 	C:\WINDOWS\System32\OLEAUT32.dll
0x00007fff0ef50000 - 0x00007fff0efdb000 	C:\WINDOWS\SYSTEM32\apphelp.dll
0x00007fff0f280000 - 0x00007fff0f318000 	C:\WINDOWS\system32\uxtheme.dll
0x00007fff12410000 - 0x00007fff12583000 	C:\WINDOWS\System32\MSCTF.dll
0x00007fff0f350000 - 0x00007fff0f379000 	C:\WINDOWS\system32\dwmapi.dll
0x00007fff11e90000 - 0x00007fff11fe1000 	C:\WINDOWS\System32\ole32.dll
0x0000000071f00000 - 0x0000000071f47000 	C:\Program Files\Java\jdk1.8.0_161\jre\bin\fontmanager.dll
0x0000000071d30000 - 0x0000000071e01000 	C:\Users\joaoq\AppData\Local\Temp\javacpp616356587543258\msvcr100.dll
0x0000000071c90000 - 0x0000000071d28000 	C:\Users\joaoq\AppData\Local\Temp\javacpp616356587543258\msvcp100.dll
0x0000000066840000 - 0x00000000676b4000 	C:\Users\joaoq\AppData\Local\Temp\javacpp616356587543258\opencv_ffmpeg248_64.dll
0x00007ffee5320000 - 0x00007ffee5592000 	C:\Users\joaoq\AppData\Local\Temp\javacpp616356587543258\opencv_core248.dll
0x00007ffeda5f0000 - 0x00007ffeda8a2000 	C:\Users\joaoq\AppData\Local\Temp\javacpp616356587543258\opencv_imgproc248.dll
0x00007ffed5420000 - 0x00007ffed566d000 	C:\Users\joaoq\AppData\Local\Temp\javacpp616356587543258\opencv_highgui248.dll
0x00007fff0d810000 - 0x00007fff0d82f000 	C:\WINDOWS\SYSTEM32\AVIFIL32.dll
0x00007fff03d20000 - 0x00007fff03d49000 	C:\WINDOWS\SYSTEM32\MSVFW32.dll
0x00007fff09540000 - 0x00007fff09558000 	C:\WINDOWS\SYSTEM32\AVICAP32.dll
0x00007fff0c100000 - 0x00007fff0c11c000 	C:\WINDOWS\SYSTEM32\MSACM32.dll
0x00007fff04df0000 - 0x00007fff04e03000 	C:\Users\joaoq\AppData\Local\Temp\javacpp616356587543258\jniopencv_highgui.dll
0x00007fff103e0000 - 0x00007fff10446000 	C:\WINDOWS\system32\mswsock.dll
0x00007fff10590000 - 0x00007fff105a7000 	C:\WINDOWS\SYSTEM32\CRYPTSP.dll
0x00007fff0ffd0000 - 0x00007fff10003000 	C:\WINDOWS\system32\rsaenh.dll
0x00007fff106c0000 - 0x00007fff106e5000 	C:\WINDOWS\SYSTEM32\bcrypt.dll
0x00007fff105b0000 - 0x00007fff105bb000 	C:\WINDOWS\SYSTEM32\CRYPTBASE.dll
0x00007fff0c2b0000 - 0x00007fff0c2c6000 	C:\WINDOWS\system32\napinsp.dll
0x00007fff0bc00000 - 0x00007fff0bc1a000 	C:\WINDOWS\system32\pnrpnsp.dll
0x00007fff0d770000 - 0x00007fff0d789000 	C:\WINDOWS\system32\NLAapi.dll
0x00007fff101b0000 - 0x00007fff1026e000 	C:\WINDOWS\SYSTEM32\DNSAPI.dll
0x00007fff13bb0000 - 0x00007fff13bb8000 	C:\WINDOWS\System32\NSI.dll
0x00007fff10170000 - 0x00007fff101a8000 	C:\WINDOWS\SYSTEM32\IPHLPAPI.DLL
0x00007fff0c480000 - 0x00007fff0c48e000 	C:\WINDOWS\System32\winrnr.dll
0x00007fff04f90000 - 0x00007fff04fa5000 	C:\WINDOWS\System32\wshbth.dll
0x00007ffef5460000 - 0x00007ffef54fa000 	C:\Users\joaoq\AppData\Local\Temp\javacpp616356587543258\jniopencv_core.dll
0x00007ffef5300000 - 0x00007ffef5420000 	C:\WINDOWS\system32\opengl32.dll
0x00007ffeff170000 - 0x00007ffeff19c000 	C:\WINDOWS\SYSTEM32\GLU32.dll
0x0000000072110000 - 0x000000007212a000 	C:\Program Files\Java\jdk1.8.0_161\jre\bin\net.dll
0x00000000720f0000 - 0x0000000072101000 	C:\Program Files\Java\jdk1.8.0_161\jre\bin\nio.dll
0x0000000071c80000 - 0x0000000071c87000 	C:\Program Files\Java\jdk1.8.0_161\jre\bin\jawt.dll
0x0000000002910000 - 0x000000000294e000 	C:\Program Files\Java\jdk1.8.0_161\jre\bin\j3dcore-ogl.dll
0x00007fff0a280000 - 0x00007fff0a28a000 	C:\Windows\System32\rasadhlp.dll
0x00007ffecf0b0000 - 0x00007ffecfbf7000 	C:\WINDOWS\SYSTEM32\ig75icd64.dll
0x00007ffeeca80000 - 0x00007ffeed4bf000 	C:\WINDOWS\SYSTEM32\igdusc64.dll
0x00007fff0ceb0000 - 0x00007fff0cec3000 	C:\WINDOWS\SYSTEM32\WTSAPI32.dll
0x00007fff0a640000 - 0x00007fff0a6b2000 	C:\WINDOWS\System32\fwpuclnt.dll
0x0000000071eb0000 - 0x0000000071ef2000 	C:\Program Files\Java\jdk1.8.0_161\jre\bin\t2k.dll
0x00007ffefc090000 - 0x00007ffefc126000 	C:\WINDOWS\System32\TextInputFramework.dll
0x00007ffefbd70000 - 0x00007ffefc08e000 	C:\WINDOWS\System32\CoreUIComponents.dll
0x00007fff0ed40000 - 0x00007fff0ee1a000 	C:\WINDOWS\System32\CoreMessaging.dll
0x00007fff0fcc0000 - 0x00007fff0fcf1000 	C:\WINDOWS\SYSTEM32\ntmarta.dll
0x00007fff0c9e0000 - 0x00007fff0cb2d000 	C:\WINDOWS\SYSTEM32\wintypes.dll
0x0000000071e70000 - 0x0000000071e9a000 	C:\Program Files\Java\jdk1.8.0_161\jre\bin\dcpr.dll
0x00007fff0fa50000 - 0x00007fff0fb0b000 	C:\WINDOWS\SYSTEM32\dxgi.dll
0x00007fff0da30000 - 0x00007fff0dd3b000 	C:\WINDOWS\SYSTEM32\d3d11.dll
0x00007fff04bf0000 - 0x00007fff04db9000 	C:\WINDOWS\SYSTEM32\dbghelp.dll

VM Arguments:
jvm_args: -Dfile.encoding=UTF-8 
java_command: serial.JFMain
java_class_path (initial): C:\Program Files\Java\jre1.8.0_191\lib\ext\RXTXcomm.jar;C:\Program Files\NetBeans 8.2\java\modules\ext\AbsoluteLayout.jar;C:\Users\joaoq\Downloads\opencv\build\java\opencv-347.jar;C:\Users\joaoq\Downloads\IP-Camera-Java-CV-Libraries-master\javacv.jar;C:\Users\joaoq\Downloads\IP-Camera-Java-CV-Libraries-master\javacpp.jar;C:\Users\joaoq\Downloads\IP-Camera-Java-CV-Libraries-master\javacv-windows-x86.jar;C:\Users\joaoq\Downloads\IP-Camera-Java-CV-Libraries-master\javacv-windows-x86_64.jar;C:\Users\joaoq\Downloads\IP-Camera-Java-CV-Libraries-master\opencv-2.4.8-windows-x86.jar;C:\Users\joaoq\Downloads\IP-Camera-Java-CV-Libraries-master\opencv-2.4.8-windows-x86_64.jar;C:\Users\joaoq\Downloads\org.eclipse.paho.client.mqttv3-1.2.0.jar;C:\Users\joaoq\Google Drive\TCC João Pedro Quintino\TCC2\Software PC\ReadWriteSerial\build\classes
Launcher Type: SUN_STANDARD

Environment Variables:
JAVA_HOME=C:\Program Files\Java\jdk1.8.0_161
CLASSPATH=C:\Program Files\Java\jdk1.8.0_161\lib;C:\jflex-1.6.1\lib\jflex-1.6.1.jar
PATH=C:\Program Files (x86)\Common Files\Oracle\Java\javapath;C:\ProgramData\Oracle\Java\javapath;C:\Program Files (x86)\Intel\iCLS Client\;C:\Program Files\Intel\iCLS Client\;C:\Windows\system32;C:\Windows;C:\Windows\System32\Wbem;C:\Windows\System32\WindowsPowerShell\v1.0\;C:\Program Files (x86)\Intel\Intel(R) Management Engine Components\DAL;C:\Program Files\Intel\Intel(R) Management Engine Components\DAL;C:\Program Files (x86)\Intel\Intel(R) Management Engine Components\IPT;C:\Program Files\Intel\Intel(R) Management Engine Components\IPT;C:\Program Files (x86)\NVIDIA Corporation\PhysX\Common;C:\WINDOWS\system32;C:\WINDOWS;C:\WINDOWS\System32\Wbem;C:\WINDOWS\System32\WindowsPowerShell\v1.0\;C:\Program Files\Java\jdk1.8.0_161\bin;C:\WINDOWS\System32\OpenSSH\;C:\Program Files\MATLAB\R2018a\runtime\win64;C:\Program Files\MATLAB\R2018a\bin;D:\Program Files\nodejs\;D:\Program Files\Microsoft VS Code\bin;D:\Program Files (x86)\Yarn\bin\;C:\Program Files\Git\cmd;C:\Users\joaoq\AppData\Local\Programs\Python\Python37-32\Scripts\;C:\Users\joaoq\AppData\Local\Programs\Python\Python37-32\;C:\Users\joaoq\AppData\Local\Microsoft\WindowsApps;C:\Users\joaoq\AppData\Roaming\npm;C:\Users\joaoq\AppData\Local\Yarn\bin;D:\Program Files\Docker Toolbox
USERNAME=joaoq
OS=Windows_NT
PROCESSOR_IDENTIFIER=Intel64 Family 6 Model 69 Stepping 1, GenuineIntel



---------------  S Y S T E M  ---------------

OS: Windows 10.0 , 64 bit Build 17134 (10.0.17134.753)

CPU:total 4 (initial active 4) (2 cores per cpu, 2 threads per core) family 6 model 69 stepping 1, cmov, cx8, fxsr, mmx, sse, sse2, sse3, ssse3, sse4.1, sse4.2, popcnt, avx, avx2, aes, clmul, erms, lzcnt, ht, tsc, tscinvbit, bmi1, bmi2

Memory: 4k page, physical 8289792k(1507412k free), swap 11699512k(1700504k free)

vm_info: Java HotSpot(TM) 64-Bit Server VM (25.161-b12) for windows-amd64 JRE (1.8.0_161-b12), built on Dec 19 2017 17:52:25 by "java_re" with MS VC++ 10.0 (VS2010)

time: Thu Aug 01 20:09:44 2019
elapsed time: 14 seconds (0d 0h 0m 14s)

