#
# A fatal error has been detected by the Java Runtime Environment:
#
#  EXCEPTION_ACCESS_VIOLATION (0xc0000005) at pc=0x0000000066842310, pid=11404, tid=0x0000000000001784
#
# JRE version: Java(TM) SE Runtime Environment (8.0_161-b12) (build 1.8.0_161-b12)
# Java VM: Java HotSpot(TM) 64-Bit Server VM (25.161-b12 mixed mode windows-amd64 compressed oops)
# Problematic frame:
# C  [opencv_ffmpeg248_64.dll+0x2310]
#
# Failed to write core dump. Minidumps are not enabled by default on client versions of Windows
#
# If you would like to submit a bug report, please visit:
#   http://bugreport.java.com/bugreport/crash.jsp
# The crash happened outside the Java Virtual Machine in native code.
# See problematic frame for where to report the bug.
#

---------------  T H R E A D  ---------------

Current thread (0x00000000199d6800):  JavaThread "Thread-4" [_thread_in_native, id=6020, stack(0x0000000060f70000,0x0000000061070000)]

siginfo: ExceptionCode=0xc0000005, reading address 0x0000000000000008

Registers:
RAX=0x0000000000000000, RBX=0x000000000101d2d0, RCX=0x0000000001010000, RDX=0x000000005c6ee520
RSP=0x000000006106f0c0, RBP=0x8000000000000000, RSI=0x000000000101d568, RDI=0x0000000000000000
R8 =0x000000006106f0ec, R9 =0x000000000101d568, R10=0x0000000000000000, R11=0x000000006106ebb0
R12=0x0000000000000000, R13=0x000000006106f380, R14=0x000000006106f250, R15=0x00000000199d6800
RIP=0x0000000066842310, EFLAGS=0x0000000000010246

Top of Stack: (sp=0x000000006106f0c0)
0x000000006106f0c0:   000000006106f260 000000006684346a
0x000000006106f0d0:   00004e129ed93b9c 000000006106f130
0x000000006106f0e0:   00004e129ed93bbc 000000006106f250
0x000000006106f0f0:   0000000000001389 0000000081eb2728
0x000000006106f100:   0000000060c59ab0 000000006106f260
0x000000006106f110:   0000000000000000 0000000066843429
0x000000006106f120:   00000000819b5b60 00000000199d6800
0x000000006106f130:   00000000199d6800 000000005d29de8c
0x000000006106f140:   0000000100064e18 00007ffbc21b3323
0x000000006106f150:   00000000d6023d18 000000005d2d8690
0x000000006106f160:   00000000199d6800 000000005d2ced79
0x000000006106f170:   00000000d6023d18 00007ffbc21b10e1
0x000000006106f180:   00000000199d69f8 00000000199d6800
0x000000006106f190:   00000000199d6800 0000000000000000
0x000000006106f1a0:   0000000000000000 00000000199d69f8
0x000000006106f1b0:   0000000019a8a0e0 00007ffbf1b7756b 

Instructions: (pc=0x0000000066842310)
0x00000000668422f0:   e0 48 83 c4 30 5b 5e 5f 5d 41 5c c3 0f 1f 40 00
0x0000000066842300:   48 8b 43 18 48 8b 53 20 4c 8d 44 24 2c 49 89 f1
0x0000000066842310:   48 8b 48 08 e8 c7 c5 0e 00 44 8b 64 24 2c 45 85
0x0000000066842320:   e4 74 1d 48 39 ab 90 02 00 00 74 64 48 83 83 18 


Register to memory mapping:

RAX=0x0000000000000000 is an unknown value
RBX=0x000000000101d2d0 is an unknown value
RCX=0x0000000001010000 is an unknown value
RDX=0x000000005c6ee520 is an unknown value
RSP=0x000000006106f0c0 is pointing into the stack for thread: 0x00000000199d6800
RBP=0x8000000000000000 is an unknown value
RSI=0x000000000101d568 is an unknown value
RDI=0x0000000000000000 is an unknown value
R8 =0x000000006106f0ec is pointing into the stack for thread: 0x00000000199d6800
R9 =0x000000000101d568 is an unknown value
R10=0x0000000000000000 is an unknown value
R11=0x000000006106ebb0 is pointing into the stack for thread: 0x00000000199d6800
R12=0x0000000000000000 is an unknown value
R13=0x000000006106f380 is pointing into the stack for thread: 0x00000000199d6800
R14=0x000000006106f250 is pointing into the stack for thread: 0x00000000199d6800
R15=0x00000000199d6800 is a thread


Stack: [0x0000000060f70000,0x0000000061070000],  sp=0x000000006106f0c0,  free space=1020k
Native frames: (J=compiled Java code, j=interpreted, Vv=VM code, C=native code)
C  [opencv_ffmpeg248_64.dll+0x2310]
C  [opencv_ffmpeg248_64.dll+0x3429]
C  [opencv_highgui248.dll+0x3323]
C  [opencv_highgui248.dll+0x10e1]
C  [jniopencv_highgui.dll+0x756b]
C  0x00000000032f2f54

Java frames: (J=compiled Java code, j=interpreted, Vv=VM code)
J 1970  com.googlecode.javacv.cpp.opencv_highgui.cvGrabFrame(Lcom/googlecode/javacv/cpp/opencv_highgui$CvCapture;)I (0 bytes) @ 0x00000000032f2ed2 [0x00000000032f2e80+0x52]
J 1980 C1 com.googlecode.javacv.OpenCVFrameGrabber.grab()Lcom/googlecode/javacv/cpp/opencv_core$IplImage; (177 bytes) @ 0x00000000033035bc [0x0000000003303440+0x17c]
j  serial.CameraHandler.run()V+19
j  java.lang.Thread.run()V+11
v  ~StubRoutines::call_stub

---------------  P R O C E S S  ---------------

Java Threads: ( => current thread )
  0x0000000019dee000 JavaThread "DestroyJavaVM" [_thread_blocked, id=2484, stack(0x0000000002a80000,0x0000000002b80000)]
  0x0000000019deb000 JavaThread "J3D-InputDeviceScheduler-1" [_thread_blocked, id=4996, stack(0x0000000061870000,0x0000000061970000)]
  0x0000000019dea800 JavaThread "J3D-SoundSchedulerUpdateThread-1" [_thread_blocked, id=9576, stack(0x0000000061770000,0x0000000061870000)]
  0x0000000019de9800 JavaThread "J3D-RenderStructureUpdateThread-1" [_thread_blocked, id=6744, stack(0x0000000061670000,0x0000000061770000)]
  0x0000000019de6000 JavaThread "J3D-BehaviorScheduler-1" [_thread_blocked, id=8832, stack(0x0000000061570000,0x0000000061670000)]
  0x0000000019de6800 JavaThread "J3D-TransformStructureUpdateThread-1" [_thread_blocked, id=4944, stack(0x0000000061470000,0x0000000061570000)]
  0x00000000199d6000 JavaThread "J3D-RenderingEnvironmentStructureUpdateThread-1" [_thread_blocked, id=8336, stack(0x0000000061370000,0x0000000061470000)]
  0x00000000199d5000 JavaThread "J3D-SoundStructureUpdateThread-1" [_thread_blocked, id=10424, stack(0x0000000061270000,0x0000000061370000)]
  0x00000000199d4000 JavaThread "J3D-GeometryStructureUpdateThread-1" [_thread_blocked, id=8048, stack(0x0000000061170000,0x0000000061270000)]
  0x00000000199d7800 JavaThread "J3D-BehaviorStructureUpdateThread-1" [_thread_blocked, id=2680, stack(0x0000000061070000,0x0000000061170000)]
=>0x00000000199d6800 JavaThread "Thread-4" [_thread_in_native, id=6020, stack(0x0000000060f70000,0x0000000061070000)]
  0x00000000199da800 JavaThread "TimerQueue" daemon [_thread_blocked, id=11104, stack(0x0000000060d70000,0x0000000060e70000)]
  0x00000000199d9000 JavaThread "AWT-EventQueue-0" [_thread_blocked, id=4428, stack(0x000000005e0e0000,0x000000005e1e0000)]
  0x00000000199d8000 JavaThread "AWT-Shutdown" [_thread_blocked, id=2756, stack(0x000000005dfe0000,0x000000005e0e0000)]
  0x0000000019a2f800 JavaThread "J3D-Renderer-1" [_thread_blocked, id=9516, stack(0x000000001af80000,0x000000001b080000)]
  0x0000000019b46800 JavaThread "J3D-MasterControl-1" [_thread_blocked, id=7536, stack(0x000000001ae80000,0x000000001af80000)]
  0x0000000019e10800 JavaThread "J3D-NotificationThread" [_thread_blocked, id=12308, stack(0x000000001ad80000,0x000000001ae80000)]
  0x0000000019a93800 JavaThread "J3D-TimerThread" [_thread_blocked, id=8440, stack(0x000000001ac80000,0x000000001ad80000)]
  0x0000000019a74800 JavaThread "J3D-RenderingAttributesStructureUpdateThread" [_thread_blocked, id=12828, stack(0x000000001ab80000,0x000000001ac80000)]
  0x00000000199c1000 JavaThread "Java2D Disposer" daemon [_thread_blocked, id=10120, stack(0x000000001a0e0000,0x000000001a1e0000)]
  0x00000000191c4800 JavaThread "Service Thread" daemon [_thread_blocked, id=11192, stack(0x0000000019590000,0x0000000019690000)]
  0x0000000017838800 JavaThread "C1 CompilerThread2" daemon [_thread_blocked, id=11908, stack(0x0000000019090000,0x0000000019190000)]
  0x0000000017834800 JavaThread "C2 CompilerThread1" daemon [_thread_blocked, id=5976, stack(0x0000000018f90000,0x0000000019090000)]
  0x0000000017831800 JavaThread "C2 CompilerThread0" daemon [_thread_blocked, id=4352, stack(0x0000000018e90000,0x0000000018f90000)]
  0x000000001782e000 JavaThread "Attach Listener" daemon [_thread_blocked, id=8424, stack(0x0000000018d90000,0x0000000018e90000)]
  0x000000001782c800 JavaThread "Signal Dispatcher" daemon [_thread_blocked, id=10824, stack(0x0000000018c90000,0x0000000018d90000)]
  0x0000000017818800 JavaThread "Finalizer" daemon [_thread_blocked, id=6060, stack(0x0000000018a80000,0x0000000018b80000)]
  0x0000000002cd4000 JavaThread "Reference Handler" daemon [_thread_blocked, id=1684, stack(0x0000000018980000,0x0000000018a80000)]

Other Threads:
  0x00000000177f7800 VMThread [stack: 0x0000000018880000,0x0000000018980000] [id=6596]
  0x0000000017856000 WatcherThread [stack: 0x0000000019690000,0x0000000019790000] [id=9460]

VM state:not at safepoint (normal execution)

VM Mutex/Monitor currently owned by a thread: None

Heap:
 PSYoungGen      total 45056K, used 17590K [0x00000000d5d80000, 0x00000000d9600000, 0x0000000100000000)
  eden space 37888K, 31% used [0x00000000d5d80000,0x00000000d693f910,0x00000000d8280000)
  from space 7168K, 77% used [0x00000000d8280000,0x00000000d87ee020,0x00000000d8980000)
  to   space 7168K, 0% used [0x00000000d8f00000,0x00000000d8f00000,0x00000000d9600000)
 ParOldGen       total 54784K, used 32009K [0x0000000081800000, 0x0000000084d80000, 0x00000000d5d80000)
  object space 54784K, 58% used [0x0000000081800000,0x0000000083742458,0x0000000084d80000)
 Metaspace       used 19998K, capacity 20230K, committed 20352K, reserved 1067008K
  class space    used 2242K, capacity 2350K, committed 2432K, reserved 1048576K

Card table byte_map: [0x00000000120a0000,0x00000000124a0000] byte_map_base: 0x0000000011c94000

Marking Bits: (ParMarkBitMap*) 0x000000005d9af860
 Begin Bits: [0x0000000012b50000, 0x0000000014af0000)
 End Bits:   [0x0000000014af0000, 0x0000000016a90000)

Polling page: 0x0000000001090000

CodeCache: size=245760Kb used=10217Kb max_used=10217Kb free=235542Kb
 bounds [0x0000000002ce0000, 0x00000000036f0000, 0x0000000011ce0000]
 total_blobs=3083 nmethods=2401 adapters=593
 compilation: enabled

Compilation events (10 events):
Event: 367.536 Thread 0x0000000017834800 2899       4       java.awt.Point::<init> (15 bytes)
Event: 367.537 Thread 0x0000000017838800 2900   !   3       sun.dc.pr.Rasterizer::getAlpha (76 bytes)
Event: 367.537 Thread 0x0000000017834800 nmethod 2899 0x0000000002e8b9d0 code [0x0000000002e8bb00, 0x0000000002e8bb58]
Event: 367.538 Thread 0x0000000017838800 nmethod 2900 0x00000000036de190 code [0x00000000036de3c0, 0x00000000036df028]
Event: 367.538 Thread 0x0000000017838800 2901       3       sun.dc.pr.PathFiller::writeAlpha (10 bytes)
Event: 367.538 Thread 0x0000000017838800 nmethod 2901 0x000000000328c650 code [0x000000000328c7c0, 0x000000000328c948]
Event: 368.721 Thread 0x0000000017838800 2903   !   3       java.awt.event.InputEvent::canAccessSystemClipboard (57 bytes)
Event: 368.725 Thread 0x0000000017838800 nmethod 2903 0x00000000036e7090 code [0x00000000036e72a0, 0x00000000036e7d18]
Event: 369.920 Thread 0x0000000017838800 2904   !   3       sun.awt.GlobalCursorManager$NativeUpdater::postIfNotPending (48 bytes)
Event: 369.922 Thread 0x0000000017838800 nmethod 2904 0x00000000036dd390 code [0x00000000036dd540, 0x00000000036dddc8]

GC Heap History (10 events):
Event: 365.707 GC heap before
{Heap before GC invocations=371 (full 22):
 PSYoungGen      total 46080K, used 44591K [0x00000000d5d80000, 0x00000000d9200000, 0x0000000100000000)
  eden space 40448K, 96% used [0x00000000d5d80000,0x00000000d83a5ea0,0x00000000d8500000)
  from space 5632K, 98% used [0x00000000d8c80000,0x00000000d91e6020,0x00000000d9200000)
  to   space 6656K, 0% used [0x00000000d8500000,0x00000000d8500000,0x00000000d8b80000)
 ParOldGen       total 54784K, used 21185K [0x0000000081800000, 0x0000000084d80000, 0x00000000d5d80000)
  object space 54784K, 38% used [0x0000000081800000,0x0000000082cb0418,0x0000000084d80000)
 Metaspace       used 19850K, capacity 20102K, committed 20352K, reserved 1067008K
  class space    used 2236K, capacity 2350K, committed 2432K, reserved 1048576K
Event: 365.711 GC heap after
Heap after GC invocations=371 (full 22):
 PSYoungGen      total 45056K, used 5528K [0x00000000d5d80000, 0x00000000d9100000, 0x0000000100000000)
  eden space 39424K, 0% used [0x00000000d5d80000,0x00000000d5d80000,0x00000000d8400000)
  from space 5632K, 98% used [0x00000000d8500000,0x00000000d8a66020,0x00000000d8a80000)
  to   space 6656K, 0% used [0x00000000d8a80000,0x00000000d8a80000,0x00000000d9100000)
 ParOldGen       total 54784K, used 23885K [0x0000000081800000, 0x0000000084d80000, 0x00000000d5d80000)
  object space 54784K, 43% used [0x0000000081800000,0x0000000082f53428,0x0000000084d80000)
 Metaspace       used 19850K, capacity 20102K, committed 20352K, reserved 1067008K
  class space    used 2236K, capacity 2350K, committed 2432K, reserved 1048576K
}
Event: 366.672 GC heap before
{Heap before GC invocations=372 (full 22):
 PSYoungGen      total 45056K, used 44679K [0x00000000d5d80000, 0x00000000d9100000, 0x0000000100000000)
  eden space 39424K, 99% used [0x00000000d5d80000,0x00000000d83bbd68,0x00000000d8400000)
  from space 5632K, 98% used [0x00000000d8500000,0x00000000d8a66020,0x00000000d8a80000)
  to   space 6656K, 0% used [0x00000000d8a80000,0x00000000d8a80000,0x00000000d9100000)
 ParOldGen       total 54784K, used 23885K [0x0000000081800000, 0x0000000084d80000, 0x00000000d5d80000)
  object space 54784K, 43% used [0x0000000081800000,0x0000000082f53428,0x0000000084d80000)
 Metaspace       used 19909K, capacity 20166K, committed 20352K, reserved 1067008K
  class space    used 2238K, capacity 2350K, committed 2432K, reserved 1048576K
Event: 366.675 GC heap after
Heap after GC invocations=372 (full 22):
 PSYoungGen      total 45056K, used 5592K [0x00000000d5d80000, 0x00000000d9080000, 0x0000000100000000)
  eden space 38912K, 0% used [0x00000000d5d80000,0x00000000d5d80000,0x00000000d8380000)
  from space 6144K, 91% used [0x00000000d8a80000,0x00000000d8ff6020,0x00000000d9080000)
  to   space 6656K, 0% used [0x00000000d8380000,0x00000000d8380000,0x00000000d8a00000)
 ParOldGen       total 54784K, used 26593K [0x0000000081800000, 0x0000000084d80000, 0x00000000d5d80000)
  object space 54784K, 48% used [0x0000000081800000,0x00000000831f8438,0x0000000084d80000)
 Metaspace       used 19909K, capacity 20166K, committed 20352K, reserved 1067008K
  class space    used 2238K, capacity 2350K, committed 2432K, reserved 1048576K
}
Event: 367.533 GC heap before
{Heap before GC invocations=373 (full 22):
 PSYoungGen      total 45056K, used 44504K [0x00000000d5d80000, 0x00000000d9080000, 0x0000000100000000)
  eden space 38912K, 100% used [0x00000000d5d80000,0x00000000d8380000,0x00000000d8380000)
  from space 6144K, 91% used [0x00000000d8a80000,0x00000000d8ff6020,0x00000000d9080000)
  to   space 6656K, 0% used [0x00000000d8380000,0x00000000d8380000,0x00000000d8a00000)
 ParOldGen       total 54784K, used 26593K [0x0000000081800000, 0x0000000084d80000, 0x00000000d5d80000)
  object space 54784K, 48% used [0x0000000081800000,0x00000000831f8438,0x0000000084d80000)
 Metaspace       used 19957K, capacity 20166K, committed 20352K, reserved 1067008K
  class space    used 2238K, capacity 2350K, committed 2432K, reserved 1048576K
Event: 367.536 GC heap after
Heap after GC invocations=373 (full 22):
 PSYoungGen      total 44032K, used 5624K [0x00000000d5d80000, 0x00000000d9000000, 0x0000000100000000)
  eden space 38400K, 0% used [0x00000000d5d80000,0x00000000d5d80000,0x00000000d8300000)
  from space 5632K, 99% used [0x00000000d8380000,0x00000000d88fe020,0x00000000d8900000)
  to   space 6656K, 0% used [0x00000000d8980000,0x00000000d8980000,0x00000000d9000000)
 ParOldGen       total 54784K, used 29301K [0x0000000081800000, 0x0000000084d80000, 0x00000000d5d80000)
  object space 54784K, 53% used [0x0000000081800000,0x000000008349d448,0x0000000084d80000)
 Metaspace       used 19957K, capacity 20166K, committed 20352K, reserved 1067008K
  class space    used 2238K, capacity 2350K, committed 2432K, reserved 1048576K
}
Event: 369.169 GC heap before
{Heap before GC invocations=374 (full 22):
 PSYoungGen      total 44032K, used 42025K [0x00000000d5d80000, 0x00000000d9000000, 0x0000000100000000)
  eden space 38400K, 94% used [0x00000000d5d80000,0x00000000d810c598,0x00000000d8300000)
  from space 5632K, 99% used [0x00000000d8380000,0x00000000d88fe020,0x00000000d8900000)
  to   space 6656K, 0% used [0x00000000d8980000,0x00000000d8980000,0x00000000d9000000)
 ParOldGen       total 54784K, used 29301K [0x0000000081800000, 0x0000000084d80000, 0x00000000d5d80000)
  object space 54784K, 53% used [0x0000000081800000,0x000000008349d448,0x0000000084d80000)
 Metaspace       used 19966K, capacity 20166K, committed 20352K, reserved 1067008K
  class space    used 2240K, capacity 2350K, committed 2432K, reserved 1048576K
Event: 369.170 GC heap after
Heap after GC invocations=374 (full 22):
 PSYoungGen      total 44544K, used 2892K [0x00000000d5d80000, 0x00000000d9080000, 0x0000000100000000)
  eden space 37888K, 0% used [0x00000000d5d80000,0x00000000d5d80000,0x00000000d8280000)
  from space 6656K, 43% used [0x00000000d8980000,0x00000000d8c53010,0x00000000d9000000)
  to   space 7168K, 0% used [0x00000000d8280000,0x00000000d8280000,0x00000000d8980000)
 ParOldGen       total 54784K, used 29309K [0x0000000081800000, 0x0000000084d80000, 0x00000000d5d80000)
  object space 54784K, 53% used [0x0000000081800000,0x000000008349f448,0x0000000084d80000)
 Metaspace       used 19966K, capacity 20166K, committed 20352K, reserved 1067008K
  class space    used 2240K, capacity 2350K, committed 2432K, reserved 1048576K
}
Event: 369.307 GC heap before
{Heap before GC invocations=375 (full 22):
 PSYoungGen      total 44544K, used 38728K [0x00000000d5d80000, 0x00000000d9080000, 0x0000000100000000)
  eden space 37888K, 94% used [0x00000000d5d80000,0x00000000d807f030,0x00000000d8280000)
  from space 6656K, 43% used [0x00000000d8980000,0x00000000d8c53010,0x00000000d9000000)
  to   space 7168K, 0% used [0x00000000d8280000,0x00000000d8280000,0x00000000d8980000)
 ParOldGen       total 54784K, used 29309K [0x0000000081800000, 0x0000000084d80000, 0x00000000d5d80000)
  object space 54784K, 53% used [0x0000000081800000,0x000000008349f448,0x0000000084d80000)
 Metaspace       used 19966K, capacity 20166K, committed 20352K, reserved 1067008K
  class space    used 2240K, capacity 2350K, committed 2432K, reserved 1048576K
Event: 369.311 GC heap after
Heap after GC invocations=375 (full 22):
 PSYoungGen      total 45056K, used 5560K [0x00000000d5d80000, 0x00000000d9600000, 0x0000000100000000)
  eden space 37888K, 0% used [0x00000000d5d80000,0x00000000d5d80000,0x00000000d8280000)
  from space 7168K, 77% used [0x00000000d8280000,0x00000000d87ee020,0x00000000d8980000)
  to   space 7168K, 0% used [0x00000000d8f00000,0x00000000d8f00000,0x00000000d9600000)
 ParOldGen       total 54784K, used 32009K [0x0000000081800000, 0x0000000084d80000, 0x00000000d5d80000)
  object space 54784K, 58% used [0x0000000081800000,0x0000000083742458,0x0000000084d80000)
 Metaspace       used 19966K, capacity 20166K, committed 20352K, reserved 1067008K
  class space    used 2240K, capacity 2350K, committed 2432K, reserved 1048576K
}

Deoptimization events (10 events):
Event: 365.871 Thread 0x00000000199d9000 Uncommon trap: reason=bimorphic action=maybe_recompile pc=0x00000000035b4470 method=javax.swing.plaf.synth.SynthBorder.paintBorder(Ljava/awt/Component;Ljava/awt/Graphics;IIII)V @ 12
Event: 366.676 Thread 0x00000000199d9000 Uncommon trap: reason=unstable_if action=reinterpret pc=0x000000000352a948 method=java.awt.EventQueue.postEvent(Ljava/awt/AWTEvent;I)V @ 6
Event: 368.009 Thread 0x00000000199d9000 Uncommon trap: reason=unstable_if action=reinterpret pc=0x00000000031f88ec method=java.util.concurrent.locks.AbstractQueuedSynchronizer.enq(Ljava/util/concurrent/locks/AbstractQueuedSynchronizer$Node;)Ljava/util/concurrent/locks/AbstractQueuedSynchronizer
Event: 368.012 Thread 0x0000000019dec800 Uncommon trap: reason=unstable_if action=reinterpret pc=0x000000000307df10 method=java.util.concurrent.locks.AbstractQueuedSynchronizer$ConditionObject.addConditionWaiter()Ljava/util/concurrent/locks/AbstractQueuedSynchronizer$Node; @ 6
Event: 368.013 Thread 0x0000000019de7800 Uncommon trap: reason=bimorphic action=maybe_recompile pc=0x0000000003143208 method=sun.reflect.DelegatingMethodAccessorImpl.invoke(Ljava/lang/Object;[Ljava/lang/Object;)Ljava/lang/Object; @ 6
Event: 368.017 Thread 0x00000000199d3800 Uncommon trap: reason=unstable_if action=reinterpret pc=0x00000000031b10a4 method=java.util.concurrent.locks.AbstractQueuedSynchronizer.acquireQueued(Ljava/util/concurrent/locks/AbstractQueuedSynchronizer$Node;I)Z @ 25
Event: 368.017 Thread 0x0000000019def000 Uncommon trap: reason=unstable_if action=reinterpret pc=0x00000000031b1048 method=java.util.concurrent.locks.AbstractQueuedSynchronizer.acquireQueued(Ljava/util/concurrent/locks/AbstractQueuedSynchronizer$Node;I)Z @ 17
Event: 368.017 Thread 0x0000000019de7800 Uncommon trap: reason=unstable_if action=reinterpret pc=0x00000000031f983c method=java.util.concurrent.locks.AbstractQueuedSynchronizer.enq(Ljava/util/concurrent/locks/AbstractQueuedSynchronizer$Node;)Ljava/util/concurrent/locks/AbstractQueuedSynchronizer
Event: 369.029 Thread 0x00000000199d9000 Uncommon trap: reason=unstable_if action=reinterpret pc=0x00000000030288ac method=java.util.concurrent.locks.AbstractQueuedSynchronizer$ConditionObject.addConditionWaiter()Ljava/util/concurrent/locks/AbstractQueuedSynchronizer$Node; @ 6
Event: 370.076 Thread 0x00000000199d9000 Uncommon trap: reason=unstable_if action=reinterpret pc=0x0000000003179498 method=java.util.IdentityHashMap.keySet()Ljava/util/Set; @ 6

Classes redefined (0 events):
No events

Internal exceptions (10 events):
Event: 1.642 Thread 0x0000000002be2800 Exception <a 'java/lang/ClassNotFoundException': Tree> (0x00000000d6e52c08) thrown at [C:\re\workspace\8-2-build-windows-amd64-cygwin\jdk8u161\10277\hotspot\src\share\vm\classfile\systemDictionary.cpp, line 210]
Event: 1.642 Thread 0x0000000002be2800 Exception <a 'java/lang/ClassNotFoundException': javax/swing/JTreeCell> (0x00000000d6e52f88) thrown at [C:\re\workspace\8-2-build-windows-amd64-cygwin\jdk8u161\10277\hotspot\src\share\vm\classfile\systemDictionary.cpp, line 210]
Event: 1.642 Thread 0x0000000002be2800 Exception <a 'java/lang/ClassNotFoundException': TreeCell> (0x00000000d6e53410) thrown at [C:\re\workspace\8-2-build-windows-amd64-cygwin\jdk8u161\10277\hotspot\src\share\vm\classfile\systemDictionary.cpp, line 210]
Event: 1.643 Thread 0x0000000002be2800 Exception <a 'java/lang/ClassNotFoundException': RootPane> (0x00000000d6e53dc8) thrown at [C:\re\workspace\8-2-build-windows-amd64-cygwin\jdk8u161\10277\hotspot\src\share\vm\classfile\systemDictionary.cpp, line 210]
Event: 18.569 Thread 0x00000000199d9000 Implicit null exception at 0x0000000002f25fd4 to 0x0000000002f26379
Event: 18.569 Thread 0x00000000199d9000 Implicit null exception at 0x0000000002f06616 to 0x0000000002f069ad
Event: 29.435 Thread 0x00000000199d9000 Implicit null exception at 0x00000000032647ac to 0x00000000032649c1
Event: 368.012 Thread 0x0000000019dec800 Exception <a 'java/lang/InterruptedException'> (0x00000000d7138cd0) thrown at [C:\re\workspace\8-2-build-windows-amd64-cygwin\jdk8u161\10277\hotspot\src\share\vm\runtime\objectMonitor.cpp, line 1684]
Event: 368.012 Thread 0x0000000019dec000 Exception <a 'java/net/SocketException': Socket closed> (0x00000000d7139548) thrown at [C:\re\workspace\8-2-build-windows-amd64-cygwin\jdk8u161\10277\hotspot\src\share\vm\prims\jni.cpp, line 735]
Event: 368.013 Thread 0x00000000199d3800 Exception <a 'java/lang/InterruptedException'> (0x00000000d7138658) thrown at [C:\re\workspace\8-2-build-windows-amd64-cygwin\jdk8u161\10277\hotspot\src\share\vm\runtime\objectMonitor.cpp, line 1684]

Events (10 events):
Event: 370.077 Thread 0x0000000019de9000 Thread added: 0x0000000019de9000
Event: 370.078 Thread 0x0000000019de7800 Thread added: 0x0000000019de7800
Event: 370.078 Thread 0x0000000019def000 Thread added: 0x0000000019def000
Event: 370.082 loading class java/lang/ProcessBuilder
Event: 370.083 loading class java/lang/ProcessBuilder done
Event: 370.084 loading class java/lang/ProcessImpl
Event: 370.085 loading class java/lang/Process
Event: 370.085 loading class java/lang/Process done
Event: 370.085 loading class java/lang/ProcessImpl done
Event: 370.089 Thread 0x0000000019de7800 Thread exited: 0x0000000019de7800


Dynamic libraries:
0x00007ff6a2380000 - 0x00007ff6a23b7000 	C:\Program Files\Java\jdk1.8.0_161\bin\java.exe
0x00007ffc03c60000 - 0x00007ffc03e41000 	C:\WINDOWS\SYSTEM32\ntdll.dll
0x00007ffbfa970000 - 0x00007ffbfa982000 	C:\Program Files\AVAST Software\Avast\aswhook.dll
0x00007ffc012c0000 - 0x00007ffc01371000 	C:\WINDOWS\System32\KERNEL32.DLL
0x00007ffc00510000 - 0x00007ffc00783000 	C:\WINDOWS\System32\KERNELBASE.dll
0x00007ffc02530000 - 0x00007ffc025d1000 	C:\WINDOWS\System32\ADVAPI32.dll
0x00007ffc01de0000 - 0x00007ffc01e7e000 	C:\WINDOWS\System32\msvcrt.dll
0x00007ffc02030000 - 0x00007ffc0208b000 	C:\WINDOWS\System32\sechost.dll
0x00007ffc02640000 - 0x00007ffc02764000 	C:\WINDOWS\System32\RPCRT4.dll
0x00007ffc01e80000 - 0x00007ffc02010000 	C:\WINDOWS\System32\USER32.dll
0x00007ffc00790000 - 0x00007ffc007b0000 	C:\WINDOWS\System32\win32u.dll
0x00007ffc010f0000 - 0x00007ffc01118000 	C:\WINDOWS\System32\GDI32.dll
0x00007ffc00120000 - 0x00007ffc002b1000 	C:\WINDOWS\System32\gdi32full.dll
0x00007ffc00030000 - 0x00007ffc000cf000 	C:\WINDOWS\System32\msvcp_win.dll
0x00007ffc008e0000 - 0x00007ffc009d8000 	C:\WINDOWS\System32\ucrtbase.dll
0x00007ffbf24c0000 - 0x00007ffbf2729000 	C:\WINDOWS\WinSxS\amd64_microsoft.windows.common-controls_6595b64144ccf1df_6.0.17134.885_none_fb42a3473065565f\COMCTL32.dll
0x00007ffc02130000 - 0x00007ffc02452000 	C:\WINDOWS\System32\combase.dll
0x00007ffc00860000 - 0x00007ffc008d9000 	C:\WINDOWS\System32\bcryptPrimitives.dll
0x00007ffc01be0000 - 0x00007ffc01c0d000 	C:\WINDOWS\System32\IMM32.DLL
0x000000005e1f0000 - 0x000000005e2c2000 	C:\Program Files\Java\jdk1.8.0_161\jre\bin\msvcr100.dll
0x000000005d190000 - 0x000000005da2f000 	C:\Program Files\Java\jdk1.8.0_161\jre\bin\server\jvm.dll
0x00007ffc027e0000 - 0x00007ffc027e8000 	C:\WINDOWS\System32\PSAPI.DLL
0x00007ffbf0bb0000 - 0x00007ffbf0bb9000 	C:\WINDOWS\SYSTEM32\WSOCK32.dll
0x00007ffc02770000 - 0x00007ffc027dc000 	C:\WINDOWS\System32\WS2_32.dll
0x00007ffbf67c0000 - 0x00007ffbf67e3000 	C:\WINDOWS\SYSTEM32\WINMM.dll
0x00007ffbfb680000 - 0x00007ffbfb68a000 	C:\WINDOWS\SYSTEM32\VERSION.dll
0x00007ffbf6670000 - 0x00007ffbf669a000 	C:\WINDOWS\SYSTEM32\WINMMBASE.dll
0x00007ffc000d0000 - 0x00007ffc00119000 	C:\WINDOWS\System32\cfgmgr32.dll
0x000000005e1e0000 - 0x000000005e1ef000 	C:\Program Files\Java\jdk1.8.0_161\jre\bin\verify.dll
0x000000005d160000 - 0x000000005d189000 	C:\Program Files\Java\jdk1.8.0_161\jre\bin\java.dll
0x000000005d140000 - 0x000000005d156000 	C:\Program Files\Java\jdk1.8.0_161\jre\bin\zip.dll
0x00007ffc027f0000 - 0x00007ffc03c30000 	C:\WINDOWS\System32\SHELL32.dll
0x00007ffc019b0000 - 0x00007ffc01a59000 	C:\WINDOWS\System32\shcore.dll
0x00007ffc009e0000 - 0x00007ffc010ed000 	C:\WINDOWS\System32\windows.storage.dll
0x00007ffc025e0000 - 0x00007ffc02631000 	C:\WINDOWS\System32\shlwapi.dll
0x00007ffc00000000 - 0x00007ffc00011000 	C:\WINDOWS\System32\kernel.appcore.dll
0x00007ffbfffe0000 - 0x00007ffbfffff000 	C:\WINDOWS\System32\profapi.dll
0x00007ffbfff90000 - 0x00007ffbfffdc000 	C:\WINDOWS\System32\powrprof.dll
0x00007ffc00020000 - 0x00007ffc0002a000 	C:\WINDOWS\System32\FLTLIB.DLL
0x000000005cf60000 - 0x000000005d0f8000 	C:\Program Files\Java\jdk1.8.0_161\jre\bin\awt.dll
0x00007ffc02460000 - 0x00007ffc02522000 	C:\WINDOWS\System32\OLEAUT32.dll
0x00007ffbfda20000 - 0x00007ffbfdaab000 	C:\WINDOWS\SYSTEM32\apphelp.dll
0x00007ffbfdbc0000 - 0x00007ffbfdc58000 	C:\WINDOWS\system32\uxtheme.dll
0x00007ffc01a60000 - 0x00007ffc01bd3000 	C:\WINDOWS\System32\MSCTF.dll
0x00007ffbfdc90000 - 0x00007ffbfdcb9000 	C:\WINDOWS\system32\dwmapi.dll
0x00007ffc01c80000 - 0x00007ffc01dd1000 	C:\WINDOWS\System32\ole32.dll
0x000000005ce50000 - 0x000000005ce57000 	C:\Program Files\Java\jdk1.8.0_161\jre\bin\jawt.dll
0x000000001a430000 - 0x000000001a46e000 	C:\Program Files\Java\jdk1.8.0_161\jre\bin\j3dcore-ogl.dll
0x00007ffbe22c0000 - 0x00007ffbe23e0000 	C:\WINDOWS\SYSTEM32\OPENGL32.dll
0x00007ffbe60a0000 - 0x00007ffbe60cc000 	C:\WINDOWS\SYSTEM32\GLU32.dll
0x00007ffba3350000 - 0x00007ffba3e97000 	C:\WINDOWS\SYSTEM32\ig75icd64.dll
0x00007ffbd7a30000 - 0x00007ffbd846f000 	C:\WINDOWS\SYSTEM32\igdusc64.dll
0x00007ffbfbdc0000 - 0x00007ffbfbdd3000 	C:\WINDOWS\SYSTEM32\WTSAPI32.dll
0x000000005cf10000 - 0x000000005cf57000 	C:\Program Files\Java\jdk1.8.0_161\jre\bin\fontmanager.dll
0x000000005cd70000 - 0x000000005ce41000 	C:\Users\joaoq\AppData\Local\Temp\javacpp123977842375964\msvcr100.dll
0x000000005ccd0000 - 0x000000005cd68000 	C:\Users\joaoq\AppData\Local\Temp\javacpp123977842375964\msvcp100.dll
0x0000000066840000 - 0x00000000676b4000 	C:\Users\joaoq\AppData\Local\Temp\javacpp123977842375964\opencv_ffmpeg248_64.dll
0x00007ffbc4ce0000 - 0x00007ffbc4f52000 	C:\Users\joaoq\AppData\Local\Temp\javacpp123977842375964\opencv_core248.dll
0x00007ffbc26f0000 - 0x00007ffbc29a2000 	C:\Users\joaoq\AppData\Local\Temp\javacpp123977842375964\opencv_imgproc248.dll
0x00007ffbc21b0000 - 0x00007ffbc23fd000 	C:\Users\joaoq\AppData\Local\Temp\javacpp123977842375964\opencv_highgui248.dll
0x00007ffbf1d60000 - 0x00007ffbf1d7f000 	C:\WINDOWS\SYSTEM32\AVIFIL32.dll
0x00007ffbf1cf0000 - 0x00007ffbf1d19000 	C:\WINDOWS\SYSTEM32\MSVFW32.dll
0x00007ffbf1cd0000 - 0x00007ffbf1ce8000 	C:\WINDOWS\SYSTEM32\AVICAP32.dll
0x00007ffbfc4d0000 - 0x00007ffbfc4ec000 	C:\WINDOWS\SYSTEM32\MSACM32.dll
0x00007ffbf1b70000 - 0x00007ffbf1b83000 	C:\Users\joaoq\AppData\Local\Temp\javacpp123977842375964\jniopencv_highgui.dll
0x00007ffbff490000 - 0x00007ffbff4f6000 	C:\WINDOWS\system32\mswsock.dll
0x00007ffbffd60000 - 0x00007ffbffd77000 	C:\WINDOWS\SYSTEM32\CRYPTSP.dll
0x00007ffbff080000 - 0x00007ffbff0b3000 	C:\WINDOWS\system32\rsaenh.dll
0x00007ffbffa90000 - 0x00007ffbffab5000 	C:\WINDOWS\SYSTEM32\bcrypt.dll
0x00007ffbff640000 - 0x00007ffbff64b000 	C:\WINDOWS\SYSTEM32\CRYPTBASE.dll
0x00007ffbfa930000 - 0x00007ffbfa946000 	C:\WINDOWS\system32\napinsp.dll
0x00007ffbfa910000 - 0x00007ffbfa92a000 	C:\WINDOWS\system32\pnrpnsp.dll
0x00007ffbfc400000 - 0x00007ffbfc419000 	C:\WINDOWS\system32\NLAapi.dll
0x00007ffbff270000 - 0x00007ffbff32e000 	C:\WINDOWS\SYSTEM32\DNSAPI.dll
0x00007ffc01c10000 - 0x00007ffc01c18000 	C:\WINDOWS\System32\NSI.dll
0x00007ffbff220000 - 0x00007ffbff258000 	C:\WINDOWS\SYSTEM32\IPHLPAPI.DLL
0x00007ffbfa900000 - 0x00007ffbfa90e000 	C:\WINDOWS\System32\winrnr.dll
0x00007ffbf4070000 - 0x00007ffbf4085000 	C:\WINDOWS\System32\wshbth.dll
0x00007ffbcdd80000 - 0x00007ffbcde1a000 	C:\Users\joaoq\AppData\Local\Temp\javacpp123977842375964\jniopencv_core.dll
0x000000005d120000 - 0x000000005d13a000 	C:\Program Files\Java\jdk1.8.0_161\jre\bin\net.dll
0x000000005d100000 - 0x000000005d111000 	C:\Program Files\Java\jdk1.8.0_161\jre\bin\nio.dll
0x000000005cec0000 - 0x000000005cf02000 	C:\Program Files\Java\jdk1.8.0_161\jre\bin\t2k.dll
0x00007ffbf5c50000 - 0x00007ffbf5c5a000 	C:\Windows\System32\rasadhlp.dll
0x00007ffbf2f00000 - 0x00007ffbf2f96000 	C:\WINDOWS\System32\TextInputFramework.dll
0x00007ffbf55c0000 - 0x00007ffbf58de000 	C:\WINDOWS\System32\CoreUIComponents.dll
0x00007ffbfd760000 - 0x00007ffbfd83a000 	C:\WINDOWS\System32\CoreMessaging.dll
0x00007ffbfece0000 - 0x00007ffbfed11000 	C:\WINDOWS\SYSTEM32\ntmarta.dll
0x00007ffbfbb70000 - 0x00007ffbfbcbd000 	C:\WINDOWS\SYSTEM32\wintypes.dll
0x000000005ce90000 - 0x000000005ceba000 	C:\Program Files\Java\jdk1.8.0_161\jre\bin\dcpr.dll
0x00007ffbf18f0000 - 0x00007ffbf1962000 	C:\WINDOWS\System32\fwpuclnt.dll
0x00007ffbfe2d0000 - 0x00007ffbfe38b000 	C:\WINDOWS\SYSTEM32\dxgi.dll
0x00007ffbfc570000 - 0x00007ffbfc87b000 	C:\WINDOWS\SYSTEM32\d3d11.dll
0x00007ffbffac0000 - 0x00007ffbffc89000 	C:\WINDOWS\SYSTEM32\dbghelp.dll

VM Arguments:
jvm_args: -Dfile.encoding=UTF-8 
java_command: serial.JFMain
java_class_path (initial): C:\Program Files\Java\jre1.8.0_191\lib\ext\RXTXcomm.jar;C:\Program Files\NetBeans 8.2\java\modules\ext\AbsoluteLayout.jar;C:\Users\joaoq\Downloads\opencv\build\java\opencv-347.jar;C:\Users\joaoq\Downloads\IP-Camera-Java-CV-Libraries-master\javacv.jar;C:\Users\joaoq\Downloads\IP-Camera-Java-CV-Libraries-master\javacpp.jar;C:\Users\joaoq\Downloads\IP-Camera-Java-CV-Libraries-master\javacv-windows-x86.jar;C:\Users\joaoq\Downloads\IP-Camera-Java-CV-Libraries-master\javacv-windows-x86_64.jar;C:\Users\joaoq\Downloads\IP-Camera-Java-CV-Libraries-master\opencv-2.4.8-windows-x86.jar;C:\Users\joaoq\Downloads\IP-Camera-Java-CV-Libraries-master\opencv-2.4.8-windows-x86_64.jar;C:\Users\joaoq\Downloads\org.eclipse.paho.client.mqttv3-1.2.0.jar;C:\Users\joaoq\Google Drive\TCC João Pedro Quintino\TCC2\Software PC\ReadWriteSerial\build\classes
Launcher Type: SUN_STANDARD

Environment Variables:
JAVA_HOME=C:\Program Files\Java\jdk1.8.0_161
CLASSPATH=C:\Program Files\Java\jdk1.8.0_161\lib;C:\jflex-1.6.1\lib\jflex-1.6.1.jar
PATH=C:\Program Files (x86)\Common Files\Oracle\Java\javapath;C:\ProgramData\Oracle\Java\javapath;C:\Program Files (x86)\Intel\iCLS Client\;C:\Program Files\Intel\iCLS Client\;C:\Windows\system32;C:\Windows;C:\Windows\System32\Wbem;C:\Windows\System32\WindowsPowerShell\v1.0\;C:\Program Files (x86)\Intel\Intel(R) Management Engine Components\DAL;C:\Program Files\Intel\Intel(R) Management Engine Components\DAL;C:\Program Files (x86)\Intel\Intel(R) Management Engine Components\IPT;C:\Program Files\Intel\Intel(R) Management Engine Components\IPT;C:\Program Files (x86)\NVIDIA Corporation\PhysX\Common;C:\WINDOWS\system32;C:\WINDOWS;C:\WINDOWS\System32\Wbem;C:\WINDOWS\System32\WindowsPowerShell\v1.0\;C:\Program Files\Java\jdk1.8.0_161\bin;C:\WINDOWS\System32\OpenSSH\;C:\Program Files\MATLAB\R2018a\runtime\win64;C:\Program Files\MATLAB\R2018a\bin;D:\Program Files\nodejs\;D:\Program Files\Microsoft VS Code\bin;D:\Program Files (x86)\Yarn\bin\;C:\Program Files\Git\cmd;C:\Users\joaoq\AppData\Local\Programs\Python\Python37-32\Scripts\;C:\Users\joaoq\AppData\Local\Programs\Python\Python37-32\;C:\Users\joaoq\AppData\Local\Microsoft\WindowsApps;C:\Users\joaoq\AppData\Roaming\npm;C:\Users\joaoq\AppData\Local\Yarn\bin;D:\Program Files\Docker Toolbox
USERNAME=joaoq
OS=Windows_NT
PROCESSOR_IDENTIFIER=Intel64 Family 6 Model 69 Stepping 1, GenuineIntel



---------------  S Y S T E M  ---------------

OS: Windows 10.0 , 64 bit Build 17134 (10.0.17134.753)

CPU:total 4 (initial active 4) (2 cores per cpu, 2 threads per core) family 6 model 69 stepping 1, cmov, cx8, fxsr, mmx, sse, sse2, sse3, ssse3, sse4.1, sse4.2, popcnt, avx, avx2, aes, clmul, erms, lzcnt, ht, tsc, tscinvbit, bmi1, bmi2

Memory: 4k page, physical 8289792k(2353360k free), swap 13939048k(5942968k free)

vm_info: Java HotSpot(TM) 64-Bit Server VM (25.161-b12) for windows-amd64 JRE (1.8.0_161-b12), built on Dec 19 2017 17:52:25 by "java_re" with MS VC++ 10.0 (VS2010)

time: Thu Aug 08 20:07:05 2019
elapsed time: 370 seconds (0d 0h 6m 10s)

