#
# A fatal error has been detected by the Java Runtime Environment:
#
#  EXCEPTION_ACCESS_VIOLATION (0xc0000005) at pc=0x0000000066842310, pid=6744, tid=0x00000000000043f0
#
# JRE version: Java(TM) SE Runtime Environment (8.0_161-b12) (build 1.8.0_161-b12)
# Java VM: Java HotSpot(TM) 64-Bit Server VM (25.161-b12 mixed mode windows-amd64 compressed oops)
# Problematic frame:
# C  [opencv_ffmpeg248_64.dll+0x2310]
#
# Failed to write core dump. Minidumps are not enabled by default on client versions of Windows
#
# If you would like to submit a bug report, please visit:
#   http://bugreport.java.com/bugreport/crash.jsp
# The crash happened outside the Java Virtual Machine in native code.
# See problematic frame for where to report the bug.
#

---------------  T H R E A D  ---------------

Current thread (0x0000000019ec0000):  JavaThread "Thread-4" [_thread_in_native, id=17392, stack(0x0000000060750000,0x0000000060850000)]

siginfo: ExceptionCode=0xc0000005, reading address 0x0000000000000008

Registers:
RAX=0x0000000000000000, RBX=0x000000000165d260, RCX=0x0000000001650000, RDX=0x000000005c972c40
RSP=0x000000006084eee0, RBP=0x8000000000000000, RSI=0x000000000165d4f8, RDI=0x0000000000000000
R8 =0x000000006084ef0c, R9 =0x000000000165d4f8, R10=0x0000000000000000, R11=0x000000006084e9d0
R12=0x0000000000000000, R13=0x000000006084f1a0, R14=0x000000006084f070, R15=0x0000000019ec0000
RIP=0x0000000066842310, EFLAGS=0x0000000000010246

Top of Stack: (sp=0x000000006084eee0)
0x000000006084eee0:   000000006084f080 000000006684346a
0x000000006084eef0:   000053f0e027fc76 0000000000000000
0x000000006084ef00:   000053f0e027fc96 000000006084f070
0x000000006084ef10:   0000000000000151 000000008217ab18
0x000000006084ef20:   00000000600b3430 000000006084f080
0x000000006084ef30:   0000000000000000 0000000066843429
0x000000006084ef40:   0000000081dc4f58 0000000019ec0000
0x000000006084ef50:   0000000019ec0000 000000005d29de8c
0x000000006084ef60:   0000000100064e18 00007ffbb67e3323
0x000000006084ef70:   00000000d656ba38 000000005d2d8690
0x000000006084ef80:   0000000019ec0000 000000005d2ced79
0x000000006084ef90:   00000000d656ba38 00007ffbb67e10e1
0x000000006084efa0:   0000000019ec01f8 0000000019ec0000
0x000000006084efb0:   0000000019ec0000 0000000000000000
0x000000006084efc0:   0000000000000000 0000000019ec01f8
0x000000006084efd0:   0000000019db3e60 00007ffbf297756b 

Instructions: (pc=0x0000000066842310)
0x00000000668422f0:   e0 48 83 c4 30 5b 5e 5f 5d 41 5c c3 0f 1f 40 00
0x0000000066842300:   48 8b 43 18 48 8b 53 20 4c 8d 44 24 2c 49 89 f1
0x0000000066842310:   48 8b 48 08 e8 c7 c5 0e 00 44 8b 64 24 2c 45 85
0x0000000066842320:   e4 74 1d 48 39 ab 90 02 00 00 74 64 48 83 83 18 


Register to memory mapping:

RAX=0x0000000000000000 is an unknown value
RBX=0x000000000165d260 is an unknown value
RCX=0x0000000001650000 is an unknown value
RDX=0x000000005c972c40 is an unknown value
RSP=0x000000006084eee0 is pointing into the stack for thread: 0x0000000019ec0000
RBP=0x8000000000000000 is an unknown value
RSI=0x000000000165d4f8 is an unknown value
RDI=0x0000000000000000 is an unknown value
R8 =0x000000006084ef0c is pointing into the stack for thread: 0x0000000019ec0000
R9 =0x000000000165d4f8 is an unknown value
R10=0x0000000000000000 is an unknown value
R11=0x000000006084e9d0 is pointing into the stack for thread: 0x0000000019ec0000
R12=0x0000000000000000 is an unknown value
R13=0x000000006084f1a0 is pointing into the stack for thread: 0x0000000019ec0000
R14=0x000000006084f070 is pointing into the stack for thread: 0x0000000019ec0000
R15=0x0000000019ec0000 is a thread


Stack: [0x0000000060750000,0x0000000060850000],  sp=0x000000006084eee0,  free space=1019k
Native frames: (J=compiled Java code, j=interpreted, Vv=VM code, C=native code)
C  [opencv_ffmpeg248_64.dll+0x2310]
C  [opencv_ffmpeg248_64.dll+0x3429]
C  [opencv_highgui248.dll+0x3323]
C  [opencv_highgui248.dll+0x10e1]
C  [jniopencv_highgui.dll+0x756b]
C  0x000000000317bc54

Java frames: (J=compiled Java code, j=interpreted, Vv=VM code)
J 1885  com.googlecode.javacv.cpp.opencv_highgui.cvGrabFrame(Lcom/googlecode/javacv/cpp/opencv_highgui$CvCapture;)I (0 bytes) @ 0x000000000317bbd2 [0x000000000317bb80+0x52]
J 1890 C1 com.googlecode.javacv.OpenCVFrameGrabber.grab()Lcom/googlecode/javacv/cpp/opencv_core$IplImage; (177 bytes) @ 0x000000000368f3fc [0x000000000368f280+0x17c]
j  serial.CameraHandler.run()V+16
j  java.lang.Thread.run()V+11
v  ~StubRoutines::call_stub

---------------  P R O C E S S  ---------------

Java Threads: ( => current thread )
  0x000000001a1b0800 JavaThread "Thread-2" [_thread_in_native, id=13944, stack(0x00000000694e0000,0x00000000695e0000)]
  0x000000001a1ae000 JavaThread "DestroyJavaVM" [_thread_blocked, id=12132, stack(0x0000000002e00000,0x0000000002f00000)]
  0x000000001a1b5000 JavaThread "J3D-InputDeviceScheduler-1" [_thread_blocked, id=12564, stack(0x0000000061150000,0x0000000061250000)]
  0x000000001a1af800 JavaThread "J3D-SoundSchedulerUpdateThread-1" [_thread_blocked, id=14192, stack(0x0000000061050000,0x0000000061150000)]
  0x000000001a1af000 JavaThread "J3D-RenderStructureUpdateThread-1" [_thread_blocked, id=9740, stack(0x0000000060e50000,0x0000000060f50000)]
  0x000000001a1b4000 JavaThread "J3D-BehaviorScheduler-1" [_thread_blocked, id=14940, stack(0x0000000060d50000,0x0000000060e50000)]
  0x000000001a1b1000 JavaThread "J3D-TransformStructureUpdateThread-1" [_thread_blocked, id=7976, stack(0x0000000060c50000,0x0000000060d50000)]
  0x000000001a1b3800 JavaThread "J3D-RenderingEnvironmentStructureUpdateThread-1" [_thread_blocked, id=10180, stack(0x0000000060b50000,0x0000000060c50000)]
  0x000000001a1b2800 JavaThread "J3D-SoundStructureUpdateThread-1" [_thread_blocked, id=11328, stack(0x0000000060a50000,0x0000000060b50000)]
  0x000000001a1b2000 JavaThread "J3D-GeometryStructureUpdateThread-1" [_thread_blocked, id=13072, stack(0x0000000060950000,0x0000000060a50000)]
  0x0000000019ebd000 JavaThread "J3D-BehaviorStructureUpdateThread-1" [_thread_blocked, id=17192, stack(0x0000000060850000,0x0000000060950000)]
=>0x0000000019ec0000 JavaThread "Thread-4" [_thread_in_native, id=17392, stack(0x0000000060750000,0x0000000060850000)]
  0x0000000019ec3000 JavaThread "TimerQueue" daemon [_thread_blocked, id=2320, stack(0x0000000060250000,0x0000000060350000)]
  0x0000000019ec2800 JavaThread "AWT-EventQueue-0" [_thread_blocked, id=16476, stack(0x000000005fe50000,0x000000005ff50000)]
  0x0000000019ec1000 JavaThread "AWT-Shutdown" [_thread_blocked, id=9908, stack(0x000000005fd50000,0x000000005fe50000)]
  0x0000000019eef800 JavaThread "J3D-Renderer-1" [_thread_blocked, id=11792, stack(0x000000001b3b0000,0x000000001b4b0000)]
  0x0000000019eef000 JavaThread "J3D-MasterControl-1" [_thread_blocked, id=16332, stack(0x000000001b2b0000,0x000000001b3b0000)]
  0x0000000019dca800 JavaThread "J3D-NotificationThread" [_thread_blocked, id=2628, stack(0x000000001b1b0000,0x000000001b2b0000)]
  0x0000000019cd0000 JavaThread "J3D-TimerThread" [_thread_blocked, id=11188, stack(0x000000001b0b0000,0x000000001b1b0000)]
  0x0000000019ec8000 JavaThread "J3D-RenderingAttributesStructureUpdateThread" [_thread_blocked, id=7172, stack(0x000000001af60000,0x000000001b060000)]
  0x0000000019f09000 JavaThread "Java2D Disposer" daemon [_thread_blocked, id=10836, stack(0x000000001a460000,0x000000001a560000)]
  0x0000000019519800 JavaThread "Service Thread" daemon [_thread_blocked, id=7716, stack(0x0000000019910000,0x0000000019a10000)]
  0x0000000017c0d000 JavaThread "C1 CompilerThread2" daemon [_thread_blocked, id=9064, stack(0x0000000019410000,0x0000000019510000)]
  0x0000000017bb4000 JavaThread "C2 CompilerThread1" daemon [_thread_blocked, id=6612, stack(0x0000000019310000,0x0000000019410000)]
  0x0000000017bb0800 JavaThread "C2 CompilerThread0" daemon [_thread_blocked, id=4024, stack(0x0000000019210000,0x0000000019310000)]
  0x0000000017bad000 JavaThread "Attach Listener" daemon [_thread_blocked, id=16244, stack(0x0000000019110000,0x0000000019210000)]
  0x0000000017bac000 JavaThread "Signal Dispatcher" daemon [_thread_blocked, id=16140, stack(0x0000000019010000,0x0000000019110000)]
  0x0000000003057800 JavaThread "Finalizer" daemon [_thread_blocked, id=4396, stack(0x0000000018e00000,0x0000000018f00000)]
  0x0000000003052000 JavaThread "Reference Handler" daemon [_thread_blocked, id=2384, stack(0x0000000018d00000,0x0000000018e00000)]

Other Threads:
  0x0000000017b78000 VMThread [stack: 0x0000000018c00000,0x0000000018d00000] [id=10348]
  0x000000001951b800 WatcherThread [stack: 0x0000000019a10000,0x0000000019b10000] [id=16200]

VM state:not at safepoint (normal execution)

VM Mutex/Monitor currently owned by a thread: None

Heap:
 PSYoungGen      total 391680K, used 47303K [0x00000000d5d80000, 0x00000000f9b80000, 0x0000000100000000)
  eden space 377344K, 10% used [0x00000000d5d80000,0x00000000d8390e70,0x00000000ece00000)
  from space 14336K, 58% used [0x00000000ece00000,0x00000000ed621030,0x00000000edc00000)
  to   space 13824K, 0% used [0x00000000f8e00000,0x00000000f8e00000,0x00000000f9b80000)
 ParOldGen       total 54272K, used 10635K [0x0000000081800000, 0x0000000084d00000, 0x00000000d5d80000)
  object space 54272K, 19% used [0x0000000081800000,0x0000000082262de0,0x0000000084d00000)
 Metaspace       used 19354K, capacity 19598K, committed 19840K, reserved 1067008K
  class space    used 2232K, capacity 2350K, committed 2432K, reserved 1048576K

Card table byte_map: [0x0000000012420000,0x0000000012820000] byte_map_base: 0x0000000012014000

Marking Bits: (ParMarkBitMap*) 0x000000005d9af860
 Begin Bits: [0x0000000012ed0000, 0x0000000014e70000)
 End Bits:   [0x0000000014e70000, 0x0000000016e10000)

Polling page: 0x0000000001320000

CodeCache: size=245760Kb used=7885Kb max_used=7887Kb free=237874Kb
 bounds [0x0000000003060000, 0x0000000003820000, 0x0000000012060000]
 total_blobs=2784 nmethods=2102 adapters=593
 compilation: enabled

Compilation events (10 events):
Event: 47.214 Thread 0x0000000017c0d000 2228   !   3       javax.swing.JComponent::getClientProperty (56 bytes)
Event: 47.215 Thread 0x0000000017c0d000 nmethod 2228 0x0000000003814250 code [0x00000000038143e0, 0x0000000003814808]
Event: 47.319 Thread 0x0000000017c0d000 2229       3       java.awt.Container::eventEnabled (49 bytes)
Event: 47.319 Thread 0x0000000017c0d000 nmethod 2229 0x0000000003817610 code [0x0000000003817780, 0x0000000003817ba8]
Event: 47.320 Thread 0x0000000017c0d000 2230       3       java.util.jar.JarVerifier::update (43 bytes)
Event: 47.320 Thread 0x0000000017c0d000 nmethod 2230 0x0000000003816fd0 code [0x0000000003817160, 0x00000000038174a8]
Event: 47.825 Thread 0x0000000017c0d000 2231       3       java.util.concurrent.locks.ReentrantLock::unlock (10 bytes)
Event: 47.826 Thread 0x0000000017c0d000 nmethod 2231 0x0000000003816910 code [0x0000000003816aa0, 0x0000000003816e98]
Event: 48.761 Thread 0x0000000017c0d000 2232       3       sun.awt.windows.WWindowPeer::preprocessPostEvent (72 bytes)
Event: 48.761 Thread 0x0000000017c0d000 nmethod 2232 0x0000000003815f10 code [0x00000000038160c0, 0x00000000038167b8]

GC Heap History (10 events):
Event: 25.074 GC heap before
{Heap before GC invocations=8 (full 1):
 PSYoungGen      total 145920K, used 129397K [0x00000000d5d80000, 0x00000000dfe80000, 0x0000000100000000)
  eden space 131584K, 98% used [0x00000000d5d80000,0x00000000ddbdd428,0x00000000dde00000)
  from space 14336K, 0% used [0x00000000ded80000,0x00000000ded80000,0x00000000dfb80000)
  to   space 15872K, 0% used [0x00000000dde00000,0x00000000dde00000,0x00000000ded80000)
 ParOldGen       total 54272K, used 10515K [0x0000000081800000, 0x0000000084d00000, 0x00000000d5d80000)
  object space 54272K, 19% used [0x0000000081800000,0x0000000082244cd0,0x0000000084d00000)
 Metaspace       used 18898K, capacity 19206K, committed 19584K, reserved 1067008K
  class space    used 2220K, capacity 2350K, committed 2432K, reserved 1048576K
Event: 25.083 GC heap after
Heap after GC invocations=8 (full 1):
 PSYoungGen      total 147456K, used 8260K [0x00000000d5d80000, 0x00000000e7300000, 0x0000000100000000)
  eden space 131584K, 0% used [0x00000000d5d80000,0x00000000d5d80000,0x00000000dde00000)
  from space 15872K, 52% used [0x00000000dde00000,0x00000000de611030,0x00000000ded80000)
  to   space 15360K, 0% used [0x00000000e6400000,0x00000000e6400000,0x00000000e7300000)
 ParOldGen       total 54272K, used 10523K [0x0000000081800000, 0x0000000084d00000, 0x00000000d5d80000)
  object space 54272K, 19% used [0x0000000081800000,0x0000000082246cd0,0x0000000084d00000)
 Metaspace       used 18898K, capacity 19206K, committed 19584K, reserved 1067008K
  class space    used 2220K, capacity 2350K, committed 2432K, reserved 1048576K
}
Event: 28.240 GC heap before
{Heap before GC invocations=9 (full 1):
 PSYoungGen      total 147456K, used 139370K [0x00000000d5d80000, 0x00000000e7300000, 0x0000000100000000)
  eden space 131584K, 99% used [0x00000000d5d80000,0x00000000ddd89b10,0x00000000dde00000)
  from space 15872K, 52% used [0x00000000dde00000,0x00000000de611030,0x00000000ded80000)
  to   space 15360K, 0% used [0x00000000e6400000,0x00000000e6400000,0x00000000e7300000)
 ParOldGen       total 54272K, used 10523K [0x0000000081800000, 0x0000000084d00000, 0x00000000d5d80000)
  object space 54272K, 19% used [0x0000000081800000,0x0000000082246cd0,0x0000000084d00000)
 Metaspace       used 18951K, capacity 19206K, committed 19584K, reserved 1067008K
  class space    used 2220K, capacity 2350K, committed 2432K, reserved 1048576K
Event: 28.245 GC heap after
Heap after GC invocations=9 (full 1):
 PSYoungGen      total 261632K, used 8228K [0x00000000d5d80000, 0x00000000e6f00000, 0x0000000100000000)
  eden space 250368K, 0% used [0x00000000d5d80000,0x00000000d5d80000,0x00000000e5200000)
  from space 11264K, 73% used [0x00000000e6400000,0x00000000e6c09030,0x00000000e6f00000)
  to   space 14848K, 0% used [0x00000000e5200000,0x00000000e5200000,0x00000000e6080000)
 ParOldGen       total 54272K, used 10531K [0x0000000081800000, 0x0000000084d00000, 0x00000000d5d80000)
  object space 54272K, 19% used [0x0000000081800000,0x0000000082248cd0,0x0000000084d00000)
 Metaspace       used 18951K, capacity 19206K, committed 19584K, reserved 1067008K
  class space    used 2220K, capacity 2350K, committed 2432K, reserved 1048576K
}
Event: 33.923 GC heap before
{Heap before GC invocations=10 (full 1):
 PSYoungGen      total 261632K, used 256626K [0x00000000d5d80000, 0x00000000e6f00000, 0x0000000100000000)
  eden space 250368K, 99% used [0x00000000d5d80000,0x00000000e50138f0,0x00000000e5200000)
  from space 11264K, 73% used [0x00000000e6400000,0x00000000e6c09030,0x00000000e6f00000)
  to   space 14848K, 0% used [0x00000000e5200000,0x00000000e5200000,0x00000000e6080000)
 ParOldGen       total 54272K, used 10531K [0x0000000081800000, 0x0000000084d00000, 0x00000000d5d80000)
  object space 54272K, 19% used [0x0000000081800000,0x0000000082248cd0,0x0000000084d00000)
 Metaspace       used 19026K, capacity 19270K, committed 19584K, reserved 1067008K
  class space    used 2225K, capacity 2350K, committed 2432K, reserved 1048576K
Event: 33.932 GC heap after
Heap after GC invocations=10 (full 1):
 PSYoungGen      total 265216K, used 8260K [0x00000000d5d80000, 0x00000000eef00000, 0x0000000100000000)
  eden space 250368K, 0% used [0x00000000d5d80000,0x00000000d5d80000,0x00000000e5200000)
  from space 14848K, 55% used [0x00000000e5200000,0x00000000e5a11030,0x00000000e6080000)
  to   space 14336K, 0% used [0x00000000ee100000,0x00000000ee100000,0x00000000eef00000)
 ParOldGen       total 54272K, used 10539K [0x0000000081800000, 0x0000000084d00000, 0x00000000d5d80000)
  object space 54272K, 19% used [0x0000000081800000,0x000000008224acd0,0x0000000084d00000)
 Metaspace       used 19026K, capacity 19270K, committed 19584K, reserved 1067008K
  class space    used 2225K, capacity 2350K, committed 2432K, reserved 1048576K
}
Event: 39.699 GC heap before
{Heap before GC invocations=11 (full 1):
 PSYoungGen      total 265216K, used 256415K [0x00000000d5d80000, 0x00000000eef00000, 0x0000000100000000)
  eden space 250368K, 99% used [0x00000000d5d80000,0x00000000e4fd6dd0,0x00000000e5200000)
  from space 14848K, 55% used [0x00000000e5200000,0x00000000e5a11030,0x00000000e6080000)
  to   space 14336K, 0% used [0x00000000ee100000,0x00000000ee100000,0x00000000eef00000)
 ParOldGen       total 54272K, used 10539K [0x0000000081800000, 0x0000000084d00000, 0x00000000d5d80000)
  object space 54272K, 19% used [0x0000000081800000,0x000000008224acd0,0x0000000084d00000)
 Metaspace       used 19115K, capacity 19406K, committed 19584K, reserved 1067008K
  class space    used 2225K, capacity 2350K, committed 2432K, reserved 1048576K
Event: 39.706 GC heap after
Heap after GC invocations=11 (full 1):
 PSYoungGen      total 386560K, used 8260K [0x00000000d5d80000, 0x00000000eea00000, 0x0000000100000000)
  eden space 377344K, 0% used [0x00000000d5d80000,0x00000000d5d80000,0x00000000ece00000)
  from space 9216K, 89% used [0x00000000ee100000,0x00000000ee911030,0x00000000eea00000)
  to   space 14336K, 0% used [0x00000000ece00000,0x00000000ece00000,0x00000000edc00000)
 ParOldGen       total 54272K, used 10563K [0x0000000081800000, 0x0000000084d00000, 0x00000000d5d80000)
  object space 54272K, 19% used [0x0000000081800000,0x0000000082250cd0,0x0000000084d00000)
 Metaspace       used 19115K, capacity 19406K, committed 19584K, reserved 1067008K
  class space    used 2225K, capacity 2350K, committed 2432K, reserved 1048576K
}
Event: 48.599 GC heap before
{Heap before GC invocations=12 (full 1):
 PSYoungGen      total 386560K, used 384783K [0x00000000d5d80000, 0x00000000eea00000, 0x0000000100000000)
  eden space 377344K, 99% used [0x00000000d5d80000,0x00000000ecd32ec8,0x00000000ece00000)
  from space 9216K, 89% used [0x00000000ee100000,0x00000000ee911030,0x00000000eea00000)
  to   space 14336K, 0% used [0x00000000ece00000,0x00000000ece00000,0x00000000edc00000)
 ParOldGen       total 54272K, used 10563K [0x0000000081800000, 0x0000000084d00000, 0x00000000d5d80000)
  object space 54272K, 19% used [0x0000000081800000,0x0000000082250cd0,0x0000000084d00000)
 Metaspace       used 19328K, capacity 19598K, committed 19840K, reserved 1067008K
  class space    used 2230K, capacity 2350K, committed 2432K, reserved 1048576K
Event: 48.607 GC heap after
Heap after GC invocations=12 (full 1):
 PSYoungGen      total 391680K, used 8324K [0x00000000d5d80000, 0x00000000f9b80000, 0x0000000100000000)
  eden space 377344K, 0% used [0x00000000d5d80000,0x00000000d5d80000,0x00000000ece00000)
  from space 14336K, 58% used [0x00000000ece00000,0x00000000ed621030,0x00000000edc00000)
  to   space 13824K, 0% used [0x00000000f8e00000,0x00000000f8e00000,0x00000000f9b80000)
 ParOldGen       total 54272K, used 10635K [0x0000000081800000, 0x0000000084d00000, 0x00000000d5d80000)
  object space 54272K, 19% used [0x0000000081800000,0x0000000082262de0,0x0000000084d00000)
 Metaspace       used 19328K, capacity 19598K, committed 19840K, reserved 1067008K
  class space    used 2230K, capacity 2350K, committed 2432K, reserved 1048576K
}

Deoptimization events (10 events):
Event: 13.688 Thread 0x0000000019ec2800 Uncommon trap: reason=unstable_if action=reinterpret pc=0x00000000033e49dc method=java.lang.StringCoding$StringDecoder.decode([BII)[C @ 33
Event: 13.689 Thread 0x0000000019ec2800 Uncommon trap: reason=unstable_if action=reinterpret pc=0x00000000033e3514 method=java.lang.StringCoding$StringDecoder.decode([BII)[C @ 33
Event: 13.714 Thread 0x0000000019ec1800 Uncommon trap: reason=class_check action=maybe_recompile pc=0x000000000333b844 method=java.io.FilterInputStream.read([B)I @ 5
Event: 14.346 Thread 0x0000000019ec0000 Uncommon trap: reason=unstable_if action=reinterpret pc=0x0000000003459874 method=com.googlecode.javacv.cpp.opencv_core$IplImage.flipCopyWithGamma(Ljava/nio/ByteBuffer;ILjava/nio/ByteBuffer;IZDZI)V @ 50
Event: 25.371 Thread 0x0000000019ec2800 Uncommon trap: reason=unstable_if action=reinterpret pc=0x000000000360e0d0 method=java.awt.KeyboardFocusManager.getFocusOwner()Ljava/awt/Component; @ 8
Event: 44.641 Thread 0x0000000019ec2800 Uncommon trap: reason=unstable_if action=reinterpret pc=0x00000000036d0820 method=javax.swing.DefaultButtonModel.isRollover()Z @ 7
Event: 44.641 Thread 0x0000000019ec2800 Uncommon trap: reason=unstable_if action=reinterpret pc=0x000000000316cab4 method=javax.swing.plaf.synth.SynthStyle.getFont(Ljavax/swing/plaf/synth/SynthContext;)Ljava/awt/Font; @ 10
Event: 44.641 Thread 0x0000000019ec2800 Uncommon trap: reason=unstable_if action=reinterpret pc=0x0000000003695ef8 method=javax.swing.plaf.nimbus.NimbusStyle.get(Ljavax/swing/plaf/synth/SynthContext;Ljava/lang/Object;)Ljava/lang/Object; @ 67
Event: 47.089 Thread 0x0000000019ec2800 Uncommon trap: reason=unstable_if action=reinterpret pc=0x0000000003518400 method=javax.swing.JComponent.getClientProperty(Ljava/lang/Object;)Ljava/lang/Object; @ 16
Event: 47.322 Thread 0x0000000019ec2800 Uncommon trap: reason=unstable_if action=reinterpret pc=0x00000000036ccefc method=java.util.concurrent.locks.AbstractQueuedSynchronizer.release(I)Z @ 14

Classes redefined (0 events):
No events

Internal exceptions (10 events):
Event: 2.114 Thread 0x0000000002f5e800 Implicit null exception at 0x000000000326e1ef to 0x000000000326e259
Event: 12.205 Thread 0x0000000019ec2800 Implicit null exception at 0x00000000032ab594 to 0x00000000032ab941
Event: 12.205 Thread 0x0000000019ec2800 Implicit null exception at 0x0000000003290554 to 0x0000000003290911
Event: 13.687 Thread 0x0000000019ec2800 Implicit null exception at 0x00000000033e028c to 0x00000000033e09fd
Event: 25.371 Thread 0x0000000019ec2800 Implicit null exception at 0x000000000360deac to 0x000000000360e0c1
Event: 44.641 Thread 0x0000000019ec2800 Implicit null exception at 0x0000000003695770 to 0x0000000003695ecf
Event: 47.322 Thread 0x0000000019ec2800 Implicit null exception at 0x00000000036cce08 to 0x00000000036cceea
Event: 47.326 Thread 0x0000000019ebe800 Exception <a 'java/lang/InterruptedException'> (0x00000000d99d5000) thrown at [C:\re\workspace\8-2-build-windows-amd64-cygwin\jdk8u161\10277\hotspot\src\share\vm\runtime\objectMonitor.cpp, line 1684]
Event: 47.327 Thread 0x0000000019ebc800 Exception <a 'java/net/SocketException': Socket closed> (0x00000000d98469d8) thrown at [C:\re\workspace\8-2-build-windows-amd64-cygwin\jdk8u161\10277\hotspot\src\share\vm\prims\jni.cpp, line 735]
Event: 47.327 Thread 0x0000000019ec1800 Exception <a 'java/lang/InterruptedException'> (0x00000000d88b2608) thrown at [C:\re\workspace\8-2-build-windows-amd64-cygwin\jdk8u161\10277\hotspot\src\share\vm\runtime\objectMonitor.cpp, line 1684]

Events (10 events):
Event: 49.337 Executing VM operation: RevokeBias
Event: 49.337 Executing VM operation: RevokeBias done
Event: 49.337 Thread 0x0000000019ebc800 Thread exited: 0x0000000019ebc800
Event: 49.346 Thread 0x000000001a1b5800 Thread added: 0x000000001a1b5800
Event: 49.346 Thread 0x000000001a1b6800 Thread added: 0x000000001a1b6800
Event: 49.346 Thread 0x000000001a1b7800 Thread added: 0x000000001a1b7800
Event: 49.346 Thread 0x000000001a1b0800 Thread added: 0x000000001a1b0800
Event: 49.347 Thread 0x000000001a1b7800 Thread exited: 0x000000001a1b7800
Event: 49.347 Thread 0x000000001a1b6800 Thread exited: 0x000000001a1b6800
Event: 49.347 loading class java/lang/ProcessBuilder


Dynamic libraries:
0x00007ff62fe10000 - 0x00007ff62fe47000 	C:\Program Files\Java\jdk1.8.0_161\bin\java.exe
0x00007ffc03c60000 - 0x00007ffc03e41000 	C:\WINDOWS\SYSTEM32\ntdll.dll
0x00007ffbfa970000 - 0x00007ffbfa982000 	C:\Program Files\AVAST Software\Avast\aswhook.dll
0x00007ffc012c0000 - 0x00007ffc01371000 	C:\WINDOWS\System32\KERNEL32.DLL
0x00007ffc00510000 - 0x00007ffc00783000 	C:\WINDOWS\System32\KERNELBASE.dll
0x00007ffc02530000 - 0x00007ffc025d1000 	C:\WINDOWS\System32\ADVAPI32.dll
0x00007ffc01de0000 - 0x00007ffc01e7e000 	C:\WINDOWS\System32\msvcrt.dll
0x00007ffc02030000 - 0x00007ffc0208b000 	C:\WINDOWS\System32\sechost.dll
0x00007ffc02640000 - 0x00007ffc02764000 	C:\WINDOWS\System32\RPCRT4.dll
0x00007ffc01e80000 - 0x00007ffc02010000 	C:\WINDOWS\System32\USER32.dll
0x00007ffc00790000 - 0x00007ffc007b0000 	C:\WINDOWS\System32\win32u.dll
0x00007ffc010f0000 - 0x00007ffc01118000 	C:\WINDOWS\System32\GDI32.dll
0x00007ffc00120000 - 0x00007ffc002b1000 	C:\WINDOWS\System32\gdi32full.dll
0x00007ffc00030000 - 0x00007ffc000cf000 	C:\WINDOWS\System32\msvcp_win.dll
0x00007ffc008e0000 - 0x00007ffc009d8000 	C:\WINDOWS\System32\ucrtbase.dll
0x00007ffbf24c0000 - 0x00007ffbf2729000 	C:\WINDOWS\WinSxS\amd64_microsoft.windows.common-controls_6595b64144ccf1df_6.0.17134.885_none_fb42a3473065565f\COMCTL32.dll
0x00007ffc02130000 - 0x00007ffc02452000 	C:\WINDOWS\System32\combase.dll
0x00007ffc00860000 - 0x00007ffc008d9000 	C:\WINDOWS\System32\bcryptPrimitives.dll
0x00007ffc01be0000 - 0x00007ffc01c0d000 	C:\WINDOWS\System32\IMM32.DLL
0x000000005e1f0000 - 0x000000005e2c2000 	C:\Program Files\Java\jdk1.8.0_161\jre\bin\msvcr100.dll
0x000000005d190000 - 0x000000005da2f000 	C:\Program Files\Java\jdk1.8.0_161\jre\bin\server\jvm.dll
0x00007ffc027e0000 - 0x00007ffc027e8000 	C:\WINDOWS\System32\PSAPI.DLL
0x00007ffbf0bb0000 - 0x00007ffbf0bb9000 	C:\WINDOWS\SYSTEM32\WSOCK32.dll
0x00007ffc02770000 - 0x00007ffc027dc000 	C:\WINDOWS\System32\WS2_32.dll
0x00007ffbf67c0000 - 0x00007ffbf67e3000 	C:\WINDOWS\SYSTEM32\WINMM.dll
0x00007ffbfb680000 - 0x00007ffbfb68a000 	C:\WINDOWS\SYSTEM32\VERSION.dll
0x00007ffbf6670000 - 0x00007ffbf669a000 	C:\WINDOWS\SYSTEM32\WINMMBASE.dll
0x00007ffc000d0000 - 0x00007ffc00119000 	C:\WINDOWS\System32\cfgmgr32.dll
0x000000005e1e0000 - 0x000000005e1ef000 	C:\Program Files\Java\jdk1.8.0_161\jre\bin\verify.dll
0x000000005d160000 - 0x000000005d189000 	C:\Program Files\Java\jdk1.8.0_161\jre\bin\java.dll
0x000000005d140000 - 0x000000005d156000 	C:\Program Files\Java\jdk1.8.0_161\jre\bin\zip.dll
0x00007ffc027f0000 - 0x00007ffc03c30000 	C:\WINDOWS\System32\SHELL32.dll
0x00007ffc019b0000 - 0x00007ffc01a59000 	C:\WINDOWS\System32\shcore.dll
0x00007ffc009e0000 - 0x00007ffc010ed000 	C:\WINDOWS\System32\windows.storage.dll
0x00007ffc025e0000 - 0x00007ffc02631000 	C:\WINDOWS\System32\shlwapi.dll
0x00007ffc00000000 - 0x00007ffc00011000 	C:\WINDOWS\System32\kernel.appcore.dll
0x00007ffbfffe0000 - 0x00007ffbfffff000 	C:\WINDOWS\System32\profapi.dll
0x00007ffbfff90000 - 0x00007ffbfffdc000 	C:\WINDOWS\System32\powrprof.dll
0x00007ffc00020000 - 0x00007ffc0002a000 	C:\WINDOWS\System32\FLTLIB.DLL
0x000000005cf60000 - 0x000000005d0f8000 	C:\Program Files\Java\jdk1.8.0_161\jre\bin\awt.dll
0x00007ffc02460000 - 0x00007ffc02522000 	C:\WINDOWS\System32\OLEAUT32.dll
0x00007ffbfda20000 - 0x00007ffbfdaab000 	C:\WINDOWS\SYSTEM32\apphelp.dll
0x00007ffbfdbc0000 - 0x00007ffbfdc58000 	C:\WINDOWS\system32\uxtheme.dll
0x00007ffc01a60000 - 0x00007ffc01bd3000 	C:\WINDOWS\System32\MSCTF.dll
0x00007ffbfdc90000 - 0x00007ffbfdcb9000 	C:\WINDOWS\system32\dwmapi.dll
0x00007ffc01c80000 - 0x00007ffc01dd1000 	C:\WINDOWS\System32\ole32.dll
0x000000005ce20000 - 0x000000005ce27000 	C:\Program Files\Java\jdk1.8.0_161\jre\bin\jawt.dll
0x000000001a840000 - 0x000000001a87e000 	C:\Program Files\Java\jdk1.8.0_161\jre\bin\j3dcore-ogl.dll
0x00007ffbe2940000 - 0x00007ffbe2a60000 	C:\WINDOWS\SYSTEM32\OPENGL32.dll
0x00007ffbf37b0000 - 0x00007ffbf37dc000 	C:\WINDOWS\SYSTEM32\GLU32.dll
0x00007ffbb7f60000 - 0x00007ffbb8aa7000 	C:\WINDOWS\SYSTEM32\ig75icd64.dll
0x00007ffbef900000 - 0x00007ffbf033f000 	C:\WINDOWS\SYSTEM32\igdusc64.dll
0x00007ffbfbdc0000 - 0x00007ffbfbdd3000 	C:\WINDOWS\SYSTEM32\WTSAPI32.dll
0x000000005cf10000 - 0x000000005cf57000 	C:\Program Files\Java\jdk1.8.0_161\jre\bin\fontmanager.dll
0x000000005cca0000 - 0x000000005cd71000 	C:\Users\joaoq\AppData\Local\Temp\javacpp652402423950429\msvcr100.dll
0x000000005cc00000 - 0x000000005cc98000 	C:\Users\joaoq\AppData\Local\Temp\javacpp652402423950429\msvcp100.dll
0x0000000066840000 - 0x00000000676b4000 	C:\Users\joaoq\AppData\Local\Temp\javacpp652402423950429\opencv_ffmpeg248_64.dll
0x00007ffbbf800000 - 0x00007ffbbfa72000 	C:\Users\joaoq\AppData\Local\Temp\javacpp652402423950429\opencv_core248.dll
0x00007ffbbf230000 - 0x00007ffbbf4e2000 	C:\Users\joaoq\AppData\Local\Temp\javacpp652402423950429\opencv_imgproc248.dll
0x00007ffbb67e0000 - 0x00007ffbb6a2d000 	C:\Users\joaoq\AppData\Local\Temp\javacpp652402423950429\opencv_highgui248.dll
0x00007ffbf4810000 - 0x00007ffbf482f000 	C:\WINDOWS\SYSTEM32\AVIFIL32.dll
0x00007ffbe7de0000 - 0x00007ffbe7e09000 	C:\WINDOWS\SYSTEM32\MSVFW32.dll
0x00007ffbf46f0000 - 0x00007ffbf4708000 	C:\WINDOWS\SYSTEM32\AVICAP32.dll
0x00007ffbf5d00000 - 0x00007ffbf5d1c000 	C:\WINDOWS\SYSTEM32\MSACM32.dll
0x00007ffbf2970000 - 0x00007ffbf2983000 	C:\Users\joaoq\AppData\Local\Temp\javacpp652402423950429\jniopencv_highgui.dll
0x00007ffbff490000 - 0x00007ffbff4f6000 	C:\WINDOWS\system32\mswsock.dll
0x00007ffbffd60000 - 0x00007ffbffd77000 	C:\WINDOWS\SYSTEM32\CRYPTSP.dll
0x00007ffbff080000 - 0x00007ffbff0b3000 	C:\WINDOWS\system32\rsaenh.dll
0x00007ffbffa90000 - 0x00007ffbffab5000 	C:\WINDOWS\SYSTEM32\bcrypt.dll
0x00007ffbff640000 - 0x00007ffbff64b000 	C:\WINDOWS\SYSTEM32\CRYPTBASE.dll
0x00007ffbfa930000 - 0x00007ffbfa946000 	C:\WINDOWS\system32\napinsp.dll
0x00007ffbfa910000 - 0x00007ffbfa92a000 	C:\WINDOWS\system32\pnrpnsp.dll
0x00007ffbfc400000 - 0x00007ffbfc419000 	C:\WINDOWS\system32\NLAapi.dll
0x00007ffbff270000 - 0x00007ffbff32e000 	C:\WINDOWS\SYSTEM32\DNSAPI.dll
0x00007ffc01c10000 - 0x00007ffc01c18000 	C:\WINDOWS\System32\NSI.dll
0x00007ffbff220000 - 0x00007ffbff258000 	C:\WINDOWS\SYSTEM32\IPHLPAPI.DLL
0x00007ffbfa900000 - 0x00007ffbfa90e000 	C:\WINDOWS\System32\winrnr.dll
0x00007ffbf4070000 - 0x00007ffbf4085000 	C:\WINDOWS\System32\wshbth.dll
0x00007ffbcca40000 - 0x00007ffbccada000 	C:\Users\joaoq\AppData\Local\Temp\javacpp652402423950429\jniopencv_core.dll
0x000000005d120000 - 0x000000005d13a000 	C:\Program Files\Java\jdk1.8.0_161\jre\bin\net.dll
0x000000005d100000 - 0x000000005d111000 	C:\Program Files\Java\jdk1.8.0_161\jre\bin\nio.dll
0x00007ffbf5c50000 - 0x00007ffbf5c5a000 	C:\Windows\System32\rasadhlp.dll
0x00007ffbf18f0000 - 0x00007ffbf1962000 	C:\WINDOWS\System32\fwpuclnt.dll
0x000000005cec0000 - 0x000000005cf02000 	C:\Program Files\Java\jdk1.8.0_161\jre\bin\t2k.dll
0x000000005ce90000 - 0x000000005ceba000 	C:\Program Files\Java\jdk1.8.0_161\jre\bin\dcpr.dll
0x00007ffbfe2d0000 - 0x00007ffbfe38b000 	C:\WINDOWS\SYSTEM32\dxgi.dll
0x00007ffbfc570000 - 0x00007ffbfc87b000 	C:\WINDOWS\SYSTEM32\d3d11.dll
0x00007ffbf2f00000 - 0x00007ffbf2f96000 	C:\WINDOWS\System32\TextInputFramework.dll
0x00007ffbf55c0000 - 0x00007ffbf58de000 	C:\WINDOWS\System32\CoreUIComponents.dll
0x00007ffbfd760000 - 0x00007ffbfd83a000 	C:\WINDOWS\System32\CoreMessaging.dll
0x00007ffbfece0000 - 0x00007ffbfed11000 	C:\WINDOWS\SYSTEM32\ntmarta.dll
0x00007ffbfbb70000 - 0x00007ffbfbcbd000 	C:\WINDOWS\SYSTEM32\wintypes.dll
0x00007ffbffac0000 - 0x00007ffbffc89000 	C:\WINDOWS\SYSTEM32\dbghelp.dll

VM Arguments:
jvm_args: -Dfile.encoding=UTF-8 
java_command: serial.JFMain
java_class_path (initial): C:\Program Files\Java\jre1.8.0_191\lib\ext\RXTXcomm.jar;C:\Program Files\NetBeans 8.2\java\modules\ext\AbsoluteLayout.jar;C:\Users\joaoq\Downloads\org.eclipse.paho.client.mqttv3-1.2.0.jar;C:\Users\joaoq\OneDrive\Documentos\IPCamera\javacpp.jar;C:\Users\joaoq\OneDrive\Documentos\IPCamera\javacv.jar;C:\Users\joaoq\OneDrive\Documentos\IPCamera\javacv-windows-x86.jar;C:\Users\joaoq\OneDrive\Documentos\IPCamera\javacv-windows-x86_64.jar;C:\Users\joaoq\OneDrive\Documentos\IPCamera\opencv-2.4.8-windows-x86.jar;C:\Users\joaoq\OneDrive\Documentos\IPCamera\opencv-2.4.8-windows-x86_64.jar;C:\Users\joaoq\Google Drive\TCC João Pedro Quintino\TCC2\Software PC\ReadWriteSerial\build\classes
Launcher Type: SUN_STANDARD

Environment Variables:
JAVA_HOME=C:\Program Files\Java\jdk1.8.0_161
CLASSPATH=C:\Program Files\Java\jdk1.8.0_161\lib;C:\jflex-1.6.1\lib\jflex-1.6.1.jar
PATH=C:\Program Files (x86)\Common Files\Oracle\Java\javapath;C:\ProgramData\Oracle\Java\javapath;C:\Program Files (x86)\Intel\iCLS Client\;C:\Program Files\Intel\iCLS Client\;C:\Windows\system32;C:\Windows;C:\Windows\System32\Wbem;C:\Windows\System32\WindowsPowerShell\v1.0\;C:\Program Files (x86)\Intel\Intel(R) Management Engine Components\DAL;C:\Program Files\Intel\Intel(R) Management Engine Components\DAL;C:\Program Files (x86)\Intel\Intel(R) Management Engine Components\IPT;C:\Program Files\Intel\Intel(R) Management Engine Components\IPT;C:\Program Files (x86)\NVIDIA Corporation\PhysX\Common;C:\WINDOWS\system32;C:\WINDOWS;C:\WINDOWS\System32\Wbem;C:\WINDOWS\System32\WindowsPowerShell\v1.0\;C:\Program Files\Java\jdk1.8.0_161\bin;C:\WINDOWS\System32\OpenSSH\;C:\Program Files\MATLAB\R2018a\runtime\win64;C:\Program Files\MATLAB\R2018a\bin;D:\Program Files\nodejs\;D:\Program Files\Microsoft VS Code\bin;D:\Program Files (x86)\Yarn\bin\;C:\Program Files\Git\cmd;C:\Users\joaoq\AppData\Local\Programs\Python\Python37-32\Scripts\;C:\Users\joaoq\AppData\Local\Programs\Python\Python37-32\;C:\Users\joaoq\AppData\Local\Microsoft\WindowsApps;C:\Users\joaoq\AppData\Roaming\npm;C:\Users\joaoq\AppData\Local\Yarn\bin;D:\Program Files\Docker Toolbox
USERNAME=joaoq
OS=Windows_NT
PROCESSOR_IDENTIFIER=Intel64 Family 6 Model 69 Stepping 1, GenuineIntel



---------------  S Y S T E M  ---------------

OS: Windows 10.0 , 64 bit Build 17134 (10.0.17134.753)

CPU:total 4 (initial active 4) (2 cores per cpu, 2 threads per core) family 6 model 69 stepping 1, cmov, cx8, fxsr, mmx, sse, sse2, sse3, ssse3, sse4.1, sse4.2, popcnt, avx, avx2, aes, clmul, erms, lzcnt, ht, tsc, tscinvbit, bmi1, bmi2

Memory: 4k page, physical 8289792k(1799368k free), swap 13939044k(5577548k free)

vm_info: Java HotSpot(TM) 64-Bit Server VM (25.161-b12) for windows-amd64 JRE (1.8.0_161-b12), built on Dec 19 2017 17:52:25 by "java_re" with MS VC++ 10.0 (VS2010)

time: Wed Aug 14 22:47:06 2019
elapsed time: 49 seconds (0d 0h 0m 49s)

