#
# A fatal error has been detected by the Java Runtime Environment:
#
#  EXCEPTION_ACCESS_VIOLATION (0xc0000005) at pc=0x0000000066842310, pid=3356, tid=0x0000000000004698
#
# JRE version: Java(TM) SE Runtime Environment (8.0_161-b12) (build 1.8.0_161-b12)
# Java VM: Java HotSpot(TM) 64-Bit Server VM (25.161-b12 mixed mode windows-amd64 compressed oops)
# Problematic frame:
# C  [opencv_ffmpeg248_64.dll+0x2310]
#
# Failed to write core dump. Minidumps are not enabled by default on client versions of Windows
#
# If you would like to submit a bug report, please visit:
#   http://bugreport.java.com/bugreport/crash.jsp
# The crash happened outside the Java Virtual Machine in native code.
# See problematic frame for where to report the bug.
#

---------------  T H R E A D  ---------------

Current thread (0x0000000019ef7000):  JavaThread "Thread-4" [_thread_in_native, id=18072, stack(0x0000000064700000,0x0000000064800000)]

siginfo: ExceptionCode=0xc0000005, reading address 0x0000000000000008

Registers:
RAX=0x0000000000000000, RBX=0x00000000013fc2c0, RCX=0x00000000013f0000, RDX=0x000000001b8a3960
RSP=0x00000000647ff040, RBP=0x8000000000000000, RSI=0x00000000013fc558, RDI=0x0000000000000004
R8 =0x00000000647ff06c, R9 =0x00000000013fc558, R10=0x0000000000000000, R11=0x00000000647feb30
R12=0x0000000000000000, R13=0x000000001756eb20, R14=0x00000000647ff208, R15=0x0000000019ef7000
RIP=0x0000000066842310, EFLAGS=0x0000000000010246

Top of Stack: (sp=0x00000000647ff040)
0x00000000647ff040:   0000000019ef7000 000000007236de8c
0x00000000647ff050:   0000000100064e10 0000000000000005
0x00000000647ff060:   00000000d6072520 00000000723a8690
0x00000000647ff070:   000000001756eb20 0000000000000108
0x00000000647ff080:   0000000002f080e0 00000000647ff1e8
0x00000000647ff090:   0000000000000000 0000000066843429
0x00000000647ff0a0:   0000000019ef7000 0000000000000000
0x00000000647ff0b0:   0000000000000000 0000000019ef71f8
0x00000000647ff0c0:   0000000019c85890 00007ffec19f3323
0x00000000647ff0d0:   0000000000000000 0000000019e667f0
0x00000000647ff0e0:   00000000647ff188 000000000330b75c
0x00000000647ff0f0:   00000000d6072520 00007ffec19f10e1
0x00000000647ff100:   0000000000000000 0000000002f191c6
0x00000000647ff110:   0000000019ef71f8 000000001756ec60
0x00000000647ff120:   0000000019e667f0 0000000000000108
0x00000000647ff130:   0000000000000000 00007ffeff5b756b 

Instructions: (pc=0x0000000066842310)
0x00000000668422f0:   e0 48 83 c4 30 5b 5e 5f 5d 41 5c c3 0f 1f 40 00
0x0000000066842300:   48 8b 43 18 48 8b 53 20 4c 8d 44 24 2c 49 89 f1
0x0000000066842310:   48 8b 48 08 e8 c7 c5 0e 00 44 8b 64 24 2c 45 85
0x0000000066842320:   e4 74 1d 48 39 ab 90 02 00 00 74 64 48 83 83 18 


Register to memory mapping:

RAX=0x0000000000000000 is an unknown value
RBX=0x00000000013fc2c0 is an unknown value
RCX=0x00000000013f0000 is an unknown value
RDX=0x000000001b8a3960 is an unknown value
RSP=0x00000000647ff040 is pointing into the stack for thread: 0x0000000019ef7000
RBP=0x8000000000000000 is an unknown value
RSI=0x00000000013fc558 is an unknown value
RDI=0x0000000000000004 is an unknown value
R8 =0x00000000647ff06c is pointing into the stack for thread: 0x0000000019ef7000
R9 =0x00000000013fc558 is an unknown value
R10=0x0000000000000000 is an unknown value
R11=0x00000000647feb30 is pointing into the stack for thread: 0x0000000019ef7000
R12=0x0000000000000000 is an unknown value
R13={method} {0x000000001756eb28} 'cvGrabFrame' '(Lcom/googlecode/javacv/cpp/opencv_highgui$CvCapture;)I' in 'com/googlecode/javacv/cpp/opencv_highgui'
R14=0x00000000647ff208 is pointing into the stack for thread: 0x0000000019ef7000
R15=0x0000000019ef7000 is a thread


Stack: [0x0000000064700000,0x0000000064800000],  sp=0x00000000647ff040,  free space=1020k
Native frames: (J=compiled Java code, j=interpreted, Vv=VM code, C=native code)
C  [opencv_ffmpeg248_64.dll+0x2310]
C  [opencv_ffmpeg248_64.dll+0x3429]
C  [opencv_highgui248.dll+0x3323]
C  [opencv_highgui248.dll+0x10e1]
C  [jniopencv_highgui.dll+0x756b]
C  0x0000000002f18c67

Java frames: (J=compiled Java code, j=interpreted, Vv=VM code)
j  com.googlecode.javacv.cpp.opencv_highgui.cvGrabFrame(Lcom/googlecode/javacv/cpp/opencv_highgui$CvCapture;)I+0
j  com.googlecode.javacv.OpenCVFrameGrabber.grab()Lcom/googlecode/javacv/cpp/opencv_core$IplImage;+33
j  serial.CameraHandler.run()V+19
j  java.lang.Thread.run()V+11
v  ~StubRoutines::call_stub

---------------  P R O C E S S  ---------------

Java Threads: ( => current thread )
  0x000000001e2ea800 JavaThread "DestroyJavaVM" [_thread_blocked, id=2916, stack(0x0000000002ca0000,0x0000000002da0000)]
  0x000000001e2ec000 JavaThread "MQTT Ping: cliente_java_1564699887607" [_thread_blocked, id=10208, stack(0x0000000065c00000,0x0000000065d00000)]
  0x000000001e2e7800 JavaThread "J3D-InputDeviceScheduler-1" [_thread_blocked, id=17644, stack(0x0000000065400000,0x0000000065500000)]
  0x000000001e2ea000 JavaThread "J3D-SoundSchedulerUpdateThread-1" [_thread_blocked, id=14556, stack(0x0000000065300000,0x0000000065400000)]
  0x000000001e2e9000 JavaThread "J3D-RenderStructureUpdateThread-1" [_thread_blocked, id=11800, stack(0x0000000065200000,0x0000000065300000)]
  0x000000001e2e3000 JavaThread "J3D-BehaviorScheduler-1" [_thread_blocked, id=12028, stack(0x0000000065000000,0x0000000065100000)]
  0x000000001e2e4800 JavaThread "J3D-TransformStructureUpdateThread-1" [_thread_blocked, id=10044, stack(0x0000000064f00000,0x0000000065000000)]
  0x000000001e2e5800 JavaThread "J3D-RenderingEnvironmentStructureUpdateThread-1" [_thread_blocked, id=5592, stack(0x0000000064e00000,0x0000000064f00000)]
  0x000000001e2e4000 JavaThread "J3D-SoundStructureUpdateThread-1" [_thread_blocked, id=13036, stack(0x0000000064d00000,0x0000000064e00000)]
  0x0000000019ef5000 JavaThread "J3D-GeometryStructureUpdateThread-1" [_thread_blocked, id=2684, stack(0x0000000064c00000,0x0000000064d00000)]
  0x0000000019efa000 JavaThread "J3D-BehaviorStructureUpdateThread-1" [_thread_blocked, id=7732, stack(0x0000000064b00000,0x0000000064c00000)]
  0x0000000019ef9800 JavaThread "MQTT Snd: cliente_java_1564699887607" [_thread_blocked, id=12788, stack(0x0000000064a00000,0x0000000064b00000)]
  0x0000000019ef8800 JavaThread "MQTT Call: cliente_java_1564699887607" [_thread_blocked, id=16948, stack(0x0000000064900000,0x0000000064a00000)]
  0x0000000019ef8000 JavaThread "pool-2-thread-2" [_thread_blocked, id=7160, stack(0x0000000064800000,0x0000000064900000)]
=>0x0000000019ef7000 JavaThread "Thread-4" [_thread_in_native, id=18072, stack(0x0000000064700000,0x0000000064800000)]
  0x0000000019ef4000 JavaThread "TimerQueue" daemon [_thread_blocked, id=7184, stack(0x0000000064600000,0x0000000064700000)]
  0x0000000019ef6800 JavaThread "MQTT Rec: cliente_java_1564699887607" [_thread_in_native, id=14948, stack(0x000000001f7e0000,0x000000001f8e0000)]
  0x0000000019ef5800 JavaThread "J3D-Renderer-1" [_thread_blocked, id=10628, stack(0x000000001f6e0000,0x000000001f7e0000)]
  0x0000000019eb7000 JavaThread "J3D-MasterControl-1" [_thread_blocked, id=16888, stack(0x000000001f5e0000,0x000000001f6e0000)]
  0x0000000019eb6800 JavaThread "J3D-NotificationThread" [_thread_blocked, id=10180, stack(0x000000001f4e0000,0x000000001f5e0000)]
  0x000000001a30e000 JavaThread "J3D-TimerThread" [_thread_blocked, id=9620, stack(0x000000001f3e0000,0x000000001f4e0000)]
  0x000000001e13c800 JavaThread "J3D-RenderingAttributesStructureUpdateThread" [_thread_blocked, id=12428, stack(0x000000001f050000,0x000000001f150000)]
  0x0000000019d08800 JavaThread "AWT-EventQueue-0" [_thread_blocked, id=5556, stack(0x000000001dd80000,0x000000001de80000)]
  0x0000000019d8e000 JavaThread "AWT-Shutdown" [_thread_blocked, id=11152, stack(0x000000001dc80000,0x000000001dd80000)]
  0x0000000019bbb800 JavaThread "Java2D Disposer" daemon [_thread_blocked, id=524, stack(0x000000001a330000,0x000000001a430000)]
  0x0000000017ade000 JavaThread "Service Thread" daemon [_thread_blocked, id=5432, stack(0x00000000197e0000,0x00000000198e0000)]
  0x0000000017a8e000 JavaThread "C1 CompilerThread2" daemon [_thread_blocked, id=13592, stack(0x00000000192e0000,0x00000000193e0000)]
  0x0000000017a85000 JavaThread "C2 CompilerThread1" daemon [_thread_blocked, id=7276, stack(0x00000000191e0000,0x00000000192e0000)]
  0x0000000017a82000 JavaThread "C2 CompilerThread0" daemon [_thread_blocked, id=7680, stack(0x00000000190e0000,0x00000000191e0000)]
  0x0000000017a7e000 JavaThread "Attach Listener" daemon [_thread_blocked, id=4144, stack(0x0000000018fe0000,0x00000000190e0000)]
  0x0000000017a7d000 JavaThread "Signal Dispatcher" daemon [_thread_blocked, id=12992, stack(0x0000000018ee0000,0x0000000018fe0000)]
  0x0000000017a69000 JavaThread "Finalizer" daemon [_thread_blocked, id=16228, stack(0x0000000018cd0000,0x0000000018dd0000)]
  0x0000000002ef4000 JavaThread "Reference Handler" daemon [_thread_blocked, id=7076, stack(0x0000000018bd0000,0x0000000018cd0000)]

Other Threads:
  0x0000000017a47800 VMThread [stack: 0x0000000018ad0000,0x0000000018bd0000] [id=12104]
  0x0000000017ac6800 WatcherThread [stack: 0x00000000198e0000,0x00000000199e0000] [id=16204]

VM state:not at safepoint (normal execution)

VM Mutex/Monitor currently owned by a thread: None

Heap:
 PSYoungGen      total 145920K, used 98976K [0x00000000d5d80000, 0x00000000e7b80000, 0x0000000100000000)
  eden space 132608K, 66% used [0x00000000d5d80000,0x00000000db3f41b0,0x00000000ddf00000)
  from space 13312K, 78% used [0x00000000ddf00000,0x00000000de933ee0,0x00000000dec00000)
  to   space 13824K, 0% used [0x00000000e6e00000,0x00000000e6e00000,0x00000000e7b80000)
 ParOldGen       total 87552K, used 16595K [0x0000000081800000, 0x0000000086d80000, 0x00000000d5d80000)
  object space 87552K, 18% used [0x0000000081800000,0x0000000082834f70,0x0000000086d80000)
 Metaspace       used 19229K, capacity 19454K, committed 19584K, reserved 1067008K
  class space    used 2250K, capacity 2350K, committed 2432K, reserved 1048576K

Card table byte_map: [0x00000000122c0000,0x00000000126c0000] byte_map_base: 0x0000000011eb4000

Marking Bits: (ParMarkBitMap*) 0x0000000072a7f860
 Begin Bits: [0x0000000012d70000, 0x0000000014d10000)
 End Bits:   [0x0000000014d10000, 0x0000000016cb0000)

Polling page: 0x0000000002da0000

CodeCache: size=245760Kb used=6272Kb max_used=6273Kb free=239487Kb
 bounds [0x0000000002f00000, 0x0000000003530000, 0x0000000011f00000]
 total_blobs=2532 nmethods=1850 adapters=592
 compilation: enabled

Compilation events (10 events):
Event: 17.496 Thread 0x0000000017a8e000 1953       3       sun.reflect.misc.ReflectUtil::checkPackageAccess (77 bytes)
Event: 17.498 Thread 0x0000000017a8e000 nmethod 1953 0x0000000003524490 code [0x0000000003524680, 0x0000000003525248]
Event: 17.498 Thread 0x0000000017a8e000 1954   !   3       javax.swing.JComponent::getClientProperty (56 bytes)
Event: 17.499 Thread 0x0000000017a8e000 nmethod 1954 0x0000000003518890 code [0x0000000003518a20, 0x0000000003518e48]
Event: 17.499 Thread 0x0000000017a85000 1955       4       java.awt.Component::isLightweight (8 bytes)
Event: 17.501 Thread 0x0000000017a85000 nmethod 1955 0x0000000003515490 code [0x00000000035155c0, 0x0000000003515678]
Event: 17.546 Thread 0x0000000017a8e000 1956       3       java.util.HashSet::<init> (16 bytes)
Event: 17.547 Thread 0x0000000017a8e000 nmethod 1956 0x0000000003526650 code [0x00000000035267e0, 0x0000000003526bf0]
Event: 17.566 Thread 0x0000000017a8e000 1957       3       java.awt.event.InputEvent::getWhen (5 bytes)
Event: 17.566 Thread 0x0000000017a8e000 nmethod 1957 0x0000000003518590 code [0x00000000035186e0, 0x0000000003518830]

GC Heap History (10 events):
Event: 10.392 GC heap before
{Heap before GC invocations=3 (full 0):
 PSYoungGen      total 38400K, used 36785K [0x00000000d5d80000, 0x00000000da880000, 0x0000000100000000)
  eden space 33280K, 95% used [0x00000000d5d80000,0x00000000d7c6d578,0x00000000d7e00000)
  from space 5120K, 99% used [0x00000000d8300000,0x00000000d87ff020,0x00000000d8800000)
  to   space 5120K, 0% used [0x00000000d7e00000,0x00000000d7e00000,0x00000000d8300000)
 ParOldGen       total 87552K, used 3300K [0x0000000081800000, 0x0000000086d80000, 0x00000000d5d80000)
  object space 87552K, 3% used [0x0000000081800000,0x0000000081b39020,0x0000000086d80000)
 Metaspace       used 18566K, capacity 18810K, committed 19072K, reserved 1067008K
  class space    used 2238K, capacity 2350K, committed 2432K, reserved 1048576K
Event: 10.399 GC heap after
Heap after GC invocations=3 (full 0):
 PSYoungGen      total 38400K, used 5100K [0x00000000d5d80000, 0x00000000da880000, 0x0000000100000000)
  eden space 33280K, 0% used [0x00000000d5d80000,0x00000000d5d80000,0x00000000d7e00000)
  from space 5120K, 99% used [0x00000000d7e00000,0x00000000d82fb030,0x00000000d8300000)
  to   space 5120K, 0% used [0x00000000da380000,0x00000000da380000,0x00000000da880000)
 ParOldGen       total 87552K, used 3340K [0x0000000081800000, 0x0000000086d80000, 0x00000000d5d80000)
  object space 87552K, 3% used [0x0000000081800000,0x0000000081b43020,0x0000000086d80000)
 Metaspace       used 18566K, capacity 18810K, committed 19072K, reserved 1067008K
  class space    used 2238K, capacity 2350K, committed 2432K, reserved 1048576K
}
Event: 10.529 GC heap before
{Heap before GC invocations=4 (full 0):
 PSYoungGen      total 38400K, used 35978K [0x00000000d5d80000, 0x00000000da880000, 0x0000000100000000)
  eden space 33280K, 92% used [0x00000000d5d80000,0x00000000d7ba7b58,0x00000000d7e00000)
  from space 5120K, 99% used [0x00000000d7e00000,0x00000000d82fb030,0x00000000d8300000)
  to   space 5120K, 0% used [0x00000000da380000,0x00000000da380000,0x00000000da880000)
 ParOldGen       total 87552K, used 3340K [0x0000000081800000, 0x0000000086d80000, 0x00000000d5d80000)
  object space 87552K, 3% used [0x0000000081800000,0x0000000081b43020,0x0000000086d80000)
 Metaspace       used 18602K, capacity 18874K, committed 19072K, reserved 1067008K
  class space    used 2238K, capacity 2350K, committed 2432K, reserved 1048576K
Event: 10.540 GC heap after
Heap after GC invocations=4 (full 0):
 PSYoungGen      total 71680K, used 5116K [0x00000000d5d80000, 0x00000000da880000, 0x0000000100000000)
  eden space 66560K, 0% used [0x00000000d5d80000,0x00000000d5d80000,0x00000000d9e80000)
  from space 5120K, 99% used [0x00000000da380000,0x00000000da87f020,0x00000000da880000)
  to   space 5120K, 0% used [0x00000000d9e80000,0x00000000d9e80000,0x00000000da380000)
 ParOldGen       total 87552K, used 8788K [0x0000000081800000, 0x0000000086d80000, 0x00000000d5d80000)
  object space 87552K, 10% used [0x0000000081800000,0x0000000082095040,0x0000000086d80000)
 Metaspace       used 18602K, capacity 18874K, committed 19072K, reserved 1067008K
  class space    used 2238K, capacity 2350K, committed 2432K, reserved 1048576K
}
Event: 10.819 GC heap before
{Heap before GC invocations=5 (full 0):
 PSYoungGen      total 71680K, used 70377K [0x00000000d5d80000, 0x00000000da880000, 0x0000000100000000)
  eden space 66560K, 98% used [0x00000000d5d80000,0x00000000d9d3b618,0x00000000d9e80000)
  from space 5120K, 99% used [0x00000000da380000,0x00000000da87f020,0x00000000da880000)
  to   space 5120K, 0% used [0x00000000d9e80000,0x00000000d9e80000,0x00000000da380000)
 ParOldGen       total 87552K, used 8788K [0x0000000081800000, 0x0000000086d80000, 0x00000000d5d80000)
  object space 87552K, 10% used [0x0000000081800000,0x0000000082095040,0x0000000086d80000)
 Metaspace       used 18679K, capacity 18942K, committed 19072K, reserved 1067008K
  class space    used 2242K, capacity 2350K, committed 2432K, reserved 1048576K
Event: 10.830 GC heap after
Heap after GC invocations=5 (full 0):
 PSYoungGen      total 71680K, used 5100K [0x00000000d5d80000, 0x00000000df880000, 0x0000000100000000)
  eden space 66560K, 0% used [0x00000000d5d80000,0x00000000d5d80000,0x00000000d9e80000)
  from space 5120K, 99% used [0x00000000d9e80000,0x00000000da37b030,0x00000000da380000)
  to   space 12800K, 0% used [0x00000000dec00000,0x00000000dec00000,0x00000000df880000)
 ParOldGen       total 87552K, used 14220K [0x0000000081800000, 0x0000000086d80000, 0x00000000d5d80000)
  object space 87552K, 16% used [0x0000000081800000,0x00000000825e3060,0x0000000086d80000)
 Metaspace       used 18679K, capacity 18942K, committed 19072K, reserved 1067008K
  class space    used 2242K, capacity 2350K, committed 2432K, reserved 1048576K
}
Event: 12.359 GC heap before
{Heap before GC invocations=6 (full 0):
 PSYoungGen      total 71680K, used 69722K [0x00000000d5d80000, 0x00000000df880000, 0x0000000100000000)
  eden space 66560K, 97% used [0x00000000d5d80000,0x00000000d9c9bb58,0x00000000d9e80000)
  from space 5120K, 99% used [0x00000000d9e80000,0x00000000da37b030,0x00000000da380000)
  to   space 12800K, 0% used [0x00000000dec00000,0x00000000dec00000,0x00000000df880000)
 ParOldGen       total 87552K, used 14220K [0x0000000081800000, 0x0000000086d80000, 0x00000000d5d80000)
  object space 87552K, 16% used [0x0000000081800000,0x00000000825e3060,0x0000000086d80000)
 Metaspace       used 18855K, capacity 19134K, committed 19328K, reserved 1067008K
  class space    used 2244K, capacity 2350K, committed 2432K, reserved 1048576K
Event: 12.370 GC heap after
Heap after GC invocations=6 (full 0):
 PSYoungGen      total 145408K, used 10564K [0x00000000d5d80000, 0x00000000df980000, 0x0000000100000000)
  eden space 132608K, 0% used [0x00000000d5d80000,0x00000000d5d80000,0x00000000ddf00000)
  from space 12800K, 82% used [0x00000000dec00000,0x00000000df651050,0x00000000df880000)
  to   space 13312K, 0% used [0x00000000ddf00000,0x00000000ddf00000,0x00000000dec00000)
 ParOldGen       total 87552K, used 14228K [0x0000000081800000, 0x0000000086d80000, 0x00000000d5d80000)
  object space 87552K, 16% used [0x0000000081800000,0x00000000825e5060,0x0000000086d80000)
 Metaspace       used 18855K, capacity 19134K, committed 19328K, reserved 1067008K
  class space    used 2244K, capacity 2350K, committed 2432K, reserved 1048576K
}
Event: 15.753 GC heap before
{Heap before GC invocations=7 (full 0):
 PSYoungGen      total 145408K, used 141391K [0x00000000d5d80000, 0x00000000df980000, 0x0000000100000000)
  eden space 132608K, 98% used [0x00000000d5d80000,0x00000000ddd42f50,0x00000000ddf00000)
  from space 12800K, 82% used [0x00000000dec00000,0x00000000df651050,0x00000000df880000)
  to   space 13312K, 0% used [0x00000000ddf00000,0x00000000ddf00000,0x00000000dec00000)
 ParOldGen       total 87552K, used 14228K [0x0000000081800000, 0x0000000086d80000, 0x00000000d5d80000)
  object space 87552K, 16% used [0x0000000081800000,0x00000000825e5060,0x0000000086d80000)
 Metaspace       used 19101K, capacity 19326K, committed 19584K, reserved 1067008K
  class space    used 2244K, capacity 2350K, committed 2432K, reserved 1048576K
Event: 15.770 GC heap after
Heap after GC invocations=7 (full 0):
 PSYoungGen      total 145920K, used 10447K [0x00000000d5d80000, 0x00000000e7b80000, 0x0000000100000000)
  eden space 132608K, 0% used [0x00000000d5d80000,0x00000000d5d80000,0x00000000ddf00000)
  from space 13312K, 78% used [0x00000000ddf00000,0x00000000de933ee0,0x00000000dec00000)
  to   space 13824K, 0% used [0x00000000e6e00000,0x00000000e6e00000,0x00000000e7b80000)
 ParOldGen       total 87552K, used 16595K [0x0000000081800000, 0x0000000086d80000, 0x00000000d5d80000)
  object space 87552K, 18% used [0x0000000081800000,0x0000000082834f70,0x0000000086d80000)
 Metaspace       used 19101K, capacity 19326K, committed 19584K, reserved 1067008K
  class space    used 2244K, capacity 2350K, committed 2432K, reserved 1048576K
}

Deoptimization events (10 events):
Event: 9.017 Thread 0x0000000019d08800 Uncommon trap: reason=class_check action=maybe_recompile pc=0x00000000030f7f44 method=java.io.FilterInputStream.read([B)I @ 5
Event: 9.017 Thread 0x0000000019d08800 Uncommon trap: reason=class_check action=maybe_recompile pc=0x00000000030f7f44 method=java.io.FilterInputStream.read([B)I @ 5
Event: 9.076 Thread 0x0000000002e02800 Uncommon trap: reason=class_check action=maybe_recompile pc=0x00000000030f7f54 method=java.io.FilterInputStream.read([BII)I @ 7
Event: 9.078 Thread 0x0000000002e02800 Uncommon trap: reason=class_check action=maybe_recompile pc=0x00000000030f7f54 method=java.io.FilterInputStream.read([BII)I @ 7
Event: 9.078 Thread 0x0000000002e02800 Uncommon trap: reason=class_check action=maybe_recompile pc=0x00000000030f7f54 method=java.io.FilterInputStream.read([BII)I @ 7
Event: 9.715 Thread 0x0000000019d08800 Uncommon trap: reason=unstable_if action=reinterpret pc=0x000000000320b8b0 method=java.lang.ref.SoftReference.get()Ljava/lang/Object; @ 6
Event: 10.112 Thread 0x0000000019ef7000 Uncommon trap: reason=unstable_if action=reinterpret pc=0x00000000032d8fb4 method=com.googlecode.javacv.cpp.opencv_core$IplImage.flipCopyWithGamma(Ljava/nio/ByteBuffer;ILjava/nio/ByteBuffer;IZDZI)V @ 50
Event: 17.238 Thread 0x0000000019d08800 Uncommon trap: reason=unstable_if action=reinterpret pc=0x00000000034698e4 method=java.awt.Component.inside(II)Z @ 21
Event: 17.476 Thread 0x0000000019d08800 Uncommon trap: reason=unstable_if action=reinterpret pc=0x00000000034edd50 method=java.awt.KeyboardFocusManager.getFocusOwner()Ljava/awt/Component; @ 8
Event: 17.476 Thread 0x0000000019d08800 Uncommon trap: reason=unstable_if action=reinterpret pc=0x00000000033683c0 method=javax.swing.JComponent.getClientProperty(Ljava/lang/Object;)Ljava/lang/Object; @ 16

Classes redefined (0 events):
No events

Internal exceptions (10 events):
Event: 0.741 Thread 0x0000000002e02800 Exception <a 'java/lang/ClassNotFoundException': ToolBarSeparator> (0x00000000d6293008) thrown at [C:\re\workspace\8-2-build-windows-amd64-cygwin\jdk8u161\10277\hotspot\src\share\vm\classfile\systemDictionary.cpp, line 210]
Event: 0.741 Thread 0x0000000002e02800 Exception <a 'java/lang/ClassNotFoundException': ToolTip> (0x00000000d6293748) thrown at [C:\re\workspace\8-2-build-windows-amd64-cygwin\jdk8u161\10277\hotspot\src\share\vm\classfile\systemDictionary.cpp, line 210]
Event: 0.742 Thread 0x0000000002e02800 Exception <a 'java/lang/ClassNotFoundException': Tree> (0x00000000d6294368) thrown at [C:\re\workspace\8-2-build-windows-amd64-cygwin\jdk8u161\10277\hotspot\src\share\vm\classfile\systemDictionary.cpp, line 210]
Event: 0.742 Thread 0x0000000002e02800 Exception <a 'java/lang/ClassNotFoundException': Tree> (0x00000000d6294aa8) thrown at [C:\re\workspace\8-2-build-windows-amd64-cygwin\jdk8u161\10277\hotspot\src\share\vm\classfile\systemDictionary.cpp, line 210]
Event: 0.743 Thread 0x0000000002e02800 Exception <a 'java/lang/ClassNotFoundException': javax/swing/JTreeCell> (0x00000000d6294e28) thrown at [C:\re\workspace\8-2-build-windows-amd64-cygwin\jdk8u161\10277\hotspot\src\share\vm\classfile\systemDictionary.cpp, line 210]
Event: 0.743 Thread 0x0000000002e02800 Exception <a 'java/lang/ClassNotFoundException': TreeCell> (0x00000000d62952b0) thrown at [C:\re\workspace\8-2-build-windows-amd64-cygwin\jdk8u161\10277\hotspot\src\share\vm\classfile\systemDictionary.cpp, line 210]
Event: 0.744 Thread 0x0000000002e02800 Exception <a 'java/lang/ClassNotFoundException': RootPane> (0x00000000d6295d10) thrown at [C:\re\workspace\8-2-build-windows-amd64-cygwin\jdk8u161\10277\hotspot\src\share\vm\classfile\systemDictionary.cpp, line 210]
Event: 8.784 Thread 0x0000000019d08800 Implicit null exception at 0x0000000003149c96 to 0x000000000314a031
Event: 8.785 Thread 0x0000000019d08800 Implicit null exception at 0x0000000003124696 to 0x0000000003124a29
Event: 17.476 Thread 0x0000000019d08800 Implicit null exception at 0x00000000034edb2c to 0x00000000034edd41

Events (10 events):
Event: 17.486 loading class sun/awt/im/CompositionAreaHandler
Event: 17.486 loading class sun/awt/im/CompositionAreaHandler done
Event: 17.486 loading class java/text/AttributedString
Event: 17.487 loading class java/text/AttributedString done
Event: 17.487 loading class java/text/AttributedString$AttributedStringIterator
Event: 17.487 loading class java/text/AttributedCharacterIterator
Event: 17.487 loading class java/text/CharacterIterator
Event: 17.487 loading class java/text/CharacterIterator done
Event: 17.487 loading class java/text/AttributedCharacterIterator done
Event: 17.487 loading class java/text/AttributedString$AttributedStringIterator done


Dynamic libraries:
0x00007ff7e58c0000 - 0x00007ff7e58f7000 	C:\Program Files\Java\jdk1.8.0_161\bin\java.exe
0x00007fff148b0000 - 0x00007fff14a91000 	C:\WINDOWS\SYSTEM32\ntdll.dll
0x00007fff0cf90000 - 0x00007fff0cfa2000 	C:\Program Files\AVAST Software\Avast\aswhook.dll
0x00007fff12240000 - 0x00007fff122f1000 	C:\WINDOWS\System32\KERNEL32.DLL
0x00007fff11240000 - 0x00007fff114b3000 	C:\WINDOWS\System32\KERNELBASE.dll
0x00007fff11de0000 - 0x00007fff11e81000 	C:\WINDOWS\System32\ADVAPI32.dll
0x00007fff12370000 - 0x00007fff1240e000 	C:\WINDOWS\System32\msvcrt.dll
0x00007fff147c0000 - 0x00007fff1481b000 	C:\WINDOWS\System32\sechost.dll
0x00007fff13bc0000 - 0x00007fff13ce4000 	C:\WINDOWS\System32\RPCRT4.dll
0x00007fff13cf0000 - 0x00007fff13e80000 	C:\WINDOWS\System32\USER32.dll
0x00007fff10c80000 - 0x00007fff10ca0000 	C:\WINDOWS\System32\win32u.dll
0x00007fff12210000 - 0x00007fff12238000 	C:\WINDOWS\System32\GDI32.dll
0x00007fff110a0000 - 0x00007fff11231000 	C:\WINDOWS\System32\gdi32full.dll
0x00007fff11590000 - 0x00007fff1162f000 	C:\WINDOWS\System32\msvcp_win.dll
0x00007fff10ca0000 - 0x00007fff10d98000 	C:\WINDOWS\System32\ucrtbase.dll
0x00007fff088a0000 - 0x00007fff08b09000 	C:\WINDOWS\WinSxS\amd64_microsoft.windows.common-controls_6595b64144ccf1df_6.0.17134.885_none_fb42a3473065565f\COMCTL32.dll
0x00007fff14490000 - 0x00007fff147b2000 	C:\WINDOWS\System32\combase.dll
0x00007fff11510000 - 0x00007fff11589000 	C:\WINDOWS\System32\bcryptPrimitives.dll
0x00007fff12590000 - 0x00007fff125bd000 	C:\WINDOWS\System32\IMM32.DLL
0x0000000072180000 - 0x0000000072252000 	C:\Program Files\Java\jdk1.8.0_161\jre\bin\msvcr100.dll
0x0000000072260000 - 0x0000000072aff000 	C:\Program Files\Java\jdk1.8.0_161\jre\bin\server\jvm.dll
0x00007fff125c0000 - 0x00007fff125c8000 	C:\WINDOWS\System32\PSAPI.DLL
0x00007fff07a70000 - 0x00007fff07a79000 	C:\WINDOWS\SYSTEM32\WSOCK32.dll
0x00007fff125d0000 - 0x00007fff1263c000 	C:\WINDOWS\System32\WS2_32.dll
0x00007fff0e910000 - 0x00007fff0e933000 	C:\WINDOWS\SYSTEM32\WINMM.dll
0x00007fff092a0000 - 0x00007fff092aa000 	C:\WINDOWS\SYSTEM32\VERSION.dll
0x00007fff0e8e0000 - 0x00007fff0e90a000 	C:\WINDOWS\SYSTEM32\WINMMBASE.dll
0x00007fff114c0000 - 0x00007fff11509000 	C:\WINDOWS\System32\cfgmgr32.dll
0x0000000073030000 - 0x000000007303f000 	C:\Program Files\Java\jdk1.8.0_161\jre\bin\verify.dll
0x0000000072150000 - 0x0000000072179000 	C:\Program Files\Java\jdk1.8.0_161\jre\bin\java.dll
0x0000000072130000 - 0x0000000072146000 	C:\Program Files\Java\jdk1.8.0_161\jre\bin\zip.dll
0x00007fff126a0000 - 0x00007fff13ae0000 	C:\WINDOWS\System32\SHELL32.dll
0x00007fff13e80000 - 0x00007fff13f29000 	C:\WINDOWS\System32\shcore.dll
0x00007fff11630000 - 0x00007fff11d3d000 	C:\WINDOWS\System32\windows.storage.dll
0x00007fff12310000 - 0x00007fff12361000 	C:\WINDOWS\System32\shlwapi.dll
0x00007fff10c40000 - 0x00007fff10c51000 	C:\WINDOWS\System32\kernel.appcore.dll
0x00007fff10c60000 - 0x00007fff10c7f000 	C:\WINDOWS\System32\profapi.dll
0x00007fff10bf0000 - 0x00007fff10c3c000 	C:\WINDOWS\System32\powrprof.dll
0x00007fff10be0000 - 0x00007fff10bea000 	C:\WINDOWS\System32\FLTLIB.DLL
0x0000000071f50000 - 0x00000000720e8000 	C:\Program Files\Java\jdk1.8.0_161\jre\bin\awt.dll
0x00007fff13ae0000 - 0x00007fff13ba2000 	C:\WINDOWS\System32\OLEAUT32.dll
0x00007fff0ef50000 - 0x00007fff0efdb000 	C:\WINDOWS\SYSTEM32\apphelp.dll
0x00007fff0f280000 - 0x00007fff0f318000 	C:\WINDOWS\system32\uxtheme.dll
0x00007fff12410000 - 0x00007fff12583000 	C:\WINDOWS\System32\MSCTF.dll
0x00007fff0f350000 - 0x00007fff0f379000 	C:\WINDOWS\system32\dwmapi.dll
0x00007fff11e90000 - 0x00007fff11fe1000 	C:\WINDOWS\System32\ole32.dll
0x0000000071f00000 - 0x0000000071f47000 	C:\Program Files\Java\jdk1.8.0_161\jre\bin\fontmanager.dll
0x0000000071d30000 - 0x0000000071e01000 	C:\Users\joaoq\AppData\Local\Temp\javacpp615265313963934\msvcr100.dll
0x0000000071c90000 - 0x0000000071d28000 	C:\Users\joaoq\AppData\Local\Temp\javacpp615265313963934\msvcp100.dll
0x0000000066840000 - 0x00000000676b4000 	C:\Users\joaoq\AppData\Local\Temp\javacpp615265313963934\opencv_ffmpeg248_64.dll
0x00007ffed53f0000 - 0x00007ffed5662000 	C:\Users\joaoq\AppData\Local\Temp\javacpp615265313963934\opencv_core248.dll
0x00007ffec9fd0000 - 0x00007ffeca282000 	C:\Users\joaoq\AppData\Local\Temp\javacpp615265313963934\opencv_imgproc248.dll
0x00007ffec19f0000 - 0x00007ffec1c3d000 	C:\Users\joaoq\AppData\Local\Temp\javacpp615265313963934\opencv_highgui248.dll
0x00007fff09540000 - 0x00007fff0955f000 	C:\WINDOWS\SYSTEM32\AVIFIL32.dll
0x00007fff03d20000 - 0x00007fff03d49000 	C:\WINDOWS\SYSTEM32\MSVFW32.dll
0x00007fff00fd0000 - 0x00007fff00fe8000 	C:\WINDOWS\SYSTEM32\AVICAP32.dll
0x00007fff0c100000 - 0x00007fff0c11c000 	C:\WINDOWS\SYSTEM32\MSACM32.dll
0x00007ffeff5b0000 - 0x00007ffeff5c3000 	C:\Users\joaoq\AppData\Local\Temp\javacpp615265313963934\jniopencv_highgui.dll
0x00007fff103e0000 - 0x00007fff10446000 	C:\WINDOWS\system32\mswsock.dll
0x00007fff10590000 - 0x00007fff105a7000 	C:\WINDOWS\SYSTEM32\CRYPTSP.dll
0x00007fff0ffd0000 - 0x00007fff10003000 	C:\WINDOWS\system32\rsaenh.dll
0x00007fff106c0000 - 0x00007fff106e5000 	C:\WINDOWS\SYSTEM32\bcrypt.dll
0x00007fff105b0000 - 0x00007fff105bb000 	C:\WINDOWS\SYSTEM32\CRYPTBASE.dll
0x00007fff0c2b0000 - 0x00007fff0c2c6000 	C:\WINDOWS\system32\napinsp.dll
0x00007fff0bc00000 - 0x00007fff0bc1a000 	C:\WINDOWS\system32\pnrpnsp.dll
0x00007fff0d770000 - 0x00007fff0d789000 	C:\WINDOWS\system32\NLAapi.dll
0x00007fff101b0000 - 0x00007fff1026e000 	C:\WINDOWS\SYSTEM32\DNSAPI.dll
0x00007fff13bb0000 - 0x00007fff13bb8000 	C:\WINDOWS\System32\NSI.dll
0x00007fff10170000 - 0x00007fff101a8000 	C:\WINDOWS\SYSTEM32\IPHLPAPI.DLL
0x00007fff0c480000 - 0x00007fff0c48e000 	C:\WINDOWS\System32\winrnr.dll
0x00007fff04f90000 - 0x00007fff04fa5000 	C:\WINDOWS\System32\wshbth.dll
0x00007ffeef6f0000 - 0x00007ffeef78a000 	C:\Users\joaoq\AppData\Local\Temp\javacpp615265313963934\jniopencv_core.dll
0x00007ffef5300000 - 0x00007ffef5420000 	C:\WINDOWS\system32\opengl32.dll
0x00007ffeff170000 - 0x00007ffeff19c000 	C:\WINDOWS\SYSTEM32\GLU32.dll
0x0000000071c80000 - 0x0000000071c87000 	C:\Program Files\Java\jdk1.8.0_161\jre\bin\jawt.dll
0x000000001a480000 - 0x000000001a4be000 	C:\Program Files\Java\jdk1.8.0_161\jre\bin\j3dcore-ogl.dll
0x0000000072110000 - 0x000000007212a000 	C:\Program Files\Java\jdk1.8.0_161\jre\bin\net.dll
0x00000000720f0000 - 0x0000000072101000 	C:\Program Files\Java\jdk1.8.0_161\jre\bin\nio.dll
0x00007ffecf0b0000 - 0x00007ffecfbf7000 	C:\WINDOWS\SYSTEM32\ig75icd64.dll
0x00007ffeeca80000 - 0x00007ffeed4bf000 	C:\WINDOWS\SYSTEM32\igdusc64.dll
0x00007fff0ceb0000 - 0x00007fff0cec3000 	C:\WINDOWS\SYSTEM32\WTSAPI32.dll
0x00007fff0a280000 - 0x00007fff0a28a000 	C:\Windows\System32\rasadhlp.dll
0x0000000071eb0000 - 0x0000000071ef2000 	C:\Program Files\Java\jdk1.8.0_161\jre\bin\t2k.dll
0x00007fff0a640000 - 0x00007fff0a6b2000 	C:\WINDOWS\System32\fwpuclnt.dll
0x00007ffefc090000 - 0x00007ffefc126000 	C:\WINDOWS\System32\TextInputFramework.dll
0x00007ffefbd70000 - 0x00007ffefc08e000 	C:\WINDOWS\System32\CoreUIComponents.dll
0x00007fff0ed40000 - 0x00007fff0ee1a000 	C:\WINDOWS\System32\CoreMessaging.dll
0x00007fff0fcc0000 - 0x00007fff0fcf1000 	C:\WINDOWS\SYSTEM32\ntmarta.dll
0x00007fff0c9e0000 - 0x00007fff0cb2d000 	C:\WINDOWS\SYSTEM32\wintypes.dll
0x0000000071e70000 - 0x0000000071e9a000 	C:\Program Files\Java\jdk1.8.0_161\jre\bin\dcpr.dll
0x00007fff0fa50000 - 0x00007fff0fb0b000 	C:\WINDOWS\SYSTEM32\dxgi.dll
0x00007fff0da30000 - 0x00007fff0dd3b000 	C:\WINDOWS\SYSTEM32\d3d11.dll
0x00007fff04bf0000 - 0x00007fff04db9000 	C:\WINDOWS\SYSTEM32\dbghelp.dll

VM Arguments:
jvm_args: -Dfile.encoding=UTF-8 
java_command: serial.JFMain
java_class_path (initial): C:\Program Files\Java\jre1.8.0_191\lib\ext\RXTXcomm.jar;C:\Program Files\NetBeans 8.2\java\modules\ext\AbsoluteLayout.jar;C:\Users\joaoq\Downloads\opencv\build\java\opencv-347.jar;C:\Users\joaoq\Downloads\IP-Camera-Java-CV-Libraries-master\javacv.jar;C:\Users\joaoq\Downloads\IP-Camera-Java-CV-Libraries-master\javacpp.jar;C:\Users\joaoq\Downloads\IP-Camera-Java-CV-Libraries-master\javacv-windows-x86.jar;C:\Users\joaoq\Downloads\IP-Camera-Java-CV-Libraries-master\javacv-windows-x86_64.jar;C:\Users\joaoq\Downloads\IP-Camera-Java-CV-Libraries-master\opencv-2.4.8-windows-x86.jar;C:\Users\joaoq\Downloads\IP-Camera-Java-CV-Libraries-master\opencv-2.4.8-windows-x86_64.jar;C:\Users\joaoq\Downloads\org.eclipse.paho.client.mqttv3-1.2.0.jar;C:\Users\joaoq\Google Drive\TCC João Pedro Quintino\TCC2\Software PC\ReadWriteSerial\build\classes
Launcher Type: SUN_STANDARD

Environment Variables:
JAVA_HOME=C:\Program Files\Java\jdk1.8.0_161
CLASSPATH=C:\Program Files\Java\jdk1.8.0_161\lib;C:\jflex-1.6.1\lib\jflex-1.6.1.jar
PATH=C:\Program Files (x86)\Common Files\Oracle\Java\javapath;C:\ProgramData\Oracle\Java\javapath;C:\Program Files (x86)\Intel\iCLS Client\;C:\Program Files\Intel\iCLS Client\;C:\Windows\system32;C:\Windows;C:\Windows\System32\Wbem;C:\Windows\System32\WindowsPowerShell\v1.0\;C:\Program Files (x86)\Intel\Intel(R) Management Engine Components\DAL;C:\Program Files\Intel\Intel(R) Management Engine Components\DAL;C:\Program Files (x86)\Intel\Intel(R) Management Engine Components\IPT;C:\Program Files\Intel\Intel(R) Management Engine Components\IPT;C:\Program Files (x86)\NVIDIA Corporation\PhysX\Common;C:\WINDOWS\system32;C:\WINDOWS;C:\WINDOWS\System32\Wbem;C:\WINDOWS\System32\WindowsPowerShell\v1.0\;C:\Program Files\Java\jdk1.8.0_161\bin;C:\WINDOWS\System32\OpenSSH\;C:\Program Files\MATLAB\R2018a\runtime\win64;C:\Program Files\MATLAB\R2018a\bin;D:\Program Files\nodejs\;D:\Program Files\Microsoft VS Code\bin;D:\Program Files (x86)\Yarn\bin\;C:\Program Files\Git\cmd;C:\Users\joaoq\AppData\Local\Programs\Python\Python37-32\Scripts\;C:\Users\joaoq\AppData\Local\Programs\Python\Python37-32\;C:\Users\joaoq\AppData\Local\Microsoft\WindowsApps;C:\Users\joaoq\AppData\Roaming\npm;C:\Users\joaoq\AppData\Local\Yarn\bin;D:\Program Files\Docker Toolbox
USERNAME=joaoq
OS=Windows_NT
PROCESSOR_IDENTIFIER=Intel64 Family 6 Model 69 Stepping 1, GenuineIntel



---------------  S Y S T E M  ---------------

OS: Windows 10.0 , 64 bit Build 17134 (10.0.17134.753)

CPU:total 4 (initial active 4) (2 cores per cpu, 2 threads per core) family 6 model 69 stepping 1, cmov, cx8, fxsr, mmx, sse, sse2, sse3, ssse3, sse4.1, sse4.2, popcnt, avx, avx2, aes, clmul, erms, lzcnt, ht, tsc, tscinvbit, bmi1, bmi2

Memory: 4k page, physical 8289792k(1546864k free), swap 11699512k(1670088k free)

vm_info: Java HotSpot(TM) 64-Bit Server VM (25.161-b12) for windows-amd64 JRE (1.8.0_161-b12), built on Dec 19 2017 17:52:25 by "java_re" with MS VC++ 10.0 (VS2010)

time: Thu Aug 01 19:51:36 2019
elapsed time: 17 seconds (0d 0h 0m 17s)

