#
# A fatal error has been detected by the Java Runtime Environment:
#
#  EXCEPTION_ACCESS_VIOLATION (0xc0000005) at pc=0x0000000066842310, pid=9516, tid=0x0000000000002810
#
# JRE version: Java(TM) SE Runtime Environment (8.0_161-b12) (build 1.8.0_161-b12)
# Java VM: Java HotSpot(TM) 64-Bit Server VM (25.161-b12 mixed mode windows-amd64 compressed oops)
# Problematic frame:
# C  [opencv_ffmpeg248_64.dll+0x2310]
#
# Failed to write core dump. Minidumps are not enabled by default on client versions of Windows
#
# If you would like to submit a bug report, please visit:
#   http://bugreport.java.com/bugreport/crash.jsp
# The crash happened outside the Java Virtual Machine in native code.
# See problematic frame for where to report the bug.
#

---------------  T H R E A D  ---------------

Current thread (0x000000001a1d4000):  JavaThread "Thread-4" [_thread_in_native, id=10256, stack(0x00000000613a0000,0x00000000614a0000)]

siginfo: ExceptionCode=0xc0000005, reading address 0x0000000000000008

Registers:
RAX=0x0000000000000000, RBX=0x000000005c2d5360, RCX=0x00000000015a0000, RDX=0x000000005db65d20
RSP=0x000000006149f1c0, RBP=0x8000000000000000, RSI=0x000000005c2d55f8, RDI=0x0000000000000004
R8 =0x000000006149f1ec, R9 =0x000000005c2d55f8, R10=0x0000000000000000, R11=0x000000006149ecb0
R12=0x0000000000000000, R13=0x000000006149f480, R14=0x000000006149f350, R15=0x000000001a1d4000
RIP=0x0000000066842310, EFLAGS=0x0000000000010246

Top of Stack: (sp=0x000000006149f1c0)
0x000000006149f1c0:   000000006149f360 000000006684346a
0x000000006149f1d0:   00004e73b059d849 000000006149f230
0x000000006149f1e0:   00004e73b059d869 000000006149f350
0x000000006149f1f0:   0000000000000210 0000000081d8be50
0x000000006149f200:   0000000065dd9d38 000000006149f360
0x000000006149f210:   0000000000000000 0000000066843429
0x000000006149f220:   00000000d62df870 000000001a1d4000
0x000000006149f230:   000000001a1d4000 000000005d29de8c
0x000000006149f240:   0000000100064e18 00007ffbc1ef3323
0x000000006149f250:   00000000d62df890 000000005d2d8690
0x000000006149f260:   000000001a1d4000 000000005d2ced79
0x000000006149f270:   00000000d62df890 00007ffbc1ef10e1
0x000000006149f280:   000000001a1d41f8 000000001a1d4000
0x000000006149f290:   000000001a1d4000 0000000000000000
0x000000006149f2a0:   0000000000000000 000000001a1d41f8
0x000000006149f2b0:   0000000019fac3f0 00007ffbf1b7756b 

Instructions: (pc=0x0000000066842310)
0x00000000668422f0:   e0 48 83 c4 30 5b 5e 5f 5d 41 5c c3 0f 1f 40 00
0x0000000066842300:   48 8b 43 18 48 8b 53 20 4c 8d 44 24 2c 49 89 f1
0x0000000066842310:   48 8b 48 08 e8 c7 c5 0e 00 44 8b 64 24 2c 45 85
0x0000000066842320:   e4 74 1d 48 39 ab 90 02 00 00 74 64 48 83 83 18 


Register to memory mapping:

RAX=0x0000000000000000 is an unknown value
RBX=0x000000005c2d5360 is an unknown value
RCX=0x00000000015a0000 is an unknown value
RDX=0x000000005db65d20 is an unknown value
RSP=0x000000006149f1c0 is pointing into the stack for thread: 0x000000001a1d4000
RBP=0x8000000000000000 is an unknown value
RSI=0x000000005c2d55f8 is an unknown value
RDI=0x0000000000000004 is an unknown value
R8 =0x000000006149f1ec is pointing into the stack for thread: 0x000000001a1d4000
R9 =0x000000005c2d55f8 is an unknown value
R10=0x0000000000000000 is an unknown value
R11=0x000000006149ecb0 is pointing into the stack for thread: 0x000000001a1d4000
R12=0x0000000000000000 is an unknown value
R13=0x000000006149f480 is pointing into the stack for thread: 0x000000001a1d4000
R14=0x000000006149f350 is pointing into the stack for thread: 0x000000001a1d4000
R15=0x000000001a1d4000 is a thread


Stack: [0x00000000613a0000,0x00000000614a0000],  sp=0x000000006149f1c0,  free space=1020k
Native frames: (J=compiled Java code, j=interpreted, Vv=VM code, C=native code)
C  [opencv_ffmpeg248_64.dll+0x2310]
C  [opencv_ffmpeg248_64.dll+0x3429]
C  [opencv_highgui248.dll+0x3323]
C  [opencv_highgui248.dll+0x10e1]
C  [jniopencv_highgui.dll+0x756b]
C  0x00000000037a21d4

Java frames: (J=compiled Java code, j=interpreted, Vv=VM code)
J 2146  com.googlecode.javacv.cpp.opencv_highgui.cvGrabFrame(Lcom/googlecode/javacv/cpp/opencv_highgui$CvCapture;)I (0 bytes) @ 0x00000000037a2152 [0x00000000037a2100+0x52]
J 2150 C1 com.googlecode.javacv.OpenCVFrameGrabber.grab()Lcom/googlecode/javacv/cpp/opencv_core$IplImage; (177 bytes) @ 0x00000000037a53bc [0x00000000037a5240+0x17c]
j  serial.CameraHandler.run()V+19
j  java.lang.Thread.run()V+11
v  ~StubRoutines::call_stub

---------------  P R O C E S S  ---------------

Java Threads: ( => current thread )
  0x000000001a371000 JavaThread "DestroyJavaVM" [_thread_blocked, id=9432, stack(0x0000000002e50000,0x0000000002f50000)]
  0x000000001a371800 JavaThread "J3D-InputDeviceScheduler-1" [_thread_blocked, id=7656, stack(0x0000000061ca0000,0x0000000061da0000)]
  0x000000001a36b800 JavaThread "J3D-SoundSchedulerUpdateThread-1" [_thread_blocked, id=12320, stack(0x0000000061ba0000,0x0000000061ca0000)]
  0x000000001a36c800 JavaThread "J3D-RenderStructureUpdateThread-1" [_thread_blocked, id=8848, stack(0x0000000061aa0000,0x0000000061ba0000)]
  0x000000001a36d000 JavaThread "J3D-BehaviorScheduler-1" [_thread_blocked, id=8676, stack(0x00000000619a0000,0x0000000061aa0000)]
  0x000000001a36f800 JavaThread "J3D-TransformStructureUpdateThread-1" [_thread_blocked, id=12876, stack(0x00000000618a0000,0x00000000619a0000)]
  0x000000001a1d1000 JavaThread "J3D-RenderingEnvironmentStructureUpdateThread-1" [_thread_blocked, id=6976, stack(0x00000000617a0000,0x00000000618a0000)]
  0x000000001a1cf800 JavaThread "J3D-SoundStructureUpdateThread-1" [_thread_blocked, id=13104, stack(0x00000000616a0000,0x00000000617a0000)]
  0x000000001a1d5800 JavaThread "J3D-GeometryStructureUpdateThread-1" [_thread_blocked, id=12220, stack(0x00000000615a0000,0x00000000616a0000)]
  0x000000001a1d3800 JavaThread "J3D-BehaviorStructureUpdateThread-1" [_thread_blocked, id=3964, stack(0x00000000614a0000,0x00000000615a0000)]
=>0x000000001a1d4000 JavaThread "Thread-4" [_thread_in_native, id=10256, stack(0x00000000613a0000,0x00000000614a0000)]
  0x000000001a1d2800 JavaThread "TimerQueue" daemon [_thread_blocked, id=9844, stack(0x0000000060150000,0x0000000060250000)]
  0x000000001a1d2000 JavaThread "AWT-EventQueue-0" [_thread_blocked, id=8640, stack(0x000000005fd50000,0x000000005fe50000)]
  0x000000001a1d6800 JavaThread "AWT-Shutdown" [_thread_blocked, id=1480, stack(0x000000005e030000,0x000000005e130000)]
  0x0000000019f19000 JavaThread "J3D-Renderer-1" [_thread_blocked, id=12968, stack(0x000000001b340000,0x000000001b440000)]
  0x0000000019dae000 JavaThread "J3D-MasterControl-1" [_thread_blocked, id=6772, stack(0x000000001b240000,0x000000001b340000)]
  0x000000001a02f000 JavaThread "J3D-NotificationThread" [_thread_blocked, id=11436, stack(0x000000001b140000,0x000000001b240000)]
  0x000000001a02e000 JavaThread "J3D-TimerThread" [_thread_blocked, id=11208, stack(0x000000001b040000,0x000000001b140000)]
  0x000000001a130800 JavaThread "J3D-RenderingAttributesStructureUpdateThread" [_thread_blocked, id=7420, stack(0x000000001af30000,0x000000001b030000)]
  0x0000000019eae000 JavaThread "Java2D Disposer" daemon [_thread_blocked, id=2844, stack(0x000000001a4b0000,0x000000001a5b0000)]
  0x0000000019368800 JavaThread "Service Thread" daemon [_thread_blocked, id=12860, stack(0x0000000019960000,0x0000000019a60000)]
  0x0000000019363000 JavaThread "C1 CompilerThread2" daemon [_thread_blocked, id=9184, stack(0x0000000019860000,0x0000000019960000)]
  0x0000000019360800 JavaThread "C2 CompilerThread1" daemon [_thread_blocked, id=4944, stack(0x0000000019760000,0x0000000019860000)]
  0x0000000017bf1000 JavaThread "C2 CompilerThread0" daemon [_thread_blocked, id=12948, stack(0x0000000019260000,0x0000000019360000)]
  0x0000000017bed000 JavaThread "Attach Listener" daemon [_thread_blocked, id=10432, stack(0x0000000019160000,0x0000000019260000)]
  0x0000000017bec000 JavaThread "Signal Dispatcher" daemon [_thread_blocked, id=32, stack(0x0000000019060000,0x0000000019160000)]
  0x0000000003067800 JavaThread "Finalizer" daemon [_thread_blocked, id=4352, stack(0x0000000018e50000,0x0000000018f50000)]
  0x0000000003062000 JavaThread "Reference Handler" daemon [_thread_blocked, id=10900, stack(0x0000000018d50000,0x0000000018e50000)]

Other Threads:
  0x0000000017bb8000 VMThread [stack: 0x0000000018c50000,0x0000000018d50000] [id=6048]
  0x000000001936b000 WatcherThread [stack: 0x0000000019a60000,0x0000000019b60000] [id=204]

VM state:not at safepoint (normal execution)

VM Mutex/Monitor currently owned by a thread: None

Heap:
 PSYoungGen      total 265728K, used 262041K [0x00000000d5d80000, 0x00000000e7e00000, 0x0000000100000000)
  eden space 262656K, 98% used [0x00000000d5d80000,0x00000000e5aa37b8,0x00000000e5e00000)
  from space 3072K, 92% used [0x00000000e7b00000,0x00000000e7dc3010,0x00000000e7e00000)
  to   space 7680K, 0% used [0x00000000e6f00000,0x00000000e6f00000,0x00000000e7680000)
 ParOldGen       total 70656K, used 29064K [0x0000000081800000, 0x0000000085d00000, 0x00000000d5d80000)
  object space 70656K, 41% used [0x0000000081800000,0x00000000834620c8,0x0000000085d00000)
 Metaspace       used 19687K, capacity 19926K, committed 20096K, reserved 1067008K
  class space    used 2240K, capacity 2350K, committed 2432K, reserved 1048576K

Card table byte_map: [0x0000000012430000,0x0000000012830000] byte_map_base: 0x0000000012024000

Marking Bits: (ParMarkBitMap*) 0x000000005d9af860
 Begin Bits: [0x0000000012ee0000, 0x0000000014e80000)
 End Bits:   [0x0000000014e80000, 0x0000000016e20000)

Polling page: 0x0000000001530000

CodeCache: size=245760Kb used=9144Kb max_used=9181Kb free=236615Kb
 bounds [0x0000000003070000, 0x0000000003980000, 0x0000000012070000]
 total_blobs=3072 nmethods=2390 adapters=593
 compilation: enabled

Compilation events (10 events):
Event: 66.401 Thread 0x0000000019363000 nmethod 2625 0x0000000003955090 code [0x0000000003955420, 0x0000000003956308]
Event: 66.437 Thread 0x0000000019363000 2626 %     3       java.awt.LinearGradientPaintContext::fillRaster @ 50 (97 bytes)
Event: 66.438 Thread 0x0000000019363000 nmethod 2626% 0x00000000039513d0 code [0x0000000003951560, 0x0000000003951b28]
Event: 66.449 Thread 0x0000000019363000 2627       3       java.awt.LinearGradientPaintContext::fillRaster (97 bytes)
Event: 66.450 Thread 0x0000000019363000 nmethod 2627 0x0000000003956a50 code [0x0000000003956be0, 0x0000000003957028]
Event: 66.450 Thread 0x0000000019363000 2628       1       java.awt.image.SinglePixelPackedSampleModel::getScanlineStride (5 bytes)
Event: 66.450 Thread 0x0000000019363000 nmethod 2628 0x0000000003957290 code [0x00000000039573e0, 0x00000000039574f0]
Event: 66.491 Thread 0x0000000017bf1000 2629   !   4       sun.awt.PostEventQueue::flush (168 bytes)
Event: 66.500 Thread 0x0000000019363000 2630   !   3       javax.swing.JComponent::getClientProperty (56 bytes)
Event: 66.501 Thread 0x0000000019363000 nmethod 2630 0x0000000003957550 code [0x00000000039576e0, 0x0000000003957b08]

GC Heap History (10 events):
Event: 36.528 GC heap before
{Heap before GC invocations=11 (full 3):
 PSYoungGen      total 128512K, used 120476K [0x00000000d5d80000, 0x00000000e3c00000, 0x0000000100000000)
  eden space 120832K, 99% used [0x00000000d5d80000,0x00000000dd327228,0x00000000dd380000)
  from space 7680K, 0% used [0x00000000dd380000,0x00000000dd380000,0x00000000ddb00000)
  to   space 7680K, 0% used [0x00000000e3480000,0x00000000e3480000,0x00000000e3c00000)
 ParOldGen       total 70656K, used 10084K [0x0000000081800000, 0x0000000085d00000, 0x00000000d5d80000)
  object space 70656K, 14% used [0x0000000081800000,0x00000000821d9058,0x0000000085d00000)
 Metaspace       used 19438K, capacity 19734K, committed 20096K, reserved 1067008K
  class space    used 2233K, capacity 2350K, committed 2432K, reserved 1048576K
Event: 36.533 GC heap after
Heap after GC invocations=11 (full 3):
 PSYoungGen      total 212480K, used 5528K [0x00000000d5d80000, 0x00000000e3a00000, 0x0000000100000000)
  eden space 206848K, 0% used [0x00000000d5d80000,0x00000000d5d80000,0x00000000e2780000)
  from space 5632K, 98% used [0x00000000e3480000,0x00000000e39e6020,0x00000000e3a00000)
  to   space 7680K, 0% used [0x00000000e2b00000,0x00000000e2b00000,0x00000000e3280000)
 ParOldGen       total 70656K, used 15492K [0x0000000081800000, 0x0000000085d00000, 0x00000000d5d80000)
  object space 70656K, 21% used [0x0000000081800000,0x0000000082721078,0x0000000085d00000)
 Metaspace       used 19438K, capacity 19734K, committed 20096K, reserved 1067008K
  class space    used 2233K, capacity 2350K, committed 2432K, reserved 1048576K
}
Event: 41.583 GC heap before
{Heap before GC invocations=12 (full 3):
 PSYoungGen      total 212480K, used 211015K [0x00000000d5d80000, 0x00000000e3a00000, 0x0000000100000000)
  eden space 206848K, 99% used [0x00000000d5d80000,0x00000000e262bf10,0x00000000e2780000)
  from space 5632K, 98% used [0x00000000e3480000,0x00000000e39e6020,0x00000000e3a00000)
  to   space 7680K, 0% used [0x00000000e2b00000,0x00000000e2b00000,0x00000000e3280000)
 ParOldGen       total 70656K, used 15492K [0x0000000081800000, 0x0000000085d00000, 0x00000000d5d80000)
  object space 70656K, 21% used [0x0000000081800000,0x0000000082721078,0x0000000085d00000)
 Metaspace       used 19506K, capacity 19798K, committed 20096K, reserved 1067008K
  class space    used 2233K, capacity 2350K, committed 2432K, reserved 1048576K
Event: 41.591 GC heap after
Heap after GC invocations=12 (full 3):
 PSYoungGen      total 218112K, used 5528K [0x00000000d5d80000, 0x00000000e8680000, 0x0000000100000000)
  eden space 210432K, 0% used [0x00000000d5d80000,0x00000000d5d80000,0x00000000e2b00000)
  from space 7680K, 71% used [0x00000000e2b00000,0x00000000e3066020,0x00000000e3280000)
  to   space 7680K, 0% used [0x00000000e7f00000,0x00000000e7f00000,0x00000000e8680000)
 ParOldGen       total 70656K, used 18192K [0x0000000081800000, 0x0000000085d00000, 0x00000000d5d80000)
  object space 70656K, 25% used [0x0000000081800000,0x00000000829c4088,0x0000000085d00000)
 Metaspace       used 19506K, capacity 19798K, committed 20096K, reserved 1067008K
  class space    used 2233K, capacity 2350K, committed 2432K, reserved 1048576K
}
Event: 46.696 GC heap before
{Heap before GC invocations=13 (full 3):
 PSYoungGen      total 218112K, used 214637K [0x00000000d5d80000, 0x00000000e8680000, 0x0000000100000000)
  eden space 210432K, 99% used [0x00000000d5d80000,0x00000000e29b56d8,0x00000000e2b00000)
  from space 7680K, 71% used [0x00000000e2b00000,0x00000000e3066020,0x00000000e3280000)
  to   space 7680K, 0% used [0x00000000e7f00000,0x00000000e7f00000,0x00000000e8680000)
 ParOldGen       total 70656K, used 18192K [0x0000000081800000, 0x0000000085d00000, 0x00000000d5d80000)
  object space 70656K, 25% used [0x0000000081800000,0x00000000829c4088,0x0000000085d00000)
 Metaspace       used 19519K, capacity 19798K, committed 20096K, reserved 1067008K
  class space    used 2233K, capacity 2350K, committed 2432K, reserved 1048576K
Event: 46.701 GC heap after
Heap after GC invocations=13 (full 3):
 PSYoungGen      total 291840K, used 5528K [0x00000000d5d80000, 0x00000000e8480000, 0x0000000100000000)
  eden space 286208K, 0% used [0x00000000d5d80000,0x00000000d5d80000,0x00000000e7500000)
  from space 5632K, 98% used [0x00000000e7f00000,0x00000000e8466020,0x00000000e8480000)
  to   space 7680K, 0% used [0x00000000e7580000,0x00000000e7580000,0x00000000e7d00000)
 ParOldGen       total 70656K, used 20916K [0x0000000081800000, 0x0000000085d00000, 0x00000000d5d80000)
  object space 70656K, 29% used [0x0000000081800000,0x0000000082c6d098,0x0000000085d00000)
 Metaspace       used 19519K, capacity 19798K, committed 20096K, reserved 1067008K
  class space    used 2233K, capacity 2350K, committed 2432K, reserved 1048576K
}
Event: 53.665 GC heap before
{Heap before GC invocations=14 (full 3):
 PSYoungGen      total 291840K, used 289625K [0x00000000d5d80000, 0x00000000e8480000, 0x0000000100000000)
  eden space 286208K, 99% used [0x00000000d5d80000,0x00000000e72f04e0,0x00000000e7500000)
  from space 5632K, 98% used [0x00000000e7f00000,0x00000000e8466020,0x00000000e8480000)
  to   space 7680K, 0% used [0x00000000e7580000,0x00000000e7580000,0x00000000e7d00000)
 ParOldGen       total 70656K, used 20916K [0x0000000081800000, 0x0000000085d00000, 0x00000000d5d80000)
  object space 70656K, 29% used [0x0000000081800000,0x0000000082c6d098,0x0000000085d00000)
 Metaspace       used 19563K, capacity 19862K, committed 20096K, reserved 1067008K
  class space    used 2233K, capacity 2350K, committed 2432K, reserved 1048576K
Event: 53.672 GC heap after
Heap after GC invocations=14 (full 3):
 PSYoungGen      total 279552K, used 5528K [0x00000000d5d80000, 0x00000000e7f80000, 0x0000000100000000)
  eden space 273920K, 0% used [0x00000000d5d80000,0x00000000d5d80000,0x00000000e6900000)
  from space 5632K, 98% used [0x00000000e7580000,0x00000000e7ae6020,0x00000000e7b00000)
  to   space 4608K, 0% used [0x00000000e7b00000,0x00000000e7b00000,0x00000000e7f80000)
 ParOldGen       total 70656K, used 23640K [0x0000000081800000, 0x0000000085d00000, 0x00000000d5d80000)
  object space 70656K, 33% used [0x0000000081800000,0x0000000082f160a8,0x0000000085d00000)
 Metaspace       used 19563K, capacity 19862K, committed 20096K, reserved 1067008K
  class space    used 2233K, capacity 2350K, committed 2432K, reserved 1048576K
}
Event: 60.405 GC heap before
{Heap before GC invocations=15 (full 3):
 PSYoungGen      total 279552K, used 277675K [0x00000000d5d80000, 0x00000000e7f80000, 0x0000000100000000)
  eden space 273920K, 99% used [0x00000000d5d80000,0x00000000e6744e10,0x00000000e6900000)
  from space 5632K, 98% used [0x00000000e7580000,0x00000000e7ae6020,0x00000000e7b00000)
  to   space 4608K, 0% used [0x00000000e7b00000,0x00000000e7b00000,0x00000000e7f80000)
 ParOldGen       total 70656K, used 23640K [0x0000000081800000, 0x0000000085d00000, 0x00000000d5d80000)
  object space 70656K, 33% used [0x0000000081800000,0x0000000082f160a8,0x0000000085d00000)
 Metaspace       used 19590K, capacity 19862K, committed 20096K, reserved 1067008K
  class space    used 2233K, capacity 2350K, committed 2432K, reserved 1048576K
Event: 60.409 GC heap after
Heap after GC invocations=15 (full 3):
 PSYoungGen      total 265728K, used 2828K [0x00000000d5d80000, 0x00000000e7e00000, 0x0000000100000000)
  eden space 262656K, 0% used [0x00000000d5d80000,0x00000000d5d80000,0x00000000e5e00000)
  from space 3072K, 92% used [0x00000000e7b00000,0x00000000e7dc3010,0x00000000e7e00000)
  to   space 7680K, 0% used [0x00000000e6f00000,0x00000000e6f00000,0x00000000e7680000)
 ParOldGen       total 70656K, used 29064K [0x0000000081800000, 0x0000000085d00000, 0x00000000d5d80000)
  object space 70656K, 41% used [0x0000000081800000,0x00000000834620c8,0x0000000085d00000)
 Metaspace       used 19590K, capacity 19862K, committed 20096K, reserved 1067008K
  class space    used 2233K, capacity 2350K, committed 2432K, reserved 1048576K
}

Deoptimization events (10 events):
Event: 65.535 Thread 0x000000001a1d2000 Uncommon trap: reason=unstable_if action=reinterpret pc=0x00000000034dd318 method=java.awt.Component.inside(II)Z @ 21
Event: 65.887 Thread 0x000000001a1d2000 Uncommon trap: reason=unstable_if action=reinterpret pc=0x000000000348d824 method=sun.java2d.pipe.Region.intersectsQuickCheckXYXY(IIII)Z @ 22
Event: 65.887 Thread 0x000000001a1d2000 Uncommon trap: reason=unstable_if action=reinterpret pc=0x00000000037df05c method=javax.swing.DefaultButtonModel.isRollover()Z @ 7
Event: 65.889 Thread 0x000000001a1d2000 Uncommon trap: reason=unstable_if action=reinterpret pc=0x000000000385b340 method=java.awt.geom.AffineTransform.translate(DD)V @ 533
Event: 65.889 Thread 0x000000001a1d2000 Uncommon trap: reason=unstable_if action=reinterpret pc=0x000000000373e2b8 method=javax.swing.plaf.nimbus.NimbusStyle.get(Ljavax/swing/plaf/synth/SynthContext;Ljava/lang/Object;)Ljava/lang/Object; @ 67
Event: 65.889 Thread 0x000000001a1d2000 Uncommon trap: reason=unstable_if action=reinterpret pc=0x0000000003748df4 method=javax.swing.plaf.synth.SynthStyle.getFont(Ljavax/swing/plaf/synth/SynthContext;)Ljava/awt/Font; @ 10
Event: 65.891 Thread 0x000000001a1d2000 Uncommon trap: reason=unstable_if action=reinterpret pc=0x0000000003890d54 method=javax.swing.DefaultButtonModel.isRollover()Z @ 7
Event: 66.439 Thread 0x000000001a1d2000 Uncommon trap: reason=unstable_if action=reinterpret pc=0x000000000324e190 method=java.awt.KeyboardFocusManager.getFocusOwner()Ljava/awt/Component; @ 8
Event: 66.439 Thread 0x000000001a1d2000 Uncommon trap: reason=unstable_if action=reinterpret pc=0x000000000354dc80 method=javax.swing.JComponent.getClientProperty(Ljava/lang/Object;)Ljava/lang/Object; @ 16
Event: 66.531 Thread 0x000000001a1d2000 Uncommon trap: reason=unstable_if action=reinterpret pc=0x0000000003938980 method=sun.awt.PostEventQueue.flush()V @ 37

Classes redefined (0 events):
No events

Internal exceptions (10 events):
Event: 3.421 Thread 0x0000000002f72800 Implicit null exception at 0x00000000032939af to 0x0000000003293a19
Event: 11.824 Thread 0x000000001a1d2000 Implicit null exception at 0x00000000032cc716 to 0x00000000032ccab9
Event: 11.825 Thread 0x000000001a1d2000 Implicit null exception at 0x00000000032b1bd4 to 0x00000000032b1f91
Event: 12.112 Thread 0x000000001a1d2000 Implicit null exception at 0x000000000341f70c to 0x000000000341fe81
Event: 65.037 Thread 0x000000001a1d2000 Implicit null exception at 0x000000000385a51a to 0x000000000385a6ed
Event: 65.889 Thread 0x000000001a1d2000 Implicit null exception at 0x000000000373db30 to 0x000000000373e28f
Event: 66.439 Thread 0x000000001a1d2000 Implicit null exception at 0x000000000324df6c to 0x000000000324e181
Event: 66.535 Thread 0x000000001a36e800 Exception <a 'java/lang/InterruptedException'> (0x00000000e0a979a0) thrown at [C:\re\workspace\8-2-build-windows-amd64-cygwin\jdk8u161\10277\hotspot\src\share\vm\runtime\objectMonitor.cpp, line 1684]
Event: 66.536 Thread 0x000000001a36b000 Exception <a 'java/net/SocketException': Socket closed> (0x00000000e153d468) thrown at [C:\re\workspace\8-2-build-windows-amd64-cygwin\jdk8u161\10277\hotspot\src\share\vm\prims\jni.cpp, line 735]
Event: 66.537 Thread 0x000000001a1d0800 Exception <a 'java/lang/InterruptedException'> (0x00000000ddfc9c58) thrown at [C:\re\workspace\8-2-build-windows-amd64-cygwin\jdk8u161\10277\hotspot\src\share\vm\runtime\objectMonitor.cpp, line 1684]

Events (10 events):
Event: 66.543 Thread 0x000000001a372800 Thread exited: 0x000000001a372800
Event: 66.543 Thread 0x000000001a36b000 Thread exited: 0x000000001a36b000
Event: 66.543 Thread 0x000000001a373000 Thread exited: 0x000000001a373000
Event: 66.543 Thread 0x000000001a36e800 Thread exited: 0x000000001a36e800
Event: 66.544 Executing VM operation: RevokeBias
Event: 66.544 Executing VM operation: RevokeBias done
Event: 66.544 Executing VM operation: RevokeBias
Event: 66.544 Executing VM operation: RevokeBias done
Event: 66.544 Executing VM operation: RevokeBias
Event: 66.544 Executing VM operation: RevokeBias done


Dynamic libraries:
0x00007ff6a2380000 - 0x00007ff6a23b7000 	C:\Program Files\Java\jdk1.8.0_161\bin\java.exe
0x00007ffc03c60000 - 0x00007ffc03e41000 	C:\WINDOWS\SYSTEM32\ntdll.dll
0x00007ffbfa970000 - 0x00007ffbfa982000 	C:\Program Files\AVAST Software\Avast\aswhook.dll
0x00007ffc012c0000 - 0x00007ffc01371000 	C:\WINDOWS\System32\KERNEL32.DLL
0x00007ffc00510000 - 0x00007ffc00783000 	C:\WINDOWS\System32\KERNELBASE.dll
0x00007ffc02530000 - 0x00007ffc025d1000 	C:\WINDOWS\System32\ADVAPI32.dll
0x00007ffc01de0000 - 0x00007ffc01e7e000 	C:\WINDOWS\System32\msvcrt.dll
0x00007ffc02030000 - 0x00007ffc0208b000 	C:\WINDOWS\System32\sechost.dll
0x00007ffc02640000 - 0x00007ffc02764000 	C:\WINDOWS\System32\RPCRT4.dll
0x00007ffc01e80000 - 0x00007ffc02010000 	C:\WINDOWS\System32\USER32.dll
0x00007ffc00790000 - 0x00007ffc007b0000 	C:\WINDOWS\System32\win32u.dll
0x00007ffc010f0000 - 0x00007ffc01118000 	C:\WINDOWS\System32\GDI32.dll
0x00007ffc00120000 - 0x00007ffc002b1000 	C:\WINDOWS\System32\gdi32full.dll
0x00007ffc00030000 - 0x00007ffc000cf000 	C:\WINDOWS\System32\msvcp_win.dll
0x00007ffc008e0000 - 0x00007ffc009d8000 	C:\WINDOWS\System32\ucrtbase.dll
0x00007ffbf24c0000 - 0x00007ffbf2729000 	C:\WINDOWS\WinSxS\amd64_microsoft.windows.common-controls_6595b64144ccf1df_6.0.17134.885_none_fb42a3473065565f\COMCTL32.dll
0x00007ffc02130000 - 0x00007ffc02452000 	C:\WINDOWS\System32\combase.dll
0x00007ffc00860000 - 0x00007ffc008d9000 	C:\WINDOWS\System32\bcryptPrimitives.dll
0x00007ffc01be0000 - 0x00007ffc01c0d000 	C:\WINDOWS\System32\IMM32.DLL
0x000000005e1f0000 - 0x000000005e2c2000 	C:\Program Files\Java\jdk1.8.0_161\jre\bin\msvcr100.dll
0x000000005d190000 - 0x000000005da2f000 	C:\Program Files\Java\jdk1.8.0_161\jre\bin\server\jvm.dll
0x00007ffc027e0000 - 0x00007ffc027e8000 	C:\WINDOWS\System32\PSAPI.DLL
0x00007ffbf0bb0000 - 0x00007ffbf0bb9000 	C:\WINDOWS\SYSTEM32\WSOCK32.dll
0x00007ffc02770000 - 0x00007ffc027dc000 	C:\WINDOWS\System32\WS2_32.dll
0x00007ffbf67c0000 - 0x00007ffbf67e3000 	C:\WINDOWS\SYSTEM32\WINMM.dll
0x00007ffbfb680000 - 0x00007ffbfb68a000 	C:\WINDOWS\SYSTEM32\VERSION.dll
0x00007ffbf6670000 - 0x00007ffbf669a000 	C:\WINDOWS\SYSTEM32\WINMMBASE.dll
0x00007ffc000d0000 - 0x00007ffc00119000 	C:\WINDOWS\System32\cfgmgr32.dll
0x000000005e1e0000 - 0x000000005e1ef000 	C:\Program Files\Java\jdk1.8.0_161\jre\bin\verify.dll
0x000000005d160000 - 0x000000005d189000 	C:\Program Files\Java\jdk1.8.0_161\jre\bin\java.dll
0x000000005d140000 - 0x000000005d156000 	C:\Program Files\Java\jdk1.8.0_161\jre\bin\zip.dll
0x00007ffc027f0000 - 0x00007ffc03c30000 	C:\WINDOWS\System32\SHELL32.dll
0x00007ffc019b0000 - 0x00007ffc01a59000 	C:\WINDOWS\System32\shcore.dll
0x00007ffc009e0000 - 0x00007ffc010ed000 	C:\WINDOWS\System32\windows.storage.dll
0x00007ffc025e0000 - 0x00007ffc02631000 	C:\WINDOWS\System32\shlwapi.dll
0x00007ffc00000000 - 0x00007ffc00011000 	C:\WINDOWS\System32\kernel.appcore.dll
0x00007ffbfffe0000 - 0x00007ffbfffff000 	C:\WINDOWS\System32\profapi.dll
0x00007ffbfff90000 - 0x00007ffbfffdc000 	C:\WINDOWS\System32\powrprof.dll
0x00007ffc00020000 - 0x00007ffc0002a000 	C:\WINDOWS\System32\FLTLIB.DLL
0x000000005cf60000 - 0x000000005d0f8000 	C:\Program Files\Java\jdk1.8.0_161\jre\bin\awt.dll
0x00007ffc02460000 - 0x00007ffc02522000 	C:\WINDOWS\System32\OLEAUT32.dll
0x00007ffbfda20000 - 0x00007ffbfdaab000 	C:\WINDOWS\SYSTEM32\apphelp.dll
0x00007ffbfdbc0000 - 0x00007ffbfdc58000 	C:\WINDOWS\system32\uxtheme.dll
0x00007ffc01a60000 - 0x00007ffc01bd3000 	C:\WINDOWS\System32\MSCTF.dll
0x00007ffbfdc90000 - 0x00007ffbfdcb9000 	C:\WINDOWS\system32\dwmapi.dll
0x00007ffc01c80000 - 0x00007ffc01dd1000 	C:\WINDOWS\System32\ole32.dll
0x000000005ce50000 - 0x000000005ce57000 	C:\Program Files\Java\jdk1.8.0_161\jre\bin\jawt.dll
0x000000001aed0000 - 0x000000001af0e000 	C:\Program Files\Java\jdk1.8.0_161\jre\bin\j3dcore-ogl.dll
0x00007ffbe22c0000 - 0x00007ffbe23e0000 	C:\WINDOWS\SYSTEM32\OPENGL32.dll
0x00007ffbe60a0000 - 0x00007ffbe60cc000 	C:\WINDOWS\SYSTEM32\GLU32.dll
0x00007ffba3350000 - 0x00007ffba3e97000 	C:\WINDOWS\SYSTEM32\ig75icd64.dll
0x00007ffbd7a30000 - 0x00007ffbd846f000 	C:\WINDOWS\SYSTEM32\igdusc64.dll
0x00007ffbfbdc0000 - 0x00007ffbfbdd3000 	C:\WINDOWS\SYSTEM32\WTSAPI32.dll
0x000000005cf10000 - 0x000000005cf57000 	C:\Program Files\Java\jdk1.8.0_161\jre\bin\fontmanager.dll
0x000000005cd70000 - 0x000000005ce41000 	C:\Users\joaoq\AppData\Local\Temp\javacpp126536653950532\msvcr100.dll
0x000000005ccd0000 - 0x000000005cd68000 	C:\Users\joaoq\AppData\Local\Temp\javacpp126536653950532\msvcp100.dll
0x0000000066840000 - 0x00000000676b4000 	C:\Users\joaoq\AppData\Local\Temp\javacpp126536653950532\opencv_ffmpeg248_64.dll
0x00007ffbc2730000 - 0x00007ffbc29a2000 	C:\Users\joaoq\AppData\Local\Temp\javacpp126536653950532\opencv_core248.dll
0x00007ffbc2140000 - 0x00007ffbc23f2000 	C:\Users\joaoq\AppData\Local\Temp\javacpp126536653950532\opencv_imgproc248.dll
0x00007ffbc1ef0000 - 0x00007ffbc213d000 	C:\Users\joaoq\AppData\Local\Temp\javacpp126536653950532\opencv_highgui248.dll
0x00007ffbf9720000 - 0x00007ffbf973f000 	C:\WINDOWS\SYSTEM32\AVIFIL32.dll
0x00007ffbe7330000 - 0x00007ffbe7359000 	C:\WINDOWS\SYSTEM32\MSVFW32.dll
0x00007ffbf1cc0000 - 0x00007ffbf1cd8000 	C:\WINDOWS\SYSTEM32\AVICAP32.dll
0x00007ffbfc4d0000 - 0x00007ffbfc4ec000 	C:\WINDOWS\SYSTEM32\MSACM32.dll
0x00007ffbf1b70000 - 0x00007ffbf1b83000 	C:\Users\joaoq\AppData\Local\Temp\javacpp126536653950532\jniopencv_highgui.dll
0x00007ffbff490000 - 0x00007ffbff4f6000 	C:\WINDOWS\system32\mswsock.dll
0x00007ffbffd60000 - 0x00007ffbffd77000 	C:\WINDOWS\SYSTEM32\CRYPTSP.dll
0x00007ffbff080000 - 0x00007ffbff0b3000 	C:\WINDOWS\system32\rsaenh.dll
0x00007ffbffa90000 - 0x00007ffbffab5000 	C:\WINDOWS\SYSTEM32\bcrypt.dll
0x00007ffbff640000 - 0x00007ffbff64b000 	C:\WINDOWS\SYSTEM32\CRYPTBASE.dll
0x00007ffbfa930000 - 0x00007ffbfa946000 	C:\WINDOWS\system32\napinsp.dll
0x00007ffbfa910000 - 0x00007ffbfa92a000 	C:\WINDOWS\system32\pnrpnsp.dll
0x00007ffbfc400000 - 0x00007ffbfc419000 	C:\WINDOWS\system32\NLAapi.dll
0x00007ffbff270000 - 0x00007ffbff32e000 	C:\WINDOWS\SYSTEM32\DNSAPI.dll
0x00007ffc01c10000 - 0x00007ffc01c18000 	C:\WINDOWS\System32\NSI.dll
0x00007ffbff220000 - 0x00007ffbff258000 	C:\WINDOWS\SYSTEM32\IPHLPAPI.DLL
0x00007ffbfa900000 - 0x00007ffbfa90e000 	C:\WINDOWS\System32\winrnr.dll
0x00007ffbf4070000 - 0x00007ffbf4085000 	C:\WINDOWS\System32\wshbth.dll
0x00007ffbcddf0000 - 0x00007ffbcde8a000 	C:\Users\joaoq\AppData\Local\Temp\javacpp126536653950532\jniopencv_core.dll
0x000000005d120000 - 0x000000005d13a000 	C:\Program Files\Java\jdk1.8.0_161\jre\bin\net.dll
0x000000005d100000 - 0x000000005d111000 	C:\Program Files\Java\jdk1.8.0_161\jre\bin\nio.dll
0x00007ffbf5c50000 - 0x00007ffbf5c5a000 	C:\Windows\System32\rasadhlp.dll
0x000000005cec0000 - 0x000000005cf02000 	C:\Program Files\Java\jdk1.8.0_161\jre\bin\t2k.dll
0x00007ffbf18f0000 - 0x00007ffbf1962000 	C:\WINDOWS\System32\fwpuclnt.dll
0x00007ffbf2f00000 - 0x00007ffbf2f96000 	C:\WINDOWS\System32\TextInputFramework.dll
0x00007ffbf55c0000 - 0x00007ffbf58de000 	C:\WINDOWS\System32\CoreUIComponents.dll
0x00007ffbfd760000 - 0x00007ffbfd83a000 	C:\WINDOWS\System32\CoreMessaging.dll
0x00007ffbfece0000 - 0x00007ffbfed11000 	C:\WINDOWS\SYSTEM32\ntmarta.dll
0x00007ffbfbb70000 - 0x00007ffbfbcbd000 	C:\WINDOWS\SYSTEM32\wintypes.dll
0x000000005ce90000 - 0x000000005ceba000 	C:\Program Files\Java\jdk1.8.0_161\jre\bin\dcpr.dll
0x00007ffbfe2d0000 - 0x00007ffbfe38b000 	C:\WINDOWS\SYSTEM32\dxgi.dll
0x00007ffbfc570000 - 0x00007ffbfc87b000 	C:\WINDOWS\SYSTEM32\d3d11.dll
0x00007ffbffac0000 - 0x00007ffbffc89000 	C:\WINDOWS\SYSTEM32\dbghelp.dll

VM Arguments:
jvm_args: -Dfile.encoding=UTF-8 
java_command: serial.JFMain
java_class_path (initial): C:\Program Files\Java\jre1.8.0_191\lib\ext\RXTXcomm.jar;C:\Program Files\NetBeans 8.2\java\modules\ext\AbsoluteLayout.jar;C:\Users\joaoq\Downloads\opencv\build\java\opencv-347.jar;C:\Users\joaoq\Downloads\IP-Camera-Java-CV-Libraries-master\javacv.jar;C:\Users\joaoq\Downloads\IP-Camera-Java-CV-Libraries-master\javacpp.jar;C:\Users\joaoq\Downloads\IP-Camera-Java-CV-Libraries-master\javacv-windows-x86.jar;C:\Users\joaoq\Downloads\IP-Camera-Java-CV-Libraries-master\javacv-windows-x86_64.jar;C:\Users\joaoq\Downloads\IP-Camera-Java-CV-Libraries-master\opencv-2.4.8-windows-x86.jar;C:\Users\joaoq\Downloads\IP-Camera-Java-CV-Libraries-master\opencv-2.4.8-windows-x86_64.jar;C:\Users\joaoq\Downloads\org.eclipse.paho.client.mqttv3-1.2.0.jar;C:\Users\joaoq\Google Drive\TCC João Pedro Quintino\TCC2\Software PC\ReadWriteSerial\build\classes
Launcher Type: SUN_STANDARD

Environment Variables:
JAVA_HOME=C:\Program Files\Java\jdk1.8.0_161
CLASSPATH=C:\Program Files\Java\jdk1.8.0_161\lib;C:\jflex-1.6.1\lib\jflex-1.6.1.jar
PATH=C:\Program Files (x86)\Common Files\Oracle\Java\javapath;C:\ProgramData\Oracle\Java\javapath;C:\Program Files (x86)\Intel\iCLS Client\;C:\Program Files\Intel\iCLS Client\;C:\Windows\system32;C:\Windows;C:\Windows\System32\Wbem;C:\Windows\System32\WindowsPowerShell\v1.0\;C:\Program Files (x86)\Intel\Intel(R) Management Engine Components\DAL;C:\Program Files\Intel\Intel(R) Management Engine Components\DAL;C:\Program Files (x86)\Intel\Intel(R) Management Engine Components\IPT;C:\Program Files\Intel\Intel(R) Management Engine Components\IPT;C:\Program Files (x86)\NVIDIA Corporation\PhysX\Common;C:\WINDOWS\system32;C:\WINDOWS;C:\WINDOWS\System32\Wbem;C:\WINDOWS\System32\WindowsPowerShell\v1.0\;C:\Program Files\Java\jdk1.8.0_161\bin;C:\WINDOWS\System32\OpenSSH\;C:\Program Files\MATLAB\R2018a\runtime\win64;C:\Program Files\MATLAB\R2018a\bin;D:\Program Files\nodejs\;D:\Program Files\Microsoft VS Code\bin;D:\Program Files (x86)\Yarn\bin\;C:\Program Files\Git\cmd;C:\Users\joaoq\AppData\Local\Programs\Python\Python37-32\Scripts\;C:\Users\joaoq\AppData\Local\Programs\Python\Python37-32\;C:\Users\joaoq\AppData\Local\Microsoft\WindowsApps;C:\Users\joaoq\AppData\Roaming\npm;C:\Users\joaoq\AppData\Local\Yarn\bin;D:\Program Files\Docker Toolbox
USERNAME=joaoq
OS=Windows_NT
PROCESSOR_IDENTIFIER=Intel64 Family 6 Model 69 Stepping 1, GenuineIntel



---------------  S Y S T E M  ---------------

OS: Windows 10.0 , 64 bit Build 17134 (10.0.17134.753)

CPU:total 4 (initial active 4) (2 cores per cpu, 2 threads per core) family 6 model 69 stepping 1, cmov, cx8, fxsr, mmx, sse, sse2, sse3, ssse3, sse4.1, sse4.2, popcnt, avx, avx2, aes, clmul, erms, lzcnt, ht, tsc, tscinvbit, bmi1, bmi2

Memory: 4k page, physical 8289792k(2009976k free), swap 13939048k(5159288k free)

vm_info: Java HotSpot(TM) 64-Bit Server VM (25.161-b12) for windows-amd64 JRE (1.8.0_161-b12), built on Dec 19 2017 17:52:25 by "java_re" with MS VC++ 10.0 (VS2010)

time: Thu Aug 08 20:44:38 2019
elapsed time: 66 seconds (0d 0h 1m 6s)

