#
# A fatal error has been detected by the Java Runtime Environment:
#
#  EXCEPTION_ACCESS_VIOLATION (0xc0000005) at pc=0x0000000066842310, pid=25580, tid=0x0000000000002afc
#
# JRE version: Java(TM) SE Runtime Environment (8.0_161-b12) (build 1.8.0_161-b12)
# Java VM: Java HotSpot(TM) 64-Bit Server VM (25.161-b12 mixed mode windows-amd64 compressed oops)
# Problematic frame:
# C  [opencv_ffmpeg248_64.dll+0x2310]
#
# Failed to write core dump. Minidumps are not enabled by default on client versions of Windows
#
# If you would like to submit a bug report, please visit:
#   http://bugreport.java.com/bugreport/crash.jsp
# The crash happened outside the Java Virtual Machine in native code.
# See problematic frame for where to report the bug.
#

---------------  T H R E A D  ---------------

Current thread (0x0000000019c13800):  JavaThread "Thread-4" [_thread_in_native, id=11004, stack(0x0000000061ad0000,0x0000000061bd0000)]

siginfo: ExceptionCode=0xc0000005, reading address 0x0000000000000008

Registers:
RAX=0x0000000000000000, RBX=0x000000000120d2d0, RCX=0x0000000001200000, RDX=0x000000005dc6eb60
RSP=0x0000000061bcebe0, RBP=0x8000000000000000, RSI=0x000000000120d568, RDI=0x0000000000000005
R8 =0x0000000061bcec0c, R9 =0x000000000120d568, R10=0x0000000000000000, R11=0x0000000061bce6d0
R12=0x0000000000000000, R13=0x0000000061bceea0, R14=0x0000000061bced70, R15=0x0000000019c13800
RIP=0x0000000066842310, EFLAGS=0x0000000000010246

Top of Stack: (sp=0x0000000061bcebe0)
0x0000000061bcebe0:   0000000061bced80 000000006684346a
0x0000000061bcebf0:   00004b6ac51bae0f 0000000081d7a1b8
0x0000000061bcec00:   00004b6ac51baeef 0000000061bced70
0x0000000061bcec10:   000000000000072f 0000000081eb0c10
0x0000000061bcec20:   000000005d6762f8 0000000061bced80
0x0000000061bcec30:   0000000000000000 0000000066843429
0x0000000061bcec40:   0000000081e7dee0 0000000019c13800
0x0000000061bcec50:   0000000019c13800 000000007236de8c
0x0000000061bcec60:   0000000100064e18 00007ffede5c3323
0x0000000061bcec70:   00000000d60256d0 00000000723a8690
0x0000000061bcec80:   0000000019c13800 000000007239ed79
0x0000000061bcec90:   00000000d60256d0 00007ffede5c10e1
0x0000000061bceca0:   0000000019c139f8 0000000019c13800
0x0000000061bcecb0:   0000000019c13800 0000000000000000
0x0000000061bcecc0:   0000000000000000 0000000019c139f8
0x0000000061bcecd0:   0000000019dab850 00007fff00fd756b 

Instructions: (pc=0x0000000066842310)
0x00000000668422f0:   e0 48 83 c4 30 5b 5e 5f 5d 41 5c c3 0f 1f 40 00
0x0000000066842300:   48 8b 43 18 48 8b 53 20 4c 8d 44 24 2c 49 89 f1
0x0000000066842310:   48 8b 48 08 e8 c7 c5 0e 00 44 8b 64 24 2c 45 85
0x0000000066842320:   e4 74 1d 48 39 ab 90 02 00 00 74 64 48 83 83 18 


Register to memory mapping:

RAX=0x0000000000000000 is an unknown value
RBX=0x000000000120d2d0 is an unknown value
RCX=0x0000000001200000 is an unknown value
RDX=0x000000005dc6eb60 is an unknown value
RSP=0x0000000061bcebe0 is pointing into the stack for thread: 0x0000000019c13800
RBP=0x8000000000000000 is an unknown value
RSI=0x000000000120d568 is an unknown value
RDI=0x0000000000000005 is an unknown value
R8 =0x0000000061bcec0c is pointing into the stack for thread: 0x0000000019c13800
R9 =0x000000000120d568 is an unknown value
R10=0x0000000000000000 is an unknown value
R11=0x0000000061bce6d0 is pointing into the stack for thread: 0x0000000019c13800
R12=0x0000000000000000 is an unknown value
R13=0x0000000061bceea0 is pointing into the stack for thread: 0x0000000019c13800
R14=0x0000000061bced70 is pointing into the stack for thread: 0x0000000019c13800
R15=0x0000000019c13800 is a thread


Stack: [0x0000000061ad0000,0x0000000061bd0000],  sp=0x0000000061bcebe0,  free space=1018k
Native frames: (J=compiled Java code, j=interpreted, Vv=VM code, C=native code)
C  [opencv_ffmpeg248_64.dll+0x2310]
C  [opencv_ffmpeg248_64.dll+0x3429]
C  [opencv_highgui248.dll+0x3323]
C  [opencv_highgui248.dll+0x10e1]
C  [jniopencv_highgui.dll+0x756b]
C  0x00000000031c6794

Java frames: (J=compiled Java code, j=interpreted, Vv=VM code)
J 1948  com.googlecode.javacv.cpp.opencv_highgui.cvGrabFrame(Lcom/googlecode/javacv/cpp/opencv_highgui$CvCapture;)I (0 bytes) @ 0x00000000031c6712 [0x00000000031c66c0+0x52]
J 1957 C1 com.googlecode.javacv.OpenCVFrameGrabber.grab()Lcom/googlecode/javacv/cpp/opencv_core$IplImage; (177 bytes) @ 0x00000000031cd57c [0x00000000031cd400+0x17c]
j  serial.CameraHandler.run()V+19
j  java.lang.Thread.run()V+11
v  ~StubRoutines::call_stub

---------------  P R O C E S S  ---------------

Java Threads: ( => current thread )
  0x0000000019f55000 JavaThread "DestroyJavaVM" [_thread_blocked, id=23616, stack(0x0000000002920000,0x0000000002a20000)]
  0x0000000019f57800 JavaThread "J3D-InputDeviceScheduler-1" [_thread_blocked, id=14284, stack(0x00000000623d0000,0x00000000624d0000)]
  0x0000000019f56800 JavaThread "J3D-SoundSchedulerUpdateThread-1" [_thread_blocked, id=8292, stack(0x00000000622d0000,0x00000000623d0000)]
  0x0000000019f56000 JavaThread "J3D-RenderStructureUpdateThread-1" [_thread_blocked, id=1140, stack(0x00000000621d0000,0x00000000622d0000)]
  0x0000000019f53000 JavaThread "J3D-BehaviorScheduler-1" [_thread_blocked, id=20736, stack(0x00000000620d0000,0x00000000621d0000)]
  0x0000000019f52000 JavaThread "J3D-TransformStructureUpdateThread-1" [_thread_blocked, id=16540, stack(0x0000000061fd0000,0x00000000620d0000)]
  0x0000000019c15000 JavaThread "J3D-RenderingEnvironmentStructureUpdateThread-1" [_thread_blocked, id=16112, stack(0x0000000061ed0000,0x0000000061fd0000)]
  0x0000000019c14000 JavaThread "J3D-SoundStructureUpdateThread-1" [_thread_blocked, id=18320, stack(0x0000000061dd0000,0x0000000061ed0000)]
  0x0000000019c11000 JavaThread "J3D-GeometryStructureUpdateThread-1" [_thread_blocked, id=7740, stack(0x0000000061cd0000,0x0000000061dd0000)]
  0x0000000019c10000 JavaThread "J3D-BehaviorStructureUpdateThread-1" [_thread_blocked, id=23644, stack(0x0000000061bd0000,0x0000000061cd0000)]
=>0x0000000019c13800 JavaThread "Thread-4" [_thread_in_native, id=11004, stack(0x0000000061ad0000,0x0000000061bd0000)]
  0x0000000019c12800 JavaThread "TimerQueue" daemon [_thread_blocked, id=25032, stack(0x00000000619d0000,0x0000000061ad0000)]
  0x0000000019c15800 JavaThread "AWT-EventQueue-0" [_thread_blocked, id=24100, stack(0x00000000617d0000,0x00000000618d0000)]
  0x0000000019c12000 JavaThread "AWT-Shutdown" [_thread_blocked, id=13872, stack(0x00000000616d0000,0x00000000617d0000)]
  0x0000000019dec800 JavaThread "J3D-Renderer-1" [_thread_blocked, id=20328, stack(0x000000001aea0000,0x000000001afa0000)]
  0x0000000019dc4800 JavaThread "J3D-MasterControl-1" [_thread_blocked, id=10532, stack(0x000000001ada0000,0x000000001aea0000)]
  0x000000001991e800 JavaThread "J3D-NotificationThread" [_thread_blocked, id=16064, stack(0x000000001aca0000,0x000000001ada0000)]
  0x00000000198e2800 JavaThread "J3D-TimerThread" [_thread_blocked, id=8728, stack(0x000000001aba0000,0x000000001aca0000)]
  0x0000000019d97000 JavaThread "J3D-RenderingAttributesStructureUpdateThread" [_thread_blocked, id=8700, stack(0x000000001a9d0000,0x000000001aad0000)]
  0x0000000019873800 JavaThread "Java2D Disposer" daemon [_thread_blocked, id=9864, stack(0x0000000019fb0000,0x000000001a0b0000)]
  0x0000000019089000 JavaThread "Service Thread" daemon [_thread_blocked, id=3392, stack(0x0000000019460000,0x0000000019560000)]
  0x000000001770c000 JavaThread "C1 CompilerThread2" daemon [_thread_blocked, id=8872, stack(0x0000000018f60000,0x0000000019060000)]
  0x0000000017704000 JavaThread "C2 CompilerThread1" daemon [_thread_blocked, id=21940, stack(0x0000000018e60000,0x0000000018f60000)]
  0x0000000017701000 JavaThread "C2 CompilerThread0" daemon [_thread_blocked, id=5584, stack(0x0000000018d60000,0x0000000018e60000)]
  0x00000000176fd000 JavaThread "Attach Listener" daemon [_thread_blocked, id=19632, stack(0x0000000018c60000,0x0000000018d60000)]
  0x00000000176fb800 JavaThread "Signal Dispatcher" daemon [_thread_blocked, id=21688, stack(0x0000000018b60000,0x0000000018c60000)]
  0x0000000002bad000 JavaThread "Finalizer" daemon [_thread_blocked, id=6892, stack(0x0000000018950000,0x0000000018a50000)]
  0x0000000002ba2000 JavaThread "Reference Handler" daemon [_thread_blocked, id=21664, stack(0x0000000018850000,0x0000000018950000)]

Other Threads:
  0x00000000176c8000 VMThread [stack: 0x0000000018750000,0x0000000018850000] [id=18544]
  0x0000000019069800 WatcherThread [stack: 0x0000000019560000,0x0000000019660000] [id=5728]

VM state:not at safepoint (normal execution)

VM Mutex/Monitor currently owned by a thread: None

Heap:
 PSYoungGen      total 52224K, used 34935K [0x00000000d5d80000, 0x00000000d9d80000, 0x0000000100000000)
  eden space 40960K, 65% used [0x00000000d5d80000,0x00000000d7794f68,0x00000000d8580000)
  from space 11264K, 73% used [0x00000000d9280000,0x00000000d9a89030,0x00000000d9d80000)
  to   space 12288K, 0% used [0x00000000d8580000,0x00000000d8580000,0x00000000d9180000)
 ParOldGen       total 63488K, used 45662K [0x0000000081800000, 0x0000000085600000, 0x00000000d5d80000)
  object space 63488K, 71% used [0x0000000081800000,0x0000000084497a30,0x0000000085600000)
 Metaspace       used 19790K, capacity 20118K, committed 20352K, reserved 1067008K
  class space    used 2240K, capacity 2350K, committed 2432K, reserved 1048576K

Card table byte_map: [0x0000000011f70000,0x0000000012370000] byte_map_base: 0x0000000011b64000

Marking Bits: (ParMarkBitMap*) 0x0000000072a7f860
 Begin Bits: [0x0000000012a20000, 0x00000000149c0000)
 End Bits:   [0x00000000149c0000, 0x0000000016960000)

Polling page: 0x0000000000ef0000

CodeCache: size=245760Kb used=9894Kb max_used=9909Kb free=235865Kb
 bounds [0x0000000002bb0000, 0x0000000003590000, 0x0000000011bb0000]
 total_blobs=3122 nmethods=2440 adapters=593
 compilation: enabled

Compilation events (10 events):
Event: 175.402 Thread 0x0000000017704000 2779       4       java.awt.LinearGradientPaintContext::fillRaster (97 bytes)
Event: 175.414 Thread 0x000000001770c000 2780       3       java.awt.RenderingHints$Key::hashCode (5 bytes)
Event: 175.414 Thread 0x000000001770c000 nmethod 2780 0x000000000301ef10 code [0x000000000301f080, 0x000000000301f208]
Event: 175.415 Thread 0x000000001770c000 2781       3       sun.dc.pr.Rasterizer::getTypicalAlpha (54 bytes)
Event: 175.415 Thread 0x000000001770c000 nmethod 2781 0x00000000030649d0 code [0x0000000003064b40, 0x0000000003064d48]
Event: 175.416 Thread 0x0000000017704000 nmethod 2779 0x0000000003004610 code [0x0000000003004780, 0x0000000003004d98]
Event: 175.426 Thread 0x0000000017701000 2783       4       java.awt.Component::isFocusOwner (5 bytes)
Event: 175.435 Thread 0x0000000017701000 nmethod 2783 0x0000000003056ad0 code [0x0000000003056c60, 0x00000000030571c8]
Event: 175.700 Thread 0x000000001770c000 2784       1       java.awt.event.MouseEvent::getButton (5 bytes)
Event: 175.701 Thread 0x000000001770c000 nmethod 2784 0x0000000002cff390 code [0x0000000002cff4e0, 0x0000000002cff5f0]

GC Heap History (10 events):
Event: 168.959 GC heap before
{Heap before GC invocations=61 (full 5):
 PSYoungGen      total 56320K, used 55409K [0x00000000d5d80000, 0x00000000da480000, 0x0000000100000000)
  eden space 45056K, 98% used [0x00000000d5d80000,0x00000000d88f0418,0x00000000d8980000)
  from space 11264K, 97% used [0x00000000d8a80000,0x00000000d952c040,0x00000000d9580000)
  to   space 13824K, 0% used [0x00000000d9700000,0x00000000d9700000,0x00000000da480000)
 ParOldGen       total 63488K, used 40214K [0x0000000081800000, 0x0000000085600000, 0x00000000d5d80000)
  object space 63488K, 63% used [0x0000000081800000,0x0000000083f45a10,0x0000000085600000)
 Metaspace       used 19711K, capacity 20054K, committed 20352K, reserved 1067008K
  class space    used 2233K, capacity 2350K, committed 2432K, reserved 1048576K
Event: 168.965 GC heap after
Heap after GC invocations=61 (full 5):
 PSYoungGen      total 56832K, used 5528K [0x00000000d5d80000, 0x00000000da380000, 0x0000000100000000)
  eden space 44032K, 0% used [0x00000000d5d80000,0x00000000d5d80000,0x00000000d8880000)
  from space 12800K, 43% used [0x00000000d9700000,0x00000000d9c66020,0x00000000da380000)
  to   space 13824K, 0% used [0x00000000d8880000,0x00000000d8880000,0x00000000d9600000)
 ParOldGen       total 63488K, used 45638K [0x0000000081800000, 0x0000000085600000, 0x00000000d5d80000)
  object space 63488K, 71% used [0x0000000081800000,0x0000000084491a30,0x0000000085600000)
 Metaspace       used 19711K, capacity 20054K, committed 20352K, reserved 1067008K
  class space    used 2233K, capacity 2350K, committed 2432K, reserved 1048576K
}
Event: 170.467 GC heap before
{Heap before GC invocations=62 (full 5):
 PSYoungGen      total 56832K, used 47264K [0x00000000d5d80000, 0x00000000da380000, 0x0000000100000000)
  eden space 44032K, 94% used [0x00000000d5d80000,0x00000000d8642258,0x00000000d8880000)
  from space 12800K, 43% used [0x00000000d9700000,0x00000000d9c66020,0x00000000da380000)
  to   space 13824K, 0% used [0x00000000d8880000,0x00000000d8880000,0x00000000d9600000)
 ParOldGen       total 63488K, used 45638K [0x0000000081800000, 0x0000000085600000, 0x00000000d5d80000)
  object space 63488K, 71% used [0x0000000081800000,0x0000000084491a30,0x0000000085600000)
 Metaspace       used 19711K, capacity 20054K, committed 20352K, reserved 1067008K
  class space    used 2233K, capacity 2350K, committed 2432K, reserved 1048576K
Event: 170.472 GC heap after
Heap after GC invocations=62 (full 5):
 PSYoungGen      total 51712K, used 8228K [0x00000000d5d80000, 0x00000000da180000, 0x0000000100000000)
  eden space 43008K, 0% used [0x00000000d5d80000,0x00000000d5d80000,0x00000000d8780000)
  from space 8704K, 94% used [0x00000000d8880000,0x00000000d9089030,0x00000000d9100000)
  to   space 13312K, 0% used [0x00000000d9480000,0x00000000d9480000,0x00000000da180000)
 ParOldGen       total 63488K, used 45646K [0x0000000081800000, 0x0000000085600000, 0x00000000d5d80000)
  object space 63488K, 71% used [0x0000000081800000,0x0000000084493a30,0x0000000085600000)
 Metaspace       used 19711K, capacity 20054K, committed 20352K, reserved 1067008K
  class space    used 2233K, capacity 2350K, committed 2432K, reserved 1048576K
}
Event: 171.947 GC heap before
{Heap before GC invocations=63 (full 5):
 PSYoungGen      total 51712K, used 49921K [0x00000000d5d80000, 0x00000000da180000, 0x0000000100000000)
  eden space 43008K, 96% used [0x00000000d5d80000,0x00000000d86373f8,0x00000000d8780000)
  from space 8704K, 94% used [0x00000000d8880000,0x00000000d9089030,0x00000000d9100000)
  to   space 13312K, 0% used [0x00000000d9480000,0x00000000d9480000,0x00000000da180000)
 ParOldGen       total 63488K, used 45646K [0x0000000081800000, 0x0000000085600000, 0x00000000d5d80000)
  object space 63488K, 71% used [0x0000000081800000,0x0000000084493a30,0x0000000085600000)
 Metaspace       used 19711K, capacity 20054K, committed 20352K, reserved 1067008K
  class space    used 2233K, capacity 2350K, committed 2432K, reserved 1048576K
Event: 171.953 GC heap after
Heap after GC invocations=63 (full 5):
 PSYoungGen      total 53248K, used 8228K [0x00000000d5d80000, 0x00000000d9f80000, 0x0000000100000000)
  eden space 41984K, 0% used [0x00000000d5d80000,0x00000000d5d80000,0x00000000d8680000)
  from space 11264K, 73% used [0x00000000d9480000,0x00000000d9c89030,0x00000000d9f80000)
  to   space 12800K, 0% used [0x00000000d8680000,0x00000000d8680000,0x00000000d9300000)
 ParOldGen       total 63488K, used 45662K [0x0000000081800000, 0x0000000085600000, 0x00000000d5d80000)
  object space 63488K, 71% used [0x0000000081800000,0x0000000084497a30,0x0000000085600000)
 Metaspace       used 19711K, capacity 20054K, committed 20352K, reserved 1067008K
  class space    used 2233K, capacity 2350K, committed 2432K, reserved 1048576K
}
Event: 173.438 GC heap before
{Heap before GC invocations=64 (full 5):
 PSYoungGen      total 53248K, used 49921K [0x00000000d5d80000, 0x00000000d9f80000, 0x0000000100000000)
  eden space 41984K, 99% used [0x00000000d5d80000,0x00000000d86376d8,0x00000000d8680000)
  from space 11264K, 73% used [0x00000000d9480000,0x00000000d9c89030,0x00000000d9f80000)
  to   space 12800K, 0% used [0x00000000d8680000,0x00000000d8680000,0x00000000d9300000)
 ParOldGen       total 63488K, used 45662K [0x0000000081800000, 0x0000000085600000, 0x00000000d5d80000)
  object space 63488K, 71% used [0x0000000081800000,0x0000000084497a30,0x0000000085600000)
 Metaspace       used 19711K, capacity 20054K, committed 20352K, reserved 1067008K
  class space    used 2233K, capacity 2350K, committed 2432K, reserved 1048576K
Event: 173.444 GC heap after
Heap after GC invocations=64 (full 5):
 PSYoungGen      total 50176K, used 8228K [0x00000000d5d80000, 0x00000000d9f00000, 0x0000000100000000)
  eden space 41472K, 0% used [0x00000000d5d80000,0x00000000d5d80000,0x00000000d8600000)
  from space 8704K, 94% used [0x00000000d8680000,0x00000000d8e89030,0x00000000d8f00000)
  to   space 12800K, 0% used [0x00000000d9280000,0x00000000d9280000,0x00000000d9f00000)
 ParOldGen       total 63488K, used 45662K [0x0000000081800000, 0x0000000085600000, 0x00000000d5d80000)
  object space 63488K, 71% used [0x0000000081800000,0x0000000084497a30,0x0000000085600000)
 Metaspace       used 19711K, capacity 20054K, committed 20352K, reserved 1067008K
  class space    used 2233K, capacity 2350K, committed 2432K, reserved 1048576K
}
Event: 174.853 GC heap before
{Heap before GC invocations=65 (full 5):
 PSYoungGen      total 50176K, used 47191K [0x00000000d5d80000, 0x00000000d9f00000, 0x0000000100000000)
  eden space 41472K, 93% used [0x00000000d5d80000,0x00000000d838cce8,0x00000000d8600000)
  from space 8704K, 94% used [0x00000000d8680000,0x00000000d8e89030,0x00000000d8f00000)
  to   space 12800K, 0% used [0x00000000d9280000,0x00000000d9280000,0x00000000d9f00000)
 ParOldGen       total 63488K, used 45662K [0x0000000081800000, 0x0000000085600000, 0x00000000d5d80000)
  object space 63488K, 71% used [0x0000000081800000,0x0000000084497a30,0x0000000085600000)
 Metaspace       used 19711K, capacity 20054K, committed 20352K, reserved 1067008K
  class space    used 2233K, capacity 2350K, committed 2432K, reserved 1048576K
Event: 174.859 GC heap after
Heap after GC invocations=65 (full 5):
 PSYoungGen      total 52224K, used 8228K [0x00000000d5d80000, 0x00000000d9d80000, 0x0000000100000000)
  eden space 40960K, 0% used [0x00000000d5d80000,0x00000000d5d80000,0x00000000d8580000)
  from space 11264K, 73% used [0x00000000d9280000,0x00000000d9a89030,0x00000000d9d80000)
  to   space 12288K, 0% used [0x00000000d8580000,0x00000000d8580000,0x00000000d9180000)
 ParOldGen       total 63488K, used 45662K [0x0000000081800000, 0x0000000085600000, 0x00000000d5d80000)
  object space 63488K, 71% used [0x0000000081800000,0x0000000084497a30,0x0000000085600000)
 Metaspace       used 19711K, capacity 20054K, committed 20352K, reserved 1067008K
  class space    used 2233K, capacity 2350K, committed 2432K, reserved 1048576K
}

Deoptimization events (10 events):
Event: 175.404 Thread 0x0000000019c15800 Uncommon trap: reason=unstable_if action=reinterpret pc=0x0000000002e40010 method=java.awt.KeyboardFocusManager.getFocusOwner()Ljava/awt/Component; @ 8
Event: 175.404 Thread 0x0000000019c15800 Uncommon trap: reason=unstable_if action=reinterpret pc=0x0000000003058b00 method=javax.swing.JComponent.getClientProperty(Ljava/lang/Object;)Ljava/lang/Object; @ 16
Event: 175.413 Thread 0x0000000019c15800 Uncommon trap: reason=speculate_class_check action=maybe_recompile pc=0x000000000308c730 method=java.awt.AWTEvent.dispatched()V @ 1
Event: 175.701 Thread 0x0000000019c15800 Uncommon trap: reason=class_check action=maybe_recompile pc=0x00000000033d2428 method=java.awt.EventQueue.coalesceEvent(Ljava/awt/AWTEvent;I)Z @ 32
Event: 175.702 Thread 0x0000000019c15800 Uncommon trap: reason=unstable_if action=reinterpret pc=0x0000000002f0373c method=java.util.concurrent.locks.AbstractQueuedSynchronizer.enq(Ljava/util/concurrent/locks/AbstractQueuedSynchronizer$Node;)Ljava/util/concurrent/locks/AbstractQueuedSynchronizer
Event: 175.704 Thread 0x0000000019f54800 Uncommon trap: reason=unstable_if action=reinterpret pc=0x00000000035400d0 method=java.util.concurrent.locks.AbstractQueuedSynchronizer$ConditionObject.addConditionWaiter()Ljava/util/concurrent/locks/AbstractQueuedSynchronizer$Node; @ 6
Event: 175.705 Thread 0x0000000019f51800 Uncommon trap: reason=bimorphic action=maybe_recompile pc=0x00000000032118d0 method=sun.reflect.DelegatingMethodAccessorImpl.invoke(Ljava/lang/Object;[Ljava/lang/Object;)Ljava/lang/Object; @ 6
Event: 175.710 Thread 0x0000000019f58000 Uncommon trap: reason=unstable_if action=reinterpret pc=0x00000000034cefa4 method=java.util.concurrent.locks.AbstractQueuedSynchronizer.acquireQueued(Ljava/util/concurrent/locks/AbstractQueuedSynchronizer$Node;I)Z @ 25
Event: 175.710 Thread 0x0000000019f51800 Uncommon trap: reason=unstable_if action=reinterpret pc=0x00000000034cef48 method=java.util.concurrent.locks.AbstractQueuedSynchronizer.acquireQueued(Ljava/util/concurrent/locks/AbstractQueuedSynchronizer$Node;I)Z @ 17
Event: 175.722 Thread 0x0000000019c15800 Uncommon trap: reason=unstable_if action=reinterpret pc=0x000000000304db18 method=java.util.IdentityHashMap.keySet()Ljava/util/Set; @ 6

Classes redefined (0 events):
No events

Internal exceptions (10 events):
Event: 1.232 Thread 0x0000000002ab2800 Exception <a 'java/lang/ClassNotFoundException': RootPane> (0x00000000d6e53aa8) thrown at [C:\re\workspace\8-2-build-windows-amd64-cygwin\jdk8u161\10277\hotspot\src\share\vm\classfile\systemDictionary.cpp, line 210]
Event: 7.907 Thread 0x0000000019c15800 Implicit null exception at 0x0000000002dee596 to 0x0000000002dee931
Event: 7.908 Thread 0x0000000019c15800 Implicit null exception at 0x0000000002dd6b16 to 0x0000000002dd6ead
Event: 8.297 Thread 0x0000000019c15800 Implicit null exception at 0x0000000002e2a46f to 0x0000000002e2a4d9
Event: 29.142 Thread 0x0000000019c15800 Implicit null exception at 0x0000000003213b1e to 0x0000000003215179
Event: 74.911 Thread 0x0000000019c15800 Implicit null exception at 0x0000000002e2e43b to 0x0000000002e2eb1f
Event: 175.404 Thread 0x0000000019c15800 Implicit null exception at 0x0000000002e3fdec to 0x0000000002e40001
Event: 175.704 Thread 0x0000000019f54800 Exception <a 'java/lang/InterruptedException'> (0x00000000d76c5488) thrown at [C:\re\workspace\8-2-build-windows-amd64-cygwin\jdk8u161\10277\hotspot\src\share\vm\runtime\objectMonitor.cpp, line 1684]
Event: 175.705 Thread 0x0000000019f58000 Exception <a 'java/net/SocketException': Socket closed> (0x00000000d76c5d00) thrown at [C:\re\workspace\8-2-build-windows-amd64-cygwin\jdk8u161\10277\hotspot\src\share\vm\prims\jni.cpp, line 735]
Event: 175.705 Thread 0x0000000019c16800 Exception <a 'java/lang/InterruptedException'> (0x00000000d76c4e10) thrown at [C:\re\workspace\8-2-build-windows-amd64-cygwin\jdk8u161\10277\hotspot\src\share\vm\runtime\objectMonitor.cpp, line 1684]

Events (10 events):
Event: 175.722 Thread 0x0000000019f59000 Thread added: 0x0000000019f59000
Event: 175.723 Thread 0x0000000019f59800 Thread added: 0x0000000019f59800
Event: 175.723 loading class java/lang/ProcessBuilder
Event: 175.723 Thread 0x0000000019f59800 Thread exited: 0x0000000019f59800
Event: 175.723 loading class java/lang/ProcessBuilder done
Event: 175.723 Thread 0x0000000019f51800 Thread exited: 0x0000000019f51800
Event: 175.724 loading class java/lang/ProcessImpl
Event: 175.724 loading class java/lang/Process
Event: 175.724 loading class java/lang/Process done
Event: 175.724 loading class java/lang/ProcessImpl done


Dynamic libraries:
0x00007ff711bc0000 - 0x00007ff711bf7000 	C:\Program Files\Java\jdk1.8.0_161\bin\java.exe
0x00007fff148b0000 - 0x00007fff14a91000 	C:\WINDOWS\SYSTEM32\ntdll.dll
0x00007fff0cf90000 - 0x00007fff0cfa2000 	C:\Program Files\AVAST Software\Avast\aswhook.dll
0x00007fff12240000 - 0x00007fff122f1000 	C:\WINDOWS\System32\KERNEL32.DLL
0x00007fff11240000 - 0x00007fff114b3000 	C:\WINDOWS\System32\KERNELBASE.dll
0x00007fff11de0000 - 0x00007fff11e81000 	C:\WINDOWS\System32\ADVAPI32.dll
0x00007fff12370000 - 0x00007fff1240e000 	C:\WINDOWS\System32\msvcrt.dll
0x00007fff147c0000 - 0x00007fff1481b000 	C:\WINDOWS\System32\sechost.dll
0x00007fff13bc0000 - 0x00007fff13ce4000 	C:\WINDOWS\System32\RPCRT4.dll
0x00007fff13cf0000 - 0x00007fff13e80000 	C:\WINDOWS\System32\USER32.dll
0x00007fff10c80000 - 0x00007fff10ca0000 	C:\WINDOWS\System32\win32u.dll
0x00007fff12210000 - 0x00007fff12238000 	C:\WINDOWS\System32\GDI32.dll
0x00007fff110a0000 - 0x00007fff11231000 	C:\WINDOWS\System32\gdi32full.dll
0x00007fff11590000 - 0x00007fff1162f000 	C:\WINDOWS\System32\msvcp_win.dll
0x00007fff10ca0000 - 0x00007fff10d98000 	C:\WINDOWS\System32\ucrtbase.dll
0x00007fff088a0000 - 0x00007fff08b09000 	C:\WINDOWS\WinSxS\amd64_microsoft.windows.common-controls_6595b64144ccf1df_6.0.17134.885_none_fb42a3473065565f\COMCTL32.dll
0x00007fff14490000 - 0x00007fff147b2000 	C:\WINDOWS\System32\combase.dll
0x00007fff11510000 - 0x00007fff11589000 	C:\WINDOWS\System32\bcryptPrimitives.dll
0x00007fff12590000 - 0x00007fff125bd000 	C:\WINDOWS\System32\IMM32.DLL
0x0000000072180000 - 0x0000000072252000 	C:\Program Files\Java\jdk1.8.0_161\jre\bin\msvcr100.dll
0x0000000072260000 - 0x0000000072aff000 	C:\Program Files\Java\jdk1.8.0_161\jre\bin\server\jvm.dll
0x00007fff125c0000 - 0x00007fff125c8000 	C:\WINDOWS\System32\PSAPI.DLL
0x00007fff07a70000 - 0x00007fff07a79000 	C:\WINDOWS\SYSTEM32\WSOCK32.dll
0x00007fff125d0000 - 0x00007fff1263c000 	C:\WINDOWS\System32\WS2_32.dll
0x00007fff0e910000 - 0x00007fff0e933000 	C:\WINDOWS\SYSTEM32\WINMM.dll
0x00007fff092a0000 - 0x00007fff092aa000 	C:\WINDOWS\SYSTEM32\VERSION.dll
0x00007fff0e8e0000 - 0x00007fff0e90a000 	C:\WINDOWS\SYSTEM32\WINMMBASE.dll
0x00007fff114c0000 - 0x00007fff11509000 	C:\WINDOWS\System32\cfgmgr32.dll
0x0000000073030000 - 0x000000007303f000 	C:\Program Files\Java\jdk1.8.0_161\jre\bin\verify.dll
0x0000000072150000 - 0x0000000072179000 	C:\Program Files\Java\jdk1.8.0_161\jre\bin\java.dll
0x0000000072130000 - 0x0000000072146000 	C:\Program Files\Java\jdk1.8.0_161\jre\bin\zip.dll
0x00007fff126a0000 - 0x00007fff13ae0000 	C:\WINDOWS\System32\SHELL32.dll
0x00007fff13e80000 - 0x00007fff13f29000 	C:\WINDOWS\System32\shcore.dll
0x00007fff11630000 - 0x00007fff11d3d000 	C:\WINDOWS\System32\windows.storage.dll
0x00007fff12310000 - 0x00007fff12361000 	C:\WINDOWS\System32\shlwapi.dll
0x00007fff10c40000 - 0x00007fff10c51000 	C:\WINDOWS\System32\kernel.appcore.dll
0x00007fff10c60000 - 0x00007fff10c7f000 	C:\WINDOWS\System32\profapi.dll
0x00007fff10bf0000 - 0x00007fff10c3c000 	C:\WINDOWS\System32\powrprof.dll
0x00007fff10be0000 - 0x00007fff10bea000 	C:\WINDOWS\System32\FLTLIB.DLL
0x0000000071f50000 - 0x00000000720e8000 	C:\Program Files\Java\jdk1.8.0_161\jre\bin\awt.dll
0x00007fff13ae0000 - 0x00007fff13ba2000 	C:\WINDOWS\System32\OLEAUT32.dll
0x00007fff0ef50000 - 0x00007fff0efdb000 	C:\WINDOWS\SYSTEM32\apphelp.dll
0x00007fff0f280000 - 0x00007fff0f318000 	C:\WINDOWS\system32\uxtheme.dll
0x00007fff12410000 - 0x00007fff12583000 	C:\WINDOWS\System32\MSCTF.dll
0x00007fff0f350000 - 0x00007fff0f379000 	C:\WINDOWS\system32\dwmapi.dll
0x00007fff11e90000 - 0x00007fff11fe1000 	C:\WINDOWS\System32\ole32.dll
0x0000000071e20000 - 0x0000000071e27000 	C:\Program Files\Java\jdk1.8.0_161\jre\bin\jawt.dll
0x000000001a990000 - 0x000000001a9ce000 	C:\Program Files\Java\jdk1.8.0_161\jre\bin\j3dcore-ogl.dll
0x00007ffef3e20000 - 0x00007ffef3f40000 	C:\WINDOWS\SYSTEM32\OPENGL32.dll
0x00007ffef85d0000 - 0x00007ffef85fc000 	C:\WINDOWS\SYSTEM32\GLU32.dll
0x00007ffeb1b80000 - 0x00007ffeb26c7000 	C:\WINDOWS\SYSTEM32\ig75icd64.dll
0x00007ffee76a0000 - 0x00007ffee80df000 	C:\WINDOWS\SYSTEM32\igdusc64.dll
0x00007fff0ceb0000 - 0x00007fff0cec3000 	C:\WINDOWS\SYSTEM32\WTSAPI32.dll
0x0000000071f00000 - 0x0000000071f47000 	C:\Program Files\Java\jdk1.8.0_161\jre\bin\fontmanager.dll
0x0000000071d40000 - 0x0000000071e11000 	C:\Users\joaoq\AppData\Local\Temp\javacpp784201135324369\msvcr100.dll
0x0000000071ca0000 - 0x0000000071d38000 	C:\Users\joaoq\AppData\Local\Temp\javacpp784201135324369\msvcp100.dll
0x0000000066840000 - 0x00000000676b4000 	C:\Users\joaoq\AppData\Local\Temp\javacpp784201135324369\opencv_ffmpeg248_64.dll
0x00007ffedfa50000 - 0x00007ffedfcc2000 	C:\Users\joaoq\AppData\Local\Temp\javacpp784201135324369\opencv_core248.dll
0x00007ffedf790000 - 0x00007ffedfa42000 	C:\Users\joaoq\AppData\Local\Temp\javacpp784201135324369\opencv_imgproc248.dll
0x00007ffede5c0000 - 0x00007ffede80d000 	C:\Users\joaoq\AppData\Local\Temp\javacpp784201135324369\opencv_highgui248.dll
0x00007fff0c970000 - 0x00007fff0c98f000 	C:\WINDOWS\SYSTEM32\AVIFIL32.dll
0x00007fff037a0000 - 0x00007fff037c9000 	C:\WINDOWS\SYSTEM32\MSVFW32.dll
0x00007fff0a000000 - 0x00007fff0a018000 	C:\WINDOWS\SYSTEM32\AVICAP32.dll
0x00007fff0cb60000 - 0x00007fff0cb7c000 	C:\WINDOWS\SYSTEM32\MSACM32.dll
0x00007fff00fd0000 - 0x00007fff00fe3000 	C:\Users\joaoq\AppData\Local\Temp\javacpp784201135324369\jniopencv_highgui.dll
0x00007fff103e0000 - 0x00007fff10446000 	C:\WINDOWS\system32\mswsock.dll
0x00007fff10590000 - 0x00007fff105a7000 	C:\WINDOWS\SYSTEM32\CRYPTSP.dll
0x00007fff0ffd0000 - 0x00007fff10003000 	C:\WINDOWS\system32\rsaenh.dll
0x00007fff106c0000 - 0x00007fff106e5000 	C:\WINDOWS\SYSTEM32\bcrypt.dll
0x00007fff105b0000 - 0x00007fff105bb000 	C:\WINDOWS\SYSTEM32\CRYPTBASE.dll
0x00007fff0c2b0000 - 0x00007fff0c2c6000 	C:\WINDOWS\system32\napinsp.dll
0x00007fff0bc00000 - 0x00007fff0bc1a000 	C:\WINDOWS\system32\pnrpnsp.dll
0x00007fff0d770000 - 0x00007fff0d789000 	C:\WINDOWS\system32\NLAapi.dll
0x00007fff101b0000 - 0x00007fff1026e000 	C:\WINDOWS\SYSTEM32\DNSAPI.dll
0x00007fff13bb0000 - 0x00007fff13bb8000 	C:\WINDOWS\System32\NSI.dll
0x00007fff10170000 - 0x00007fff101a8000 	C:\WINDOWS\SYSTEM32\IPHLPAPI.DLL
0x00007fff0c480000 - 0x00007fff0c48e000 	C:\WINDOWS\System32\winrnr.dll
0x00007fff04f90000 - 0x00007fff04fa5000 	C:\WINDOWS\System32\wshbth.dll
0x00007ffef4660000 - 0x00007ffef46fa000 	C:\Users\joaoq\AppData\Local\Temp\javacpp784201135324369\jniopencv_core.dll
0x0000000072110000 - 0x000000007212a000 	C:\Program Files\Java\jdk1.8.0_161\jre\bin\net.dll
0x00000000720f0000 - 0x0000000072101000 	C:\Program Files\Java\jdk1.8.0_161\jre\bin\nio.dll
0x00007fff0a280000 - 0x00007fff0a28a000 	C:\Windows\System32\rasadhlp.dll
0x0000000071eb0000 - 0x0000000071ef2000 	C:\Program Files\Java\jdk1.8.0_161\jre\bin\t2k.dll
0x00007ffefc090000 - 0x00007ffefc126000 	C:\WINDOWS\System32\TextInputFramework.dll
0x00007ffefbd70000 - 0x00007ffefc08e000 	C:\WINDOWS\System32\CoreUIComponents.dll
0x00007fff0ed40000 - 0x00007fff0ee1a000 	C:\WINDOWS\System32\CoreMessaging.dll
0x00007fff0fcc0000 - 0x00007fff0fcf1000 	C:\WINDOWS\SYSTEM32\ntmarta.dll
0x00007fff0c9e0000 - 0x00007fff0cb2d000 	C:\WINDOWS\SYSTEM32\wintypes.dll
0x00007fff0a640000 - 0x00007fff0a6b2000 	C:\WINDOWS\System32\fwpuclnt.dll
0x0000000071e70000 - 0x0000000071e9a000 	C:\Program Files\Java\jdk1.8.0_161\jre\bin\dcpr.dll
0x00007fff0fa50000 - 0x00007fff0fb0b000 	C:\WINDOWS\SYSTEM32\dxgi.dll
0x00007fff0da30000 - 0x00007fff0dd3b000 	C:\WINDOWS\SYSTEM32\d3d11.dll
0x00007fff04bf0000 - 0x00007fff04db9000 	C:\WINDOWS\SYSTEM32\dbghelp.dll

VM Arguments:
jvm_args: -Dfile.encoding=UTF-8 
java_command: serial.JFMain
java_class_path (initial): C:\Program Files\Java\jre1.8.0_191\lib\ext\RXTXcomm.jar;C:\Program Files\NetBeans 8.2\java\modules\ext\AbsoluteLayout.jar;C:\Users\joaoq\Downloads\opencv\build\java\opencv-347.jar;C:\Users\joaoq\Downloads\IP-Camera-Java-CV-Libraries-master\javacv.jar;C:\Users\joaoq\Downloads\IP-Camera-Java-CV-Libraries-master\javacpp.jar;C:\Users\joaoq\Downloads\IP-Camera-Java-CV-Libraries-master\javacv-windows-x86.jar;C:\Users\joaoq\Downloads\IP-Camera-Java-CV-Libraries-master\javacv-windows-x86_64.jar;C:\Users\joaoq\Downloads\IP-Camera-Java-CV-Libraries-master\opencv-2.4.8-windows-x86.jar;C:\Users\joaoq\Downloads\IP-Camera-Java-CV-Libraries-master\opencv-2.4.8-windows-x86_64.jar;C:\Users\joaoq\Downloads\org.eclipse.paho.client.mqttv3-1.2.0.jar;C:\Users\joaoq\Google Drive\TCC João Pedro Quintino\TCC2\Software PC\ReadWriteSerial\build\classes
Launcher Type: SUN_STANDARD

Environment Variables:
JAVA_HOME=C:\Program Files\Java\jdk1.8.0_161
CLASSPATH=C:\Program Files\Java\jdk1.8.0_161\lib;C:\jflex-1.6.1\lib\jflex-1.6.1.jar
PATH=C:\Program Files (x86)\Common Files\Oracle\Java\javapath;C:\ProgramData\Oracle\Java\javapath;C:\Program Files (x86)\Intel\iCLS Client\;C:\Program Files\Intel\iCLS Client\;C:\Windows\system32;C:\Windows;C:\Windows\System32\Wbem;C:\Windows\System32\WindowsPowerShell\v1.0\;C:\Program Files (x86)\Intel\Intel(R) Management Engine Components\DAL;C:\Program Files\Intel\Intel(R) Management Engine Components\DAL;C:\Program Files (x86)\Intel\Intel(R) Management Engine Components\IPT;C:\Program Files\Intel\Intel(R) Management Engine Components\IPT;C:\Program Files (x86)\NVIDIA Corporation\PhysX\Common;C:\WINDOWS\system32;C:\WINDOWS;C:\WINDOWS\System32\Wbem;C:\WINDOWS\System32\WindowsPowerShell\v1.0\;C:\Program Files\Java\jdk1.8.0_161\bin;C:\WINDOWS\System32\OpenSSH\;C:\Program Files\MATLAB\R2018a\runtime\win64;C:\Program Files\MATLAB\R2018a\bin;D:\Program Files\nodejs\;D:\Program Files\Microsoft VS Code\bin;D:\Program Files (x86)\Yarn\bin\;C:\Program Files\Git\cmd;C:\Users\joaoq\AppData\Local\Programs\Python\Python37-32\Scripts\;C:\Users\joaoq\AppData\Local\Programs\Python\Python37-32\;C:\Users\joaoq\AppData\Local\Microsoft\WindowsApps;C:\Users\joaoq\AppData\Roaming\npm;C:\Users\joaoq\AppData\Local\Yarn\bin;D:\Program Files\Docker Toolbox
USERNAME=joaoq
OS=Windows_NT
PROCESSOR_IDENTIFIER=Intel64 Family 6 Model 69 Stepping 1, GenuineIntel



---------------  S Y S T E M  ---------------

OS: Windows 10.0 , 64 bit Build 17134 (10.0.17134.753)

CPU:total 4 (initial active 4) (2 cores per cpu, 2 threads per core) family 6 model 69 stepping 1, cmov, cx8, fxsr, mmx, sse, sse2, sse3, ssse3, sse4.1, sse4.2, popcnt, avx, avx2, aes, clmul, erms, lzcnt, ht, tsc, tscinvbit, bmi1, bmi2

Memory: 4k page, physical 8289792k(2145192k free), swap 11255452k(2809152k free)

vm_info: Java HotSpot(TM) 64-Bit Server VM (25.161-b12) for windows-amd64 JRE (1.8.0_161-b12), built on Dec 19 2017 17:52:25 by "java_re" with MS VC++ 10.0 (VS2010)

time: Sat Aug 03 18:49:19 2019
elapsed time: 176 seconds (0d 0h 2m 56s)

