#
# A fatal error has been detected by the Java Runtime Environment:
#
#  EXCEPTION_ACCESS_VIOLATION (0xc0000005) at pc=0x0000000066842310, pid=9200, tid=0x00000000000028e8
#
# JRE version: Java(TM) SE Runtime Environment (8.0_161-b12) (build 1.8.0_161-b12)
# Java VM: Java HotSpot(TM) 64-Bit Server VM (25.161-b12 mixed mode windows-amd64 compressed oops)
# Problematic frame:
# C  [opencv_ffmpeg248_64.dll+0x2310]
#
# Failed to write core dump. Minidumps are not enabled by default on client versions of Windows
#
# If you would like to submit a bug report, please visit:
#   http://bugreport.java.com/bugreport/crash.jsp
# The crash happened outside the Java Virtual Machine in native code.
# See problematic frame for where to report the bug.
#

---------------  T H R E A D  ---------------

Current thread (0x0000000019c0b000):  JavaThread "Thread-3" [_thread_in_native, id=10472, stack(0x000000001e570000,0x000000001e670000)]

siginfo: ExceptionCode=0xc0000005, reading address 0x0000000000000008

Registers:
RAX=0x0000000000000000, RBX=0x00000000016fc2c0, RCX=0x00000000016f0000, RDX=0x000000001bfc3a60
RSP=0x000000001e66ed30, RBP=0x8000000000000000, RSI=0x00000000016fc558, RDI=0x0000000000000000
R8 =0x000000001e66ed5c, R9 =0x00000000016fc558, R10=0x0000000000000000, R11=0x000000001e66e820
R12=0x0000000000000000, R13=0x000000001e66eff0, R14=0x000000001e66eec0, R15=0x0000000019c0b000
RIP=0x0000000066842310, EFLAGS=0x0000000000010246

Top of Stack: (sp=0x000000001e66ed30)
0x000000001e66ed30:   000000001e66eed0 000000006684346a
0x000000001e66ed40:   00004717a59e9a03 00000000036ecb7c
0x000000001e66ed50:   00004717a59e9a63 000000001e66eec0
0x000000001e66ed60:   00000000000011ff 000000008186aa00
0x000000001e66ed70:   000000001b527ee0 000000001e66eed0
0x000000001e66ed80:   0000000000000000 0000000066843429
0x000000001e66ed90:   00000000d62d26d8 0000000019c0b000
0x000000001e66eda0:   0000000019c0b000 000000007236de8c
0x000000001e66edb0:   0000000100063c08 00007ffed5423323
0x000000001e66edc0:   00000000d62d26f8 00000000723a8690
0x000000001e66edd0:   0000000019c0b000 000000007239ed79
0x000000001e66ede0:   00000000d62d26f8 00007ffed54210e1
0x000000001e66edf0:   0000000019c0b1f8 0000000019c0b000
0x000000001e66ee00:   0000000019c0b000 0000000000000000
0x000000001e66ee10:   0000000000000000 0000000019c0b1f8
0x000000001e66ee20:   000000001a152750 00007ffefdf4756b 

Instructions: (pc=0x0000000066842310)
0x00000000668422f0:   e0 48 83 c4 30 5b 5e 5f 5d 41 5c c3 0f 1f 40 00
0x0000000066842300:   48 8b 43 18 48 8b 53 20 4c 8d 44 24 2c 49 89 f1
0x0000000066842310:   48 8b 48 08 e8 c7 c5 0e 00 44 8b 64 24 2c 45 85
0x0000000066842320:   e4 74 1d 48 39 ab 90 02 00 00 74 64 48 83 83 18 


Register to memory mapping:

RAX=0x0000000000000000 is an unknown value
RBX=0x00000000016fc2c0 is an unknown value
RCX=0x00000000016f0000 is an unknown value
RDX=0x000000001bfc3a60 is an unknown value
RSP=0x000000001e66ed30 is pointing into the stack for thread: 0x0000000019c0b000
RBP=0x8000000000000000 is an unknown value
RSI=0x00000000016fc558 is an unknown value
RDI=0x0000000000000000 is an unknown value
R8 =0x000000001e66ed5c is pointing into the stack for thread: 0x0000000019c0b000
R9 =0x00000000016fc558 is an unknown value
R10=0x0000000000000000 is an unknown value
R11=0x000000001e66e820 is pointing into the stack for thread: 0x0000000019c0b000
R12=0x0000000000000000 is an unknown value
R13=0x000000001e66eff0 is pointing into the stack for thread: 0x0000000019c0b000
R14=0x000000001e66eec0 is pointing into the stack for thread: 0x0000000019c0b000
R15=0x0000000019c0b000 is a thread


Stack: [0x000000001e570000,0x000000001e670000],  sp=0x000000001e66ed30,  free space=1019k
Native frames: (J=compiled Java code, j=interpreted, Vv=VM code, C=native code)
C  [opencv_ffmpeg248_64.dll+0x2310]
C  [opencv_ffmpeg248_64.dll+0x3429]
C  [opencv_highgui248.dll+0x3323]
C  [opencv_highgui248.dll+0x10e1]
C  [jniopencv_highgui.dll+0x756b]
C  0x000000000384ef14

Java frames: (J=compiled Java code, j=interpreted, Vv=VM code)
J 1271  com.googlecode.javacv.cpp.opencv_highgui.cvGrabFrame(Lcom/googlecode/javacv/cpp/opencv_highgui$CvCapture;)I (0 bytes) @ 0x000000000384ee92 [0x000000000384ee40+0x52]
J 1180 C1 com.googlecode.javacv.OpenCVFrameGrabber.grab()Lcom/googlecode/javacv/cpp/opencv_core$IplImage; (177 bytes) @ 0x00000000037f8cbc [0x00000000037f8b40+0x17c]
j  serial.CameraHandler.run()V+19
j  java.lang.Thread.run()V+11
v  ~StubRoutines::call_stub

---------------  P R O C E S S  ---------------

Java Threads: ( => current thread )
=>0x0000000019c0b000 JavaThread "Thread-3" [_thread_in_native, id=10472, stack(0x000000001e570000,0x000000001e670000)]
  0x0000000003212800 JavaThread "DestroyJavaVM" [_thread_blocked, id=12280, stack(0x0000000003080000,0x0000000003180000)]
  0x000000001a289800 JavaThread "AWT-EventQueue-0" [_thread_blocked, id=14464, stack(0x000000001e170000,0x000000001e270000)]
  0x000000001a289000 JavaThread "AWT-Shutdown" [_thread_blocked, id=8288, stack(0x000000001e070000,0x000000001e170000)]
  0x000000001a095800 JavaThread "Java2D Disposer" daemon [_thread_blocked, id=5184, stack(0x000000001a820000,0x000000001a920000)]
  0x00000000198fb000 JavaThread "Service Thread" daemon [_thread_blocked, id=13780, stack(0x0000000019cd0000,0x0000000019dd0000)]
  0x0000000017f73000 JavaThread "C1 CompilerThread2" daemon [_thread_blocked, id=7272, stack(0x00000000197d0000,0x00000000198d0000)]
  0x0000000017f64000 JavaThread "C2 CompilerThread1" daemon [_thread_blocked, id=5968, stack(0x00000000196d0000,0x00000000197d0000)]
  0x0000000017f61000 JavaThread "C2 CompilerThread0" daemon [_thread_blocked, id=12168, stack(0x00000000195d0000,0x00000000196d0000)]
  0x0000000017f5c800 JavaThread "Attach Listener" daemon [_thread_blocked, id=11188, stack(0x00000000194d0000,0x00000000195d0000)]
  0x0000000017f5b800 JavaThread "Signal Dispatcher" daemon [_thread_blocked, id=13740, stack(0x00000000193d0000,0x00000000194d0000)]
  0x000000000330d800 JavaThread "Finalizer" daemon [_thread_blocked, id=5800, stack(0x00000000191c0000,0x00000000192c0000)]
  0x0000000003302000 JavaThread "Reference Handler" daemon [_thread_blocked, id=6736, stack(0x00000000190c0000,0x00000000191c0000)]

Other Threads:
  0x0000000017f27800 VMThread [stack: 0x0000000018fc0000,0x00000000190c0000] [id=11836]
  0x0000000017fbe800 WatcherThread [stack: 0x0000000019dd0000,0x0000000019ed0000] [id=14736]

VM state:not at safepoint (normal execution)

VM Mutex/Monitor currently owned by a thread: None

Heap:
 PSYoungGen      total 198656K, used 128519K [0x00000000d5d80000, 0x00000000fb800000, 0x0000000100000000)
  eden space 195584K, 64% used [0x00000000d5d80000,0x00000000dd836d98,0x00000000e1c80000)
  from space 3072K, 93% used [0x00000000fb500000,0x00000000fb7cb010,0x00000000fb800000)
  to   space 8192K, 0% used [0x00000000fa800000,0x00000000fa800000,0x00000000fb000000)
 ParOldGen       total 47616K, used 23512K [0x0000000081800000, 0x0000000084680000, 0x00000000d5d80000)
  object space 47616K, 49% used [0x0000000081800000,0x0000000082ef6180,0x0000000084680000)
 Metaspace       used 13052K, capacity 13188K, committed 13440K, reserved 1060864K
  class space    used 1575K, capacity 1640K, committed 1664K, reserved 1048576K

Card table byte_map: [0x00000000127d0000,0x0000000012bd0000] byte_map_base: 0x00000000123c4000

Marking Bits: (ParMarkBitMap*) 0x0000000072a7f860
 Begin Bits: [0x0000000013280000, 0x0000000015220000)
 End Bits:   [0x0000000015220000, 0x00000000171c0000)

Polling page: 0x0000000002fa0000

CodeCache: size=245760Kb used=5359Kb max_used=5359Kb free=240401Kb
 bounds [0x0000000003410000, 0x0000000003960000, 0x0000000012410000]
 total_blobs=1989 nmethods=1472 adapters=429
 compilation: enabled

Compilation events (10 events):
Event: 339.407 Thread 0x0000000017f73000 1548       1       javax.swing.plaf.basic.BasicButtonUI::getPropertyPrefix (3 bytes)
Event: 339.407 Thread 0x0000000017f73000 nmethod 1548 0x0000000003529b50 code [0x0000000003529ca0, 0x0000000003529db0]
Event: 339.407 Thread 0x0000000017f73000 1549       1       java.awt.image.SinglePixelPackedSampleModel::getScanlineStride (5 bytes)
Event: 339.407 Thread 0x0000000017f73000 nmethod 1549 0x0000000003529890 code [0x00000000035299e0, 0x0000000003529af0]
Event: 339.407 Thread 0x0000000017f73000 1550       3       java.awt.LinearGradientPaintContext::fillRaster (97 bytes)
Event: 339.408 Thread 0x0000000017f73000 nmethod 1550 0x000000000392d850 code [0x000000000392d9e0, 0x000000000392de28]
Event: 339.409 Thread 0x0000000017f73000 1551       3       java.awt.geom.RoundRectIterator::next (11 bytes)
Event: 339.409 Thread 0x0000000017f73000 nmethod 1551 0x000000000392d550 code [0x000000000392d6a0, 0x000000000392d7f0]
Event: 339.410 Thread 0x0000000017f73000 1552       1       sun.awt.SunHints$Value::getIndex (5 bytes)
Event: 339.410 Thread 0x0000000017f73000 nmethod 1552 0x000000000392d290 code [0x000000000392d3e0, 0x000000000392d4f0]

GC Heap History (10 events):
Event: 321.047 GC heap before
{Heap before GC invocations=38 (full 1):
 PSYoungGen      total 235520K, used 234394K [0x00000000d5d80000, 0x00000000fc480000, 0x0000000100000000)
  eden space 232448K, 99% used [0x00000000d5d80000,0x00000000e3fb3890,0x00000000e4080000)
  from space 3072K, 89% used [0x00000000fc180000,0x00000000fc433010,0x00000000fc480000)
  to   space 8192K, 0% used [0x00000000fb480000,0x00000000fb480000,0x00000000fbc80000)
 ParOldGen       total 46080K, used 33762K [0x0000000081800000, 0x0000000084500000, 0x00000000d5d80000)
  object space 46080K, 73% used [0x0000000081800000,0x00000000838f89a8,0x0000000084500000)
 Metaspace       used 13010K, capacity 13188K, committed 13440K, reserved 1060864K
  class space    used 1568K, capacity 1640K, committed 1664K, reserved 1048576K
Event: 321.053 GC heap after
Heap after GC invocations=38 (full 1):
 PSYoungGen      total 228352K, used 5528K [0x00000000d5d80000, 0x00000000fc200000, 0x0000000100000000)
  eden space 222720K, 0% used [0x00000000d5d80000,0x00000000d5d80000,0x00000000e3700000)
  from space 5632K, 98% used [0x00000000fb480000,0x00000000fb9e6020,0x00000000fba00000)
  to   space 8192K, 0% used [0x00000000fba00000,0x00000000fba00000,0x00000000fc200000)
 ParOldGen       total 46080K, used 36470K [0x0000000081800000, 0x0000000084500000, 0x00000000d5d80000)
  object space 46080K, 79% used [0x0000000081800000,0x0000000083b9d9b8,0x0000000084500000)
 Metaspace       used 13010K, capacity 13188K, committed 13440K, reserved 1060864K
  class space    used 1568K, capacity 1640K, committed 1664K, reserved 1048576K
}
Event: 326.474 GC heap before
{Heap before GC invocations=39 (full 1):
 PSYoungGen      total 228352K, used 226151K [0x00000000d5d80000, 0x00000000fc200000, 0x0000000100000000)
  eden space 222720K, 99% used [0x00000000d5d80000,0x00000000e34f3f00,0x00000000e3700000)
  from space 5632K, 98% used [0x00000000fb480000,0x00000000fb9e6020,0x00000000fba00000)
  to   space 8192K, 0% used [0x00000000fba00000,0x00000000fba00000,0x00000000fc200000)
 ParOldGen       total 46080K, used 36470K [0x0000000081800000, 0x0000000084500000, 0x00000000d5d80000)
  object space 46080K, 79% used [0x0000000081800000,0x0000000083b9d9b8,0x0000000084500000)
 Metaspace       used 13010K, capacity 13188K, committed 13440K, reserved 1060864K
  class space    used 1568K, capacity 1640K, committed 1664K, reserved 1048576K
Event: 326.478 GC heap after
Heap after GC invocations=39 (full 1):
 PSYoungGen      total 219136K, used 5528K [0x00000000d5d80000, 0x00000000fbf80000, 0x0000000100000000)
  eden space 213504K, 0% used [0x00000000d5d80000,0x00000000d5d80000,0x00000000e2e00000)
  from space 5632K, 98% used [0x00000000fba00000,0x00000000fbf66020,0x00000000fbf80000)
  to   space 8192K, 0% used [0x00000000faf80000,0x00000000faf80000,0x00000000fb780000)
 ParOldGen       total 46080K, used 39178K [0x0000000081800000, 0x0000000084500000, 0x00000000d5d80000)
  object space 46080K, 85% used [0x0000000081800000,0x0000000083e429c8,0x0000000084500000)
 Metaspace       used 13010K, capacity 13188K, committed 13440K, reserved 1060864K
  class space    used 1568K, capacity 1640K, committed 1664K, reserved 1048576K
}
Event: 326.478 GC heap before
{Heap before GC invocations=40 (full 2):
 PSYoungGen      total 219136K, used 5528K [0x00000000d5d80000, 0x00000000fbf80000, 0x0000000100000000)
  eden space 213504K, 0% used [0x00000000d5d80000,0x00000000d5d80000,0x00000000e2e00000)
  from space 5632K, 98% used [0x00000000fba00000,0x00000000fbf66020,0x00000000fbf80000)
  to   space 8192K, 0% used [0x00000000faf80000,0x00000000faf80000,0x00000000fb780000)
 ParOldGen       total 46080K, used 39178K [0x0000000081800000, 0x0000000084500000, 0x00000000d5d80000)
  object space 46080K, 85% used [0x0000000081800000,0x0000000083e429c8,0x0000000084500000)
 Metaspace       used 13010K, capacity 13188K, committed 13440K, reserved 1060864K
  class space    used 1568K, capacity 1640K, committed 1664K, reserved 1048576K
Event: 326.495 GC heap after
Heap after GC invocations=40 (full 2):
 PSYoungGen      total 219136K, used 0K [0x00000000d5d80000, 0x00000000fbf80000, 0x0000000100000000)
  eden space 213504K, 0% used [0x00000000d5d80000,0x00000000d5d80000,0x00000000e2e00000)
  from space 5632K, 0% used [0x00000000fba00000,0x00000000fba00000,0x00000000fbf80000)
  to   space 8192K, 0% used [0x00000000faf80000,0x00000000faf80000,0x00000000fb780000)
 ParOldGen       total 47616K, used 6810K [0x0000000081800000, 0x0000000084680000, 0x00000000d5d80000)
  object space 47616K, 14% used [0x0000000081800000,0x0000000081ea6b28,0x0000000084680000)
 Metaspace       used 13010K, capacity 13188K, committed 13440K, reserved 1060864K
  class space    used 1568K, capacity 1640K, committed 1664K, reserved 1048576K
}
Event: 331.617 GC heap before
{Heap before GC invocations=41 (full 2):
 PSYoungGen      total 219136K, used 211198K [0x00000000d5d80000, 0x00000000fbf80000, 0x0000000100000000)
  eden space 213504K, 98% used [0x00000000d5d80000,0x00000000e2bbf818,0x00000000e2e00000)
  from space 5632K, 0% used [0x00000000fba00000,0x00000000fba00000,0x00000000fbf80000)
  to   space 8192K, 0% used [0x00000000faf80000,0x00000000faf80000,0x00000000fb780000)
 ParOldGen       total 47616K, used 6810K [0x0000000081800000, 0x0000000084680000, 0x00000000d5d80000)
  object space 47616K, 14% used [0x0000000081800000,0x0000000081ea6b28,0x0000000084680000)
 Metaspace       used 13010K, capacity 13188K, committed 13440K, reserved 1060864K
  class space    used 1568K, capacity 1640K, committed 1664K, reserved 1048576K
Event: 331.621 GC heap after
Heap after GC invocations=41 (full 2):
 PSYoungGen      total 209920K, used 5528K [0x00000000d5d80000, 0x00000000fba80000, 0x0000000100000000)
  eden space 204288K, 0% used [0x00000000d5d80000,0x00000000d5d80000,0x00000000e2500000)
  from space 5632K, 98% used [0x00000000faf80000,0x00000000fb4e6020,0x00000000fb500000)
  to   space 5632K, 0% used [0x00000000fb500000,0x00000000fb500000,0x00000000fba80000)
 ParOldGen       total 47616K, used 12210K [0x0000000081800000, 0x0000000084680000, 0x00000000d5d80000)
  object space 47616K, 25% used [0x0000000081800000,0x00000000823ecb48,0x0000000084680000)
 Metaspace       used 13010K, capacity 13188K, committed 13440K, reserved 1060864K
  class space    used 1568K, capacity 1640K, committed 1664K, reserved 1048576K
}
Event: 337.122 GC heap before
{Heap before GC invocations=42 (full 2):
 PSYoungGen      total 209920K, used 208186K [0x00000000d5d80000, 0x00000000fba80000, 0x0000000100000000)
  eden space 204288K, 99% used [0x00000000d5d80000,0x00000000e2368af0,0x00000000e2500000)
  from space 5632K, 98% used [0x00000000faf80000,0x00000000fb4e6020,0x00000000fb500000)
  to   space 5632K, 0% used [0x00000000fb500000,0x00000000fb500000,0x00000000fba80000)
 ParOldGen       total 47616K, used 12210K [0x0000000081800000, 0x0000000084680000, 0x00000000d5d80000)
  object space 47616K, 25% used [0x0000000081800000,0x00000000823ecb48,0x0000000084680000)
 Metaspace       used 13011K, capacity 13188K, committed 13440K, reserved 1060864K
  class space    used 1568K, capacity 1640K, committed 1664K, reserved 1048576K
Event: 337.127 GC heap after
Heap after GC invocations=42 (full 2):
 PSYoungGen      total 198656K, used 2860K [0x00000000d5d80000, 0x00000000fb800000, 0x0000000100000000)
  eden space 195584K, 0% used [0x00000000d5d80000,0x00000000d5d80000,0x00000000e1c80000)
  from space 3072K, 93% used [0x00000000fb500000,0x00000000fb7cb010,0x00000000fb800000)
  to   space 8192K, 0% used [0x00000000fa800000,0x00000000fa800000,0x00000000fb000000)
 ParOldGen       total 47616K, used 23512K [0x0000000081800000, 0x0000000084680000, 0x00000000d5d80000)
  object space 47616K, 49% used [0x0000000081800000,0x0000000082ef6180,0x0000000084680000)
 Metaspace       used 13011K, capacity 13188K, committed 13440K, reserved 1060864K
  class space    used 1568K, capacity 1640K, committed 1664K, reserved 1048576K
}

Deoptimization events (10 events):
Event: 333.710 Thread 0x000000001a289800 Uncommon trap: reason=class_check action=maybe_recompile pc=0x0000000003923588 method=javax.swing.RepaintManager.collectDirtyComponents(Ljava/util/Map;Ljava/awt/Component;Ljava/util/List;)V @ 7
Event: 333.710 Thread 0x000000001a289800 Uncommon trap: reason=class_check action=maybe_recompile pc=0x0000000003923588 method=javax.swing.RepaintManager.collectDirtyComponents(Ljava/util/Map;Ljava/awt/Component;Ljava/util/List;)V @ 7
Event: 333.710 Thread 0x000000001a289800 Uncommon trap: reason=class_check action=maybe_recompile pc=0x0000000003923588 method=javax.swing.RepaintManager.collectDirtyComponents(Ljava/util/Map;Ljava/awt/Component;Ljava/util/List;)V @ 7
Event: 333.711 Thread 0x000000001a289800 Uncommon trap: reason=unstable_if action=reinterpret pc=0x0000000003660f0c method=sun.java2d.SurfaceData.canRenderParallelograms(Lsun/java2d/SunGraphics2D;)Z @ 91
Event: 333.727 Thread 0x000000001a289800 Uncommon trap: reason=unstable_if action=reinterpret pc=0x000000000359eb64 method=sun.java2d.SunGraphics2D.translate(II)V @ 16
Event: 333.728 Thread 0x000000001a289800 Uncommon trap: reason=unstable_if action=reinterpret pc=0x0000000003906358 method=sun.awt.image.SurfaceManager.getCacheData(Ljava/lang/Object;)Ljava/lang/Object; @ 4
Event: 338.806 Thread 0x000000001a289800 Uncommon trap: reason=class_check action=maybe_recompile pc=0x0000000003939ec0 method=javax.swing.JComponent._paintImmediately(IIII)V @ 81
Event: 339.403 Thread 0x000000001a289800 Uncommon trap: reason=class_check action=maybe_recompile pc=0x0000000003939ec0 method=javax.swing.JComponent._paintImmediately(IIII)V @ 81
Event: 339.407 Thread 0x000000001a289800 Uncommon trap: reason=class_check action=maybe_recompile pc=0x0000000003939ec0 method=javax.swing.JComponent._paintImmediately(IIII)V @ 81
Event: 339.408 Thread 0x000000001a289800 Uncommon trap: reason=class_check action=maybe_recompile pc=0x0000000003939ec0 method=javax.swing.JComponent._paintImmediately(IIII)V @ 81

Classes redefined (0 events):
No events

Internal exceptions (10 events):
Event: 1.265 Thread 0x0000000003212800 Exception <a 'java/lang/ClassNotFoundException': javax/swing/JToolBarSeparator> (0x00000000d627cfc0) thrown at [C:\re\workspace\8-2-build-windows-amd64-cygwin\jdk8u161\10277\hotspot\src\share\vm\classfile\systemDictionary.cpp, line 210]
Event: 1.265 Thread 0x0000000003212800 Exception <a 'java/lang/ClassNotFoundException': ToolBarSeparator> (0x00000000d627d458) thrown at [C:\re\workspace\8-2-build-windows-amd64-cygwin\jdk8u161\10277\hotspot\src\share\vm\classfile\systemDictionary.cpp, line 210]
Event: 1.266 Thread 0x0000000003212800 Exception <a 'java/lang/ClassNotFoundException': ToolTip> (0x00000000d627db98) thrown at [C:\re\workspace\8-2-build-windows-amd64-cygwin\jdk8u161\10277\hotspot\src\share\vm\classfile\systemDictionary.cpp, line 210]
Event: 1.268 Thread 0x0000000003212800 Exception <a 'java/lang/ClassNotFoundException': Tree> (0x00000000d627e7b8) thrown at [C:\re\workspace\8-2-build-windows-amd64-cygwin\jdk8u161\10277\hotspot\src\share\vm\classfile\systemDictionary.cpp, line 210]
Event: 1.269 Thread 0x0000000003212800 Exception <a 'java/lang/ClassNotFoundException': Tree> (0x00000000d627eef8) thrown at [C:\re\workspace\8-2-build-windows-amd64-cygwin\jdk8u161\10277\hotspot\src\share\vm\classfile\systemDictionary.cpp, line 210]
Event: 1.269 Thread 0x0000000003212800 Exception <a 'java/lang/ClassNotFoundException': javax/swing/JTreeCell> (0x00000000d627f278) thrown at [C:\re\workspace\8-2-build-windows-amd64-cygwin\jdk8u161\10277\hotspot\src\share\vm\classfile\systemDictionary.cpp, line 210]
Event: 1.269 Thread 0x0000000003212800 Exception <a 'java/lang/ClassNotFoundException': TreeCell> (0x00000000d627f700) thrown at [C:\re\workspace\8-2-build-windows-amd64-cygwin\jdk8u161\10277\hotspot\src\share\vm\classfile\systemDictionary.cpp, line 210]
Event: 1.270 Thread 0x0000000003212800 Exception <a 'java/lang/ClassNotFoundException': RootPane> (0x00000000d6280160) thrown at [C:\re\workspace\8-2-build-windows-amd64-cygwin\jdk8u161\10277\hotspot\src\share\vm\classfile\systemDictionary.cpp, line 210]
Event: 10.498 Thread 0x000000001a289800 Implicit null exception at 0x0000000003660c16 to 0x0000000003660fb1
Event: 10.499 Thread 0x000000001a289800 Implicit null exception at 0x0000000003643816 to 0x0000000003643bad

Events (10 events):
Event: 339.568 Thread 0x0000000019b6d000 Thread added: 0x0000000019b6d000
Event: 339.568 Thread 0x0000000019b6d800 Thread added: 0x0000000019b6d800
Event: 339.569 Thread 0x0000000019b6d000 Thread exited: 0x0000000019b6d000
Event: 339.569 loading class java/lang/ProcessBuilder
Event: 339.569 loading class java/lang/ProcessBuilder done
Event: 339.569 loading class java/lang/ProcessImpl
Event: 339.570 loading class java/lang/Process
Event: 339.570 loading class java/lang/Process done
Event: 339.570 loading class java/lang/ProcessImpl done
Event: 339.581 Thread 0x000000001a0a0000 Thread exited: 0x000000001a0a0000


Dynamic libraries:
0x00007ff77b060000 - 0x00007ff77b097000 	C:\Program Files\Java\jdk1.8.0_161\bin\java.exe
0x00007fff148b0000 - 0x00007fff14a91000 	C:\WINDOWS\SYSTEM32\ntdll.dll
0x00007fff0cf90000 - 0x00007fff0cfa2000 	C:\Program Files\AVAST Software\Avast\aswhook.dll
0x00007fff12240000 - 0x00007fff122f1000 	C:\WINDOWS\System32\KERNEL32.DLL
0x00007fff11240000 - 0x00007fff114b3000 	C:\WINDOWS\System32\KERNELBASE.dll
0x00007fff11de0000 - 0x00007fff11e81000 	C:\WINDOWS\System32\ADVAPI32.dll
0x00007fff12370000 - 0x00007fff1240e000 	C:\WINDOWS\System32\msvcrt.dll
0x00007fff147c0000 - 0x00007fff1481b000 	C:\WINDOWS\System32\sechost.dll
0x00007fff13bc0000 - 0x00007fff13ce4000 	C:\WINDOWS\System32\RPCRT4.dll
0x00007fff13cf0000 - 0x00007fff13e80000 	C:\WINDOWS\System32\USER32.dll
0x00007fff10c80000 - 0x00007fff10ca0000 	C:\WINDOWS\System32\win32u.dll
0x00007fff12210000 - 0x00007fff12238000 	C:\WINDOWS\System32\GDI32.dll
0x00007fff110a0000 - 0x00007fff11231000 	C:\WINDOWS\System32\gdi32full.dll
0x00007fff11590000 - 0x00007fff1162f000 	C:\WINDOWS\System32\msvcp_win.dll
0x00007fff10ca0000 - 0x00007fff10d98000 	C:\WINDOWS\System32\ucrtbase.dll
0x00007fff088a0000 - 0x00007fff08b09000 	C:\WINDOWS\WinSxS\amd64_microsoft.windows.common-controls_6595b64144ccf1df_6.0.17134.885_none_fb42a3473065565f\COMCTL32.dll
0x00007fff14490000 - 0x00007fff147b2000 	C:\WINDOWS\System32\combase.dll
0x00007fff11510000 - 0x00007fff11589000 	C:\WINDOWS\System32\bcryptPrimitives.dll
0x00007fff12590000 - 0x00007fff125bd000 	C:\WINDOWS\System32\IMM32.DLL
0x00007ffee3c80000 - 0x00007ffee3d9f000 	C:\Program Files\Diebold\Warsaw\wslbscr64.dll
0x00007fff126a0000 - 0x00007fff13ae0000 	C:\WINDOWS\System32\SHELL32.dll
0x00007fff114c0000 - 0x00007fff11509000 	C:\WINDOWS\System32\cfgmgr32.dll
0x00007fff13e80000 - 0x00007fff13f29000 	C:\WINDOWS\System32\shcore.dll
0x00007fff11630000 - 0x00007fff11d3d000 	C:\WINDOWS\System32\windows.storage.dll
0x00007fff12310000 - 0x00007fff12361000 	C:\WINDOWS\System32\shlwapi.dll
0x00007fff10c40000 - 0x00007fff10c51000 	C:\WINDOWS\System32\kernel.appcore.dll
0x00007fff10c60000 - 0x00007fff10c7f000 	C:\WINDOWS\System32\profapi.dll
0x00007fff10bf0000 - 0x00007fff10c3c000 	C:\WINDOWS\System32\powrprof.dll
0x00007fff10be0000 - 0x00007fff10bea000 	C:\WINDOWS\System32\FLTLIB.DLL
0x00007fff0fcc0000 - 0x00007fff0fcf1000 	C:\WINDOWS\SYSTEM32\ntmarta.dll
0x00007ffeef470000 - 0x00007ffeef56c000 	C:\Program Files\Diebold\Warsaw\wslbscrwh64.dll
0x0000000072180000 - 0x0000000072252000 	C:\Program Files\Java\jdk1.8.0_161\jre\bin\msvcr100.dll
0x0000000072260000 - 0x0000000072aff000 	C:\Program Files\Java\jdk1.8.0_161\jre\bin\server\jvm.dll
0x00007fff125c0000 - 0x00007fff125c8000 	C:\WINDOWS\System32\PSAPI.DLL
0x00007fff07a70000 - 0x00007fff07a79000 	C:\WINDOWS\SYSTEM32\WSOCK32.dll
0x00007fff125d0000 - 0x00007fff1263c000 	C:\WINDOWS\System32\WS2_32.dll
0x00007fff0e910000 - 0x00007fff0e933000 	C:\WINDOWS\SYSTEM32\WINMM.dll
0x00007fff092a0000 - 0x00007fff092aa000 	C:\WINDOWS\SYSTEM32\VERSION.dll
0x00007fff0e8e0000 - 0x00007fff0e90a000 	C:\WINDOWS\SYSTEM32\WINMMBASE.dll
0x0000000073030000 - 0x000000007303f000 	C:\Program Files\Java\jdk1.8.0_161\jre\bin\verify.dll
0x0000000072150000 - 0x0000000072179000 	C:\Program Files\Java\jdk1.8.0_161\jre\bin\java.dll
0x0000000072130000 - 0x0000000072146000 	C:\Program Files\Java\jdk1.8.0_161\jre\bin\zip.dll
0x0000000071f50000 - 0x00000000720e8000 	C:\Program Files\Java\jdk1.8.0_161\jre\bin\awt.dll
0x00007fff13ae0000 - 0x00007fff13ba2000 	C:\WINDOWS\System32\OLEAUT32.dll
0x00007fff0ef50000 - 0x00007fff0efdb000 	C:\WINDOWS\SYSTEM32\apphelp.dll
0x00007fff0f280000 - 0x00007fff0f318000 	C:\WINDOWS\system32\uxtheme.dll
0x000000001ab20000 - 0x000000001ac93000 	C:\WINDOWS\System32\MSCTF.dll
0x00007fff0f350000 - 0x00007fff0f379000 	C:\WINDOWS\system32\dwmapi.dll
0x00007fff11e90000 - 0x00007fff11fe1000 	C:\WINDOWS\System32\ole32.dll
0x0000000071f00000 - 0x0000000071f47000 	C:\Program Files\Java\jdk1.8.0_161\jre\bin\fontmanager.dll
0x0000000071d50000 - 0x0000000071e21000 	C:\Users\joaoq\AppData\Local\Temp\javacpp520657757076514\msvcr100.dll
0x0000000071cb0000 - 0x0000000071d48000 	C:\Users\joaoq\AppData\Local\Temp\javacpp520657757076514\msvcp100.dll
0x0000000066840000 - 0x00000000676b4000 	C:\Users\joaoq\AppData\Local\Temp\javacpp520657757076514\opencv_ffmpeg248_64.dll
0x00007ffedc3c0000 - 0x00007ffedc632000 	C:\Users\joaoq\AppData\Local\Temp\javacpp520657757076514\opencv_core248.dll
0x00007ffedbb90000 - 0x00007ffedbe42000 	C:\Users\joaoq\AppData\Local\Temp\javacpp520657757076514\opencv_imgproc248.dll
0x00007ffed5420000 - 0x00007ffed566d000 	C:\Users\joaoq\AppData\Local\Temp\javacpp520657757076514\opencv_highgui248.dll
0x00007fff0c8c0000 - 0x00007fff0c8df000 	C:\WINDOWS\SYSTEM32\AVIFIL32.dll
0x00007ffefdf60000 - 0x00007ffefdf89000 	C:\WINDOWS\SYSTEM32\MSVFW32.dll
0x00007ffeffbe0000 - 0x00007ffeffbf8000 	C:\WINDOWS\SYSTEM32\AVICAP32.dll
0x00007fff0c100000 - 0x00007fff0c11c000 	C:\WINDOWS\SYSTEM32\MSACM32.dll
0x00007ffefdf40000 - 0x00007ffefdf53000 	C:\Users\joaoq\AppData\Local\Temp\javacpp520657757076514\jniopencv_highgui.dll
0x00007fff103e0000 - 0x00007fff10446000 	C:\WINDOWS\system32\mswsock.dll
0x00007fff10590000 - 0x00007fff105a7000 	C:\WINDOWS\SYSTEM32\CRYPTSP.dll
0x00007fff0ffd0000 - 0x00007fff10003000 	C:\WINDOWS\system32\rsaenh.dll
0x00007fff106c0000 - 0x00007fff106e5000 	C:\WINDOWS\SYSTEM32\bcrypt.dll
0x00007fff105b0000 - 0x00007fff105bb000 	C:\WINDOWS\SYSTEM32\CRYPTBASE.dll
0x00007fff0c2b0000 - 0x00007fff0c2c6000 	C:\WINDOWS\system32\napinsp.dll
0x00007fff0bc00000 - 0x00007fff0bc1a000 	C:\WINDOWS\system32\pnrpnsp.dll
0x00007fff0d770000 - 0x00007fff0d789000 	C:\WINDOWS\system32\NLAapi.dll
0x00007fff101b0000 - 0x00007fff1026e000 	C:\WINDOWS\SYSTEM32\DNSAPI.dll
0x00007fff13bb0000 - 0x00007fff13bb8000 	C:\WINDOWS\System32\NSI.dll
0x00007fff10170000 - 0x00007fff101a8000 	C:\WINDOWS\SYSTEM32\IPHLPAPI.DLL
0x00007fff0c480000 - 0x00007fff0c48e000 	C:\WINDOWS\System32\winrnr.dll
0x00007fff04f90000 - 0x00007fff04fa5000 	C:\WINDOWS\System32\wshbth.dll
0x00007ffefb840000 - 0x00007ffefb8da000 	C:\Users\joaoq\AppData\Local\Temp\javacpp520657757076514\jniopencv_core.dll
0x00007ffef5300000 - 0x00007ffef5420000 	C:\WINDOWS\system32\opengl32.dll
0x00007ffeff170000 - 0x00007ffeff19c000 	C:\WINDOWS\SYSTEM32\GLU32.dll
0x0000000072110000 - 0x000000007212a000 	C:\Program Files\Java\jdk1.8.0_161\jre\bin\net.dll
0x00000000720f0000 - 0x0000000072101000 	C:\Program Files\Java\jdk1.8.0_161\jre\bin\nio.dll
0x0000000071eb0000 - 0x0000000071ef2000 	C:\Program Files\Java\jdk1.8.0_161\jre\bin\t2k.dll
0x0000000071e70000 - 0x0000000071e9a000 	C:\Program Files\Java\jdk1.8.0_161\jre\bin\dcpr.dll
0x00007ffefc090000 - 0x00007ffefc126000 	C:\WINDOWS\System32\TextInputFramework.dll
0x00007ffefbd70000 - 0x00007ffefc08e000 	C:\WINDOWS\System32\CoreUIComponents.dll
0x00007fff0ed40000 - 0x00007fff0ee1a000 	C:\WINDOWS\System32\CoreMessaging.dll
0x00007fff0c9e0000 - 0x00007fff0cb2d000 	C:\WINDOWS\SYSTEM32\wintypes.dll
0x00007fff04bf0000 - 0x00007fff04db9000 	C:\WINDOWS\SYSTEM32\dbghelp.dll

VM Arguments:
jvm_args: -Dfile.encoding=UTF-8 
java_command: serial.JFMain
java_class_path (initial): C:\Program Files\Java\jre1.8.0_191\lib\ext\RXTXcomm.jar;C:\Program Files\NetBeans 8.2\java\modules\ext\AbsoluteLayout.jar;C:\Users\joaoq\Downloads\opencv\build\java\opencv-347.jar;C:\Users\joaoq\Downloads\IP-Camera-Java-CV-Libraries-master\javacv.jar;C:\Users\joaoq\Downloads\IP-Camera-Java-CV-Libraries-master\javacpp.jar;C:\Users\joaoq\Downloads\IP-Camera-Java-CV-Libraries-master\javacv-windows-x86.jar;C:\Users\joaoq\Downloads\IP-Camera-Java-CV-Libraries-master\javacv-windows-x86_64.jar;C:\Users\joaoq\Downloads\IP-Camera-Java-CV-Libraries-master\opencv-2.4.8-windows-x86.jar;C:\Users\joaoq\Downloads\IP-Camera-Java-CV-Libraries-master\opencv-2.4.8-windows-x86_64.jar;C:\Users\joaoq\Google Drive\TCC João Pedro Quintino\TCC2\Software PC\ReadWriteSerial\build\classes
Launcher Type: SUN_STANDARD

Environment Variables:
JAVA_HOME=C:\Program Files\Java\jdk1.8.0_161
CLASSPATH=C:\Program Files\Java\jdk1.8.0_161\lib;C:\jflex-1.6.1\lib\jflex-1.6.1.jar
PATH=C:\Program Files (x86)\Common Files\Oracle\Java\javapath;C:\ProgramData\Oracle\Java\javapath;C:\Program Files (x86)\Intel\iCLS Client\;C:\Program Files\Intel\iCLS Client\;C:\Windows\system32;C:\Windows;C:\Windows\System32\Wbem;C:\Windows\System32\WindowsPowerShell\v1.0\;C:\Program Files (x86)\Intel\Intel(R) Management Engine Components\DAL;C:\Program Files\Intel\Intel(R) Management Engine Components\DAL;C:\Program Files (x86)\Intel\Intel(R) Management Engine Components\IPT;C:\Program Files\Intel\Intel(R) Management Engine Components\IPT;C:\Program Files (x86)\NVIDIA Corporation\PhysX\Common;C:\WINDOWS\system32;C:\WINDOWS;C:\WINDOWS\System32\Wbem;C:\WINDOWS\System32\WindowsPowerShell\v1.0\;C:\Program Files\Java\jdk1.8.0_161\bin;C:\WINDOWS\System32\OpenSSH\;C:\Program Files\MATLAB\R2018a\runtime\win64;C:\Program Files\MATLAB\R2018a\bin;D:\Program Files\nodejs\;D:\Program Files\Microsoft VS Code\bin;D:\Program Files (x86)\Yarn\bin\;C:\Program Files\Git\cmd;C:\Users\joaoq\AppData\Local\Programs\Python\Python37-32\Scripts\;C:\Users\joaoq\AppData\Local\Programs\Python\Python37-32\;C:\Users\joaoq\AppData\Local\Microsoft\WindowsApps;C:\Users\joaoq\AppData\Roaming\npm;C:\Users\joaoq\AppData\Local\Yarn\bin;D:\Program Files\Docker Toolbox
USERNAME=joaoq
OS=Windows_NT
PROCESSOR_IDENTIFIER=Intel64 Family 6 Model 69 Stepping 1, GenuineIntel



---------------  S Y S T E M  ---------------

OS: Windows 10.0 , 64 bit Build 17134 (10.0.17134.753)

CPU:total 4 (initial active 4) (2 cores per cpu, 2 threads per core) family 6 model 69 stepping 1, cmov, cx8, fxsr, mmx, sse, sse2, sse3, ssse3, sse4.1, sse4.2, popcnt, avx, avx2, aes, clmul, erms, lzcnt, ht, tsc, tscinvbit, bmi1, bmi2

Memory: 4k page, physical 8289792k(2199196k free), swap 10780160k(3819064k free)

vm_info: Java HotSpot(TM) 64-Bit Server VM (25.161-b12) for windows-amd64 JRE (1.8.0_161-b12), built on Dec 19 2017 17:52:25 by "java_re" with MS VC++ 10.0 (VS2010)

time: Wed Jul 31 17:40:37 2019
elapsed time: 339 seconds (0d 0h 5m 39s)

