#
# A fatal error has been detected by the Java Runtime Environment:
#
#  EXCEPTION_ACCESS_VIOLATION (0xc0000005) at pc=0x0000000066e46bee, pid=11472, tid=0x0000000000003384
#
# JRE version: Java(TM) SE Runtime Environment (8.0_161-b12) (build 1.8.0_161-b12)
# Java VM: Java HotSpot(TM) 64-Bit Server VM (25.161-b12 mixed mode windows-amd64 compressed oops)
# Problematic frame:
# C  [opencv_ffmpeg248_64.dll+0x606bee]
#
# Failed to write core dump. Minidumps are not enabled by default on client versions of Windows
#
# If you would like to submit a bug report, please visit:
#   http://bugreport.java.com/bugreport/crash.jsp
# The crash happened outside the Java Virtual Machine in native code.
# See problematic frame for where to report the bug.
#

---------------  T H R E A D  ---------------

Current thread (0x000000001a0c3000):  JavaThread "Thread-4" [_thread_in_native, id=13188, stack(0x00000000613a0000,0x00000000614a0000)]

siginfo: ExceptionCode=0xc0000005, reading address 0x000000005e85b000

Registers:
RAX=0x00000000000000f2, RBX=0x0000000000000280, RCX=0x0000000000000001, RDX=0x000000006149f230
RSP=0x000000006149f150, RBP=0x000000005e913ac0, RSI=0x000000005cb05ec0, RDI=0x000000005e9515a0
R8 =0x000000006149f270, R9 =0x0000000000000000, R10=0x000000005ebc15d8, R11=0x000000005e85b270
R12=0x0000000000000520, R13=0x000000006149f280, R14=0x000000006149f250, R15=0xfffffffffffffec4
RIP=0x0000000066e46bee, EFLAGS=0x0000000000010282

Top of Stack: (sp=0x000000006149f150)
0x000000006149f150:   fffffffffffffd80 0000000000000500
0x000000006149f160:   000000001a0c3000 000000005cb01a40
0x000000006149f170:   000000006149f230 000000006149f250
0x000000006149f180:   0000000000000000 0000000000000000
0x000000006149f190:   0000000000000000 0000000000000f00
0x000000006149f1a0:   0000000000000520 0000000066e10a46
0x000000006149f1b0:   00000000000002d0 0000000066f11868
0x000000006149f1c0:   00000000ffffffff 0000000000000000
0x000000006149f1d0:   00000000000002d0 000000006149f250
0x000000006149f1e0:   000000006149f280 0000000000000000
0x000000006149f1f0:   0000000000000000 000000005dbd5020
0x000000006149f200:   0000000000000000 0000000300000000
0x000000006149f210:   00000000ffffffff 000000005cb01a40
0x000000006149f220:   0000000000000000 00000000000002d0
0x000000006149f230:   000000005e80d530 000000005e900230
0x000000006149f240:   000000005e93dd10 0000000000000000 

Instructions: (pc=0x0000000066e46bee)
0x0000000066e46bce:   db 15 64 a6 23 00 0f eb cb 0f eb c6 0f eb cd 0f
0x0000000066e46bde:   eb d7 41 0f e7 02 41 0f e7 4a 08 41 0f e7 52 10
0x0000000066e46bee:   43 0f 6f 74 7b 08 42 0f 6e 4c 3f 04 42 0f 6e 44
0x0000000066e46bfe:   3d 04 49 83 c2 18 49 83 c7 04 0f 88 f7 fe ff ff 


Register to memory mapping:

RAX=0x00000000000000f2 is an unknown value
RBX=0x0000000000000280 is an unknown value
RCX=0x0000000000000001 is an unknown value
RDX=0x000000006149f230 is pointing into the stack for thread: 0x000000001a0c3000
RSP=0x000000006149f150 is pointing into the stack for thread: 0x000000001a0c3000
RBP=0x000000005e913ac0 is an unknown value
RSI=0x000000005cb05ec0 is an unknown value
RDI=0x000000005e9515a0 is an unknown value
R8 =0x000000006149f270 is pointing into the stack for thread: 0x000000001a0c3000
R9 =0x0000000000000000 is an unknown value
R10=0x000000005ebc15d8 is an unknown value
R11=0x000000005e85b270 is an unknown value
R12=0x0000000000000520 is an unknown value
R13=0x000000006149f280 is pointing into the stack for thread: 0x000000001a0c3000
R14=0x000000006149f250 is pointing into the stack for thread: 0x000000001a0c3000
R15=0xfffffffffffffec4 is an unknown value


Stack: [0x00000000613a0000,0x00000000614a0000],  sp=0x000000006149f150,  free space=1020k
Native frames: (J=compiled Java code, j=interpreted, Vv=VM code, C=native code)
C  [opencv_ffmpeg248_64.dll+0x606bee]
C  [opencv_ffmpeg248_64.dll+0x5d0a46]
C  [opencv_ffmpeg248_64.dll+0x1e59]
C  [opencv_ffmpeg248_64.dll+0x346a]
C  [opencv_highgui248.dll+0x34b0]
C  [opencv_highgui248.dll+0x1129]
C  [jniopencv_highgui.dll+0x6a76]
C  0x00000000036c0c9b

Java frames: (J=compiled Java code, j=interpreted, Vv=VM code)
J 1942  com.googlecode.javacv.cpp.opencv_highgui.cvRetrieveFrame(Lcom/googlecode/javacv/cpp/opencv_highgui$CvCapture;I)Lcom/googlecode/javacv/cpp/opencv_core$IplImage; (0 bytes) @ 0x00000000036c0c15 [0x00000000036c0bc0+0x55]
J 1944 C1 com.googlecode.javacv.OpenCVFrameGrabber.grab()Lcom/googlecode/javacv/cpp/opencv_core$IplImage; (177 bytes) @ 0x00000000036c1f94 [0x00000000036c1ec0+0xd4]
j  serial.CameraHandler.run()V+19
j  java.lang.Thread.run()V+11
v  ~StubRoutines::call_stub

---------------  P R O C E S S  ---------------

Java Threads: ( => current thread )
  0x0000000019f6f000 JavaThread "Thread-0" daemon [_thread_in_native, id=13048, stack(0x000000006a6a0000,0x000000006a7a0000)]
  0x0000000019f69000 JavaThread "Thread-2" [_thread_in_vm, id=8324, stack(0x0000000067ac0000,0x0000000067bc0000)]
  0x0000000019f68000 JavaThread "DestroyJavaVM" [_thread_blocked, id=3732, stack(0x0000000002ea0000,0x0000000002fa0000)]
  0x0000000019f6d800 JavaThread "J3D-InputDeviceScheduler-1" [_thread_blocked, id=12640, stack(0x0000000061ca0000,0x0000000061da0000)]
  0x0000000019f6e000 JavaThread "J3D-SoundSchedulerUpdateThread-1" [_thread_blocked, id=508, stack(0x0000000061ba0000,0x0000000061ca0000)]
  0x0000000019f6a800 JavaThread "J3D-RenderStructureUpdateThread-1" [_thread_blocked, id=9672, stack(0x0000000061aa0000,0x0000000061ba0000)]
  0x0000000019f66800 JavaThread "J3D-BehaviorScheduler-1" [_thread_blocked, id=10120, stack(0x00000000619a0000,0x0000000061aa0000)]
  0x0000000019f6b000 JavaThread "J3D-TransformStructureUpdateThread-1" [_thread_blocked, id=12936, stack(0x00000000618a0000,0x00000000619a0000)]
  0x000000001a0c5000 JavaThread "J3D-RenderingEnvironmentStructureUpdateThread-1" [_thread_blocked, id=12164, stack(0x00000000617a0000,0x00000000618a0000)]
  0x000000001a0c4800 JavaThread "J3D-SoundStructureUpdateThread-1" [_thread_blocked, id=6304, stack(0x00000000616a0000,0x00000000617a0000)]
  0x000000001a0c1800 JavaThread "J3D-GeometryStructureUpdateThread-1" [_thread_blocked, id=11616, stack(0x00000000615a0000,0x00000000616a0000)]
  0x000000001a0c0000 JavaThread "J3D-BehaviorStructureUpdateThread-1" [_thread_blocked, id=11300, stack(0x00000000614a0000,0x00000000615a0000)]
=>0x000000001a0c3000 JavaThread "Thread-4" [_thread_in_native, id=13188, stack(0x00000000613a0000,0x00000000614a0000)]
  0x000000001a0bf000 JavaThread "TimerQueue" daemon [_thread_blocked, id=8140, stack(0x00000000612a0000,0x00000000613a0000)]
  0x000000001a0c3800 JavaThread "AWT-EventQueue-0" [_thread_blocked, id=11924, stack(0x000000005fe60000,0x000000005ff60000)]
  0x000000001a0c0800 JavaThread "AWT-Shutdown" [_thread_blocked, id=13064, stack(0x000000005fd60000,0x000000005fe60000)]
  0x0000000019e02000 JavaThread "J3D-Renderer-1" [_thread_blocked, id=9140, stack(0x000000001b320000,0x000000001b420000)]
  0x000000001a2c1800 JavaThread "J3D-MasterControl-1" [_thread_blocked, id=11872, stack(0x000000001b220000,0x000000001b320000)]
  0x0000000019dff000 JavaThread "J3D-NotificationThread" [_thread_blocked, id=208, stack(0x000000001b120000,0x000000001b220000)]
  0x000000001a2dc800 JavaThread "J3D-TimerThread" [_thread_blocked, id=7624, stack(0x000000001b020000,0x000000001b120000)]
  0x0000000019ef1800 JavaThread "J3D-RenderingAttributesStructureUpdateThread" [_thread_blocked, id=7536, stack(0x000000001af20000,0x000000001b020000)]
  0x0000000019e9a800 JavaThread "Java2D Disposer" daemon [_thread_blocked, id=1136, stack(0x000000001a4a0000,0x000000001a5a0000)]
  0x0000000017c4d800 JavaThread "Service Thread" daemon [_thread_blocked, id=8448, stack(0x0000000019950000,0x0000000019a50000)]
  0x0000000017bfb800 JavaThread "C1 CompilerThread2" daemon [_thread_blocked, id=3996, stack(0x0000000019450000,0x0000000019550000)]
  0x0000000017bf1000 JavaThread "C2 CompilerThread1" daemon [_thread_blocked, id=11760, stack(0x0000000019350000,0x0000000019450000)]
  0x0000000017bee000 JavaThread "C2 CompilerThread0" daemon [_thread_blocked, id=2108, stack(0x0000000019250000,0x0000000019350000)]
  0x0000000017bf9800 JavaThread "Attach Listener" daemon [_thread_blocked, id=9108, stack(0x0000000019150000,0x0000000019250000)]
  0x0000000017bf8800 JavaThread "Signal Dispatcher" daemon [_thread_blocked, id=6656, stack(0x0000000019050000,0x0000000019150000)]
  0x000000000309d800 JavaThread "Finalizer" daemon [_thread_blocked, id=2716, stack(0x0000000018e40000,0x0000000018f40000)]
  0x0000000003092000 JavaThread "Reference Handler" daemon [_thread_blocked, id=11720, stack(0x0000000018d40000,0x0000000018e40000)]

Other Threads:
  0x0000000017bb8000 VMThread [stack: 0x0000000018c40000,0x0000000018d40000] [id=5424]
  0x0000000019596000 WatcherThread [stack: 0x0000000019a50000,0x0000000019b50000] [id=10928]

VM state:not at safepoint (normal execution)

VM Mutex/Monitor currently owned by a thread: None

Heap:
 PSYoungGen      total 146432K, used 18333K [0x00000000d5d80000, 0x00000000e2c80000, 0x0000000100000000)
  eden space 137728K, 7% used [0x00000000d5d80000,0x00000000d675e5d0,0x00000000de400000)
  from space 8704K, 94% used [0x00000000e1980000,0x00000000e2189030,0x00000000e2200000)
  to   space 10752K, 0% used [0x00000000e2200000,0x00000000e2200000,0x00000000e2c80000)
 ParOldGen       total 90624K, used 20925K [0x0000000081800000, 0x0000000087080000, 0x00000000d5d80000)
  object space 90624K, 23% used [0x0000000081800000,0x0000000082c6f4d8,0x0000000087080000)
 Metaspace       used 19629K, capacity 19910K, committed 20096K, reserved 1067008K
  class space    used 2237K, capacity 2350K, committed 2432K, reserved 1048576K

Card table byte_map: [0x0000000012460000,0x0000000012860000] byte_map_base: 0x0000000012054000

Marking Bits: (ParMarkBitMap*) 0x000000005d9af860
 Begin Bits: [0x0000000012f10000, 0x0000000014eb0000)
 End Bits:   [0x0000000014eb0000, 0x0000000016e50000)

Polling page: 0x0000000001540000

CodeCache: size=245760Kb used=8909Kb max_used=8913Kb free=236850Kb
 bounds [0x00000000030a0000, 0x0000000003970000, 0x00000000120a0000]
 total_blobs=2992 nmethods=2310 adapters=593
 compilation: enabled

Compilation events (10 events):
Event: 62.599 Thread 0x0000000017bfb800 2558   !   3       java.awt.AWTEvent::dispatched (47 bytes)
Event: 62.600 Thread 0x0000000017bfb800 nmethod 2558 0x00000000034d1650 code [0x00000000034d1840, 0x00000000034d2278]
Event: 62.608 Thread 0x0000000017bfb800 2559       3       java.awt.LinearGradientPaintContext::fillRaster (97 bytes)
Event: 62.608 Thread 0x0000000017bfb800 nmethod 2559 0x0000000003231050 code [0x00000000032311e0, 0x0000000003231628]
Event: 62.608 Thread 0x0000000017bfb800 2560       1       java.awt.image.SinglePixelPackedSampleModel::getScanlineStride (5 bytes)
Event: 62.609 Thread 0x0000000017bfb800 nmethod 2560 0x00000000031e7fd0 code [0x00000000031e8120, 0x00000000031e8230]
Event: 62.660 Thread 0x0000000017bfb800 2561   !   3       javax.swing.JComponent::getClientProperty (56 bytes)
Event: 62.661 Thread 0x0000000017bfb800 nmethod 2561 0x00000000034c8150 code [0x00000000034c82e0, 0x00000000034c8708]
Event: 62.692 Thread 0x0000000017bfb800 2562       3       java.awt.event.ActionEvent::<init> (24 bytes)
Event: 62.692 Thread 0x0000000017bfb800 nmethod 2562 0x000000000332b690 code [0x000000000332b800, 0x000000000332b9e8]

GC Heap History (10 events):
Event: 47.851 GC heap before
{Heap before GC invocations=14 (full 3):
 PSYoungGen      total 174080K, used 172250K [0x00000000d5d80000, 0x00000000e4a80000, 0x0000000100000000)
  eden space 162816K, 99% used [0x00000000d5d80000,0x00000000dfb0ab50,0x00000000dfc80000)
  from space 11264K, 97% used [0x00000000e3f80000,0x00000000e4a2c040,0x00000000e4a80000)
  to   space 14336K, 0% used [0x00000000e2e80000,0x00000000e2e80000,0x00000000e3c80000)
 ParOldGen       total 90624K, used 12809K [0x0000000081800000, 0x0000000087080000, 0x00000000d5d80000)
  object space 90624K, 14% used [0x0000000081800000,0x00000000824824a8,0x0000000087080000)
 Metaspace       used 19493K, capacity 19782K, committed 20096K, reserved 1067008K
  class space    used 2230K, capacity 2350K, committed 2432K, reserved 1048576K
Event: 47.861 GC heap after
Heap after GC invocations=14 (full 3):
 PSYoungGen      total 168448K, used 10928K [0x00000000d5d80000, 0x00000000e4000000, 0x0000000100000000)
  eden space 157184K, 0% used [0x00000000d5d80000,0x00000000d5d80000,0x00000000df700000)
  from space 11264K, 97% used [0x00000000e2e80000,0x00000000e392c040,0x00000000e3980000)
  to   space 6656K, 0% used [0x00000000e3980000,0x00000000e3980000,0x00000000e4000000)
 ParOldGen       total 90624K, used 12809K [0x0000000081800000, 0x0000000087080000, 0x00000000d5d80000)
  object space 90624K, 14% used [0x0000000081800000,0x00000000824824a8,0x0000000087080000)
 Metaspace       used 19493K, capacity 19782K, committed 20096K, reserved 1067008K
  class space    used 2230K, capacity 2350K, committed 2432K, reserved 1048576K
}
Event: 51.684 GC heap before
{Heap before GC invocations=15 (full 3):
 PSYoungGen      total 168448K, used 166866K [0x00000000d5d80000, 0x00000000e4000000, 0x0000000100000000)
  eden space 157184K, 99% used [0x00000000d5d80000,0x00000000df5c8ab0,0x00000000df700000)
  from space 11264K, 97% used [0x00000000e2e80000,0x00000000e392c040,0x00000000e3980000)
  to   space 6656K, 0% used [0x00000000e3980000,0x00000000e3980000,0x00000000e4000000)
 ParOldGen       total 90624K, used 12809K [0x0000000081800000, 0x0000000087080000, 0x00000000d5d80000)
  object space 90624K, 14% used [0x0000000081800000,0x00000000824824a8,0x0000000087080000)
 Metaspace       used 19520K, capacity 19846K, committed 20096K, reserved 1067008K
  class space    used 2230K, capacity 2350K, committed 2432K, reserved 1048576K
Event: 51.688 GC heap after
Heap after GC invocations=15 (full 3):
 PSYoungGen      total 157696K, used 5528K [0x00000000d5d80000, 0x00000000e3f00000, 0x0000000100000000)
  eden space 152064K, 0% used [0x00000000d5d80000,0x00000000d5d80000,0x00000000df200000)
  from space 5632K, 98% used [0x00000000e3980000,0x00000000e3ee6020,0x00000000e3f00000)
  to   space 14848K, 0% used [0x00000000e2200000,0x00000000e2200000,0x00000000e3080000)
 ParOldGen       total 90624K, used 18217K [0x0000000081800000, 0x0000000087080000, 0x00000000d5d80000)
  object space 90624K, 20% used [0x0000000081800000,0x00000000829ca4c8,0x0000000087080000)
 Metaspace       used 19520K, capacity 19846K, committed 20096K, reserved 1067008K
  class space    used 2230K, capacity 2350K, committed 2432K, reserved 1048576K
}
Event: 55.383 GC heap before
{Heap before GC invocations=16 (full 3):
 PSYoungGen      total 157696K, used 155908K [0x00000000d5d80000, 0x00000000e3f00000, 0x0000000100000000)
  eden space 152064K, 98% used [0x00000000d5d80000,0x00000000df05b228,0x00000000df200000)
  from space 5632K, 98% used [0x00000000e3980000,0x00000000e3ee6020,0x00000000e3f00000)
  to   space 14848K, 0% used [0x00000000e2200000,0x00000000e2200000,0x00000000e3080000)
 ParOldGen       total 90624K, used 18217K [0x0000000081800000, 0x0000000087080000, 0x00000000d5d80000)
  object space 90624K, 20% used [0x0000000081800000,0x00000000829ca4c8,0x0000000087080000)
 Metaspace       used 19523K, capacity 19846K, committed 20096K, reserved 1067008K
  class space    used 2230K, capacity 2350K, committed 2432K, reserved 1048576K
Event: 55.389 GC heap after
Heap after GC invocations=16 (full 3):
 PSYoungGen      total 155648K, used 8228K [0x00000000d5d80000, 0x00000000e3a00000, 0x0000000100000000)
  eden space 146944K, 0% used [0x00000000d5d80000,0x00000000d5d80000,0x00000000ded00000)
  from space 8704K, 94% used [0x00000000e2200000,0x00000000e2a09030,0x00000000e2a80000)
  to   space 14336K, 0% used [0x00000000e2c00000,0x00000000e2c00000,0x00000000e3a00000)
 ParOldGen       total 90624K, used 18217K [0x0000000081800000, 0x0000000087080000, 0x00000000d5d80000)
  object space 90624K, 20% used [0x0000000081800000,0x00000000829ca4c8,0x0000000087080000)
 Metaspace       used 19523K, capacity 19846K, committed 20096K, reserved 1067008K
  class space    used 2230K, capacity 2350K, committed 2432K, reserved 1048576K
}
Event: 59.003 GC heap before
{Heap before GC invocations=17 (full 3):
 PSYoungGen      total 155648K, used 152895K [0x00000000d5d80000, 0x00000000e3a00000, 0x0000000100000000)
  eden space 146944K, 98% used [0x00000000d5d80000,0x00000000deac6d20,0x00000000ded00000)
  from space 8704K, 94% used [0x00000000e2200000,0x00000000e2a09030,0x00000000e2a80000)
  to   space 14336K, 0% used [0x00000000e2c00000,0x00000000e2c00000,0x00000000e3a00000)
 ParOldGen       total 90624K, used 18217K [0x0000000081800000, 0x0000000087080000, 0x00000000d5d80000)
  object space 90624K, 20% used [0x0000000081800000,0x00000000829ca4c8,0x0000000087080000)
 Metaspace       used 19542K, capacity 19846K, committed 20096K, reserved 1067008K
  class space    used 2230K, capacity 2350K, committed 2432K, reserved 1048576K
Event: 59.009 GC heap after
Heap after GC invocations=17 (full 3):
 PSYoungGen      total 151040K, used 8228K [0x00000000d5d80000, 0x00000000e3480000, 0x0000000100000000)
  eden space 142336K, 0% used [0x00000000d5d80000,0x00000000d5d80000,0x00000000de880000)
  from space 8704K, 94% used [0x00000000e2c00000,0x00000000e3409030,0x00000000e3480000)
  to   space 13824K, 0% used [0x00000000e1980000,0x00000000e1980000,0x00000000e2700000)
 ParOldGen       total 90624K, used 18225K [0x0000000081800000, 0x0000000087080000, 0x00000000d5d80000)
  object space 90624K, 20% used [0x0000000081800000,0x00000000829cc4c8,0x0000000087080000)
 Metaspace       used 19542K, capacity 19846K, committed 20096K, reserved 1067008K
  class space    used 2230K, capacity 2350K, committed 2432K, reserved 1048576K
}
Event: 62.550 GC heap before
{Heap before GC invocations=18 (full 3):
 PSYoungGen      total 151040K, used 150146K [0x00000000d5d80000, 0x00000000e3480000, 0x0000000100000000)
  eden space 142336K, 99% used [0x00000000d5d80000,0x00000000de817b70,0x00000000de880000)
  from space 8704K, 94% used [0x00000000e2c00000,0x00000000e3409030,0x00000000e3480000)
  to   space 13824K, 0% used [0x00000000e1980000,0x00000000e1980000,0x00000000e2700000)
 ParOldGen       total 90624K, used 20925K [0x0000000081800000, 0x0000000087080000, 0x00000000d5d80000)
  object space 90624K, 23% used [0x0000000081800000,0x0000000082c6f4d8,0x0000000087080000)
 Metaspace       used 19550K, capacity 19846K, committed 20096K, reserved 1067008K
  class space    used 2230K, capacity 2350K, committed 2432K, reserved 1048576K
Event: 62.558 GC heap after
Heap after GC invocations=18 (full 3):
 PSYoungGen      total 146432K, used 8228K [0x00000000d5d80000, 0x00000000e2c80000, 0x0000000100000000)
  eden space 137728K, 0% used [0x00000000d5d80000,0x00000000d5d80000,0x00000000de400000)
  from space 8704K, 94% used [0x00000000e1980000,0x00000000e2189030,0x00000000e2200000)
  to   space 10752K, 0% used [0x00000000e2200000,0x00000000e2200000,0x00000000e2c80000)
 ParOldGen       total 90624K, used 20925K [0x0000000081800000, 0x0000000087080000, 0x00000000d5d80000)
  object space 90624K, 23% used [0x0000000081800000,0x0000000082c6f4d8,0x0000000087080000)
 Metaspace       used 19550K, capacity 19846K, committed 20096K, reserved 1067008K
  class space    used 2230K, capacity 2350K, committed 2432K, reserved 1048576K
}

Deoptimization events (10 events):
Event: 27.565 Thread 0x000000001a0c3800 Uncommon trap: reason=unstable_if action=reinterpret pc=0x000000000369abcc method=sun.font.FontDesignMetrics.getLatinCharWidth(C)F @ 11
Event: 27.567 Thread 0x000000001a0c3800 Uncommon trap: reason=unstable_if action=reinterpret pc=0x0000000003608940 method=sun.font.FontDesignMetrics.getLatinCharWidth(C)F @ 11
Event: 28.068 Thread 0x000000001a0c3800 Uncommon trap: reason=null_check action=make_not_entrant pc=0x00000000033723fc method=javax.swing.plaf.nimbus.NimbusDefaults$LazyStyle.matches(Ljava/awt/Component;I)Z @ 39
Event: 41.935 Thread 0x000000001a0c3800 Uncommon trap: reason=unstable_if action=reinterpret pc=0x000000000373a8f0 method=javax.swing.SwingUtilities.computeIntersection(IIIILjava/awt/Rectangle;)Ljava/awt/Rectangle; @ 34
Event: 59.498 Thread 0x000000001a0c3800 Uncommon trap: reason=unstable_if action=reinterpret pc=0x00000000031b34e4 method=sun.java2d.pipe.Region.intersectsQuickCheckXYXY(IIII)Z @ 22
Event: 59.498 Thread 0x000000001a0c3800 Uncommon trap: reason=unstable_if action=reinterpret pc=0x00000000036e82e8 method=javax.swing.DefaultButtonModel.isRollover()Z @ 7
Event: 59.500 Thread 0x000000001a0c3800 Uncommon trap: reason=unstable_if action=reinterpret pc=0x00000000038f4dd4 method=java.awt.geom.AffineTransform.translate(DD)V @ 533
Event: 59.500 Thread 0x000000001a0c3800 Uncommon trap: reason=unstable_if action=reinterpret pc=0x000000000322c424 method=javax.swing.plaf.nimbus.NimbusStyle.get(Ljavax/swing/plaf/synth/SynthContext;Ljava/lang/Object;)Ljava/lang/Object; @ 67
Event: 59.500 Thread 0x000000001a0c3800 Uncommon trap: reason=unstable_if action=reinterpret pc=0x00000000031cd434 method=javax.swing.plaf.synth.SynthStyle.getFont(Ljavax/swing/plaf/synth/SynthContext;)Ljava/awt/Font; @ 10
Event: 62.599 Thread 0x000000001a0c3800 Uncommon trap: reason=unstable_if action=reinterpret pc=0x0000000003539000 method=javax.swing.JComponent.getClientProperty(Ljava/lang/Object;)Ljava/lang/Object; @ 16

Classes redefined (0 events):
No events

Internal exceptions (10 events):
Event: 1.512 Thread 0x0000000002fa2800 Exception <a 'java/lang/ClassNotFoundException': RootPane> (0x00000000d6e521a0) thrown at [C:\re\workspace\8-2-build-windows-amd64-cygwin\jdk8u161\10277\hotspot\src\share\vm\classfile\systemDictionary.cpp, line 210]
Event: 1.513 Thread 0x0000000002fa2800 Implicit null exception at 0x00000000033232d5 to 0x00000000033234f1
Event: 9.404 Thread 0x000000001a0c3800 Implicit null exception at 0x00000000032e67d6 to 0x00000000032e6b79
Event: 9.405 Thread 0x000000001a0c3800 Implicit null exception at 0x00000000032c7a94 to 0x00000000032c7e51
Event: 9.614 Thread 0x000000001a0c3800 Implicit null exception at 0x000000000342084c to 0x0000000003420fbd
Event: 28.068 Thread 0x000000001a0c3800 Implicit null exception at 0x00000000033719ee to 0x00000000033723ed
Event: 59.500 Thread 0x000000001a0c3800 Implicit null exception at 0x000000000322bcfb to 0x000000000322c3df
Event: 62.696 Thread 0x0000000019f6c000 Exception <a 'java/lang/InterruptedException'> (0x00000000d66775e0) thrown at [C:\re\workspace\8-2-build-windows-amd64-cygwin\jdk8u161\10277\hotspot\src\share\vm\runtime\objectMonitor.cpp, line 1684]
Event: 62.697 Thread 0x0000000019f67800 Exception <a 'java/net/SocketException': Socket closed> (0x00000000d6678180) thrown at [C:\re\workspace\8-2-build-windows-amd64-cygwin\jdk8u161\10277\hotspot\src\share\vm\prims\jni.cpp, line 735]
Event: 62.698 Thread 0x000000001a0c2000 Exception <a 'java/lang/InterruptedException'> (0x00000000d6666960) thrown at [C:\re\workspace\8-2-build-windows-amd64-cygwin\jdk8u161\10277\hotspot\src\share\vm\runtime\objectMonitor.cpp, line 1684]

Events (10 events):
Event: 62.704 Executing VM operation: RevokeBias done
Event: 62.704 Executing VM operation: RevokeBias
Event: 62.704 Executing VM operation: RevokeBias done
Event: 62.704 Executing VM operation: RevokeBias
Event: 62.704 Executing VM operation: RevokeBias done
Event: 62.704 Thread 0x0000000019f6c000 Thread exited: 0x0000000019f6c000
Event: 62.704 Executing VM operation: RevokeBias
Event: 62.705 Executing VM operation: RevokeBias done
Event: 62.705 Thread 0x0000000019f6f800 Thread exited: 0x0000000019f6f800
Event: 62.705 Thread 0x000000001a0c2000 Thread exited: 0x000000001a0c2000


Dynamic libraries:
0x00007ff6a2380000 - 0x00007ff6a23b7000 	C:\Program Files\Java\jdk1.8.0_161\bin\java.exe
0x00007ffc03c60000 - 0x00007ffc03e41000 	C:\WINDOWS\SYSTEM32\ntdll.dll
0x00007ffbfa970000 - 0x00007ffbfa982000 	C:\Program Files\AVAST Software\Avast\aswhook.dll
0x00007ffc012c0000 - 0x00007ffc01371000 	C:\WINDOWS\System32\KERNEL32.DLL
0x00007ffc00510000 - 0x00007ffc00783000 	C:\WINDOWS\System32\KERNELBASE.dll
0x00007ffc02530000 - 0x00007ffc025d1000 	C:\WINDOWS\System32\ADVAPI32.dll
0x00007ffc01de0000 - 0x00007ffc01e7e000 	C:\WINDOWS\System32\msvcrt.dll
0x00007ffc02030000 - 0x00007ffc0208b000 	C:\WINDOWS\System32\sechost.dll
0x00007ffc02640000 - 0x00007ffc02764000 	C:\WINDOWS\System32\RPCRT4.dll
0x00007ffc01e80000 - 0x00007ffc02010000 	C:\WINDOWS\System32\USER32.dll
0x00007ffc00790000 - 0x00007ffc007b0000 	C:\WINDOWS\System32\win32u.dll
0x00007ffc010f0000 - 0x00007ffc01118000 	C:\WINDOWS\System32\GDI32.dll
0x00007ffc00120000 - 0x00007ffc002b1000 	C:\WINDOWS\System32\gdi32full.dll
0x00007ffc00030000 - 0x00007ffc000cf000 	C:\WINDOWS\System32\msvcp_win.dll
0x00007ffc008e0000 - 0x00007ffc009d8000 	C:\WINDOWS\System32\ucrtbase.dll
0x00007ffbf24c0000 - 0x00007ffbf2729000 	C:\WINDOWS\WinSxS\amd64_microsoft.windows.common-controls_6595b64144ccf1df_6.0.17134.885_none_fb42a3473065565f\COMCTL32.dll
0x00007ffc02130000 - 0x00007ffc02452000 	C:\WINDOWS\System32\combase.dll
0x00007ffc00860000 - 0x00007ffc008d9000 	C:\WINDOWS\System32\bcryptPrimitives.dll
0x00007ffc01be0000 - 0x00007ffc01c0d000 	C:\WINDOWS\System32\IMM32.DLL
0x000000005e1f0000 - 0x000000005e2c2000 	C:\Program Files\Java\jdk1.8.0_161\jre\bin\msvcr100.dll
0x000000005d190000 - 0x000000005da2f000 	C:\Program Files\Java\jdk1.8.0_161\jre\bin\server\jvm.dll
0x00007ffc027e0000 - 0x00007ffc027e8000 	C:\WINDOWS\System32\PSAPI.DLL
0x00007ffbf0bb0000 - 0x00007ffbf0bb9000 	C:\WINDOWS\SYSTEM32\WSOCK32.dll
0x00007ffc02770000 - 0x00007ffc027dc000 	C:\WINDOWS\System32\WS2_32.dll
0x00007ffbf67c0000 - 0x00007ffbf67e3000 	C:\WINDOWS\SYSTEM32\WINMM.dll
0x00007ffbfb680000 - 0x00007ffbfb68a000 	C:\WINDOWS\SYSTEM32\VERSION.dll
0x00007ffbf6670000 - 0x00007ffbf669a000 	C:\WINDOWS\SYSTEM32\WINMMBASE.dll
0x00007ffc000d0000 - 0x00007ffc00119000 	C:\WINDOWS\System32\cfgmgr32.dll
0x000000005e1e0000 - 0x000000005e1ef000 	C:\Program Files\Java\jdk1.8.0_161\jre\bin\verify.dll
0x000000005d160000 - 0x000000005d189000 	C:\Program Files\Java\jdk1.8.0_161\jre\bin\java.dll
0x000000005d140000 - 0x000000005d156000 	C:\Program Files\Java\jdk1.8.0_161\jre\bin\zip.dll
0x00007ffc027f0000 - 0x00007ffc03c30000 	C:\WINDOWS\System32\SHELL32.dll
0x00007ffc019b0000 - 0x00007ffc01a59000 	C:\WINDOWS\System32\shcore.dll
0x00007ffc009e0000 - 0x00007ffc010ed000 	C:\WINDOWS\System32\windows.storage.dll
0x00007ffc025e0000 - 0x00007ffc02631000 	C:\WINDOWS\System32\shlwapi.dll
0x00007ffc00000000 - 0x00007ffc00011000 	C:\WINDOWS\System32\kernel.appcore.dll
0x00007ffbfffe0000 - 0x00007ffbfffff000 	C:\WINDOWS\System32\profapi.dll
0x00007ffbfff90000 - 0x00007ffbfffdc000 	C:\WINDOWS\System32\powrprof.dll
0x00007ffc00020000 - 0x00007ffc0002a000 	C:\WINDOWS\System32\FLTLIB.DLL
0x000000005cf60000 - 0x000000005d0f8000 	C:\Program Files\Java\jdk1.8.0_161\jre\bin\awt.dll
0x00007ffc02460000 - 0x00007ffc02522000 	C:\WINDOWS\System32\OLEAUT32.dll
0x00007ffbfda20000 - 0x00007ffbfdaab000 	C:\WINDOWS\SYSTEM32\apphelp.dll
0x00007ffbfdbc0000 - 0x00007ffbfdc58000 	C:\WINDOWS\system32\uxtheme.dll
0x00007ffc01a60000 - 0x00007ffc01bd3000 	C:\WINDOWS\System32\MSCTF.dll
0x00007ffbfdc90000 - 0x00007ffbfdcb9000 	C:\WINDOWS\system32\dwmapi.dll
0x00007ffc01c80000 - 0x00007ffc01dd1000 	C:\WINDOWS\System32\ole32.dll
0x000000005ce50000 - 0x000000005ce57000 	C:\Program Files\Java\jdk1.8.0_161\jre\bin\jawt.dll
0x0000000002e10000 - 0x0000000002e4e000 	C:\Program Files\Java\jdk1.8.0_161\jre\bin\j3dcore-ogl.dll
0x00007ffbe22c0000 - 0x00007ffbe23e0000 	C:\WINDOWS\SYSTEM32\OPENGL32.dll
0x00007ffbe60a0000 - 0x00007ffbe60cc000 	C:\WINDOWS\SYSTEM32\GLU32.dll
0x00007ffba3350000 - 0x00007ffba3e97000 	C:\WINDOWS\SYSTEM32\ig75icd64.dll
0x00007ffbd7a30000 - 0x00007ffbd846f000 	C:\WINDOWS\SYSTEM32\igdusc64.dll
0x00007ffbfbdc0000 - 0x00007ffbfbdd3000 	C:\WINDOWS\SYSTEM32\WTSAPI32.dll
0x000000005cf10000 - 0x000000005cf57000 	C:\Program Files\Java\jdk1.8.0_161\jre\bin\fontmanager.dll
0x000000005cd70000 - 0x000000005ce41000 	C:\Users\joaoq\AppData\Local\Temp\javacpp126680165790326\msvcr100.dll
0x000000005ccd0000 - 0x000000005cd68000 	C:\Users\joaoq\AppData\Local\Temp\javacpp126680165790326\msvcp100.dll
0x0000000066840000 - 0x00000000676b4000 	C:\Users\joaoq\AppData\Local\Temp\javacpp126680165790326\opencv_ffmpeg248_64.dll
0x00007ffbc2730000 - 0x00007ffbc29a2000 	C:\Users\joaoq\AppData\Local\Temp\javacpp126680165790326\opencv_core248.dll
0x00007ffbc2140000 - 0x00007ffbc23f2000 	C:\Users\joaoq\AppData\Local\Temp\javacpp126680165790326\opencv_imgproc248.dll
0x00007ffbc1ef0000 - 0x00007ffbc213d000 	C:\Users\joaoq\AppData\Local\Temp\javacpp126680165790326\opencv_highgui248.dll
0x00007ffbf9720000 - 0x00007ffbf973f000 	C:\WINDOWS\SYSTEM32\AVIFIL32.dll
0x00007ffbe7330000 - 0x00007ffbe7359000 	C:\WINDOWS\SYSTEM32\MSVFW32.dll
0x00007ffbf1cc0000 - 0x00007ffbf1cd8000 	C:\WINDOWS\SYSTEM32\AVICAP32.dll
0x00007ffbfc4d0000 - 0x00007ffbfc4ec000 	C:\WINDOWS\SYSTEM32\MSACM32.dll
0x00007ffbf1b70000 - 0x00007ffbf1b83000 	C:\Users\joaoq\AppData\Local\Temp\javacpp126680165790326\jniopencv_highgui.dll
0x00007ffbff490000 - 0x00007ffbff4f6000 	C:\WINDOWS\system32\mswsock.dll
0x00007ffbffd60000 - 0x00007ffbffd77000 	C:\WINDOWS\SYSTEM32\CRYPTSP.dll
0x00007ffbff080000 - 0x00007ffbff0b3000 	C:\WINDOWS\system32\rsaenh.dll
0x00007ffbffa90000 - 0x00007ffbffab5000 	C:\WINDOWS\SYSTEM32\bcrypt.dll
0x00007ffbff640000 - 0x00007ffbff64b000 	C:\WINDOWS\SYSTEM32\CRYPTBASE.dll
0x00007ffbfa930000 - 0x00007ffbfa946000 	C:\WINDOWS\system32\napinsp.dll
0x00007ffbfa910000 - 0x00007ffbfa92a000 	C:\WINDOWS\system32\pnrpnsp.dll
0x00007ffbfc400000 - 0x00007ffbfc419000 	C:\WINDOWS\system32\NLAapi.dll
0x00007ffbff270000 - 0x00007ffbff32e000 	C:\WINDOWS\SYSTEM32\DNSAPI.dll
0x00007ffc01c10000 - 0x00007ffc01c18000 	C:\WINDOWS\System32\NSI.dll
0x00007ffbff220000 - 0x00007ffbff258000 	C:\WINDOWS\SYSTEM32\IPHLPAPI.DLL
0x00007ffbfa900000 - 0x00007ffbfa90e000 	C:\WINDOWS\System32\winrnr.dll
0x00007ffbf4070000 - 0x00007ffbf4085000 	C:\WINDOWS\System32\wshbth.dll
0x00007ffbcddf0000 - 0x00007ffbcde8a000 	C:\Users\joaoq\AppData\Local\Temp\javacpp126680165790326\jniopencv_core.dll
0x000000005d120000 - 0x000000005d13a000 	C:\Program Files\Java\jdk1.8.0_161\jre\bin\net.dll
0x000000005d100000 - 0x000000005d111000 	C:\Program Files\Java\jdk1.8.0_161\jre\bin\nio.dll
0x00007ffbf5c50000 - 0x00007ffbf5c5a000 	C:\Windows\System32\rasadhlp.dll
0x000000005cec0000 - 0x000000005cf02000 	C:\Program Files\Java\jdk1.8.0_161\jre\bin\t2k.dll
0x00007ffbf2f00000 - 0x00007ffbf2f96000 	C:\WINDOWS\System32\TextInputFramework.dll
0x00007ffbf55c0000 - 0x00007ffbf58de000 	C:\WINDOWS\System32\CoreUIComponents.dll
0x00007ffbfd760000 - 0x00007ffbfd83a000 	C:\WINDOWS\System32\CoreMessaging.dll
0x00007ffbfece0000 - 0x00007ffbfed11000 	C:\WINDOWS\SYSTEM32\ntmarta.dll
0x00007ffbfbb70000 - 0x00007ffbfbcbd000 	C:\WINDOWS\SYSTEM32\wintypes.dll
0x000000005ce90000 - 0x000000005ceba000 	C:\Program Files\Java\jdk1.8.0_161\jre\bin\dcpr.dll
0x00007ffbf18f0000 - 0x00007ffbf1962000 	C:\WINDOWS\System32\fwpuclnt.dll
0x00007ffbfe2d0000 - 0x00007ffbfe38b000 	C:\WINDOWS\SYSTEM32\dxgi.dll
0x00007ffbfc570000 - 0x00007ffbfc87b000 	C:\WINDOWS\SYSTEM32\d3d11.dll
0x00007ffbffac0000 - 0x00007ffbffc89000 	C:\WINDOWS\SYSTEM32\dbghelp.dll

VM Arguments:
jvm_args: -Dfile.encoding=UTF-8 
java_command: serial.JFMain
java_class_path (initial): C:\Program Files\Java\jre1.8.0_191\lib\ext\RXTXcomm.jar;C:\Program Files\NetBeans 8.2\java\modules\ext\AbsoluteLayout.jar;C:\Users\joaoq\Downloads\opencv\build\java\opencv-347.jar;C:\Users\joaoq\Downloads\IP-Camera-Java-CV-Libraries-master\javacv.jar;C:\Users\joaoq\Downloads\IP-Camera-Java-CV-Libraries-master\javacpp.jar;C:\Users\joaoq\Downloads\IP-Camera-Java-CV-Libraries-master\javacv-windows-x86.jar;C:\Users\joaoq\Downloads\IP-Camera-Java-CV-Libraries-master\javacv-windows-x86_64.jar;C:\Users\joaoq\Downloads\IP-Camera-Java-CV-Libraries-master\opencv-2.4.8-windows-x86.jar;C:\Users\joaoq\Downloads\IP-Camera-Java-CV-Libraries-master\opencv-2.4.8-windows-x86_64.jar;C:\Users\joaoq\Downloads\org.eclipse.paho.client.mqttv3-1.2.0.jar;C:\Users\joaoq\Google Drive\TCC João Pedro Quintino\TCC2\Software PC\ReadWriteSerial\build\classes
Launcher Type: SUN_STANDARD

Environment Variables:
JAVA_HOME=C:\Program Files\Java\jdk1.8.0_161
CLASSPATH=C:\Program Files\Java\jdk1.8.0_161\lib;C:\jflex-1.6.1\lib\jflex-1.6.1.jar
PATH=C:\Program Files (x86)\Common Files\Oracle\Java\javapath;C:\ProgramData\Oracle\Java\javapath;C:\Program Files (x86)\Intel\iCLS Client\;C:\Program Files\Intel\iCLS Client\;C:\Windows\system32;C:\Windows;C:\Windows\System32\Wbem;C:\Windows\System32\WindowsPowerShell\v1.0\;C:\Program Files (x86)\Intel\Intel(R) Management Engine Components\DAL;C:\Program Files\Intel\Intel(R) Management Engine Components\DAL;C:\Program Files (x86)\Intel\Intel(R) Management Engine Components\IPT;C:\Program Files\Intel\Intel(R) Management Engine Components\IPT;C:\Program Files (x86)\NVIDIA Corporation\PhysX\Common;C:\WINDOWS\system32;C:\WINDOWS;C:\WINDOWS\System32\Wbem;C:\WINDOWS\System32\WindowsPowerShell\v1.0\;C:\Program Files\Java\jdk1.8.0_161\bin;C:\WINDOWS\System32\OpenSSH\;C:\Program Files\MATLAB\R2018a\runtime\win64;C:\Program Files\MATLAB\R2018a\bin;D:\Program Files\nodejs\;D:\Program Files\Microsoft VS Code\bin;D:\Program Files (x86)\Yarn\bin\;C:\Program Files\Git\cmd;C:\Users\joaoq\AppData\Local\Programs\Python\Python37-32\Scripts\;C:\Users\joaoq\AppData\Local\Programs\Python\Python37-32\;C:\Users\joaoq\AppData\Local\Microsoft\WindowsApps;C:\Users\joaoq\AppData\Roaming\npm;C:\Users\joaoq\AppData\Local\Yarn\bin;D:\Program Files\Docker Toolbox
USERNAME=joaoq
OS=Windows_NT
PROCESSOR_IDENTIFIER=Intel64 Family 6 Model 69 Stepping 1, GenuineIntel



---------------  S Y S T E M  ---------------

OS: Windows 10.0 , 64 bit Build 17134 (10.0.17134.753)

CPU:total 4 (initial active 4) (2 cores per cpu, 2 threads per core) family 6 model 69 stepping 1, cmov, cx8, fxsr, mmx, sse, sse2, sse3, ssse3, sse4.1, sse4.2, popcnt, avx, avx2, aes, clmul, erms, lzcnt, ht, tsc, tscinvbit, bmi1, bmi2

Memory: 4k page, physical 8289792k(2116324k free), swap 13939048k(5289728k free)

vm_info: Java HotSpot(TM) 64-Bit Server VM (25.161-b12) for windows-amd64 JRE (1.8.0_161-b12), built on Dec 19 2017 17:52:25 by "java_re" with MS VC++ 10.0 (VS2010)

time: Thu Aug 08 20:46:59 2019
elapsed time: 62 seconds (0d 0h 1m 2s)

