#
# A fatal error has been detected by the Java Runtime Environment:
#
#  EXCEPTION_ACCESS_VIOLATION (0xc0000005) at pc=0x0000000066842310, pid=924, tid=0x00000000000006b4
#
# JRE version: Java(TM) SE Runtime Environment (8.0_161-b12) (build 1.8.0_161-b12)
# Java VM: Java HotSpot(TM) 64-Bit Server VM (25.161-b12 mixed mode windows-amd64 compressed oops)
# Problematic frame:
# C  [opencv_ffmpeg248_64.dll+0x2310]
#
# Failed to write core dump. Minidumps are not enabled by default on client versions of Windows
#
# If you would like to submit a bug report, please visit:
#   http://bugreport.java.com/bugreport/crash.jsp
# The crash happened outside the Java Virtual Machine in native code.
# See problematic frame for where to report the bug.
#

---------------  T H R E A D  ---------------

Current thread (0x00000000198f2000):  JavaThread "Thread-4" [_thread_in_native, id=1716, stack(0x0000000061280000,0x0000000061380000)]

siginfo: ExceptionCode=0xc0000005, reading address 0x0000000000000008

Registers:
RAX=0x0000000000000000, RBX=0x000000005c3f5360, RCX=0x0000000000f90000, RDX=0x000000005dcb2b80
RSP=0x000000006137ef00, RBP=0x8000000000000000, RSI=0x000000005c3f55f8, RDI=0x0000000000000001
R8 =0x000000006137ef2c, R9 =0x000000005c3f55f8, R10=0x0000000000000000, R11=0x000000006137e9f0
R12=0x0000000000000000, R13=0x000000006137f1c0, R14=0x000000006137f090, R15=0x00000000198f2000
RIP=0x0000000066842310, EFLAGS=0x0000000000010246

Top of Stack: (sp=0x000000006137ef00)
0x000000006137ef00:   000000006137f0a0 000000006684346a
0x000000006137ef10:   000000006137ef2c 00000000198f2000
0x000000006137ef20:   00004e77269ae51b 000000006137f090
0x000000006137ef30:   00000000000003be 0000000081e1f8b0
0x000000006137ef40:   000000001aca72d8 000000006137f0a0
0x000000006137ef50:   0000000000000000 0000000066843429
0x000000006137ef60:   000000000000000b 00000000198f2000
0x000000006137ef70:   00000000198f2000 000000005d29de8c
0x000000006137ef80:   0000000100064e18 00007ffbc21b3323
0x000000006137ef90:   00000000d6023788 000000005d2d8690
0x000000006137efa0:   00000000198f2000 000000005d2ced79
0x000000006137efb0:   00000000d6023788 00007ffbc21b10e1
0x000000006137efc0:   00000000198f21f8 00000000198f2000
0x000000006137efd0:   00000000198f2000 0000000000000000
0x000000006137efe0:   0000000000000000 00000000198f21f8
0x000000006137eff0:   000000001a268400 00007ffbf1b7756b 

Instructions: (pc=0x0000000066842310)
0x00000000668422f0:   e0 48 83 c4 30 5b 5e 5f 5d 41 5c c3 0f 1f 40 00
0x0000000066842300:   48 8b 43 18 48 8b 53 20 4c 8d 44 24 2c 49 89 f1
0x0000000066842310:   48 8b 48 08 e8 c7 c5 0e 00 44 8b 64 24 2c 45 85
0x0000000066842320:   e4 74 1d 48 39 ab 90 02 00 00 74 64 48 83 83 18 


Register to memory mapping:

RAX=0x0000000000000000 is an unknown value
RBX=0x000000005c3f5360 is an unknown value
RCX=0x0000000000f90000 is an unknown value
RDX=0x000000005dcb2b80 is an unknown value
RSP=0x000000006137ef00 is pointing into the stack for thread: 0x00000000198f2000
RBP=0x8000000000000000 is an unknown value
RSI=0x000000005c3f55f8 is an unknown value
RDI=0x0000000000000001 is an unknown value
R8 =0x000000006137ef2c is pointing into the stack for thread: 0x00000000198f2000
R9 =0x000000005c3f55f8 is an unknown value
R10=0x0000000000000000 is an unknown value
R11=0x000000006137e9f0 is pointing into the stack for thread: 0x00000000198f2000
R12=0x0000000000000000 is an unknown value
R13=0x000000006137f1c0 is pointing into the stack for thread: 0x00000000198f2000
R14=0x000000006137f090 is pointing into the stack for thread: 0x00000000198f2000
R15=0x00000000198f2000 is a thread


Stack: [0x0000000061280000,0x0000000061380000],  sp=0x000000006137ef00,  free space=1019k
Native frames: (J=compiled Java code, j=interpreted, Vv=VM code, C=native code)
C  [opencv_ffmpeg248_64.dll+0x2310]
C  [opencv_ffmpeg248_64.dll+0x3429]
C  [opencv_highgui248.dll+0x3323]
C  [opencv_highgui248.dll+0x10e1]
C  [jniopencv_highgui.dll+0x756b]
C  0x00000000036d1e14

Java frames: (J=compiled Java code, j=interpreted, Vv=VM code)
J 1922  com.googlecode.javacv.cpp.opencv_highgui.cvGrabFrame(Lcom/googlecode/javacv/cpp/opencv_highgui$CvCapture;)I (0 bytes) @ 0x00000000036d1d92 [0x00000000036d1d40+0x52]
J 1927 C1 com.googlecode.javacv.OpenCVFrameGrabber.grab()Lcom/googlecode/javacv/cpp/opencv_core$IplImage; (177 bytes) @ 0x00000000036d8dbc [0x00000000036d8c40+0x17c]
j  serial.CameraHandler.run()V+19
j  java.lang.Thread.run()V+11
v  ~StubRoutines::call_stub

---------------  P R O C E S S  ---------------

Java Threads: ( => current thread )
  0x00000000198fd800 JavaThread "DestroyJavaVM" [_thread_blocked, id=1964, stack(0x0000000002e80000,0x0000000002f80000)]
  0x00000000198f5000 JavaThread "J3D-InputDeviceScheduler-1" [_thread_blocked, id=12320, stack(0x0000000061f80000,0x0000000062080000)]
  0x00000000198fb000 JavaThread "J3D-SoundSchedulerUpdateThread-1" [_thread_blocked, id=11868, stack(0x0000000061e80000,0x0000000061f80000)]
  0x00000000198f5800 JavaThread "J3D-RenderStructureUpdateThread-1" [_thread_blocked, id=12368, stack(0x0000000061c80000,0x0000000061d80000)]
  0x00000000198f3800 JavaThread "J3D-BehaviorScheduler-1" [_thread_blocked, id=8704, stack(0x0000000061980000,0x0000000061a80000)]
  0x00000000198f2800 JavaThread "J3D-TransformStructureUpdateThread-1" [_thread_blocked, id=464, stack(0x0000000061780000,0x0000000061880000)]
  0x00000000198f9800 JavaThread "J3D-RenderingEnvironmentStructureUpdateThread-1" [_thread_blocked, id=9968, stack(0x0000000061680000,0x0000000061780000)]
  0x00000000198f8800 JavaThread "J3D-SoundStructureUpdateThread-1" [_thread_blocked, id=12836, stack(0x0000000061580000,0x0000000061680000)]
  0x00000000198f1000 JavaThread "J3D-GeometryStructureUpdateThread-1" [_thread_blocked, id=10016, stack(0x0000000061480000,0x0000000061580000)]
  0x00000000198f4000 JavaThread "J3D-BehaviorStructureUpdateThread-1" [_thread_blocked, id=3808, stack(0x0000000061380000,0x0000000061480000)]
=>0x00000000198f2000 JavaThread "Thread-4" [_thread_in_native, id=1716, stack(0x0000000061280000,0x0000000061380000)]
  0x00000000198f8000 JavaThread "TimerQueue" daemon [_thread_blocked, id=11692, stack(0x0000000061180000,0x0000000061280000)]
  0x0000000019d83800 JavaThread "AWT-EventQueue-0" [_thread_blocked, id=2316, stack(0x0000000060b70000,0x0000000060c70000)]
  0x0000000019d85000 JavaThread "AWT-Shutdown" [_thread_blocked, id=2468, stack(0x0000000060a70000,0x0000000060b70000)]
  0x0000000019d89800 JavaThread "J3D-Renderer-1" [_thread_blocked, id=704, stack(0x000000001b3e0000,0x000000001b4e0000)]
  0x0000000019d85800 JavaThread "J3D-MasterControl-1" [_thread_blocked, id=11980, stack(0x000000001b2e0000,0x000000001b3e0000)]
  0x0000000019d86800 JavaThread "J3D-NotificationThread" [_thread_blocked, id=2800, stack(0x000000001b1e0000,0x000000001b2e0000)]
  0x0000000019d82800 JavaThread "J3D-TimerThread" [_thread_blocked, id=3784, stack(0x000000001b0e0000,0x000000001b1e0000)]
  0x0000000019d87000 JavaThread "J3D-RenderingAttributesStructureUpdateThread" [_thread_blocked, id=12784, stack(0x000000001afe0000,0x000000001b0e0000)]
  0x0000000019dac800 JavaThread "Java2D Disposer" daemon [_thread_blocked, id=4352, stack(0x000000001a4a0000,0x000000001a5a0000)]
  0x0000000017c2e800 JavaThread "Service Thread" daemon [_thread_blocked, id=11604, stack(0x0000000019950000,0x0000000019a50000)]
  0x0000000017bd5800 JavaThread "C1 CompilerThread2" daemon [_thread_blocked, id=9892, stack(0x0000000019450000,0x0000000019550000)]
  0x0000000017bd0800 JavaThread "C2 CompilerThread1" daemon [_thread_blocked, id=11552, stack(0x0000000019350000,0x0000000019450000)]
  0x0000000017bce000 JavaThread "C2 CompilerThread0" daemon [_thread_blocked, id=9356, stack(0x0000000019250000,0x0000000019350000)]
  0x0000000017bd9800 JavaThread "Attach Listener" daemon [_thread_blocked, id=3200, stack(0x0000000019150000,0x0000000019250000)]
  0x0000000017bd8800 JavaThread "Signal Dispatcher" daemon [_thread_blocked, id=11652, stack(0x0000000019050000,0x0000000019150000)]
  0x000000000307d800 JavaThread "Finalizer" daemon [_thread_blocked, id=3444, stack(0x0000000018e40000,0x0000000018f40000)]
  0x0000000003072000 JavaThread "Reference Handler" daemon [_thread_blocked, id=9668, stack(0x0000000018d40000,0x0000000018e40000)]

Other Threads:
  0x0000000017b98000 VMThread [stack: 0x0000000018c40000,0x0000000018d40000] [id=4996]
  0x000000001959a000 WatcherThread [stack: 0x0000000019a50000,0x0000000019b50000] [id=7508]

VM state:not at safepoint (normal execution)

VM Mutex/Monitor currently owned by a thread: None

Heap:
 PSYoungGen      total 52736K, used 17895K [0x00000000d5d80000, 0x00000000da900000, 0x0000000100000000)
  eden space 41472K, 16% used [0x00000000d5d80000,0x00000000d644dd28,0x00000000d8600000)
  from space 11264K, 97% used [0x00000000d8700000,0x00000000d91ac040,0x00000000d9200000)
  to   space 17920K, 0% used [0x00000000d9780000,0x00000000d9780000,0x00000000da900000)
 ParOldGen       total 50688K, used 10465K [0x0000000081800000, 0x0000000084980000, 0x00000000d5d80000)
  object space 50688K, 20% used [0x0000000081800000,0x0000000082238568,0x0000000084980000)
 Metaspace       used 19666K, capacity 19974K, committed 20352K, reserved 1067008K
  class space    used 2242K, capacity 2350K, committed 2432K, reserved 1048576K

Card table byte_map: [0x0000000012440000,0x0000000012840000] byte_map_base: 0x0000000012034000

Marking Bits: (ParMarkBitMap*) 0x000000005d9af860
 Begin Bits: [0x0000000012ef0000, 0x0000000014e90000)
 End Bits:   [0x0000000014e90000, 0x0000000016e30000)

Polling page: 0x0000000000ff0000

CodeCache: size=245760Kb used=8832Kb max_used=8832Kb free=236927Kb
 bounds [0x0000000003080000, 0x0000000003940000, 0x0000000012080000]
 total_blobs=2872 nmethods=2190 adapters=593
 compilation: enabled

Compilation events (10 events):
Event: 92.474 Thread 0x0000000017bd5800 2496       1       java.awt.image.SinglePixelPackedSampleModel::getScanlineStride (5 bytes)
Event: 92.474 Thread 0x0000000017bd5800 nmethod 2496 0x000000000353e850 code [0x000000000353e9a0, 0x000000000353eab0]
Event: 92.483 Thread 0x0000000017bd5800 2497   !   3       javax.swing.JComponent::getClientProperty (56 bytes)
Event: 92.484 Thread 0x0000000017bd5800 nmethod 2497 0x00000000035666d0 code [0x0000000003566860, 0x0000000003566c88]
Event: 92.539 Thread 0x0000000017bd5800 2498   !   3       java.awt.KeyboardFocusManager::getFocusOwner (42 bytes)
Event: 92.540 Thread 0x0000000017bd5800 nmethod 2498 0x000000000352d890 code [0x000000000352da20, 0x000000000352de68]
Event: 92.571 Thread 0x0000000017bd5800 2499  s    3       java.awt.AWTEvent::get_InputEvent_CanAccessSystemClipboard (26 bytes)
Event: 92.572 Thread 0x0000000017bd5800 nmethod 2499 0x00000000036f6e50 code [0x00000000036f6fe0, 0x00000000036f7528]
Event: 92.572 Thread 0x0000000017bd5800 2500       3       java.lang.reflect.Field::setBoolean (52 bytes)
Event: 92.573 Thread 0x0000000017bd5800 nmethod 2500 0x000000000350e6d0 code [0x000000000350e8a0, 0x000000000350eee8]

GC Heap History (10 events):
Event: 88.361 GC heap before
{Heap before GC invocations=41 (full 4):
 PSYoungGen      total 65024K, used 58427K [0x00000000d5d80000, 0x00000000db000000, 0x0000000100000000)
  eden space 46592K, 96% used [0x00000000d5d80000,0x00000000d893fdf0,0x00000000d8b00000)
  from space 18432K, 73% used [0x00000000d9e00000,0x00000000dab4f050,0x00000000db000000)
  to   space 18944K, 0% used [0x00000000d8b00000,0x00000000d8b00000,0x00000000d9d80000)
 ParOldGen       total 50688K, used 10449K [0x0000000081800000, 0x0000000084980000, 0x00000000d5d80000)
  object space 50688K, 20% used [0x0000000081800000,0x0000000082234568,0x0000000084980000)
 Metaspace       used 19451K, capacity 19782K, committed 20096K, reserved 1067008K
  class space    used 2235K, capacity 2350K, committed 2432K, reserved 1048576K
Event: 88.365 GC heap after
Heap after GC invocations=41 (full 4):
 PSYoungGen      total 59392K, used 13628K [0x00000000d5d80000, 0x00000000daf00000, 0x0000000100000000)
  eden space 45568K, 0% used [0x00000000d5d80000,0x00000000d5d80000,0x00000000d8a00000)
  from space 13824K, 98% used [0x00000000d8b00000,0x00000000d984f050,0x00000000d9880000)
  to   space 18944K, 0% used [0x00000000d9c80000,0x00000000d9c80000,0x00000000daf00000)
 ParOldGen       total 50688K, used 10457K [0x0000000081800000, 0x0000000084980000, 0x00000000d5d80000)
  object space 50688K, 20% used [0x0000000081800000,0x0000000082236568,0x0000000084980000)
 Metaspace       used 19451K, capacity 19782K, committed 20096K, reserved 1067008K
  class space    used 2235K, capacity 2350K, committed 2432K, reserved 1048576K
}
Event: 89.439 GC heap before
{Heap before GC invocations=42 (full 4):
 PSYoungGen      total 59392K, used 58057K [0x00000000d5d80000, 0x00000000daf00000, 0x0000000100000000)
  eden space 45568K, 97% used [0x00000000d5d80000,0x00000000d88e3518,0x00000000d8a00000)
  from space 13824K, 98% used [0x00000000d8b00000,0x00000000d984f050,0x00000000d9880000)
  to   space 18944K, 0% used [0x00000000d9c80000,0x00000000d9c80000,0x00000000daf00000)
 ParOldGen       total 50688K, used 10457K [0x0000000081800000, 0x0000000084980000, 0x00000000d5d80000)
  object space 50688K, 20% used [0x0000000081800000,0x0000000082236568,0x0000000084980000)
 Metaspace       used 19459K, capacity 19782K, committed 20096K, reserved 1067008K
  class space    used 2235K, capacity 2350K, committed 2432K, reserved 1048576K
Event: 89.443 GC heap after
Heap after GC invocations=42 (full 4):
 PSYoungGen      total 61440K, used 10928K [0x00000000d5d80000, 0x00000000dad00000, 0x0000000100000000)
  eden space 44544K, 0% used [0x00000000d5d80000,0x00000000d5d80000,0x00000000d8900000)
  from space 16896K, 64% used [0x00000000d9c80000,0x00000000da72c040,0x00000000dad00000)
  to   space 18432K, 0% used [0x00000000d8900000,0x00000000d8900000,0x00000000d9b00000)
 ParOldGen       total 50688K, used 10457K [0x0000000081800000, 0x0000000084980000, 0x00000000d5d80000)
  object space 50688K, 20% used [0x0000000081800000,0x0000000082236568,0x0000000084980000)
 Metaspace       used 19459K, capacity 19782K, committed 20096K, reserved 1067008K
  class space    used 2235K, capacity 2350K, committed 2432K, reserved 1048576K
}
Event: 90.429 GC heap before
{Heap before GC invocations=43 (full 4):
 PSYoungGen      total 61440K, used 52854K [0x00000000d5d80000, 0x00000000dad00000, 0x0000000100000000)
  eden space 44544K, 94% used [0x00000000d5d80000,0x00000000d8671a60,0x00000000d8900000)
  from space 16896K, 64% used [0x00000000d9c80000,0x00000000da72c040,0x00000000dad00000)
  to   space 18432K, 0% used [0x00000000d8900000,0x00000000d8900000,0x00000000d9b00000)
 ParOldGen       total 50688K, used 10457K [0x0000000081800000, 0x0000000084980000, 0x00000000d5d80000)
  object space 50688K, 20% used [0x0000000081800000,0x0000000082236568,0x0000000084980000)
 Metaspace       used 19494K, capacity 19782K, committed 20096K, reserved 1067008K
  class space    used 2235K, capacity 2350K, committed 2432K, reserved 1048576K
Event: 90.432 GC heap after
Heap after GC invocations=43 (full 4):
 PSYoungGen      total 57344K, used 13628K [0x00000000d5d80000, 0x00000000dac00000, 0x0000000100000000)
  eden space 43520K, 0% used [0x00000000d5d80000,0x00000000d5d80000,0x00000000d8800000)
  from space 13824K, 98% used [0x00000000d8900000,0x00000000d964f050,0x00000000d9680000)
  to   space 18432K, 0% used [0x00000000d9a00000,0x00000000d9a00000,0x00000000dac00000)
 ParOldGen       total 50688K, used 10457K [0x0000000081800000, 0x0000000084980000, 0x00000000d5d80000)
  object space 50688K, 20% used [0x0000000081800000,0x0000000082236568,0x0000000084980000)
 Metaspace       used 19494K, capacity 19782K, committed 20096K, reserved 1067008K
  class space    used 2235K, capacity 2350K, committed 2432K, reserved 1048576K
}
Event: 91.446 GC heap before
{Heap before GC invocations=44 (full 4):
 PSYoungGen      total 57344K, used 55471K [0x00000000d5d80000, 0x00000000dac00000, 0x0000000100000000)
  eden space 43520K, 96% used [0x00000000d5d80000,0x00000000d865ced8,0x00000000d8800000)
  from space 13824K, 98% used [0x00000000d8900000,0x00000000d964f050,0x00000000d9680000)
  to   space 18432K, 0% used [0x00000000d9a00000,0x00000000d9a00000,0x00000000dac00000)
 ParOldGen       total 50688K, used 10457K [0x0000000081800000, 0x0000000084980000, 0x00000000d5d80000)
  object space 50688K, 20% used [0x0000000081800000,0x0000000082236568,0x0000000084980000)
 Metaspace       used 19511K, capacity 19782K, committed 20096K, reserved 1067008K
  class space    used 2236K, capacity 2350K, committed 2432K, reserved 1048576K
Event: 91.451 GC heap after
Heap after GC invocations=44 (full 4):
 PSYoungGen      total 59904K, used 13628K [0x00000000d5d80000, 0x00000000dab00000, 0x0000000100000000)
  eden space 42496K, 0% used [0x00000000d5d80000,0x00000000d5d80000,0x00000000d8700000)
  from space 17408K, 78% used [0x00000000d9a00000,0x00000000da74f050,0x00000000dab00000)
  to   space 18432K, 0% used [0x00000000d8700000,0x00000000d8700000,0x00000000d9900000)
 ParOldGen       total 50688K, used 10457K [0x0000000081800000, 0x0000000084980000, 0x00000000d5d80000)
  object space 50688K, 20% used [0x0000000081800000,0x0000000082236568,0x0000000084980000)
 Metaspace       used 19511K, capacity 19782K, committed 20096K, reserved 1067008K
  class space    used 2236K, capacity 2350K, committed 2432K, reserved 1048576K
}
Event: 92.434 GC heap before
{Heap before GC invocations=45 (full 4):
 PSYoungGen      total 59904K, used 55465K [0x00000000d5d80000, 0x00000000dab00000, 0x0000000100000000)
  eden space 42496K, 98% used [0x00000000d5d80000,0x00000000d865b550,0x00000000d8700000)
  from space 17408K, 78% used [0x00000000d9a00000,0x00000000da74f050,0x00000000dab00000)
  to   space 18432K, 0% used [0x00000000d8700000,0x00000000d8700000,0x00000000d9900000)
 ParOldGen       total 50688K, used 10457K [0x0000000081800000, 0x0000000084980000, 0x00000000d5d80000)
  object space 50688K, 20% used [0x0000000081800000,0x0000000082236568,0x0000000084980000)
 Metaspace       used 19581K, capacity 19910K, committed 20096K, reserved 1067008K
  class space    used 2236K, capacity 2350K, committed 2432K, reserved 1048576K
Event: 92.438 GC heap after
Heap after GC invocations=45 (full 4):
 PSYoungGen      total 52736K, used 10928K [0x00000000d5d80000, 0x00000000da900000, 0x0000000100000000)
  eden space 41472K, 0% used [0x00000000d5d80000,0x00000000d5d80000,0x00000000d8600000)
  from space 11264K, 97% used [0x00000000d8700000,0x00000000d91ac040,0x00000000d9200000)
  to   space 17920K, 0% used [0x00000000d9780000,0x00000000d9780000,0x00000000da900000)
 ParOldGen       total 50688K, used 10465K [0x0000000081800000, 0x0000000084980000, 0x00000000d5d80000)
  object space 50688K, 20% used [0x0000000081800000,0x0000000082238568,0x0000000084980000)
 Metaspace       used 19581K, capacity 19910K, committed 20096K, reserved 1067008K
  class space    used 2236K, capacity 2350K, committed 2432K, reserved 1048576K
}

Deoptimization events (10 events):
Event: 91.168 Thread 0x0000000019d83800 Uncommon trap: reason=unstable_if action=reinterpret pc=0x00000000037f9b58 method=java.awt.EventQueue.postEvent(Ljava/awt/AWTEvent;I)V @ 51
Event: 91.927 Thread 0x0000000019d83800 Uncommon trap: reason=unstable_if action=reinterpret pc=0x00000000036f571c method=javax.swing.DefaultButtonModel.isRollover()Z @ 7
Event: 91.929 Thread 0x0000000019d83800 Uncommon trap: reason=unstable_if action=reinterpret pc=0x0000000003676038 method=javax.swing.plaf.nimbus.NimbusStyle.get(Ljavax/swing/plaf/synth/SynthContext;Ljava/lang/Object;)Ljava/lang/Object; @ 67
Event: 91.929 Thread 0x0000000019d83800 Uncommon trap: reason=unstable_if action=reinterpret pc=0x00000000036623b4 method=javax.swing.plaf.synth.SynthStyle.getFont(Ljavax/swing/plaf/synth/SynthContext;)Ljava/awt/Font; @ 10
Event: 91.929 Thread 0x0000000019d83800 Uncommon trap: reason=unstable_if action=reinterpret pc=0x00000000037ed558 method=javax.swing.DefaultButtonModel.isRollover()Z @ 7
Event: 91.977 Thread 0x0000000019d83800 Uncommon trap: reason=unstable_if action=reinterpret pc=0x00000000037865ac method=javax.swing.DefaultButtonModel.isRollover()Z @ 7
Event: 92.464 Thread 0x0000000019d83800 Uncommon trap: reason=unstable_if action=reinterpret pc=0x00000000036132d0 method=java.awt.KeyboardFocusManager.getFocusOwner()Ljava/awt/Component; @ 8
Event: 92.464 Thread 0x0000000019d83800 Uncommon trap: reason=unstable_if action=reinterpret pc=0x0000000003512900 method=javax.swing.JComponent.getClientProperty(Ljava/lang/Object;)Ljava/lang/Object; @ 16
Event: 92.572 Thread 0x0000000019d83800 Uncommon trap: reason=unstable_if action=reinterpret pc=0x0000000003806a90 method=sun.awt.PostEventQueue.flush()V @ 37
Event: 92.573 Thread 0x0000000019d83800 Uncommon trap: reason=unstable_if action=reinterpret pc=0x000000000370f0fc method=java.util.concurrent.locks.AbstractQueuedSynchronizer.release(I)Z @ 14

Classes redefined (0 events):
No events

Internal exceptions (10 events):
Event: 12.778 Thread 0x0000000019d83800 Implicit null exception at 0x00000000032a68d6 to 0x00000000032a6c6d
Event: 12.879 Thread 0x0000000019d83800 Implicit null exception at 0x000000000328292f to 0x0000000003282999
Event: 12.957 Thread 0x0000000019d83800 Implicit null exception at 0x00000000033f0a4c to 0x00000000033f11bd
Event: 75.640 Thread 0x0000000019d83800 Implicit null exception at 0x0000000003230937 to 0x0000000003230a99
Event: 91.929 Thread 0x0000000019d83800 Implicit null exception at 0x00000000036758b0 to 0x000000000367600f
Event: 92.464 Thread 0x0000000019d83800 Implicit null exception at 0x00000000036130ac to 0x00000000036132c1
Event: 92.573 Thread 0x0000000019d83800 Implicit null exception at 0x000000000370f008 to 0x000000000370f0ea
Event: 92.575 Thread 0x00000000198f7000 Exception <a 'java/lang/InterruptedException'> (0x00000000d6407a48) thrown at [C:\re\workspace\8-2-build-windows-amd64-cygwin\jdk8u161\10277\hotspot\src\share\vm\runtime\objectMonitor.cpp, line 1684]
Event: 92.577 Thread 0x00000000198fa000 Exception <a 'java/net/SocketException': Socket closed> (0x00000000d64082c0) thrown at [C:\re\workspace\8-2-build-windows-amd64-cygwin\jdk8u161\10277\hotspot\src\share\vm\prims\jni.cpp, line 735]
Event: 92.577 Thread 0x0000000019d84000 Exception <a 'java/lang/InterruptedException'> (0x00000000d6405930) thrown at [C:\re\workspace\8-2-build-windows-amd64-cygwin\jdk8u161\10277\hotspot\src\share\vm\runtime\objectMonitor.cpp, line 1684]

Events (10 events):
Event: 92.583 Executing VM operation: RevokeBias done
Event: 92.583 Thread 0x00000000198fa000 Thread exited: 0x00000000198fa000
Event: 92.583 Thread 0x00000000198f7000 Thread exited: 0x00000000198f7000
Event: 92.583 Executing VM operation: RevokeBias
Event: 92.583 Executing VM operation: RevokeBias done
Event: 92.583 Executing VM operation: RevokeBias
Event: 92.583 Executing VM operation: RevokeBias done
Event: 92.583 Executing VM operation: RevokeBias
Event: 92.583 Executing VM operation: RevokeBias done
Event: 92.583 Thread 0x00000000198f6800 Thread exited: 0x00000000198f6800


Dynamic libraries:
0x00007ff6a2380000 - 0x00007ff6a23b7000 	C:\Program Files\Java\jdk1.8.0_161\bin\java.exe
0x00007ffc03c60000 - 0x00007ffc03e41000 	C:\WINDOWS\SYSTEM32\ntdll.dll
0x00007ffbfa970000 - 0x00007ffbfa982000 	C:\Program Files\AVAST Software\Avast\aswhook.dll
0x00007ffc012c0000 - 0x00007ffc01371000 	C:\WINDOWS\System32\KERNEL32.DLL
0x00007ffc00510000 - 0x00007ffc00783000 	C:\WINDOWS\System32\KERNELBASE.dll
0x00007ffc02530000 - 0x00007ffc025d1000 	C:\WINDOWS\System32\ADVAPI32.dll
0x00007ffc01de0000 - 0x00007ffc01e7e000 	C:\WINDOWS\System32\msvcrt.dll
0x00007ffc02030000 - 0x00007ffc0208b000 	C:\WINDOWS\System32\sechost.dll
0x00007ffc02640000 - 0x00007ffc02764000 	C:\WINDOWS\System32\RPCRT4.dll
0x00007ffc01e80000 - 0x00007ffc02010000 	C:\WINDOWS\System32\USER32.dll
0x00007ffc00790000 - 0x00007ffc007b0000 	C:\WINDOWS\System32\win32u.dll
0x00007ffc010f0000 - 0x00007ffc01118000 	C:\WINDOWS\System32\GDI32.dll
0x00007ffc00120000 - 0x00007ffc002b1000 	C:\WINDOWS\System32\gdi32full.dll
0x00007ffc00030000 - 0x00007ffc000cf000 	C:\WINDOWS\System32\msvcp_win.dll
0x00007ffc008e0000 - 0x00007ffc009d8000 	C:\WINDOWS\System32\ucrtbase.dll
0x00007ffbf24c0000 - 0x00007ffbf2729000 	C:\WINDOWS\WinSxS\amd64_microsoft.windows.common-controls_6595b64144ccf1df_6.0.17134.885_none_fb42a3473065565f\COMCTL32.dll
0x00007ffc02130000 - 0x00007ffc02452000 	C:\WINDOWS\System32\combase.dll
0x00007ffc00860000 - 0x00007ffc008d9000 	C:\WINDOWS\System32\bcryptPrimitives.dll
0x00007ffc01be0000 - 0x00007ffc01c0d000 	C:\WINDOWS\System32\IMM32.DLL
0x000000005e1f0000 - 0x000000005e2c2000 	C:\Program Files\Java\jdk1.8.0_161\jre\bin\msvcr100.dll
0x000000005d190000 - 0x000000005da2f000 	C:\Program Files\Java\jdk1.8.0_161\jre\bin\server\jvm.dll
0x00007ffc027e0000 - 0x00007ffc027e8000 	C:\WINDOWS\System32\PSAPI.DLL
0x00007ffbf0bb0000 - 0x00007ffbf0bb9000 	C:\WINDOWS\SYSTEM32\WSOCK32.dll
0x00007ffc02770000 - 0x00007ffc027dc000 	C:\WINDOWS\System32\WS2_32.dll
0x00007ffbf67c0000 - 0x00007ffbf67e3000 	C:\WINDOWS\SYSTEM32\WINMM.dll
0x00007ffbfb680000 - 0x00007ffbfb68a000 	C:\WINDOWS\SYSTEM32\VERSION.dll
0x00007ffbf6670000 - 0x00007ffbf669a000 	C:\WINDOWS\SYSTEM32\WINMMBASE.dll
0x00007ffc000d0000 - 0x00007ffc00119000 	C:\WINDOWS\System32\cfgmgr32.dll
0x000000005e1e0000 - 0x000000005e1ef000 	C:\Program Files\Java\jdk1.8.0_161\jre\bin\verify.dll
0x000000005d160000 - 0x000000005d189000 	C:\Program Files\Java\jdk1.8.0_161\jre\bin\java.dll
0x000000005d140000 - 0x000000005d156000 	C:\Program Files\Java\jdk1.8.0_161\jre\bin\zip.dll
0x00007ffc027f0000 - 0x00007ffc03c30000 	C:\WINDOWS\System32\SHELL32.dll
0x00007ffc019b0000 - 0x00007ffc01a59000 	C:\WINDOWS\System32\shcore.dll
0x00007ffc009e0000 - 0x00007ffc010ed000 	C:\WINDOWS\System32\windows.storage.dll
0x00007ffc025e0000 - 0x00007ffc02631000 	C:\WINDOWS\System32\shlwapi.dll
0x00007ffc00000000 - 0x00007ffc00011000 	C:\WINDOWS\System32\kernel.appcore.dll
0x00007ffbfffe0000 - 0x00007ffbfffff000 	C:\WINDOWS\System32\profapi.dll
0x00007ffbfff90000 - 0x00007ffbfffdc000 	C:\WINDOWS\System32\powrprof.dll
0x00007ffc00020000 - 0x00007ffc0002a000 	C:\WINDOWS\System32\FLTLIB.DLL
0x000000005cf60000 - 0x000000005d0f8000 	C:\Program Files\Java\jdk1.8.0_161\jre\bin\awt.dll
0x00007ffc02460000 - 0x00007ffc02522000 	C:\WINDOWS\System32\OLEAUT32.dll
0x00007ffbfda20000 - 0x00007ffbfdaab000 	C:\WINDOWS\SYSTEM32\apphelp.dll
0x00007ffbfdbc0000 - 0x00007ffbfdc58000 	C:\WINDOWS\system32\uxtheme.dll
0x00007ffc01a60000 - 0x00007ffc01bd3000 	C:\WINDOWS\System32\MSCTF.dll
0x00007ffbfdc90000 - 0x00007ffbfdcb9000 	C:\WINDOWS\system32\dwmapi.dll
0x00007ffc01c80000 - 0x00007ffc01dd1000 	C:\WINDOWS\System32\ole32.dll
0x000000005cdf0000 - 0x000000005cdf7000 	C:\Program Files\Java\jdk1.8.0_161\jre\bin\jawt.dll
0x000000001a7a0000 - 0x000000001a7de000 	C:\Program Files\Java\jdk1.8.0_161\jre\bin\j3dcore-ogl.dll
0x00007ffbe22c0000 - 0x00007ffbe23e0000 	C:\WINDOWS\SYSTEM32\OPENGL32.dll
0x00007ffbe60a0000 - 0x00007ffbe60cc000 	C:\WINDOWS\SYSTEM32\GLU32.dll
0x00007ffba3350000 - 0x00007ffba3e97000 	C:\WINDOWS\SYSTEM32\ig75icd64.dll
0x00007ffbd7a30000 - 0x00007ffbd846f000 	C:\WINDOWS\SYSTEM32\igdusc64.dll
0x00007ffbfbdc0000 - 0x00007ffbfbdd3000 	C:\WINDOWS\SYSTEM32\WTSAPI32.dll
0x000000005cf10000 - 0x000000005cf57000 	C:\Program Files\Java\jdk1.8.0_161\jre\bin\fontmanager.dll
0x000000005cd10000 - 0x000000005cde1000 	C:\Users\joaoq\AppData\Local\Temp\javacpp127795810914671\msvcr100.dll
0x000000005cc70000 - 0x000000005cd08000 	C:\Users\joaoq\AppData\Local\Temp\javacpp127795810914671\msvcp100.dll
0x0000000066840000 - 0x00000000676b4000 	C:\Users\joaoq\AppData\Local\Temp\javacpp127795810914671\opencv_ffmpeg248_64.dll
0x00007ffbc4ce0000 - 0x00007ffbc4f52000 	C:\Users\joaoq\AppData\Local\Temp\javacpp127795810914671\opencv_core248.dll
0x00007ffbc26f0000 - 0x00007ffbc29a2000 	C:\Users\joaoq\AppData\Local\Temp\javacpp127795810914671\opencv_imgproc248.dll
0x00007ffbc21b0000 - 0x00007ffbc23fd000 	C:\Users\joaoq\AppData\Local\Temp\javacpp127795810914671\opencv_highgui248.dll
0x00007ffbf1d60000 - 0x00007ffbf1d7f000 	C:\WINDOWS\SYSTEM32\AVIFIL32.dll
0x00007ffbe7e70000 - 0x00007ffbe7e99000 	C:\WINDOWS\SYSTEM32\MSVFW32.dll
0x00007ffbf1cc0000 - 0x00007ffbf1cd8000 	C:\WINDOWS\SYSTEM32\AVICAP32.dll
0x00007ffbfc4d0000 - 0x00007ffbfc4ec000 	C:\WINDOWS\SYSTEM32\MSACM32.dll
0x00007ffbf1b70000 - 0x00007ffbf1b83000 	C:\Users\joaoq\AppData\Local\Temp\javacpp127795810914671\jniopencv_highgui.dll
0x00007ffbff490000 - 0x00007ffbff4f6000 	C:\WINDOWS\system32\mswsock.dll
0x00007ffbffd60000 - 0x00007ffbffd77000 	C:\WINDOWS\SYSTEM32\CRYPTSP.dll
0x00007ffbff080000 - 0x00007ffbff0b3000 	C:\WINDOWS\system32\rsaenh.dll
0x00007ffbffa90000 - 0x00007ffbffab5000 	C:\WINDOWS\SYSTEM32\bcrypt.dll
0x00007ffbff640000 - 0x00007ffbff64b000 	C:\WINDOWS\SYSTEM32\CRYPTBASE.dll
0x00007ffbfa930000 - 0x00007ffbfa946000 	C:\WINDOWS\system32\napinsp.dll
0x00007ffbfa910000 - 0x00007ffbfa92a000 	C:\WINDOWS\system32\pnrpnsp.dll
0x00007ffbfc400000 - 0x00007ffbfc419000 	C:\WINDOWS\system32\NLAapi.dll
0x00007ffbff270000 - 0x00007ffbff32e000 	C:\WINDOWS\SYSTEM32\DNSAPI.dll
0x00007ffc01c10000 - 0x00007ffc01c18000 	C:\WINDOWS\System32\NSI.dll
0x00007ffbff220000 - 0x00007ffbff258000 	C:\WINDOWS\SYSTEM32\IPHLPAPI.DLL
0x00007ffbfa900000 - 0x00007ffbfa90e000 	C:\WINDOWS\System32\winrnr.dll
0x00007ffbf4070000 - 0x00007ffbf4085000 	C:\WINDOWS\System32\wshbth.dll
0x00007ffbcddf0000 - 0x00007ffbcde8a000 	C:\Users\joaoq\AppData\Local\Temp\javacpp127795810914671\jniopencv_core.dll
0x000000005d120000 - 0x000000005d13a000 	C:\Program Files\Java\jdk1.8.0_161\jre\bin\net.dll
0x000000005d100000 - 0x000000005d111000 	C:\Program Files\Java\jdk1.8.0_161\jre\bin\nio.dll
0x00007ffbf5c50000 - 0x00007ffbf5c5a000 	C:\Windows\System32\rasadhlp.dll
0x000000001a5f0000 - 0x000000001a632000 	C:\Program Files\Java\jdk1.8.0_161\jre\bin\t2k.dll
0x00007ffbf18f0000 - 0x00007ffbf1962000 	C:\WINDOWS\System32\fwpuclnt.dll
0x000000001a640000 - 0x000000001a66a000 	C:\Program Files\Java\jdk1.8.0_161\jre\bin\dcpr.dll
0x00007ffbfe2d0000 - 0x00007ffbfe38b000 	C:\WINDOWS\SYSTEM32\dxgi.dll
0x00007ffbfc570000 - 0x00007ffbfc87b000 	C:\WINDOWS\SYSTEM32\d3d11.dll
0x00007ffbf2f00000 - 0x00007ffbf2f96000 	C:\WINDOWS\System32\TextInputFramework.dll
0x00007ffbf55c0000 - 0x00007ffbf58de000 	C:\WINDOWS\System32\CoreUIComponents.dll
0x00007ffbfd760000 - 0x00007ffbfd83a000 	C:\WINDOWS\System32\CoreMessaging.dll
0x00007ffbfece0000 - 0x00007ffbfed11000 	C:\WINDOWS\SYSTEM32\ntmarta.dll
0x00007ffbfbb70000 - 0x00007ffbfbcbd000 	C:\WINDOWS\SYSTEM32\wintypes.dll
0x00007ffbffac0000 - 0x00007ffbffc89000 	C:\WINDOWS\SYSTEM32\dbghelp.dll

VM Arguments:
jvm_args: -Dfile.encoding=UTF-8 
java_command: serial.JFMain
java_class_path (initial): C:\Program Files\Java\jre1.8.0_191\lib\ext\RXTXcomm.jar;C:\Program Files\NetBeans 8.2\java\modules\ext\AbsoluteLayout.jar;C:\Users\joaoq\Downloads\opencv\build\java\opencv-347.jar;C:\Users\joaoq\Downloads\IP-Camera-Java-CV-Libraries-master\javacv.jar;C:\Users\joaoq\Downloads\IP-Camera-Java-CV-Libraries-master\javacpp.jar;C:\Users\joaoq\Downloads\IP-Camera-Java-CV-Libraries-master\javacv-windows-x86.jar;C:\Users\joaoq\Downloads\IP-Camera-Java-CV-Libraries-master\javacv-windows-x86_64.jar;C:\Users\joaoq\Downloads\IP-Camera-Java-CV-Libraries-master\opencv-2.4.8-windows-x86.jar;C:\Users\joaoq\Downloads\IP-Camera-Java-CV-Libraries-master\opencv-2.4.8-windows-x86_64.jar;C:\Users\joaoq\Downloads\org.eclipse.paho.client.mqttv3-1.2.0.jar;C:\Users\joaoq\Google Drive\TCC João Pedro Quintino\TCC2\Software PC\ReadWriteSerial\build\classes
Launcher Type: SUN_STANDARD

Environment Variables:
JAVA_HOME=C:\Program Files\Java\jdk1.8.0_161
CLASSPATH=C:\Program Files\Java\jdk1.8.0_161\lib;C:\jflex-1.6.1\lib\jflex-1.6.1.jar
PATH=C:\Program Files (x86)\Common Files\Oracle\Java\javapath;C:\ProgramData\Oracle\Java\javapath;C:\Program Files (x86)\Intel\iCLS Client\;C:\Program Files\Intel\iCLS Client\;C:\Windows\system32;C:\Windows;C:\Windows\System32\Wbem;C:\Windows\System32\WindowsPowerShell\v1.0\;C:\Program Files (x86)\Intel\Intel(R) Management Engine Components\DAL;C:\Program Files\Intel\Intel(R) Management Engine Components\DAL;C:\Program Files (x86)\Intel\Intel(R) Management Engine Components\IPT;C:\Program Files\Intel\Intel(R) Management Engine Components\IPT;C:\Program Files (x86)\NVIDIA Corporation\PhysX\Common;C:\WINDOWS\system32;C:\WINDOWS;C:\WINDOWS\System32\Wbem;C:\WINDOWS\System32\WindowsPowerShell\v1.0\;C:\Program Files\Java\jdk1.8.0_161\bin;C:\WINDOWS\System32\OpenSSH\;C:\Program Files\MATLAB\R2018a\runtime\win64;C:\Program Files\MATLAB\R2018a\bin;D:\Program Files\nodejs\;D:\Program Files\Microsoft VS Code\bin;D:\Program Files (x86)\Yarn\bin\;C:\Program Files\Git\cmd;C:\Users\joaoq\AppData\Local\Programs\Python\Python37-32\Scripts\;C:\Users\joaoq\AppData\Local\Programs\Python\Python37-32\;C:\Users\joaoq\AppData\Local\Microsoft\WindowsApps;C:\Users\joaoq\AppData\Roaming\npm;C:\Users\joaoq\AppData\Local\Yarn\bin;D:\Program Files\Docker Toolbox
USERNAME=joaoq
OS=Windows_NT
PROCESSOR_IDENTIFIER=Intel64 Family 6 Model 69 Stepping 1, GenuineIntel



---------------  S Y S T E M  ---------------

OS: Windows 10.0 , 64 bit Build 17134 (10.0.17134.753)

CPU:total 4 (initial active 4) (2 cores per cpu, 2 threads per core) family 6 model 69 stepping 1, cmov, cx8, fxsr, mmx, sse, sse2, sse3, ssse3, sse4.1, sse4.2, popcnt, avx, avx2, aes, clmul, erms, lzcnt, ht, tsc, tscinvbit, bmi1, bmi2

Memory: 4k page, physical 8289792k(2117932k free), swap 13939048k(5054740k free)

vm_info: Java HotSpot(TM) 64-Bit Server VM (25.161-b12) for windows-amd64 JRE (1.8.0_161-b12), built on Dec 19 2017 17:52:25 by "java_re" with MS VC++ 10.0 (VS2010)

time: Thu Aug 08 21:06:05 2019
elapsed time: 92 seconds (0d 0h 1m 32s)

