#
# A fatal error has been detected by the Java Runtime Environment:
#
#  EXCEPTION_ACCESS_VIOLATION (0xc0000005) at pc=0x0000000066842310, pid=10904, tid=0x0000000000002ba4
#
# JRE version: Java(TM) SE Runtime Environment (8.0_161-b12) (build 1.8.0_161-b12)
# Java VM: Java HotSpot(TM) 64-Bit Server VM (25.161-b12 mixed mode windows-amd64 compressed oops)
# Problematic frame:
# C  [opencv_ffmpeg248_64.dll+0x2310]
#
# Failed to write core dump. Minidumps are not enabled by default on client versions of Windows
#
# If you would like to submit a bug report, please visit:
#   http://bugreport.java.com/bugreport/crash.jsp
# The crash happened outside the Java Virtual Machine in native code.
# See problematic frame for where to report the bug.
#

---------------  T H R E A D  ---------------

Current thread (0x0000000019f4d000):  JavaThread "Thread-4" [_thread_in_native, id=11172, stack(0x00000000612a0000,0x00000000613a0000)]

siginfo: ExceptionCode=0xc0000005, reading address 0x0000000000000008

Registers:
RAX=0x0000000000000000, RBX=0x000000005c205360, RCX=0x00000000014a0000, RDX=0x000000005ca9bd00
RSP=0x000000006139f000, RBP=0x8000000000000000, RSI=0x000000005c2055f8, RDI=0x0000000000000004
R8 =0x000000006139f02c, R9 =0x000000005c2055f8, R10=0x0000000000000000, R11=0x000000006139eaf0
R12=0x0000000000000000, R13=0x000000006139f2c0, R14=0x000000006139f190, R15=0x0000000019f4d000
RIP=0x0000000066842310, EFLAGS=0x0000000000010246

Top of Stack: (sp=0x000000006139f000)
0x000000006139f000:   000000006139f1a0 000000006684346a
0x000000006139f010:   00004e6027080db9 0000000000000000
0x000000006139f020:   00004e6027080d99 000000006139f190
0x000000006139f030:   00000000000001d7 00000000822b3690
0x000000006139f040:   000000005fffc080 000000006139f1a0
0x000000006139f050:   0000000000000000 0000000066843429
0x000000006139f060:   000000008181f1f0 0000000019f4d000
0x000000006139f070:   0000000019f4d000 000000005d29de8c
0x000000006139f080:   0000000100064e18 00007ffba6183323
0x000000006139f090:   00000000d6025258 000000005d2d8690
0x000000006139f0a0:   0000000019f4d000 000000005d2ced79
0x000000006139f0b0:   00000000d6025258 00007ffba61810e1
0x000000006139f0c0:   0000000019f4d1f8 0000000019f4d000
0x000000006139f0d0:   0000000019f4d000 0000000000000000
0x000000006139f0e0:   0000000000000000 0000000019f4d1f8
0x000000006139f0f0:   000000001a14adf0 00007ffbe7df756b 

Instructions: (pc=0x0000000066842310)
0x00000000668422f0:   e0 48 83 c4 30 5b 5e 5f 5d 41 5c c3 0f 1f 40 00
0x0000000066842300:   48 8b 43 18 48 8b 53 20 4c 8d 44 24 2c 49 89 f1
0x0000000066842310:   48 8b 48 08 e8 c7 c5 0e 00 44 8b 64 24 2c 45 85
0x0000000066842320:   e4 74 1d 48 39 ab 90 02 00 00 74 64 48 83 83 18 


Register to memory mapping:

RAX=0x0000000000000000 is an unknown value
RBX=0x000000005c205360 is an unknown value
RCX=0x00000000014a0000 is an unknown value
RDX=0x000000005ca9bd00 is an unknown value
RSP=0x000000006139f000 is pointing into the stack for thread: 0x0000000019f4d000
RBP=0x8000000000000000 is an unknown value
RSI=0x000000005c2055f8 is an unknown value
RDI=0x0000000000000004 is an unknown value
R8 =0x000000006139f02c is pointing into the stack for thread: 0x0000000019f4d000
R9 =0x000000005c2055f8 is an unknown value
R10=0x0000000000000000 is an unknown value
R11=0x000000006139eaf0 is pointing into the stack for thread: 0x0000000019f4d000
R12=0x0000000000000000 is an unknown value
R13=0x000000006139f2c0 is pointing into the stack for thread: 0x0000000019f4d000
R14=0x000000006139f190 is pointing into the stack for thread: 0x0000000019f4d000
R15=0x0000000019f4d000 is a thread


Stack: [0x00000000612a0000,0x00000000613a0000],  sp=0x000000006139f000,  free space=1020k
Native frames: (J=compiled Java code, j=interpreted, Vv=VM code, C=native code)
C  [opencv_ffmpeg248_64.dll+0x2310]
C  [opencv_ffmpeg248_64.dll+0x3429]
C  [opencv_highgui248.dll+0x3323]
C  [opencv_highgui248.dll+0x10e1]
C  [jniopencv_highgui.dll+0x756b]
C  0x00000000036310d4

Java frames: (J=compiled Java code, j=interpreted, Vv=VM code)
J 1830  com.googlecode.javacv.cpp.opencv_highgui.cvGrabFrame(Lcom/googlecode/javacv/cpp/opencv_highgui$CvCapture;)I (0 bytes) @ 0x0000000003631052 [0x0000000003631000+0x52]
J 1834 C1 com.googlecode.javacv.OpenCVFrameGrabber.grab()Lcom/googlecode/javacv/cpp/opencv_core$IplImage; (177 bytes) @ 0x00000000036349fc [0x0000000003634880+0x17c]
j  serial.CameraHandler.run()V+19
j  java.lang.Thread.run()V+11
v  ~StubRoutines::call_stub

---------------  P R O C E S S  ---------------

Java Threads: ( => current thread )
  0x000000001a2cc000 JavaThread "Thread-0" daemon [_thread_in_native, id=12652, stack(0x0000000069df0000,0x0000000069ef0000)]
  0x000000001a2c6000 JavaThread "Thread-2" [_thread_in_native, id=8548, stack(0x0000000069af0000,0x0000000069bf0000)]
  0x000000001a2c6800 JavaThread "DestroyJavaVM" [_thread_blocked, id=1208, stack(0x0000000002d40000,0x0000000002e40000)]
  0x000000001a2cb000 JavaThread "J3D-InputDeviceScheduler-1" [_thread_blocked, id=12264, stack(0x0000000061fa0000,0x00000000620a0000)]
  0x000000001a2c2800 JavaThread "J3D-SoundSchedulerUpdateThread-1" [_thread_blocked, id=11448, stack(0x0000000061ea0000,0x0000000061fa0000)]
  0x000000001a2c9800 JavaThread "J3D-RenderStructureUpdateThread-1" [_thread_blocked, id=5660, stack(0x0000000061ca0000,0x0000000061da0000)]
  0x000000001a2c1000 JavaThread "J3D-BehaviorScheduler-1" [_thread_blocked, id=2844, stack(0x0000000061ba0000,0x0000000061ca0000)]
  0x000000001a2c2000 JavaThread "J3D-TransformStructureUpdateThread-1" [_thread_blocked, id=11980, stack(0x0000000061aa0000,0x0000000061ba0000)]
  0x000000001a2c5000 JavaThread "J3D-RenderingEnvironmentStructureUpdateThread-1" [_thread_blocked, id=12536, stack(0x00000000619a0000,0x0000000061aa0000)]
  0x000000001a2c3800 JavaThread "J3D-SoundStructureUpdateThread-1" [_thread_blocked, id=4944, stack(0x00000000618a0000,0x00000000619a0000)]
  0x000000001a2c4800 JavaThread "J3D-GeometryStructureUpdateThread-1" [_thread_blocked, id=76, stack(0x00000000617a0000,0x00000000618a0000)]
  0x0000000019f4f800 JavaThread "J3D-BehaviorStructureUpdateThread-1" [_thread_blocked, id=10264, stack(0x00000000616a0000,0x00000000617a0000)]
=>0x0000000019f4d000 JavaThread "Thread-4" [_thread_in_native, id=11172, stack(0x00000000612a0000,0x00000000613a0000)]
  0x0000000019f4e800 JavaThread "TimerQueue" daemon [_thread_blocked, id=3760, stack(0x0000000060150000,0x0000000060250000)]
  0x0000000019f50000 JavaThread "AWT-EventQueue-0" [_thread_blocked, id=12804, stack(0x000000005fd50000,0x000000005fe50000)]
  0x0000000019f53000 JavaThread "AWT-Shutdown" [_thread_blocked, id=12188, stack(0x000000005e030000,0x000000005e130000)]
  0x0000000019d90800 JavaThread "J3D-Renderer-1" [_thread_blocked, id=12720, stack(0x000000001b290000,0x000000001b390000)]
  0x0000000019ec8800 JavaThread "J3D-MasterControl-1" [_thread_blocked, id=9076, stack(0x000000001b190000,0x000000001b290000)]
  0x0000000019c97800 JavaThread "J3D-NotificationThread" [_thread_blocked, id=11336, stack(0x000000001b090000,0x000000001b190000)]
  0x000000001a215800 JavaThread "J3D-TimerThread" [_thread_blocked, id=5592, stack(0x000000001af90000,0x000000001b090000)]
  0x0000000019df5800 JavaThread "J3D-RenderingAttributesStructureUpdateThread" [_thread_blocked, id=6324, stack(0x000000001adc0000,0x000000001aec0000)]
  0x0000000019d31800 JavaThread "AWT-Windows" daemon [_thread_in_native, id=12080, stack(0x000000001a5f0000,0x000000001a6f0000)]
  0x000000001989e000 JavaThread "Java2D Disposer" daemon [_thread_blocked, id=12348, stack(0x000000001a3f0000,0x000000001a4f0000)]
  0x00000000194c5000 JavaThread "Service Thread" daemon [_thread_blocked, id=3200, stack(0x00000000198a0000,0x00000000199a0000)]
  0x0000000017b4d000 JavaThread "C1 CompilerThread2" daemon [_thread_blocked, id=4468, stack(0x00000000193a0000,0x00000000194a0000)]
  0x0000000017b45800 JavaThread "C2 CompilerThread1" daemon [_thread_blocked, id=8344, stack(0x00000000192a0000,0x00000000193a0000)]
  0x0000000017b42000 JavaThread "C2 CompilerThread0" daemon [_thread_blocked, id=9092, stack(0x00000000191a0000,0x00000000192a0000)]
  0x0000000017b3e000 JavaThread "Attach Listener" daemon [_thread_blocked, id=12884, stack(0x00000000190a0000,0x00000000191a0000)]
  0x0000000017b3c800 JavaThread "Signal Dispatcher" daemon [_thread_blocked, id=3524, stack(0x0000000018fa0000,0x00000000190a0000)]
  0x0000000002fed000 JavaThread "Finalizer" daemon [_thread_blocked, id=12792, stack(0x0000000018d90000,0x0000000018e90000)]
  0x0000000002fe2000 JavaThread "Reference Handler" daemon [_thread_blocked, id=2112, stack(0x0000000018c90000,0x0000000018d90000)]

Other Threads:
  0x0000000017b08000 VMThread [stack: 0x0000000018b90000,0x0000000018c90000] [id=4776]
  0x00000000194e6800 WatcherThread [stack: 0x00000000199a0000,0x0000000019aa0000] [id=9956]

VM state:not at safepoint (normal execution)

VM Mutex/Monitor currently owned by a thread: None

Heap:
 PSYoungGen      total 68096K, used 29887K [0x00000000d5d80000, 0x00000000dac80000, 0x0000000100000000)
  eden space 58368K, 41% used [0x00000000d5d80000,0x00000000d7529ea8,0x00000000d9680000)
  from space 9728K, 58% used [0x00000000da300000,0x00000000da886020,0x00000000dac80000)
  to   space 11264K, 0% used [0x00000000d9680000,0x00000000d9680000,0x00000000da180000)
 ParOldGen       total 55296K, used 24826K [0x0000000081800000, 0x0000000084e00000, 0x00000000d5d80000)
  object space 55296K, 44% used [0x0000000081800000,0x000000008303e900,0x0000000084e00000)
 Metaspace       used 19458K, capacity 19710K, committed 19840K, reserved 1067008K
  class space    used 2236K, capacity 2350K, committed 2432K, reserved 1048576K

Card table byte_map: [0x00000000123b0000,0x00000000127b0000] byte_map_base: 0x0000000011fa4000

Marking Bits: (ParMarkBitMap*) 0x000000005d9af860
 Begin Bits: [0x0000000012e60000, 0x0000000014e00000)
 End Bits:   [0x0000000014e00000, 0x0000000016da0000)

Polling page: 0x0000000001490000

CodeCache: size=245760Kb used=8021Kb max_used=8028Kb free=237738Kb
 bounds [0x0000000002ff0000, 0x00000000037e0000, 0x0000000011ff0000]
 total_blobs=2689 nmethods=2007 adapters=593
 compilation: enabled

Compilation events (10 events):
Event: 54.981 Thread 0x0000000017b4d000 2170       3       sun.java2d.SunGraphics2D::setDevClip (45 bytes)
Event: 54.983 Thread 0x0000000017b4d000 nmethod 2170 0x00000000037cc110 code [0x00000000037cc2e0, 0x00000000037ccc98]
Event: 55.047 Thread 0x0000000017b4d000 2171       3       javax.swing.plaf.synth.SynthContext::getPainter (19 bytes)
Event: 55.048 Thread 0x0000000017b4d000 nmethod 2171 0x00000000037cbc10 code [0x00000000037cbd80, 0x00000000037cc028]
Event: 55.048 Thread 0x0000000017b4d000 2172       3       javax.swing.plaf.nimbus.NimbusStyle::getPainter (5 bytes)
Event: 55.048 Thread 0x0000000017b4d000 nmethod 2172 0x00000000037a7310 code [0x00000000037a7460, 0x00000000037a75b0]
Event: 55.219 Thread 0x0000000017b42000 2173       4       javax.swing.plaf.nimbus.NimbusStyle::getValues (9 bytes)
Event: 55.220 Thread 0x0000000017b42000 nmethod 2173 0x0000000003736c10 code [0x0000000003736d60, 0x0000000003736de8]
Event: 55.529 Thread 0x0000000017b4d000 2175       3       java.io.ByteArrayOutputStream::<init> (43 bytes)
Event: 55.530 Thread 0x0000000017b4d000 nmethod 2175 0x00000000037cf650 code [0x00000000037cf840, 0x00000000037d01b8]

GC Heap History (10 events):
Event: 49.195 GC heap before
{Heap before GC invocations=23 (full 1):
 PSYoungGen      total 75264K, used 74568K [0x00000000d5d80000, 0x00000000db580000, 0x0000000100000000)
  eden space 66560K, 99% used [0x00000000d5d80000,0x00000000d9e51078,0x00000000d9e80000)
  from space 8704K, 94% used [0x00000000da080000,0x00000000da881030,0x00000000da900000)
  to   space 11776K, 0% used [0x00000000daa00000,0x00000000daa00000,0x00000000db580000)
 ParOldGen       total 55296K, used 24786K [0x0000000081800000, 0x0000000084e00000, 0x00000000d5d80000)
  object space 55296K, 44% used [0x0000000081800000,0x0000000083034900,0x0000000084e00000)
 Metaspace       used 19205K, capacity 19454K, committed 19584K, reserved 1067008K
  class space    used 2230K, capacity 2350K, committed 2432K, reserved 1048576K
Event: 49.201 GC heap after
Heap after GC invocations=23 (full 1):
 PSYoungGen      total 74240K, used 8196K [0x00000000d5d80000, 0x00000000db380000, 0x0000000100000000)
  eden space 64512K, 0% used [0x00000000d5d80000,0x00000000d5d80000,0x00000000d9c80000)
  from space 9728K, 84% used [0x00000000daa00000,0x00000000db201030,0x00000000db380000)
  to   space 11776K, 0% used [0x00000000d9c80000,0x00000000d9c80000,0x00000000da800000)
 ParOldGen       total 55296K, used 24794K [0x0000000081800000, 0x0000000084e00000, 0x00000000d5d80000)
  object space 55296K, 44% used [0x0000000081800000,0x0000000083036900,0x0000000084e00000)
 Metaspace       used 19205K, capacity 19454K, committed 19584K, reserved 1067008K
  class space    used 2230K, capacity 2350K, committed 2432K, reserved 1048576K
}
Event: 50.725 GC heap before
{Heap before GC invocations=24 (full 1):
 PSYoungGen      total 74240K, used 71806K [0x00000000d5d80000, 0x00000000db380000, 0x0000000100000000)
  eden space 64512K, 98% used [0x00000000d5d80000,0x00000000d9b9ea78,0x00000000d9c80000)
  from space 9728K, 84% used [0x00000000daa00000,0x00000000db201030,0x00000000db380000)
  to   space 11776K, 0% used [0x00000000d9c80000,0x00000000d9c80000,0x00000000da800000)
 ParOldGen       total 55296K, used 24794K [0x0000000081800000, 0x0000000084e00000, 0x00000000d5d80000)
  object space 55296K, 44% used [0x0000000081800000,0x0000000083036900,0x0000000084e00000)
 Metaspace       used 19206K, capacity 19454K, committed 19584K, reserved 1067008K
  class space    used 2230K, capacity 2350K, committed 2432K, reserved 1048576K
Event: 50.728 GC heap after
Heap after GC invocations=24 (full 1):
 PSYoungGen      total 71680K, used 8196K [0x00000000d5d80000, 0x00000000db100000, 0x0000000100000000)
  eden space 62976K, 0% used [0x00000000d5d80000,0x00000000d5d80000,0x00000000d9b00000)
  from space 8704K, 94% used [0x00000000d9c80000,0x00000000da481030,0x00000000da500000)
  to   space 11264K, 0% used [0x00000000da600000,0x00000000da600000,0x00000000db100000)
 ParOldGen       total 55296K, used 24802K [0x0000000081800000, 0x0000000084e00000, 0x00000000d5d80000)
  object space 55296K, 44% used [0x0000000081800000,0x0000000083038900,0x0000000084e00000)
 Metaspace       used 19206K, capacity 19454K, committed 19584K, reserved 1067008K
  class space    used 2230K, capacity 2350K, committed 2432K, reserved 1048576K
}
Event: 52.217 GC heap before
{Heap before GC invocations=25 (full 1):
 PSYoungGen      total 71680K, used 70274K [0x00000000d5d80000, 0x00000000db100000, 0x0000000100000000)
  eden space 62976K, 98% used [0x00000000d5d80000,0x00000000d9a1f970,0x00000000d9b00000)
  from space 8704K, 94% used [0x00000000d9c80000,0x00000000da481030,0x00000000da500000)
  to   space 11264K, 0% used [0x00000000da600000,0x00000000da600000,0x00000000db100000)
 ParOldGen       total 55296K, used 24802K [0x0000000081800000, 0x0000000084e00000, 0x00000000d5d80000)
  object space 55296K, 44% used [0x0000000081800000,0x0000000083038900,0x0000000084e00000)
 Metaspace       used 19223K, capacity 19518K, committed 19840K, reserved 1067008K
  class space    used 2230K, capacity 2350K, committed 2432K, reserved 1048576K
Event: 52.220 GC heap after
Heap after GC invocations=25 (full 1):
 PSYoungGen      total 71168K, used 8260K [0x00000000d5d80000, 0x00000000daf80000, 0x0000000100000000)
  eden space 61440K, 0% used [0x00000000d5d80000,0x00000000d5d80000,0x00000000d9980000)
  from space 9728K, 84% used [0x00000000da600000,0x00000000dae11030,0x00000000daf80000)
  to   space 11264K, 0% used [0x00000000d9980000,0x00000000d9980000,0x00000000da480000)
 ParOldGen       total 55296K, used 24810K [0x0000000081800000, 0x0000000084e00000, 0x00000000d5d80000)
  object space 55296K, 44% used [0x0000000081800000,0x000000008303a900,0x0000000084e00000)
 Metaspace       used 19223K, capacity 19518K, committed 19840K, reserved 1067008K
  class space    used 2230K, capacity 2350K, committed 2432K, reserved 1048576K
}
Event: 53.620 GC heap before
{Heap before GC invocations=26 (full 1):
 PSYoungGen      total 71168K, used 67193K [0x00000000d5d80000, 0x00000000daf80000, 0x0000000100000000)
  eden space 61440K, 95% used [0x00000000d5d80000,0x00000000d970d608,0x00000000d9980000)
  from space 9728K, 84% used [0x00000000da600000,0x00000000dae11030,0x00000000daf80000)
  to   space 11264K, 0% used [0x00000000d9980000,0x00000000d9980000,0x00000000da480000)
 ParOldGen       total 55296K, used 24810K [0x0000000081800000, 0x0000000084e00000, 0x00000000d5d80000)
  object space 55296K, 44% used [0x0000000081800000,0x000000008303a900,0x0000000084e00000)
 Metaspace       used 19366K, capacity 19646K, committed 19840K, reserved 1067008K
  class space    used 2234K, capacity 2350K, committed 2432K, reserved 1048576K
Event: 53.623 GC heap after
Heap after GC invocations=26 (full 1):
 PSYoungGen      total 68608K, used 8388K [0x00000000d5d80000, 0x00000000dae00000, 0x0000000100000000)
  eden space 59904K, 0% used [0x00000000d5d80000,0x00000000d5d80000,0x00000000d9800000)
  from space 8704K, 96% used [0x00000000d9980000,0x00000000da1b1030,0x00000000da200000)
  to   space 11264K, 0% used [0x00000000da300000,0x00000000da300000,0x00000000dae00000)
 ParOldGen       total 55296K, used 24818K [0x0000000081800000, 0x0000000084e00000, 0x00000000d5d80000)
  object space 55296K, 44% used [0x0000000081800000,0x000000008303c900,0x0000000084e00000)
 Metaspace       used 19366K, capacity 19646K, committed 19840K, reserved 1067008K
  class space    used 2234K, capacity 2350K, committed 2432K, reserved 1048576K
}
Event: 55.031 GC heap before
{Heap before GC invocations=27 (full 1):
 PSYoungGen      total 68608K, used 66822K [0x00000000d5d80000, 0x00000000dae00000, 0x0000000100000000)
  eden space 59904K, 97% used [0x00000000d5d80000,0x00000000d9690bc0,0x00000000d9800000)
  from space 8704K, 96% used [0x00000000d9980000,0x00000000da1b1030,0x00000000da200000)
  to   space 11264K, 0% used [0x00000000da300000,0x00000000da300000,0x00000000dae00000)
 ParOldGen       total 55296K, used 24818K [0x0000000081800000, 0x0000000084e00000, 0x00000000d5d80000)
  object space 55296K, 44% used [0x0000000081800000,0x000000008303c900,0x0000000084e00000)
 Metaspace       used 19423K, capacity 19710K, committed 19840K, reserved 1067008K
  class space    used 2234K, capacity 2350K, committed 2432K, reserved 1048576K
Event: 55.035 GC heap after
Heap after GC invocations=27 (full 1):
 PSYoungGen      total 68096K, used 5656K [0x00000000d5d80000, 0x00000000dac80000, 0x0000000100000000)
  eden space 58368K, 0% used [0x00000000d5d80000,0x00000000d5d80000,0x00000000d9680000)
  from space 9728K, 58% used [0x00000000da300000,0x00000000da886020,0x00000000dac80000)
  to   space 11264K, 0% used [0x00000000d9680000,0x00000000d9680000,0x00000000da180000)
 ParOldGen       total 55296K, used 24826K [0x0000000081800000, 0x0000000084e00000, 0x00000000d5d80000)
  object space 55296K, 44% used [0x0000000081800000,0x000000008303e900,0x0000000084e00000)
 Metaspace       used 19423K, capacity 19710K, committed 19840K, reserved 1067008K
  class space    used 2234K, capacity 2350K, committed 2432K, reserved 1048576K
}

Deoptimization events (10 events):
Event: 8.918 Thread 0x0000000019f50000 Uncommon trap: reason=unstable_if action=reinterpret pc=0x000000000336b694 method=java.lang.StringCoding$StringDecoder.decode([BII)[C @ 33
Event: 9.230 Thread 0x0000000019f4d000 Uncommon trap: reason=unstable_if action=reinterpret pc=0x0000000003409bf4 method=com.googlecode.javacv.cpp.opencv_core$IplImage.flipCopyWithGamma(Ljava/nio/ByteBuffer;ILjava/nio/ByteBuffer;IZDZI)V @ 50
Event: 11.467 Thread 0x0000000019f4e000 Uncommon trap: reason=class_check action=maybe_recompile pc=0x00000000032b31d4 method=java.io.FilterInputStream.read([BII)I @ 7
Event: 11.469 Thread 0x0000000019f4e000 Uncommon trap: reason=class_check action=maybe_recompile pc=0x00000000032aee10 method=java.io.FilterInputStream.read([BII)I @ 7
Event: 51.846 Thread 0x0000000019f50000 Uncommon trap: reason=unstable_if action=reinterpret pc=0x000000000339d69c method=java.awt.Component.invalidate()V @ 28
Event: 51.846 Thread 0x0000000019f50000 Uncommon trap: reason=unstable_if action=reinterpret pc=0x00000000036f7ff8 method=java.awt.Component.invalidateParent()V @ 4
Event: 52.026 Thread 0x0000000019f50000 Uncommon trap: reason=unstable_if action=reinterpret pc=0x0000000003647a60 method=javax.swing.DefaultButtonModel.isRollover()Z @ 7
Event: 52.029 Thread 0x0000000019f50000 Uncommon trap: reason=unstable_if action=reinterpret pc=0x000000000360c3e4 method=javax.swing.plaf.nimbus.NimbusStyle.get(Ljavax/swing/plaf/synth/SynthContext;Ljava/lang/Object;)Ljava/lang/Object; @ 67
Event: 52.029 Thread 0x0000000019f50000 Uncommon trap: reason=unstable_if action=reinterpret pc=0x00000000035fa734 method=javax.swing.plaf.synth.SynthStyle.getFont(Ljavax/swing/plaf/synth/SynthContext;)Ljava/awt/Font; @ 10
Event: 52.697 Thread 0x0000000019f50000 Uncommon trap: reason=unstable_if action=reinterpret pc=0x0000000003517900 method=javax.swing.JComponent.getClientProperty(Ljava/lang/Object;)Ljava/lang/Object; @ 16

Classes redefined (0 events):
No events

Internal exceptions (10 events):
Event: 11.449 Thread 0x0000000019f4e000 Exception <a 'java/lang/ArrayIndexOutOfBoundsException': 0> (0x00000000d5e82660) thrown at [C:\re\workspace\8-2-build-windows-amd64-cygwin\jdk8u161\10277\hotspot\src\share\vm\interpreter\interpreterRuntime.cpp, line 366]
Event: 11.450 Thread 0x0000000019f52800 Exception <a 'java/net/SocketException': Socket closed> (0x00000000d5e39f38) thrown at [C:\re\workspace\8-2-build-windows-amd64-cygwin\jdk8u161\10277\hotspot\src\share\vm\prims\jni.cpp, line 735]
Event: 11.451 Thread 0x0000000019f51000 Exception <a 'java/lang/InterruptedException'> (0x00000000d5e3e060) thrown at [C:\re\workspace\8-2-build-windows-amd64-cygwin\jdk8u161\10277\hotspot\src\share\vm\runtime\objectMonitor.cpp, line 1684]
Event: 25.334 Thread 0x0000000019f4e000 Exception <a 'java/lang/ArrayIndexOutOfBoundsException': 0> (0x00000000d89e60b0) thrown at [C:\re\workspace\8-2-build-windows-amd64-cygwin\jdk8u161\10277\hotspot\src\share\vm\interpreter\interpreterRuntime.cpp, line 366]
Event: 25.334 Thread 0x0000000019f51000 Exception <a 'java/net/SocketException': Socket closed> (0x00000000d89ba758) thrown at [C:\re\workspace\8-2-build-windows-amd64-cygwin\jdk8u161\10277\hotspot\src\share\vm\prims\jni.cpp, line 735]
Event: 25.335 Thread 0x0000000019f52800 Exception <a 'java/lang/InterruptedException'> (0x00000000d89f3ee8) thrown at [C:\re\workspace\8-2-build-windows-amd64-cygwin\jdk8u161\10277\hotspot\src\share\vm\runtime\objectMonitor.cpp, line 1684]
Event: 51.846 Thread 0x0000000019f50000 Implicit null exception at 0x00000000036f7f90 to 0x00000000036f7fe6
Event: 52.029 Thread 0x0000000019f50000 Implicit null exception at 0x000000000360bcbb to 0x000000000360c39f
Event: 55.531 Thread 0x000000001a2c6000 Exception <a 'java/net/SocketException': Socket closed> (0x00000000d7415300) thrown at [C:\re\workspace\8-2-build-windows-amd64-cygwin\jdk8u161\10277\hotspot\src\share\vm\prims\jni.cpp, line 735]
Event: 55.531 Thread 0x000000001a2cc000 Exception <a 'java/lang/InterruptedException'> (0x00000000d7410428) thrown at [C:\re\workspace\8-2-build-windows-amd64-cygwin\jdk8u161\10277\hotspot\src\share\vm\runtime\objectMonitor.cpp, line 1684]

Events (10 events):
Event: 55.536 Executing VM operation: RevokeBias done
Event: 55.536 Thread 0x000000001a2cf000 Thread exited: 0x000000001a2cf000
Event: 55.536 Executing VM operation: RevokeBias
Event: 55.536 Executing VM operation: RevokeBias done
Event: 55.536 Thread 0x000000001a2c7800 Thread exited: 0x000000001a2c7800
Event: 55.536 Thread 0x000000001a2cc000 Thread exited: 0x000000001a2cc000
Event: 55.537 Thread 0x0000000019f51000 Thread exited: 0x0000000019f51000
Event: 55.537 Thread 0x0000000019f52800 Thread exited: 0x0000000019f52800
Event: 55.537 Thread 0x0000000019f4e000 Thread exited: 0x0000000019f4e000
Event: 55.537 Thread 0x000000001a2cd800 Thread exited: 0x000000001a2cd800


Dynamic libraries:
0x00007ff6a2380000 - 0x00007ff6a23b7000 	C:\Program Files\Java\jdk1.8.0_161\bin\java.exe
0x00007ffc03c60000 - 0x00007ffc03e41000 	C:\WINDOWS\SYSTEM32\ntdll.dll
0x00007ffbfa970000 - 0x00007ffbfa982000 	C:\Program Files\AVAST Software\Avast\aswhook.dll
0x00007ffc012c0000 - 0x00007ffc01371000 	C:\WINDOWS\System32\KERNEL32.DLL
0x00007ffc00510000 - 0x00007ffc00783000 	C:\WINDOWS\System32\KERNELBASE.dll
0x00007ffc02530000 - 0x00007ffc025d1000 	C:\WINDOWS\System32\ADVAPI32.dll
0x00007ffc01de0000 - 0x00007ffc01e7e000 	C:\WINDOWS\System32\msvcrt.dll
0x00007ffc02030000 - 0x00007ffc0208b000 	C:\WINDOWS\System32\sechost.dll
0x00007ffc02640000 - 0x00007ffc02764000 	C:\WINDOWS\System32\RPCRT4.dll
0x00007ffc01e80000 - 0x00007ffc02010000 	C:\WINDOWS\System32\USER32.dll
0x00007ffc00790000 - 0x00007ffc007b0000 	C:\WINDOWS\System32\win32u.dll
0x00007ffc010f0000 - 0x00007ffc01118000 	C:\WINDOWS\System32\GDI32.dll
0x00007ffc00120000 - 0x00007ffc002b1000 	C:\WINDOWS\System32\gdi32full.dll
0x00007ffc00030000 - 0x00007ffc000cf000 	C:\WINDOWS\System32\msvcp_win.dll
0x00007ffc008e0000 - 0x00007ffc009d8000 	C:\WINDOWS\System32\ucrtbase.dll
0x00007ffbf24c0000 - 0x00007ffbf2729000 	C:\WINDOWS\WinSxS\amd64_microsoft.windows.common-controls_6595b64144ccf1df_6.0.17134.885_none_fb42a3473065565f\COMCTL32.dll
0x00007ffc02130000 - 0x00007ffc02452000 	C:\WINDOWS\System32\combase.dll
0x00007ffc00860000 - 0x00007ffc008d9000 	C:\WINDOWS\System32\bcryptPrimitives.dll
0x00007ffc01be0000 - 0x00007ffc01c0d000 	C:\WINDOWS\System32\IMM32.DLL
0x000000005e1f0000 - 0x000000005e2c2000 	C:\Program Files\Java\jdk1.8.0_161\jre\bin\msvcr100.dll
0x000000005d190000 - 0x000000005da2f000 	C:\Program Files\Java\jdk1.8.0_161\jre\bin\server\jvm.dll
0x00007ffc027e0000 - 0x00007ffc027e8000 	C:\WINDOWS\System32\PSAPI.DLL
0x00007ffbf0bb0000 - 0x00007ffbf0bb9000 	C:\WINDOWS\SYSTEM32\WSOCK32.dll
0x00007ffc02770000 - 0x00007ffc027dc000 	C:\WINDOWS\System32\WS2_32.dll
0x00007ffbf67c0000 - 0x00007ffbf67e3000 	C:\WINDOWS\SYSTEM32\WINMM.dll
0x00007ffbfb680000 - 0x00007ffbfb68a000 	C:\WINDOWS\SYSTEM32\VERSION.dll
0x00007ffbf6670000 - 0x00007ffbf669a000 	C:\WINDOWS\SYSTEM32\WINMMBASE.dll
0x00007ffc000d0000 - 0x00007ffc00119000 	C:\WINDOWS\System32\cfgmgr32.dll
0x000000005e1e0000 - 0x000000005e1ef000 	C:\Program Files\Java\jdk1.8.0_161\jre\bin\verify.dll
0x000000005d160000 - 0x000000005d189000 	C:\Program Files\Java\jdk1.8.0_161\jre\bin\java.dll
0x000000005d140000 - 0x000000005d156000 	C:\Program Files\Java\jdk1.8.0_161\jre\bin\zip.dll
0x00007ffc027f0000 - 0x00007ffc03c30000 	C:\WINDOWS\System32\SHELL32.dll
0x00007ffc019b0000 - 0x00007ffc01a59000 	C:\WINDOWS\System32\shcore.dll
0x00007ffc009e0000 - 0x00007ffc010ed000 	C:\WINDOWS\System32\windows.storage.dll
0x00007ffc025e0000 - 0x00007ffc02631000 	C:\WINDOWS\System32\shlwapi.dll
0x00007ffc00000000 - 0x00007ffc00011000 	C:\WINDOWS\System32\kernel.appcore.dll
0x00007ffbfffe0000 - 0x00007ffbfffff000 	C:\WINDOWS\System32\profapi.dll
0x00007ffbfff90000 - 0x00007ffbfffdc000 	C:\WINDOWS\System32\powrprof.dll
0x00007ffc00020000 - 0x00007ffc0002a000 	C:\WINDOWS\System32\FLTLIB.DLL
0x000000005cf60000 - 0x000000005d0f8000 	C:\Program Files\Java\jdk1.8.0_161\jre\bin\awt.dll
0x00007ffc02460000 - 0x00007ffc02522000 	C:\WINDOWS\System32\OLEAUT32.dll
0x00007ffbfda20000 - 0x00007ffbfdaab000 	C:\WINDOWS\SYSTEM32\apphelp.dll
0x00007ffbfdbc0000 - 0x00007ffbfdc58000 	C:\WINDOWS\system32\uxtheme.dll
0x00007ffc01a60000 - 0x00007ffc01bd3000 	C:\WINDOWS\System32\MSCTF.dll
0x00007ffbfdc90000 - 0x00007ffbfdcb9000 	C:\WINDOWS\system32\dwmapi.dll
0x00007ffc01c80000 - 0x00007ffc01dd1000 	C:\WINDOWS\System32\ole32.dll
0x000000005ce50000 - 0x000000005ce57000 	C:\Program Files\Java\jdk1.8.0_161\jre\bin\jawt.dll
0x0000000002e40000 - 0x0000000002e7e000 	C:\Program Files\Java\jdk1.8.0_161\jre\bin\j3dcore-ogl.dll
0x00007ffbe22c0000 - 0x00007ffbe23e0000 	C:\WINDOWS\SYSTEM32\OPENGL32.dll
0x00007ffbe60a0000 - 0x00007ffbe60cc000 	C:\WINDOWS\SYSTEM32\GLU32.dll
0x00007ffba3350000 - 0x00007ffba3e97000 	C:\WINDOWS\SYSTEM32\ig75icd64.dll
0x00007ffbd7a30000 - 0x00007ffbd846f000 	C:\WINDOWS\SYSTEM32\igdusc64.dll
0x00007ffbfbdc0000 - 0x00007ffbfbdd3000 	C:\WINDOWS\SYSTEM32\WTSAPI32.dll
0x000000005cf10000 - 0x000000005cf57000 	C:\Program Files\Java\jdk1.8.0_161\jre\bin\fontmanager.dll
0x000000005cd70000 - 0x000000005ce41000 	C:\Users\joaoq\AppData\Local\Temp\javacpp133457450388541\msvcr100.dll
0x000000005ccd0000 - 0x000000005cd68000 	C:\Users\joaoq\AppData\Local\Temp\javacpp133457450388541\msvcp100.dll
0x0000000066840000 - 0x00000000676b4000 	C:\Users\joaoq\AppData\Local\Temp\javacpp133457450388541\opencv_ffmpeg248_64.dll
0x00007ffba63d0000 - 0x00007ffba6642000 	C:\Users\joaoq\AppData\Local\Temp\javacpp133457450388541\opencv_core248.dll
0x00007ffba3090000 - 0x00007ffba3342000 	C:\Users\joaoq\AppData\Local\Temp\javacpp133457450388541\opencv_imgproc248.dll
0x00007ffba6180000 - 0x00007ffba63cd000 	C:\Users\joaoq\AppData\Local\Temp\javacpp133457450388541\opencv_highgui248.dll
0x00007ffbf1d60000 - 0x00007ffbf1d7f000 	C:\WINDOWS\SYSTEM32\AVIFIL32.dll
0x00007ffbf1cf0000 - 0x00007ffbf1d19000 	C:\WINDOWS\SYSTEM32\MSVFW32.dll
0x00007ffbf1cd0000 - 0x00007ffbf1ce8000 	C:\WINDOWS\SYSTEM32\AVICAP32.dll
0x00007ffbfc4d0000 - 0x00007ffbfc4ec000 	C:\WINDOWS\SYSTEM32\MSACM32.dll
0x00007ffbe7df0000 - 0x00007ffbe7e03000 	C:\Users\joaoq\AppData\Local\Temp\javacpp133457450388541\jniopencv_highgui.dll
0x00007ffbff490000 - 0x00007ffbff4f6000 	C:\WINDOWS\system32\mswsock.dll
0x00007ffbffd60000 - 0x00007ffbffd77000 	C:\WINDOWS\SYSTEM32\CRYPTSP.dll
0x00007ffbff080000 - 0x00007ffbff0b3000 	C:\WINDOWS\system32\rsaenh.dll
0x00007ffbffa90000 - 0x00007ffbffab5000 	C:\WINDOWS\SYSTEM32\bcrypt.dll
0x00007ffbff640000 - 0x00007ffbff64b000 	C:\WINDOWS\SYSTEM32\CRYPTBASE.dll
0x00007ffbfa930000 - 0x00007ffbfa946000 	C:\WINDOWS\system32\napinsp.dll
0x00007ffbfa910000 - 0x00007ffbfa92a000 	C:\WINDOWS\system32\pnrpnsp.dll
0x00007ffbfc400000 - 0x00007ffbfc419000 	C:\WINDOWS\system32\NLAapi.dll
0x00007ffbff270000 - 0x00007ffbff32e000 	C:\WINDOWS\SYSTEM32\DNSAPI.dll
0x00007ffc01c10000 - 0x00007ffc01c18000 	C:\WINDOWS\System32\NSI.dll
0x00007ffbff220000 - 0x00007ffbff258000 	C:\WINDOWS\SYSTEM32\IPHLPAPI.DLL
0x00007ffbfa900000 - 0x00007ffbfa90e000 	C:\WINDOWS\System32\winrnr.dll
0x00007ffbf4070000 - 0x00007ffbf4085000 	C:\WINDOWS\System32\wshbth.dll
0x00007ffbc8ff0000 - 0x00007ffbc908a000 	C:\Users\joaoq\AppData\Local\Temp\javacpp133457450388541\jniopencv_core.dll
0x000000005d120000 - 0x000000005d13a000 	C:\Program Files\Java\jdk1.8.0_161\jre\bin\net.dll
0x000000005d100000 - 0x000000005d111000 	C:\Program Files\Java\jdk1.8.0_161\jre\bin\nio.dll
0x00007ffbf5c50000 - 0x00007ffbf5c5a000 	C:\Windows\System32\rasadhlp.dll
0x00007ffbf18f0000 - 0x00007ffbf1962000 	C:\WINDOWS\System32\fwpuclnt.dll
0x000000005cec0000 - 0x000000005cf02000 	C:\Program Files\Java\jdk1.8.0_161\jre\bin\t2k.dll
0x00007ffbf2f00000 - 0x00007ffbf2f96000 	C:\WINDOWS\System32\TextInputFramework.dll
0x00007ffbf55c0000 - 0x00007ffbf58de000 	C:\WINDOWS\System32\CoreUIComponents.dll
0x00007ffbfd760000 - 0x00007ffbfd83a000 	C:\WINDOWS\System32\CoreMessaging.dll
0x00007ffbfece0000 - 0x00007ffbfed11000 	C:\WINDOWS\SYSTEM32\ntmarta.dll
0x00007ffbfbb70000 - 0x00007ffbfbcbd000 	C:\WINDOWS\SYSTEM32\wintypes.dll
0x000000005ce90000 - 0x000000005ceba000 	C:\Program Files\Java\jdk1.8.0_161\jre\bin\dcpr.dll
0x00007ffbfe2d0000 - 0x00007ffbfe38b000 	C:\WINDOWS\SYSTEM32\dxgi.dll
0x00007ffbfc570000 - 0x00007ffbfc87b000 	C:\WINDOWS\SYSTEM32\d3d11.dll
0x00007ffbffac0000 - 0x00007ffbffc89000 	C:\WINDOWS\SYSTEM32\dbghelp.dll

VM Arguments:
jvm_args: -Dfile.encoding=UTF-8 
java_command: serial.JFMain
java_class_path (initial): C:\Program Files\Java\jre1.8.0_191\lib\ext\RXTXcomm.jar;C:\Program Files\NetBeans 8.2\java\modules\ext\AbsoluteLayout.jar;C:\Users\joaoq\Downloads\opencv\build\java\opencv-347.jar;C:\Users\joaoq\Downloads\IP-Camera-Java-CV-Libraries-master\javacv.jar;C:\Users\joaoq\Downloads\IP-Camera-Java-CV-Libraries-master\javacpp.jar;C:\Users\joaoq\Downloads\IP-Camera-Java-CV-Libraries-master\javacv-windows-x86.jar;C:\Users\joaoq\Downloads\IP-Camera-Java-CV-Libraries-master\javacv-windows-x86_64.jar;C:\Users\joaoq\Downloads\IP-Camera-Java-CV-Libraries-master\opencv-2.4.8-windows-x86.jar;C:\Users\joaoq\Downloads\IP-Camera-Java-CV-Libraries-master\opencv-2.4.8-windows-x86_64.jar;C:\Users\joaoq\Downloads\org.eclipse.paho.client.mqttv3-1.2.0.jar;C:\Users\joaoq\Google Drive\TCC João Pedro Quintino\TCC2\Software PC\ReadWriteSerial\build\classes
Launcher Type: SUN_STANDARD

Environment Variables:
JAVA_HOME=C:\Program Files\Java\jdk1.8.0_161
CLASSPATH=C:\Program Files\Java\jdk1.8.0_161\lib;C:\jflex-1.6.1\lib\jflex-1.6.1.jar
PATH=C:\Program Files (x86)\Common Files\Oracle\Java\javapath;C:\ProgramData\Oracle\Java\javapath;C:\Program Files (x86)\Intel\iCLS Client\;C:\Program Files\Intel\iCLS Client\;C:\Windows\system32;C:\Windows;C:\Windows\System32\Wbem;C:\Windows\System32\WindowsPowerShell\v1.0\;C:\Program Files (x86)\Intel\Intel(R) Management Engine Components\DAL;C:\Program Files\Intel\Intel(R) Management Engine Components\DAL;C:\Program Files (x86)\Intel\Intel(R) Management Engine Components\IPT;C:\Program Files\Intel\Intel(R) Management Engine Components\IPT;C:\Program Files (x86)\NVIDIA Corporation\PhysX\Common;C:\WINDOWS\system32;C:\WINDOWS;C:\WINDOWS\System32\Wbem;C:\WINDOWS\System32\WindowsPowerShell\v1.0\;C:\Program Files\Java\jdk1.8.0_161\bin;C:\WINDOWS\System32\OpenSSH\;C:\Program Files\MATLAB\R2018a\runtime\win64;C:\Program Files\MATLAB\R2018a\bin;D:\Program Files\nodejs\;D:\Program Files\Microsoft VS Code\bin;D:\Program Files (x86)\Yarn\bin\;C:\Program Files\Git\cmd;C:\Users\joaoq\AppData\Local\Programs\Python\Python37-32\Scripts\;C:\Users\joaoq\AppData\Local\Programs\Python\Python37-32\;C:\Users\joaoq\AppData\Local\Microsoft\WindowsApps;C:\Users\joaoq\AppData\Roaming\npm;C:\Users\joaoq\AppData\Local\Yarn\bin;D:\Program Files\Docker Toolbox
USERNAME=joaoq
OS=Windows_NT
PROCESSOR_IDENTIFIER=Intel64 Family 6 Model 69 Stepping 1, GenuineIntel



---------------  S Y S T E M  ---------------

OS: Windows 10.0 , 64 bit Build 17134 (10.0.17134.753)

CPU:total 4 (initial active 4) (2 cores per cpu, 2 threads per core) family 6 model 69 stepping 1, cmov, cx8, fxsr, mmx, sse, sse2, sse3, ssse3, sse4.1, sse4.2, popcnt, avx, avx2, aes, clmul, erms, lzcnt, ht, tsc, tscinvbit, bmi1, bmi2

Memory: 4k page, physical 8289792k(1916320k free), swap 13939048k(4884124k free)

vm_info: Java HotSpot(TM) 64-Bit Server VM (25.161-b12) for windows-amd64 JRE (1.8.0_161-b12), built on Dec 19 2017 17:52:25 by "java_re" with MS VC++ 10.0 (VS2010)

time: Thu Aug 08 22:39:49 2019
elapsed time: 55 seconds (0d 0h 0m 55s)

