#
# A fatal error has been detected by the Java Runtime Environment:
#
#  EXCEPTION_ACCESS_VIOLATION (0xc0000005) at pc=0x00007ff94d5b4989, pid=11132, tid=0x00000000000020dc
#
# JRE version: Java(TM) SE Runtime Environment (8.0_161-b12) (build 1.8.0_161-b12)
# Java VM: Java HotSpot(TM) 64-Bit Server VM (25.161-b12 mixed mode windows-amd64 compressed oops)
# Problematic frame:
# C  [ntdll.dll+0x24989]
#
# Failed to write core dump. Minidumps are not enabled by default on client versions of Windows
#
# If you would like to submit a bug report, please visit:
#   http://bugreport.java.com/bugreport/crash.jsp
# The crash happened outside the Java Virtual Machine in native code.
# See problematic frame for where to report the bug.
#

---------------  T H R E A D  ---------------

Current thread (0x000000001a01f000):  JavaThread "Thread-4" [_thread_in_native, id=8412, stack(0x0000000023140000,0x0000000023240000)]

siginfo: ExceptionCode=0xc0000005, writing address 0x0000000000000024

Registers:
RAX=0xffffffffffffffff, RBX=0x0000000019e0de18, RCX=0x0000000000000000, RDX=0xffffffffffffffff
RSP=0x000000002323ec60, RBP=0x000000002323ecd0, RSI=0x0000000000000000, RDI=0x0000000000000000
R8 =0x0000000000000000, R9 =0x00007ff8ff36e600, R10=0x0000000000000000, R11=0x0000000000000246
R12=0x0000000000000000, R13=0x000000001a346aa0, R14=0x0000000000000000, R15=0x000000001a01f000
RIP=0x00007ff94d5b4989, EFLAGS=0x0000000000010213

Top of Stack: (sp=0x000000002323ec60)
0x000000002323ec60:   ffffffffffffffff 0000000019e0de18
0x000000002323ec70:   000000002323ecf0 00007ff927471a81
0x000000002323ec80:   00000000d5e62de0 0000000000000001
0x000000002323ec90:   00000000d5e65f20 00000000010df000
0x000000002323eca0:   0000000000000ef9 000000000380e7b9
0x000000002323ecb0:   3ff0000000000000 00007ff9274719a1
0x000000002323ecc0:   000000002323f058 00007ff949bd9252
0x000000002323ecd0:   000000001a01f000 0000000000000001
0x000000002323ece0:   000000001a346aa0 0000000000000000
0x000000002323ecf0:   0000000000000000 0000000000000000
0x000000002323ed00:   0000000000000001 00007ff94d5aefb7
0x000000002323ed10:   0000000000000000 0000000019e0de18
0x000000002323ed20:   00000000fffffffa 0000000000000000
0x000000002323ed30:   000000002323eee0 00007ff94d5aeed0
0x000000002323ed40:   00007ff8ff36e640 00007ff8ff36e600
0x000000002323ed50:   0000000000000000 0000000000000000 

Instructions: (pc=0x00007ff94d5b4989)
0x00007ff94d5b4969:   35 52 75 13 00 4c 0f 45 f6 48 39 73 18 0f 84 b6
0x00007ff94d5b4979:   01 00 00 48 8b 0b 48 83 f9 ff 0f 84 b6 01 00 00
0x00007ff94d5b4989:   ff 41 24 48 8b 7b 18 44 8b ee 48 89 7d c0 e8 74
0x00007ff94d5b4999:   2a ff ff 85 c0 0f 85 4e 73 08 00 b9 82 03 fe 7f 


Register to memory mapping:

RAX=0xffffffffffffffff is an unknown value
RBX=0x0000000019e0de18 is an unknown value
RCX=0x0000000000000000 is an unknown value
RDX=0xffffffffffffffff is an unknown value
RSP=0x000000002323ec60 is pointing into the stack for thread: 0x000000001a01f000
RBP=0x000000002323ecd0 is pointing into the stack for thread: 0x000000001a01f000
RSI=0x0000000000000000 is an unknown value
RDI=0x0000000000000000 is an unknown value
R8 =0x0000000000000000 is an unknown value
R9 =0x00007ff8ff36e600 is an unknown value
R10=0x0000000000000000 is an unknown value
R11=0x0000000000000246 is an unknown value
R12=0x0000000000000000 is an unknown value
R13=0x000000001a346aa0 is an unknown value
R14=0x0000000000000000 is an unknown value
R15=0x000000001a01f000 is a thread


Stack: [0x0000000023140000,0x0000000023240000],  sp=0x000000002323ec60,  free space=1019k
Native frames: (J=compiled Java code, j=interpreted, Vv=VM code, C=native code)
C  [ntdll.dll+0x24989]
C  [ntdll.dll+0x1efb7]
C  [ntdll.dll+0x1eed0]
C  [opencv_highgui248.dll+0x15963]
C  [opencv_highgui248.dll+0x16946]
C  [opencv_highgui248.dll+0x1129]
C  [jniopencv_highgui.dll+0x6a76]
C  0x000000000379eedb

Java frames: (J=compiled Java code, j=interpreted, Vv=VM code)
J 2007  com.googlecode.javacv.cpp.opencv_highgui.cvRetrieveFrame(Lcom/googlecode/javacv/cpp/opencv_highgui$CvCapture;I)Lcom/googlecode/javacv/cpp/opencv_core$IplImage; (0 bytes) @ 0x000000000379ee55 [0x000000000379ee00+0x55]
J 2008 C1 com.googlecode.javacv.OpenCVFrameGrabber.grab()Lcom/googlecode/javacv/cpp/opencv_core$IplImage; (177 bytes) @ 0x00000000037a48d4 [0x00000000037a4800+0xd4]
j  serial.CameraHandler.run()V+16
j  java.lang.Thread.run()V+11
v  ~StubRoutines::call_stub

---------------  P R O C E S S  ---------------

Java Threads: ( => current thread )
  0x0000000019f2d800 JavaThread "Thread-2" [_thread_new, id=5448, stack(0x0000000000000000,0x0000000000000000)]
  0x0000000019f2b800 JavaThread "Thread-0" daemon [_thread_new, id=7376, stack(0x0000000000000000,0x0000000000000000)]
  0x0000000019f2f000 JavaThread "Thread-1" [_thread_new, id=7072, stack(0x0000000000000000,0x0000000000000000)]
  0x0000000019f2a800 JavaThread "Thread-3" [_thread_new, id=10732, stack(0x0000000000000000,0x0000000000000000)]
  0x0000000019f30800 JavaThread "DestroyJavaVM" [_thread_blocked, id=6856, stack(0x0000000002f00000,0x0000000003000000)]
  0x0000000019f26000 JavaThread "J3D-InputDeviceScheduler-1" [_thread_blocked, id=5408, stack(0x0000000023a40000,0x0000000023b40000)]
  0x0000000019f27800 JavaThread "J3D-SoundSchedulerUpdateThread-1" [_thread_blocked, id=10964, stack(0x0000000023940000,0x0000000023a40000)]
  0x0000000019f27000 JavaThread "J3D-RenderStructureUpdateThread-1" [_thread_blocked, id=6284, stack(0x0000000023840000,0x0000000023940000)]
  0x0000000019f2a000 JavaThread "J3D-BehaviorScheduler-1" [_thread_blocked, id=7220, stack(0x0000000023740000,0x0000000023840000)]
  0x0000000019f29000 JavaThread "J3D-TransformStructureUpdateThread-1" [_thread_blocked, id=3904, stack(0x0000000023640000,0x0000000023740000)]
  0x000000001a01c000 JavaThread "J3D-RenderingEnvironmentStructureUpdateThread-1" [_thread_blocked, id=4868, stack(0x0000000023540000,0x0000000023640000)]
  0x000000001a020800 JavaThread "J3D-SoundStructureUpdateThread-1" [_thread_blocked, id=7536, stack(0x0000000023440000,0x0000000023540000)]
  0x000000001a01f800 JavaThread "J3D-GeometryStructureUpdateThread-1" [_thread_blocked, id=6104, stack(0x0000000023340000,0x0000000023440000)]
  0x000000001a01d800 JavaThread "J3D-BehaviorStructureUpdateThread-1" [_thread_blocked, id=7792, stack(0x0000000023240000,0x0000000023340000)]
=>0x000000001a01f000 JavaThread "Thread-4" [_thread_in_native, id=8412, stack(0x0000000023140000,0x0000000023240000)]
  0x000000001a01b000 JavaThread "TimerQueue" daemon [_thread_blocked, id=9128, stack(0x0000000023040000,0x0000000023140000)]
  0x000000001a01c800 JavaThread "AWT-EventQueue-0" [_thread_blocked, id=14096, stack(0x0000000022e40000,0x0000000022f40000)]
  0x000000001a021000 JavaThread "AWT-Shutdown" [_thread_blocked, id=13344, stack(0x0000000022d40000,0x0000000022e40000)]
  0x0000000019dde800 JavaThread "J3D-Renderer-1" [_thread_blocked, id=3788, stack(0x000000001b530000,0x000000001b630000)]
  0x000000001a05d000 JavaThread "J3D-MasterControl-1" [_thread_blocked, id=8140, stack(0x000000001b430000,0x000000001b530000)]
  0x000000001a05c800 JavaThread "J3D-NotificationThread" [_thread_blocked, id=9876, stack(0x000000001b330000,0x000000001b430000)]
  0x0000000019f51000 JavaThread "J3D-TimerThread" [_thread_blocked, id=11696, stack(0x000000001b230000,0x000000001b330000)]
  0x000000001a0e0800 JavaThread "J3D-RenderingAttributesStructureUpdateThread" [_thread_blocked, id=7000, stack(0x000000001b130000,0x000000001b230000)]
  0x0000000019f7c000 JavaThread "AWT-Windows" daemon [_thread_in_native, id=14208, stack(0x000000001a750000,0x000000001a850000)]
  0x0000000019fa5000 JavaThread "Java2D Disposer" daemon [_thread_blocked, id=8944, stack(0x000000001a550000,0x000000001a650000)]
  0x000000001963b000 JavaThread "Service Thread" daemon [_thread_blocked, id=11928, stack(0x0000000019a00000,0x0000000019b00000)]
  0x0000000017c9c800 JavaThread "C1 CompilerThread2" daemon [_thread_blocked, id=6520, stack(0x0000000019500000,0x0000000019600000)]
  0x0000000017c95000 JavaThread "C2 CompilerThread1" daemon [_thread_blocked, id=11980, stack(0x0000000019400000,0x0000000019500000)]
  0x0000000017c92000 JavaThread "C2 CompilerThread0" daemon [_thread_blocked, id=1392, stack(0x0000000019300000,0x0000000019400000)]
  0x0000000017c8e000 JavaThread "Attach Listener" daemon [_thread_blocked, id=2496, stack(0x0000000019200000,0x0000000019300000)]
  0x0000000017c8d000 JavaThread "Signal Dispatcher" daemon [_thread_blocked, id=11828, stack(0x0000000019100000,0x0000000019200000)]
  0x000000000313e800 JavaThread "Finalizer" daemon [_thread_blocked, id=6076, stack(0x0000000018ef0000,0x0000000018ff0000)]
  0x0000000017c58800 JavaThread "Reference Handler" daemon [_thread_blocked, id=1452, stack(0x0000000018df0000,0x0000000018ef0000)]

Other Threads:
  0x0000000017c58000 VMThread [stack: 0x0000000018cf0000,0x0000000018df0000] [id=13024]
  0x000000001963d000 WatcherThread [stack: 0x0000000019b00000,0x0000000019c00000] [id=13780]

VM state:not at safepoint (normal execution)

VM Mutex/Monitor currently owned by a thread: None

Heap:
 PSYoungGen      total 23552K, used 9065K [0x00000000d5d80000, 0x00000000d7800000, 0x0000000100000000)
  eden space 19968K, 40% used [0x00000000d5d80000,0x00000000d6559630,0x00000000d7100000)
  from space 3584K, 28% used [0x00000000d7480000,0x00000000d7581010,0x00000000d7800000)
  to   space 3584K, 0% used [0x00000000d7100000,0x00000000d7100000,0x00000000d7480000)
 ParOldGen       total 87552K, used 21764K [0x0000000081800000, 0x0000000086d80000, 0x00000000d5d80000)
  object space 87552K, 24% used [0x0000000081800000,0x0000000082d41278,0x0000000086d80000)
 Metaspace       used 19863K, capacity 20102K, committed 20352K, reserved 1067008K
  class space    used 2251K, capacity 2350K, committed 2432K, reserved 1048576K

Card table byte_map: [0x0000000012500000,0x0000000012900000] byte_map_base: 0x00000000120f4000

Marking Bits: (ParMarkBitMap*) 0x000000005740f860
 Begin Bits: [0x0000000012fb0000, 0x0000000014f50000)
 End Bits:   [0x0000000014f50000, 0x0000000016ef0000)

Polling page: 0x00000000015a0000

CodeCache: size=245760Kb used=8924Kb max_used=9305Kb free=236835Kb
 bounds [0x0000000003140000, 0x0000000003a80000, 0x0000000012140000]
 total_blobs=2963 nmethods=2279 adapters=595
 compilation: enabled

Compilation events (10 events):
Event: 292.295 Thread 0x0000000017c9c800 2828       3       java.awt.geom.RoundRectIterator::next (11 bytes)
Event: 292.296 Thread 0x0000000017c9c800 nmethod 2828 0x0000000003597e10 code [0x0000000003597f60, 0x00000000035980b0]
Event: 292.344 Thread 0x0000000017c92000 2829       4       javax.swing.JComponent::paintImmediately (155 bytes)
Event: 292.361 Thread 0x0000000017c92000 nmethod 2829 0x0000000003593ed0 code [0x0000000003594040, 0x00000000035943e8]
Event: 292.535 Thread 0x0000000017c95000 2830       4       sun.java2d.SunGraphics2D::getClipBounds (21 bytes)
Event: 292.543 Thread 0x0000000017c95000 nmethod 2830 0x00000000036d2a10 code [0x00000000036d2b60, 0x00000000036d2d78]
Event: 292.553 Thread 0x0000000017c9c800 2831       3       java.util.concurrent.locks.ReentrantLock::lockInterruptibly (9 bytes)
Event: 292.555 Thread 0x0000000017c9c800 nmethod 2831 0x00000000036e77d0 code [0x00000000036e7980, 0x00000000036e7e78]
Event: 292.555 Thread 0x0000000017c9c800 2832       3       java.util.concurrent.locks.AbstractQueuedSynchronizer::acquireInterruptibly (28 bytes)
Event: 292.555 Thread 0x0000000017c9c800 nmethod 2832 0x00000000032ecf50 code [0x00000000032ed100, 0x00000000032ed518]

GC Heap History (10 events):
Event: 286.611 GC heap before
{Heap before GC invocations=172 (full 0):
 PSYoungGen      total 23552K, used 21569K [0x00000000d5d80000, 0x00000000d7800000, 0x0000000100000000)
  eden space 19968K, 98% used [0x00000000d5d80000,0x00000000d70a65a8,0x00000000d7100000)
  from space 3584K, 54% used [0x00000000d7100000,0x00000000d72ea020,0x00000000d7480000)
  to   space 3584K, 0% used [0x00000000d7480000,0x00000000d7480000,0x00000000d7800000)
 ParOldGen       total 87552K, used 21692K [0x0000000081800000, 0x0000000086d80000, 0x00000000d5d80000)
  object space 87552K, 24% used [0x0000000081800000,0x0000000082d2f278,0x0000000086d80000)
 Metaspace       used 19789K, capacity 20038K, committed 20352K, reserved 1067008K
  class space    used 2243K, capacity 2350K, committed 2432K, reserved 1048576K
Event: 286.613 GC heap after
Heap after GC invocations=172 (full 0):
 PSYoungGen      total 23552K, used 1928K [0x00000000d5d80000, 0x00000000d7800000, 0x0000000100000000)
  eden space 19968K, 0% used [0x00000000d5d80000,0x00000000d5d80000,0x00000000d7100000)
  from space 3584K, 53% used [0x00000000d7480000,0x00000000d7662020,0x00000000d7800000)
  to   space 3584K, 0% used [0x00000000d7100000,0x00000000d7100000,0x00000000d7480000)
 ParOldGen       total 87552K, used 21700K [0x0000000081800000, 0x0000000086d80000, 0x00000000d5d80000)
  object space 87552K, 24% used [0x0000000081800000,0x0000000082d31278,0x0000000086d80000)
 Metaspace       used 19789K, capacity 20038K, committed 20352K, reserved 1067008K
  class space    used 2243K, capacity 2350K, committed 2432K, reserved 1048576K
}
Event: 287.996 GC heap before
{Heap before GC invocations=173 (full 0):
 PSYoungGen      total 23552K, used 21553K [0x00000000d5d80000, 0x00000000d7800000, 0x0000000100000000)
  eden space 19968K, 98% used [0x00000000d5d80000,0x00000000d70aa5c8,0x00000000d7100000)
  from space 3584K, 53% used [0x00000000d7480000,0x00000000d7662020,0x00000000d7800000)
  to   space 3584K, 0% used [0x00000000d7100000,0x00000000d7100000,0x00000000d7480000)
 ParOldGen       total 87552K, used 21700K [0x0000000081800000, 0x0000000086d80000, 0x00000000d5d80000)
  object space 87552K, 24% used [0x0000000081800000,0x0000000082d31278,0x0000000086d80000)
 Metaspace       used 19792K, capacity 20038K, committed 20352K, reserved 1067008K
  class space    used 2243K, capacity 2350K, committed 2432K, reserved 1048576K
Event: 288.000 GC heap after
Heap after GC invocations=173 (full 0):
 PSYoungGen      total 23552K, used 2860K [0x00000000d5d80000, 0x00000000d7800000, 0x0000000100000000)
  eden space 19968K, 0% used [0x00000000d5d80000,0x00000000d5d80000,0x00000000d7100000)
  from space 3584K, 79% used [0x00000000d7100000,0x00000000d73cb030,0x00000000d7480000)
  to   space 3584K, 0% used [0x00000000d7480000,0x00000000d7480000,0x00000000d7800000)
 ParOldGen       total 87552K, used 21708K [0x0000000081800000, 0x0000000086d80000, 0x00000000d5d80000)
  object space 87552K, 24% used [0x0000000081800000,0x0000000082d33278,0x0000000086d80000)
 Metaspace       used 19792K, capacity 20038K, committed 20352K, reserved 1067008K
  class space    used 2243K, capacity 2350K, committed 2432K, reserved 1048576K
}
Event: 289.385 GC heap before
{Heap before GC invocations=174 (full 0):
 PSYoungGen      total 23552K, used 22545K [0x00000000d5d80000, 0x00000000d7800000, 0x0000000100000000)
  eden space 19968K, 98% used [0x00000000d5d80000,0x00000000d70b94f0,0x00000000d7100000)
  from space 3584K, 79% used [0x00000000d7100000,0x00000000d73cb030,0x00000000d7480000)
  to   space 3584K, 0% used [0x00000000d7480000,0x00000000d7480000,0x00000000d7800000)
 ParOldGen       total 87552K, used 21708K [0x0000000081800000, 0x0000000086d80000, 0x00000000d5d80000)
  object space 87552K, 24% used [0x0000000081800000,0x0000000082d33278,0x0000000086d80000)
 Metaspace       used 19792K, capacity 20038K, committed 20352K, reserved 1067008K
  class space    used 2243K, capacity 2350K, committed 2432K, reserved 1048576K
Event: 289.389 GC heap after
Heap after GC invocations=174 (full 0):
 PSYoungGen      total 23552K, used 2860K [0x00000000d5d80000, 0x00000000d7800000, 0x0000000100000000)
  eden space 19968K, 0% used [0x00000000d5d80000,0x00000000d5d80000,0x00000000d7100000)
  from space 3584K, 79% used [0x00000000d7480000,0x00000000d774b030,0x00000000d7800000)
  to   space 3584K, 0% used [0x00000000d7100000,0x00000000d7100000,0x00000000d7480000)
 ParOldGen       total 87552K, used 21732K [0x0000000081800000, 0x0000000086d80000, 0x00000000d5d80000)
  object space 87552K, 24% used [0x0000000081800000,0x0000000082d39278,0x0000000086d80000)
 Metaspace       used 19792K, capacity 20038K, committed 20352K, reserved 1067008K
  class space    used 2243K, capacity 2350K, committed 2432K, reserved 1048576K
}
Event: 290.787 GC heap before
{Heap before GC invocations=175 (full 0):
 PSYoungGen      total 23552K, used 22563K [0x00000000d5d80000, 0x00000000d7800000, 0x0000000100000000)
  eden space 19968K, 98% used [0x00000000d5d80000,0x00000000d70bdc40,0x00000000d7100000)
  from space 3584K, 79% used [0x00000000d7480000,0x00000000d774b030,0x00000000d7800000)
  to   space 3584K, 0% used [0x00000000d7100000,0x00000000d7100000,0x00000000d7480000)
 ParOldGen       total 87552K, used 21732K [0x0000000081800000, 0x0000000086d80000, 0x00000000d5d80000)
  object space 87552K, 24% used [0x0000000081800000,0x0000000082d39278,0x0000000086d80000)
 Metaspace       used 19808K, capacity 20038K, committed 20352K, reserved 1067008K
  class space    used 2247K, capacity 2350K, committed 2432K, reserved 1048576K
Event: 290.822 GC heap after
Heap after GC invocations=175 (full 0):
 PSYoungGen      total 23552K, used 1896K [0x00000000d5d80000, 0x00000000d7800000, 0x0000000100000000)
  eden space 19968K, 0% used [0x00000000d5d80000,0x00000000d5d80000,0x00000000d7100000)
  from space 3584K, 52% used [0x00000000d7100000,0x00000000d72da020,0x00000000d7480000)
  to   space 3584K, 0% used [0x00000000d7480000,0x00000000d7480000,0x00000000d7800000)
 ParOldGen       total 87552K, used 21740K [0x0000000081800000, 0x0000000086d80000, 0x00000000d5d80000)
  object space 87552K, 24% used [0x0000000081800000,0x0000000082d3b278,0x0000000086d80000)
 Metaspace       used 19808K, capacity 20038K, committed 20352K, reserved 1067008K
  class space    used 2247K, capacity 2350K, committed 2432K, reserved 1048576K
}
Event: 292.103 GC heap before
{Heap before GC invocations=176 (full 0):
 PSYoungGen      total 23552K, used 21180K [0x00000000d5d80000, 0x00000000d7800000, 0x0000000100000000)
  eden space 19968K, 96% used [0x00000000d5d80000,0x00000000d7055150,0x00000000d7100000)
  from space 3584K, 52% used [0x00000000d7100000,0x00000000d72da020,0x00000000d7480000)
  to   space 3584K, 0% used [0x00000000d7480000,0x00000000d7480000,0x00000000d7800000)
 ParOldGen       total 87552K, used 21740K [0x0000000081800000, 0x0000000086d80000, 0x00000000d5d80000)
  object space 87552K, 24% used [0x0000000081800000,0x0000000082d3b278,0x0000000086d80000)
 Metaspace       used 19816K, capacity 20038K, committed 20352K, reserved 1067008K
  class space    used 2247K, capacity 2350K, committed 2432K, reserved 1048576K
Event: 292.110 GC heap after
Heap after GC invocations=176 (full 0):
 PSYoungGen      total 23552K, used 1028K [0x00000000d5d80000, 0x00000000d7800000, 0x0000000100000000)
  eden space 19968K, 0% used [0x00000000d5d80000,0x00000000d5d80000,0x00000000d7100000)
  from space 3584K, 28% used [0x00000000d7480000,0x00000000d7581010,0x00000000d7800000)
  to   space 3584K, 0% used [0x00000000d7100000,0x00000000d7100000,0x00000000d7480000)
 ParOldGen       total 87552K, used 21764K [0x0000000081800000, 0x0000000086d80000, 0x00000000d5d80000)
  object space 87552K, 24% used [0x0000000081800000,0x0000000082d41278,0x0000000086d80000)
 Metaspace       used 19816K, capacity 20038K, committed 20352K, reserved 1067008K
  class space    used 2247K, capacity 2350K, committed 2432K, reserved 1048576K
}

Deoptimization events (10 events):
Event: 292.271 Thread 0x000000001a01c800 Uncommon trap: reason=unstable_if action=reinterpret pc=0x0000000003571724 method=java.security.AccessControlContext.combine([Ljava/security/ProtectionDomain;[Ljava/security/ProtectionDomain;)[Ljava/security/ProtectionDomain; @ 11
Event: 292.271 Thread 0x000000001a01c800 Uncommon trap: reason=class_check action=maybe_recompile pc=0x00000000039e4388 method=java.awt.EventQueue.setCurrentEventAndMostRecentTimeImpl(Ljava/awt/AWTEvent;)V @ 128
Event: 292.272 Thread 0x000000001a01c800 Uncommon trap: reason=class_check action=maybe_recompile pc=0x00000000039e4388 method=java.awt.EventQueue.setCurrentEventAndMostRecentTimeImpl(Ljava/awt/AWTEvent;)V @ 128
Event: 292.272 Thread 0x000000001a01c800 Uncommon trap: reason=class_check action=maybe_recompile pc=0x00000000039e4388 method=java.awt.EventQueue.setCurrentEventAndMostRecentTimeImpl(Ljava/awt/AWTEvent;)V @ 128
Event: 292.272 Thread 0x000000001a01c800 Uncommon trap: reason=unstable_if action=reinterpret pc=0x0000000003713950 method=java.awt.KeyboardFocusManager.getFocusOwner()Ljava/awt/Component; @ 8
Event: 292.272 Thread 0x000000001a01c800 Uncommon trap: reason=unstable_if action=reinterpret pc=0x0000000003628440 method=javax.swing.JComponent.getClientProperty(Ljava/lang/Object;)Ljava/lang/Object; @ 16
Event: 292.272 Thread 0x000000001a01c800 Uncommon trap: reason=unstable_if action=reinterpret pc=0x0000000003329634 method=java.awt.Component.hasFocus()Z @ 7
Event: 292.273 Thread 0x000000001a01c800 Uncommon trap: reason=class_check action=maybe_recompile pc=0x00000000039e4388 method=java.awt.EventQueue.setCurrentEventAndMostRecentTimeImpl(Ljava/awt/AWTEvent;)V @ 128
Event: 292.289 Thread 0x000000001a01c800 Uncommon trap: reason=class_check action=maybe_recompile pc=0x00000000035a2efc method=javax.swing.JComponent.paintImmediately(IIII)V @ 79
Event: 292.291 Thread 0x000000001a01c800 Uncommon trap: reason=unstable_if action=reinterpret pc=0x00000000039dcb20 method=sun.java2d.SurfaceData.getTextPipe(Lsun/java2d/SunGraphics2D;Z)Lsun/java2d/pipe/TextPipe; @ 33

Classes redefined (0 events):
No events

Internal exceptions (10 events):
Event: 265.583 Thread 0x0000000019f2d000 Exception <a 'java/net/SocketException': Socket closed> (0x00000000d6edb068) thrown at [C:\re\workspace\8-2-build-windows-amd64-cygwin\jdk8u161\10277\hotspot\src\share\vm\prims\jni.cpp, line 735]
Event: 265.584 Thread 0x0000000019f2d800 Exception <a 'java/lang/InterruptedException'> (0x00000000d6edc338) thrown at [C:\re\workspace\8-2-build-windows-amd64-cygwin\jdk8u161\10277\hotspot\src\share\vm\runtime\objectMonitor.cpp, line 1684]
Event: 269.916 Thread 0x000000001a022000 Exception <a 'java/lang/ArrayIndexOutOfBoundsException'> (0x00000000d5ec4490) thrown at [C:\re\workspace\8-2-build-windows-amd64-cygwin\jdk8u161\10277\hotspot\src\share\vm\runtime\sharedRuntime.cpp, line 605]
Event: 269.922 Thread 0x0000000019f2c000 Exception <a 'java/net/SocketException': Socket closed> (0x00000000d5ec2a58) thrown at [C:\re\workspace\8-2-build-windows-amd64-cygwin\jdk8u161\10277\hotspot\src\share\vm\prims\jni.cpp, line 735]
Event: 269.925 Thread 0x0000000019f33000 Exception <a 'java/lang/InterruptedException'> (0x00000000d5ec6178) thrown at [C:\re\workspace\8-2-build-windows-amd64-cygwin\jdk8u161\10277\hotspot\src\share\vm\runtime\objectMonitor.cpp, line 1684]
Event: 291.028 Thread 0x000000001a01c800 Implicit null exception at 0x00000000034c39ec to 0x00000000034c418c
Event: 292.272 Thread 0x000000001a01c800 Implicit null exception at 0x000000000371372c to 0x0000000003713941
Event: 292.551 Thread 0x0000000019f2a800 Exception <a 'java/lang/InterruptedException'> (0x00000000d64460d0) thrown at [C:\re\workspace\8-2-build-windows-amd64-cygwin\jdk8u161\10277\hotspot\src\share\vm\runtime\objectMonitor.cpp, line 1684]
Event: 292.552 Thread 0x0000000019f34800 Exception <a 'java/net/SocketException': Socket closed> (0x00000000d6446948) thrown at [C:\re\workspace\8-2-build-windows-amd64-cygwin\jdk8u161\10277\hotspot\src\share\vm\prims\jni.cpp, line 735]
Event: 292.552 Thread 0x0000000019f33800 Exception <a 'java/lang/InterruptedException'> (0x00000000d6443690) thrown at [C:\re\workspace\8-2-build-windows-amd64-cygwin\jdk8u161\10277\hotspot\src\share\vm\runtime\objectMonitor.cpp, line 1684]

Events (10 events):
Event: 292.565 Thread 0x000000001a022000 Thread exited: 0x000000001a022000
Event: 292.565 Thread 0x0000000019f2d000 Thread exited: 0x0000000019f2d000
Event: 292.565 Thread 0x0000000019f2d800 Thread exited: 0x0000000019f2d800
Event: 292.565 Thread 0x0000000019f34800 Thread exited: 0x0000000019f34800
Event: 292.565 Thread 0x0000000019f33000 Thread exited: 0x0000000019f33000
Event: 292.565 Thread 0x0000000019f33800 Thread exited: 0x0000000019f33800
Event: 292.565 Thread 0x0000000019f28800 Thread exited: 0x0000000019f28800
Event: 292.566 Thread 0x0000000019f2c000 Thread exited: 0x0000000019f2c000
Event: 292.566 Thread 0x0000000019f2b800 Thread exited: 0x0000000019f2b800
Event: 292.567 Thread 0x0000000019f2a800 Thread exited: 0x0000000019f2a800


Dynamic libraries:
0x00007ff6524b0000 - 0x00007ff6524e7000 	C:\Program Files\Java\jdk1.8.0_161\bin\java.exe
0x00007ff94d590000 - 0x00007ff94d771000 	C:\WINDOWS\SYSTEM32\ntdll.dll
0x00007ff9471b0000 - 0x00007ff9471c2000 	C:\Program Files\AVAST Software\Avast\aswhook.dll
0x00007ff94baf0000 - 0x00007ff94bba1000 	C:\WINDOWS\System32\KERNEL32.DLL
0x00007ff949ba0000 - 0x00007ff949e13000 	C:\WINDOWS\System32\KERNELBASE.dll
0x00007ff94bbb0000 - 0x00007ff94bc51000 	C:\WINDOWS\System32\ADVAPI32.dll
0x00007ff94b8c0000 - 0x00007ff94b95e000 	C:\WINDOWS\System32\msvcrt.dll
0x00007ff94b4a0000 - 0x00007ff94b4fb000 	C:\WINDOWS\System32\sechost.dll
0x00007ff94d430000 - 0x00007ff94d554000 	C:\WINDOWS\System32\RPCRT4.dll
0x00007ff94aad0000 - 0x00007ff94ac60000 	C:\WINDOWS\System32\USER32.dll
0x00007ff949e20000 - 0x00007ff949e40000 	C:\WINDOWS\System32\win32u.dll
0x00007ff94b960000 - 0x00007ff94b988000 	C:\WINDOWS\System32\GDI32.dll
0x00007ff949960000 - 0x00007ff949af1000 	C:\WINDOWS\System32\gdi32full.dll
0x00007ff949b00000 - 0x00007ff949b9f000 	C:\WINDOWS\System32\msvcp_win.dll
0x00007ff949e40000 - 0x00007ff949f38000 	C:\WINDOWS\System32\ucrtbase.dll
0x00007ff93bad0000 - 0x00007ff93bd39000 	C:\WINDOWS\WinSxS\amd64_microsoft.windows.common-controls_6595b64144ccf1df_6.0.17134.950_none_fb3da4273069d3e0\COMCTL32.dll
0x00007ff94d0a0000 - 0x00007ff94d3c2000 	C:\WINDOWS\System32\combase.dll
0x00007ff94a1e0000 - 0x00007ff94a259000 	C:\WINDOWS\System32\bcryptPrimitives.dll
0x00007ff94b470000 - 0x00007ff94b49d000 	C:\WINDOWS\System32\IMM32.DLL
0x0000000056b10000 - 0x0000000056be2000 	C:\Program Files\Java\jdk1.8.0_161\jre\bin\msvcr100.dll
0x0000000056bf0000 - 0x000000005748f000 	C:\Program Files\Java\jdk1.8.0_161\jre\bin\server\jvm.dll
0x00007ff94acc0000 - 0x00007ff94acc8000 	C:\WINDOWS\System32\PSAPI.DLL
0x00007ff93a960000 - 0x00007ff93a969000 	C:\WINDOWS\SYSTEM32\WSOCK32.dll
0x00007ff94b820000 - 0x00007ff94b88c000 	C:\WINDOWS\System32\WS2_32.dll
0x00007ff9450d0000 - 0x00007ff9450f3000 	C:\WINDOWS\SYSTEM32\WINMM.dll
0x00007ff940670000 - 0x00007ff94067a000 	C:\WINDOWS\SYSTEM32\VERSION.dll
0x00007ff945040000 - 0x00007ff94506a000 	C:\WINDOWS\SYSTEM32\WINMMBASE.dll
0x00007ff94a260000 - 0x00007ff94a2a9000 	C:\WINDOWS\System32\cfgmgr32.dll
0x00000000575c0000 - 0x00000000575cf000 	C:\Program Files\Java\jdk1.8.0_161\jre\bin\verify.dll
0x0000000057590000 - 0x00000000575b9000 	C:\Program Files\Java\jdk1.8.0_161\jre\bin\java.dll
0x0000000057570000 - 0x0000000057586000 	C:\Program Files\Java\jdk1.8.0_161\jre\bin\zip.dll
0x00007ff94bc60000 - 0x00007ff94d0a0000 	C:\WINDOWS\System32\SHELL32.dll
0x00007ff94aa20000 - 0x00007ff94aac9000 	C:\WINDOWS\System32\shcore.dll
0x00007ff94a310000 - 0x00007ff94aa1d000 	C:\WINDOWS\System32\windows.storage.dll
0x00007ff94ac60000 - 0x00007ff94acb1000 	C:\WINDOWS\System32\shlwapi.dll
0x00007ff949920000 - 0x00007ff949931000 	C:\WINDOWS\System32\kernel.appcore.dll
0x00007ff9498f0000 - 0x00007ff94990f000 	C:\WINDOWS\System32\profapi.dll
0x00007ff9498a0000 - 0x00007ff9498ec000 	C:\WINDOWS\System32\powrprof.dll
0x00007ff949910000 - 0x00007ff94991a000 	C:\WINDOWS\System32\FLTLIB.DLL
0x0000000056930000 - 0x0000000056ac8000 	C:\Program Files\Java\jdk1.8.0_161\jre\bin\awt.dll
0x00007ff94b2f0000 - 0x00007ff94b3b2000 	C:\WINDOWS\System32\OLEAUT32.dll
0x00007ff947930000 - 0x00007ff9479bb000 	C:\WINDOWS\SYSTEM32\apphelp.dll
0x00007ff947d60000 - 0x00007ff947df8000 	C:\WINDOWS\system32\uxtheme.dll
0x00007ff94b6a0000 - 0x00007ff94b813000 	C:\WINDOWS\System32\MSCTF.dll
0x00007ff947ff0000 - 0x00007ff948019000 	C:\WINDOWS\system32\dwmapi.dll
0x00007ff94b990000 - 0x00007ff94bae1000 	C:\WINDOWS\System32\ole32.dll
0x0000000056810000 - 0x0000000056817000 	C:\Program Files\Java\jdk1.8.0_161\jre\bin\jawt.dll
0x000000001af60000 - 0x000000001af9e000 	C:\Program Files\Java\jdk1.8.0_161\jre\bin\j3dcore-ogl.dll
0x00007ff9287f0000 - 0x00007ff928910000 	C:\WINDOWS\SYSTEM32\OPENGL32.dll
0x00007ff9387c0000 - 0x00007ff9387ec000 	C:\WINDOWS\SYSTEM32\GLU32.dll
0x00007ff8ff650000 - 0x00007ff900197000 	C:\WINDOWS\SYSTEM32\ig75icd64.dll
0x00007ff93bf30000 - 0x00007ff93c96f000 	C:\WINDOWS\SYSTEM32\igdusc64.dll
0x00007ff947390000 - 0x00007ff9473a3000 	C:\WINDOWS\SYSTEM32\WTSAPI32.dll
0x00000000568e0000 - 0x0000000056927000 	C:\Program Files\Java\jdk1.8.0_161\jre\bin\fontmanager.dll
0x0000000056730000 - 0x0000000056801000 	C:\Users\joaoq\AppData\Local\Temp\javacpp216695919329286\msvcr100.dll
0x0000000056690000 - 0x0000000056728000 	C:\Users\joaoq\AppData\Local\Temp\javacpp216695919329286\msvcp100.dll
0x0000000066840000 - 0x00000000676b4000 	C:\Users\joaoq\AppData\Local\Temp\javacpp216695919329286\opencv_ffmpeg248_64.dll
0x00007ff90fa00000 - 0x00007ff90fc72000 	C:\Users\joaoq\AppData\Local\Temp\javacpp216695919329286\opencv_core248.dll
0x00007ff8ff390000 - 0x00007ff8ff642000 	C:\Users\joaoq\AppData\Local\Temp\javacpp216695919329286\opencv_imgproc248.dll
0x00007ff8ff140000 - 0x00007ff8ff38d000 	C:\Users\joaoq\AppData\Local\Temp\javacpp216695919329286\opencv_highgui248.dll
0x00007ff944e70000 - 0x00007ff944e8f000 	C:\WINDOWS\SYSTEM32\AVIFIL32.dll
0x00007ff9368f0000 - 0x00007ff936919000 	C:\WINDOWS\SYSTEM32\MSVFW32.dll
0x00007ff944630000 - 0x00007ff944648000 	C:\WINDOWS\SYSTEM32\AVICAP32.dll
0x00007ff92a160000 - 0x00007ff92a17c000 	C:\WINDOWS\SYSTEM32\MSACM32.dll
0x00007ff942a50000 - 0x00007ff942a63000 	C:\Users\joaoq\AppData\Local\Temp\javacpp216695919329286\jniopencv_highgui.dll
0x00007ff94b3c0000 - 0x00007ff94b460000 	C:\WINDOWS\System32\clbcatq.dll
0x00007ff9409b0000 - 0x00007ff9409c7000 	C:\Windows\System32\devenum.dll
0x00007ff94ae40000 - 0x00007ff94b28b000 	C:\WINDOWS\System32\setupapi.dll
0x00007ff948960000 - 0x00007ff948991000 	C:\WINDOWS\SYSTEM32\ntmarta.dll
0x00007ff9496b0000 - 0x00007ff9496d7000 	C:\WINDOWS\SYSTEM32\DEVOBJ.dll
0x00007ff94a2b0000 - 0x00007ff94a307000 	C:\WINDOWS\System32\WINTRUST.dll
0x00007ff949940000 - 0x00007ff949952000 	C:\WINDOWS\System32\MSASN1.dll
0x00007ff949ff0000 - 0x00007ff94a1d2000 	C:\WINDOWS\System32\CRYPT32.dll
0x00007ff947b00000 - 0x00007ff947b0a000 	C:\WINDOWS\SYSTEM32\msdmo.dll
0x00007ff9335b0000 - 0x00007ff9335e3000 	C:\Windows\System32\qcap.dll
0x00007ff907230000 - 0x00007ff9073ed000 	C:\Windows\System32\quartz.dll
0x00007ff949400000 - 0x00007ff949425000 	C:\Windows\System32\bcrypt.dll
0x00007ff92d480000 - 0x00007ff92d4cb000 	C:\Windows\System32\mfksproxy.dll
0x00007ff93ab20000 - 0x00007ff93ab3d000 	C:\Windows\System32\ATL.DLL
0x00007ff930680000 - 0x00007ff93085b000 	C:\Windows\System32\MFPlat.DLL
0x00007ff92b540000 - 0x00007ff92b56e000 	C:\Windows\System32\RTWorkQ.DLL
0x00007ff92d430000 - 0x00007ff92d47e000 	C:\Windows\System32\MFSENSORGROUP.dll
0x00007ff92c8b0000 - 0x00007ff92c8f8000 	C:\Windows\System32\ksproxy.ax
0x00007ff946b10000 - 0x00007ff946b19000 	C:\Windows\System32\ksuser.dll
0x00007ff936070000 - 0x00007ff936207000 	C:\Windows\System32\d3d9.dll
0x00007ff9460d0000 - 0x00007ff94614f000 	C:\WINDOWS\SYSTEM32\policymanager.dll
0x00007ff945900000 - 0x00007ff945991000 	C:\Windows\System32\msvcp110_win.dll
0x00007ff9456f0000 - 0x00007ff9456fc000 	C:\Windows\System32\vidcap.ax
0x00007ff92c880000 - 0x00007ff92c8a6000 	C:\Windows\System32\kswdmcap.ax
0x00007ff916f40000 - 0x00007ff9170a4000 	C:\Windows\System32\MFC42.dll
0x00007ff92c7e0000 - 0x00007ff92c87f000 	C:\Windows\System32\qedit.dll
0x00007ff94ad50000 - 0x00007ff94ae3d000 	C:\WINDOWS\System32\COMDLG32.dll
0x00007ff93c9f0000 - 0x00007ff93cb8b000 	C:\WINDOWS\WinSxS\amd64_microsoft.windows.gdiplus_6595b64144ccf1df_1.1.17134.950_none_2c28970c8afc4dae\gdiplus.dll
0x00007ff921eb0000 - 0x00007ff921fa6000 	C:\Windows\System32\DDRAW.dll
0x00007ff948630000 - 0x00007ff9486eb000 	C:\Windows\System32\dxgi.dll
0x00007ff944e40000 - 0x00007ff944e48000 	C:\Windows\System32\DCIMAN32.dll
0x00007ff927440000 - 0x00007ff9274da000 	C:\Users\joaoq\AppData\Local\Temp\javacpp216695919329286\jniopencv_core.dll
0x0000000056af0000 - 0x0000000056b0a000 	C:\Program Files\Java\jdk1.8.0_161\jre\bin\net.dll
0x00007ff949120000 - 0x00007ff949186000 	C:\WINDOWS\system32\mswsock.dll
0x0000000056ad0000 - 0x0000000056ae1000 	C:\Program Files\Java\jdk1.8.0_161\jre\bin\nio.dll
0x0000000056890000 - 0x00000000568d2000 	C:\Program Files\Java\jdk1.8.0_161\jre\bin\t2k.dll
0x00007ff948eb0000 - 0x00007ff948f6e000 	C:\WINDOWS\SYSTEM32\DNSAPI.dll
0x00007ff94b890000 - 0x00007ff94b898000 	C:\WINDOWS\System32\NSI.dll
0x00007ff948e70000 - 0x00007ff948ea8000 	C:\WINDOWS\SYSTEM32\IPHLPAPI.DLL
0x00007ff93d130000 - 0x00007ff93d13a000 	C:\Windows\System32\rasadhlp.dll
0x0000000056820000 - 0x000000005684a000 	C:\Program Files\Java\jdk1.8.0_161\jre\bin\dcpr.dll
0x00007ff9473b0000 - 0x00007ff9476bb000 	C:\WINDOWS\SYSTEM32\d3d11.dll
0x00007ff93c970000 - 0x00007ff93c9e2000 	C:\WINDOWS\System32\fwpuclnt.dll
0x00007ff941e40000 - 0x00007ff941ed6000 	C:\WINDOWS\System32\TextInputFramework.dll
0x00007ff942120000 - 0x00007ff94243e000 	C:\WINDOWS\System32\CoreUIComponents.dll
0x00007ff946f10000 - 0x00007ff946fea000 	C:\WINDOWS\System32\CoreMessaging.dll
0x00007ff9476c0000 - 0x00007ff94780d000 	C:\WINDOWS\SYSTEM32\wintypes.dll
0x00007ff9390b0000 - 0x00007ff939279000 	C:\WINDOWS\SYSTEM32\dbghelp.dll

VM Arguments:
jvm_args: -Dfile.encoding=UTF-8 
java_command: serial.JFMain
java_class_path (initial): C:\Program Files\Java\jre1.8.0_191\lib\ext\RXTXcomm.jar;C:\Program Files\NetBeans 8.2\java\modules\ext\AbsoluteLayout.jar;C:\Users\joaoq\Downloads\org.eclipse.paho.client.mqttv3-1.2.0.jar;C:\Users\joaoq\OneDrive\Documentos\IPCamera\javacpp.jar;C:\Users\joaoq\OneDrive\Documentos\IPCamera\javacv.jar;C:\Users\joaoq\OneDrive\Documentos\IPCamera\javacv-windows-x86.jar;C:\Users\joaoq\OneDrive\Documentos\IPCamera\javacv-windows-x86_64.jar;C:\Users\joaoq\OneDrive\Documentos\IPCamera\opencv-2.4.8-windows-x86.jar;C:\Users\joaoq\OneDrive\Documentos\IPCamera\opencv-2.4.8-windows-x86_64.jar;C:\Users\joaoq\Google Drive\TCC João Pedro Quintino\TCC2\Software PC\ReadWriteSerial\build\classes
Launcher Type: SUN_STANDARD

Environment Variables:
JAVA_HOME=C:\Program Files\Java\jdk1.8.0_161
CLASSPATH=C:\Program Files\Java\jdk1.8.0_161\lib;C:\jflex-1.6.1\lib\jflex-1.6.1.jar
PATH=C:\Program Files (x86)\Common Files\Oracle\Java\javapath;C:\ProgramData\Oracle\Java\javapath;C:\Program Files (x86)\Intel\iCLS Client\;C:\Program Files\Intel\iCLS Client\;C:\Windows\system32;C:\Windows;C:\Windows\System32\Wbem;C:\Windows\System32\WindowsPowerShell\v1.0\;C:\Program Files (x86)\Intel\Intel(R) Management Engine Components\DAL;C:\Program Files\Intel\Intel(R) Management Engine Components\DAL;C:\Program Files (x86)\Intel\Intel(R) Management Engine Components\IPT;C:\Program Files\Intel\Intel(R) Management Engine Components\IPT;C:\Program Files (x86)\NVIDIA Corporation\PhysX\Common;C:\WINDOWS\system32;C:\WINDOWS;C:\WINDOWS\System32\Wbem;C:\WINDOWS\System32\WindowsPowerShell\v1.0\;C:\Program Files\Java\jdk1.8.0_161\bin;C:\WINDOWS\System32\OpenSSH\;C:\Program Files\MATLAB\R2018a\runtime\win64;C:\Program Files\MATLAB\R2018a\bin;D:\Program Files\nodejs\;D:\Program Files\Microsoft VS Code\bin;D:\Program Files (x86)\Yarn\bin\;D:\Program Files\Git\cmd;C:\Users\joaoq\AppData\Local\Programs\Python\Python37-32\Scripts\;C:\Users\joaoq\AppData\Local\Programs\Python\Python37-32\;C:\Users\joaoq\AppData\Local\Microsoft\WindowsApps;C:\Users\joaoq\AppData\Roaming\npm;C:\Users\joaoq\AppData\Local\Yarn\bin;D:\Program Files\Docker Toolbox;C:\Program Files\heroku\bin
USERNAME=joaoq
OS=Windows_NT
PROCESSOR_IDENTIFIER=Intel64 Family 6 Model 69 Stepping 1, GenuineIntel



---------------  S Y S T E M  ---------------

OS: Windows 10.0 , 64 bit Build 17134 (10.0.17134.753)

CPU:total 4 (initial active 4) (2 cores per cpu, 2 threads per core) family 6 model 69 stepping 1, cmov, cx8, fxsr, mmx, sse, sse2, sse3, ssse3, sse4.1, sse4.2, popcnt, avx, avx2, aes, clmul, erms, lzcnt, ht, tsc, tscinvbit, bmi1, bmi2

Memory: 4k page, physical 8289792k(2587884k free), swap 12221952k(4205636k free)

vm_info: Java HotSpot(TM) 64-Bit Server VM (25.161-b12) for windows-amd64 JRE (1.8.0_161-b12), built on Dec 19 2017 17:52:25 by "java_re" with MS VC++ 10.0 (VS2010)

time: Sun Sep 01 21:43:31 2019
elapsed time: 293 seconds (0d 0h 4m 53s)

