#
# A fatal error has been detected by the Java Runtime Environment:
#
#  EXCEPTION_ACCESS_VIOLATION (0xc0000005) at pc=0x0000000066842310, pid=3008, tid=0x00000000000001d0
#
# JRE version: Java(TM) SE Runtime Environment (8.0_161-b12) (build 1.8.0_161-b12)
# Java VM: Java HotSpot(TM) 64-Bit Server VM (25.161-b12 mixed mode windows-amd64 compressed oops)
# Problematic frame:
# C  [opencv_ffmpeg248_64.dll+0x2310]
#
# Failed to write core dump. Minidumps are not enabled by default on client versions of Windows
#
# If you would like to submit a bug report, please visit:
#   http://bugreport.java.com/bugreport/crash.jsp
# The crash happened outside the Java Virtual Machine in native code.
# See problematic frame for where to report the bug.
#

---------------  T H R E A D  ---------------

Current thread (0x0000000019263800):  JavaThread "Thread-4" [_thread_in_native, id=464, stack(0x0000000060850000,0x0000000060950000)]

siginfo: ExceptionCode=0xc0000005, reading address 0x0000000000000008

Registers:
RAX=0x0000000000000000, RBX=0x0000000000b2d2d0, RCX=0x0000000000b20000, RDX=0x000000005dcb74e0
RSP=0x000000006094efe0, RBP=0x8000000000000000, RSI=0x0000000000b2d568, RDI=0x0000000000000004
R8 =0x000000006094f00c, R9 =0x0000000000b2d568, R10=0x0000000000000000, R11=0x000000006094ead0
R12=0x0000000000000000, R13=0x000000006094f2a0, R14=0x000000006094f170, R15=0x0000000019263800
RIP=0x0000000066842310, EFLAGS=0x0000000000010246

Top of Stack: (sp=0x000000006094efe0)
0x000000006094efe0:   000000006094f180 000000006684346a
0x000000006094eff0:   00004e75a1157cf7 0000000016b4990b
0x000000006094f000:   00004e75a1157c17 000000006094f170
0x000000006094f010:   0000000000000088 0000000081e795f8
0x000000006094f020:   000000006053ae30 000000006094f180
0x000000006094f030:   0000000000000000 0000000066843429
0x000000006094f040:   000000008186d748 0000000019263800
0x000000006094f050:   0000000019263800 000000005d29de8c
0x000000006094f060:   0000000100064e18 00007ffbc21b3323
0x000000006094f070:   00000000d5d967d0 000000005d2d8690
0x000000006094f080:   0000000019263800 000000005d2ced79
0x000000006094f090:   00000000d5d967d0 00007ffbc21b10e1
0x000000006094f0a0:   00000000192639f8 0000000019263800
0x000000006094f0b0:   0000000019263800 0000000000000000
0x000000006094f0c0:   0000000000000000 00000000192639f8
0x000000006094f0d0:   0000000019621710 00007ffbf1cc756b 

Instructions: (pc=0x0000000066842310)
0x00000000668422f0:   e0 48 83 c4 30 5b 5e 5f 5d 41 5c c3 0f 1f 40 00
0x0000000066842300:   48 8b 43 18 48 8b 53 20 4c 8d 44 24 2c 49 89 f1
0x0000000066842310:   48 8b 48 08 e8 c7 c5 0e 00 44 8b 64 24 2c 45 85
0x0000000066842320:   e4 74 1d 48 39 ab 90 02 00 00 74 64 48 83 83 18 


Register to memory mapping:

RAX=0x0000000000000000 is an unknown value
RBX=0x0000000000b2d2d0 is an unknown value
RCX=0x0000000000b20000 is an unknown value
RDX=0x000000005dcb74e0 is an unknown value
RSP=0x000000006094efe0 is pointing into the stack for thread: 0x0000000019263800
RBP=0x8000000000000000 is an unknown value
RSI=0x0000000000b2d568 is an unknown value
RDI=0x0000000000000004 is an unknown value
R8 =0x000000006094f00c is pointing into the stack for thread: 0x0000000019263800
R9 =0x0000000000b2d568 is an unknown value
R10=0x0000000000000000 is an unknown value
R11=0x000000006094ead0 is pointing into the stack for thread: 0x0000000019263800
R12=0x0000000000000000 is an unknown value
R13=0x000000006094f2a0 is pointing into the stack for thread: 0x0000000019263800
R14=0x000000006094f170 is pointing into the stack for thread: 0x0000000019263800
R15=0x0000000019263800 is a thread


Stack: [0x0000000060850000,0x0000000060950000],  sp=0x000000006094efe0,  free space=1019k
Native frames: (J=compiled Java code, j=interpreted, Vv=VM code, C=native code)
C  [opencv_ffmpeg248_64.dll+0x2310]
C  [opencv_ffmpeg248_64.dll+0x3429]
C  [opencv_highgui248.dll+0x3323]
C  [opencv_highgui248.dll+0x10e1]
C  [jniopencv_highgui.dll+0x756b]
C  0x0000000002c32594

Java frames: (J=compiled Java code, j=interpreted, Vv=VM code)
J 2124  com.googlecode.javacv.cpp.opencv_highgui.cvGrabFrame(Lcom/googlecode/javacv/cpp/opencv_highgui$CvCapture;)I (0 bytes) @ 0x0000000002c32512 [0x0000000002c324c0+0x52]
J 2128 C1 com.googlecode.javacv.OpenCVFrameGrabber.grab()Lcom/googlecode/javacv/cpp/opencv_core$IplImage; (177 bytes) @ 0x0000000002c3807c [0x0000000002c37f00+0x17c]
j  serial.CameraHandler.run()V+19
j  java.lang.Thread.run()V+11
v  ~StubRoutines::call_stub

---------------  P R O C E S S  ---------------

Java Threads: ( => current thread )
  0x000000001986c000 JavaThread "DestroyJavaVM" [_thread_blocked, id=1576, stack(0x00000000022d0000,0x00000000023d0000)]
  0x0000000019868000 JavaThread "J3D-InputDeviceScheduler-1" [_thread_blocked, id=12828, stack(0x0000000061550000,0x0000000061650000)]
  0x000000001986b000 JavaThread "J3D-SoundSchedulerUpdateThread-1" [_thread_blocked, id=2608, stack(0x0000000061250000,0x0000000061350000)]
  0x0000000019864800 JavaThread "J3D-RenderStructureUpdateThread-1" [_thread_blocked, id=11664, stack(0x0000000061050000,0x0000000061150000)]
  0x0000000019869000 JavaThread "J3D-BehaviorScheduler-1" [_thread_blocked, id=12760, stack(0x0000000060e50000,0x0000000060f50000)]
  0x0000000019865000 JavaThread "J3D-TransformStructureUpdateThread-1" [_thread_blocked, id=10964, stack(0x0000000060d50000,0x0000000060e50000)]
  0x0000000019266800 JavaThread "J3D-RenderingEnvironmentStructureUpdateThread-1" [_thread_blocked, id=3808, stack(0x0000000060c50000,0x0000000060d50000)]
  0x0000000019264000 JavaThread "J3D-SoundStructureUpdateThread-1" [_thread_blocked, id=10016, stack(0x0000000060b50000,0x0000000060c50000)]
  0x000000001926a000 JavaThread "J3D-GeometryStructureUpdateThread-1" [_thread_blocked, id=1716, stack(0x0000000060a50000,0x0000000060b50000)]
  0x0000000019269800 JavaThread "J3D-BehaviorStructureUpdateThread-1" [_thread_blocked, id=9748, stack(0x0000000060950000,0x0000000060a50000)]
=>0x0000000019263800 JavaThread "Thread-4" [_thread_in_native, id=464, stack(0x0000000060850000,0x0000000060950000)]
  0x0000000019268800 JavaThread "TimerQueue" daemon [_thread_blocked, id=10760, stack(0x0000000060650000,0x0000000060750000)]
  0x0000000019265800 JavaThread "AWT-EventQueue-0" [_thread_blocked, id=11536, stack(0x0000000060250000,0x0000000060350000)]
  0x0000000019268000 JavaThread "AWT-Shutdown" [_thread_blocked, id=2468, stack(0x0000000060150000,0x0000000060250000)]
  0x000000001966f000 JavaThread "J3D-Renderer-1" [_thread_blocked, id=228, stack(0x000000001a940000,0x000000001aa40000)]
  0x0000000019545800 JavaThread "J3D-MasterControl-1" [_thread_blocked, id=10756, stack(0x000000001a840000,0x000000001a940000)]
  0x0000000019682000 JavaThread "J3D-NotificationThread" [_thread_blocked, id=3136, stack(0x000000001a740000,0x000000001a840000)]
  0x0000000019680000 JavaThread "J3D-TimerThread" [_thread_blocked, id=9884, stack(0x000000001a640000,0x000000001a740000)]
  0x0000000019853000 JavaThread "J3D-RenderingAttributesStructureUpdateThread" [_thread_blocked, id=12312, stack(0x000000001a440000,0x000000001a540000)]
  0x00000000192f3800 JavaThread "Java2D Disposer" daemon [_thread_blocked, id=8, stack(0x0000000019940000,0x0000000019a40000)]
  0x0000000018a11000 JavaThread "Service Thread" daemon [_thread_blocked, id=3328, stack(0x0000000018df0000,0x0000000018ef0000)]
  0x000000001706b800 JavaThread "C1 CompilerThread2" daemon [_thread_blocked, id=4440, stack(0x00000000188f0000,0x00000000189f0000)]
  0x0000000017063800 JavaThread "C2 CompilerThread1" daemon [_thread_blocked, id=7924, stack(0x00000000187f0000,0x00000000188f0000)]
  0x0000000017060000 JavaThread "C2 CompilerThread0" daemon [_thread_blocked, id=10420, stack(0x00000000186f0000,0x00000000187f0000)]
  0x000000001705c800 JavaThread "Attach Listener" daemon [_thread_blocked, id=7756, stack(0x00000000185f0000,0x00000000186f0000)]
  0x000000001705b000 JavaThread "Signal Dispatcher" daemon [_thread_blocked, id=10616, stack(0x00000000184f0000,0x00000000185f0000)]
  0x0000000002509000 JavaThread "Finalizer" daemon [_thread_blocked, id=12236, stack(0x00000000182e0000,0x00000000183e0000)]
  0x0000000002503000 JavaThread "Reference Handler" daemon [_thread_blocked, id=9480, stack(0x00000000181e0000,0x00000000182e0000)]

Other Threads:
  0x0000000017027800 VMThread [stack: 0x00000000180e0000,0x00000000181e0000] [id=12140]
  0x0000000018a32000 WatcherThread [stack: 0x0000000018ef0000,0x0000000018ff0000] [id=11824]

VM state:not at safepoint (normal execution)

VM Mutex/Monitor currently owned by a thread: None

Heap:
 PSYoungGen      total 67072K, used 45774K [0x00000000d5d80000, 0x00000000dcc00000, 0x0000000100000000)
  eden space 58368K, 78% used [0x00000000d5d80000,0x00000000d8a33b10,0x00000000d9680000)
  from space 8704K, 0% used [0x00000000dbf00000,0x00000000dbf00000,0x00000000dc780000)
  to   space 4608K, 0% used [0x00000000dc780000,0x00000000dc780000,0x00000000dcc00000)
 ParOldGen       total 84480K, used 10467K [0x0000000081800000, 0x0000000086a80000, 0x00000000d5d80000)
  object space 84480K, 12% used [0x0000000081800000,0x0000000082238ec0,0x0000000086a80000)
 Metaspace       used 19560K, capacity 19782K, committed 20096K, reserved 1067008K
  class space    used 2249K, capacity 2350K, committed 2432K, reserved 1048576K

Card table byte_map: [0x00000000118d0000,0x0000000011cd0000] byte_map_base: 0x00000000114c4000

Marking Bits: (ParMarkBitMap*) 0x000000005d9af860
 Begin Bits: [0x0000000012380000, 0x0000000014320000)
 End Bits:   [0x0000000014320000, 0x00000000162c0000)

Polling page: 0x0000000000850000

CodeCache: size=245760Kb used=8495Kb max_used=8516Kb free=237264Kb
 bounds [0x0000000002510000, 0x0000000002d70000, 0x0000000011510000]
 total_blobs=2869 nmethods=2187 adapters=593
 compilation: enabled

Compilation events (10 events):
Event: 40.416 Thread 0x000000001706b800 nmethod 2336 0x0000000002d31fd0 code [0x0000000002d32160, 0x0000000002d32648]
Event: 40.416 Thread 0x000000001706b800 2337       1       javax.swing.plaf.nimbus.AbstractRegionPainter$PaintContext::access$100 (5 bytes)
Event: 40.416 Thread 0x000000001706b800 nmethod 2337 0x0000000002cce210 code [0x0000000002cce360, 0x0000000002cce450]
Event: 40.416 Thread 0x0000000017060000 2338  s    4       sun.java2d.loops.GraphicsPrimitive::makeUniqueID (26 bytes)
Event: 40.418 Thread 0x0000000017060000 nmethod 2338 0x0000000002d305d0 code [0x0000000002d30720, 0x0000000002d309b8]
Event: 40.512 Thread 0x0000000017063800 2339       4       javax.swing.plaf.nimbus.NimbusStyle::get (240 bytes)
Event: 40.542 Thread 0x0000000017060000 2340       4       java.util.concurrent.locks.AbstractQueuedSynchronizer::setState (6 bytes)
Event: 40.543 Thread 0x000000001706b800 2341       3       java.util.concurrent.locks.AbstractQueuedSynchronizer::acquire (27 bytes)
Event: 40.543 Thread 0x0000000017060000 nmethod 2340 0x00000000028afe90 code [0x00000000028affc0, 0x00000000028b0038]
Event: 40.543 Thread 0x000000001706b800 nmethod 2341 0x0000000002d2fe10 code [0x0000000002d2ffc0, 0x0000000002d30478]

GC Heap History (10 events):
Event: 27.666 GC heap before
{Heap before GC invocations=7 (full 2):
 PSYoungGen      total 65536K, used 60435K [0x00000000d5d80000, 0x00000000da300000, 0x0000000100000000)
  eden space 60928K, 99% used [0x00000000d5d80000,0x00000000d9884e90,0x00000000d9900000)
  from space 4608K, 0% used [0x00000000d9e80000,0x00000000d9e80000,0x00000000da300000)
  to   space 5120K, 0% used [0x00000000d9900000,0x00000000d9900000,0x00000000d9e00000)
 ParOldGen       total 76800K, used 14456K [0x0000000081800000, 0x0000000086300000, 0x00000000d5d80000)
  object space 76800K, 18% used [0x0000000081800000,0x000000008261e130,0x0000000086300000)
 Metaspace       used 19240K, capacity 19526K, committed 19840K, reserved 1067008K
  class space    used 2242K, capacity 2350K, committed 2432K, reserved 1048576K
Event: 27.674 GC heap after
Heap after GC invocations=7 (full 2):
 PSYoungGen      total 66048K, used 2828K [0x00000000d5d80000, 0x00000000dd500000, 0x0000000100000000)
  eden space 60928K, 0% used [0x00000000d5d80000,0x00000000d5d80000,0x00000000d9900000)
  from space 5120K, 55% used [0x00000000d9900000,0x00000000d9bc3010,0x00000000d9e00000)
  to   space 9728K, 0% used [0x00000000dcb80000,0x00000000dcb80000,0x00000000dd500000)
 ParOldGen       total 76800K, used 22564K [0x0000000081800000, 0x0000000086300000, 0x00000000d5d80000)
  object space 76800K, 29% used [0x0000000081800000,0x0000000082e09160,0x0000000086300000)
 Metaspace       used 19240K, capacity 19526K, committed 19840K, reserved 1067008K
  class space    used 2242K, capacity 2350K, committed 2432K, reserved 1048576K
}
Event: 29.601 GC heap before
{Heap before GC invocations=8 (full 2):
 PSYoungGen      total 66048K, used 61777K [0x00000000d5d80000, 0x00000000dd500000, 0x0000000100000000)
  eden space 60928K, 96% used [0x00000000d5d80000,0x00000000d9711760,0x00000000d9900000)
  from space 5120K, 55% used [0x00000000d9900000,0x00000000d9bc3010,0x00000000d9e00000)
  to   space 9728K, 0% used [0x00000000dcb80000,0x00000000dcb80000,0x00000000dd500000)
 ParOldGen       total 76800K, used 25264K [0x0000000081800000, 0x0000000086300000, 0x00000000d5d80000)
  object space 76800K, 32% used [0x0000000081800000,0x00000000830ac170,0x0000000086300000)
 Metaspace       used 19291K, capacity 19590K, committed 19840K, reserved 1067008K
  class space    used 2242K, capacity 2350K, committed 2432K, reserved 1048576K
Event: 29.607 GC heap after
Heap after GC invocations=8 (full 2):
 PSYoungGen      total 68096K, used 8228K [0x00000000d5d80000, 0x00000000dd400000, 0x0000000100000000)
  eden space 59392K, 0% used [0x00000000d5d80000,0x00000000d5d80000,0x00000000d9780000)
  from space 8704K, 94% used [0x00000000dcb80000,0x00000000dd389030,0x00000000dd400000)
  to   space 10752K, 0% used [0x00000000dbf00000,0x00000000dbf00000,0x00000000dc980000)
 ParOldGen       total 76800K, used 25272K [0x0000000081800000, 0x0000000086300000, 0x00000000d5d80000)
  object space 76800K, 32% used [0x0000000081800000,0x00000000830ae170,0x0000000086300000)
 Metaspace       used 19291K, capacity 19590K, committed 19840K, reserved 1067008K
  class space    used 2242K, capacity 2350K, committed 2432K, reserved 1048576K
}
Event: 32.518 GC heap before
{Heap before GC invocations=9 (full 3):
 PSYoungGen      total 68096K, used 67620K [0x00000000d5d80000, 0x00000000dd400000, 0x0000000100000000)
  eden space 59392K, 100% used [0x00000000d5d80000,0x00000000d9780000,0x00000000d9780000)
  from space 8704K, 94% used [0x00000000dcb80000,0x00000000dd389030,0x00000000dd400000)
  to   space 10752K, 0% used [0x00000000dbf00000,0x00000000dbf00000,0x00000000dc980000)
 ParOldGen       total 107520K, used 106273K [0x0000000081800000, 0x0000000088100000, 0x00000000d5d80000)
  object space 107520K, 98% used [0x0000000081800000,0x0000000087fc8708,0x0000000088100000)
 Metaspace       used 19369K, capacity 19654K, committed 19840K, reserved 1067008K
  class space    used 2242K, capacity 2350K, committed 2432K, reserved 1048576K
Event: 32.567 GC heap after
Heap after GC invocations=9 (full 3):
 PSYoungGen      total 68096K, used 0K [0x00000000d5d80000, 0x00000000dd400000, 0x0000000100000000)
  eden space 59392K, 0% used [0x00000000d5d80000,0x00000000d5d80000,0x00000000d9780000)
  from space 8704K, 0% used [0x00000000dcb80000,0x00000000dcb80000,0x00000000dd400000)
  to   space 10752K, 0% used [0x00000000dbf00000,0x00000000dbf00000,0x00000000dc980000)
 ParOldGen       total 87552K, used 12787K [0x0000000081800000, 0x0000000086d80000, 0x00000000d5d80000)
  object space 87552K, 14% used [0x0000000081800000,0x000000008247ccd8,0x0000000086d80000)
 Metaspace       used 19369K, capacity 19654K, committed 19840K, reserved 1067008K
  class space    used 2242K, capacity 2350K, committed 2432K, reserved 1048576K
}
Event: 34.009 GC heap before
{Heap before GC invocations=10 (full 3):
 PSYoungGen      total 68096K, used 58977K [0x00000000d5d80000, 0x00000000dd400000, 0x0000000100000000)
  eden space 59392K, 99% used [0x00000000d5d80000,0x00000000d97186f8,0x00000000d9780000)
  from space 8704K, 0% used [0x00000000dcb80000,0x00000000dcb80000,0x00000000dd400000)
  to   space 10752K, 0% used [0x00000000dbf00000,0x00000000dbf00000,0x00000000dc980000)
 ParOldGen       total 87552K, used 15487K [0x0000000081800000, 0x0000000086d80000, 0x00000000d5d80000)
  object space 87552K, 17% used [0x0000000081800000,0x000000008271fce8,0x0000000086d80000)
 Metaspace       used 19440K, capacity 19718K, committed 20096K, reserved 1067008K
  class space    used 2246K, capacity 2350K, committed 2432K, reserved 1048576K
Event: 34.014 GC heap after
Heap after GC invocations=10 (full 3):
 PSYoungGen      total 67072K, used 8292K [0x00000000d5d80000, 0x00000000dcc00000, 0x0000000100000000)
  eden space 58368K, 0% used [0x00000000d5d80000,0x00000000d5d80000,0x00000000d9680000)
  from space 8704K, 95% used [0x00000000dbf00000,0x00000000dc719030,0x00000000dc780000)
  to   space 4608K, 0% used [0x00000000dc780000,0x00000000dc780000,0x00000000dcc00000)
 ParOldGen       total 87552K, used 15495K [0x0000000081800000, 0x0000000086d80000, 0x00000000d5d80000)
  object space 87552K, 17% used [0x0000000081800000,0x0000000082721ce8,0x0000000086d80000)
 Metaspace       used 19440K, capacity 19718K, committed 20096K, reserved 1067008K
  class space    used 2246K, capacity 2350K, committed 2432K, reserved 1048576K
}
Event: 39.453 GC heap before
{Heap before GC invocations=11 (full 4):
 PSYoungGen      total 67072K, used 66660K [0x00000000d5d80000, 0x00000000dcc00000, 0x0000000100000000)
  eden space 58368K, 100% used [0x00000000d5d80000,0x00000000d9680000,0x00000000d9680000)
  from space 8704K, 95% used [0x00000000dbf00000,0x00000000dc719030,0x00000000dc780000)
  to   space 4608K, 0% used [0x00000000dc780000,0x00000000dc780000,0x00000000dcc00000)
 ParOldGen       total 182784K, used 180196K [0x0000000081800000, 0x000000008ca80000, 0x00000000d5d80000)
  object space 182784K, 98% used [0x0000000081800000,0x000000008c7f90f8,0x000000008ca80000)
 Metaspace       used 19484K, capacity 19718K, committed 20096K, reserved 1067008K
  class space    used 2246K, capacity 2350K, committed 2432K, reserved 1048576K
Event: 39.494 GC heap after
Heap after GC invocations=11 (full 4):
 PSYoungGen      total 67072K, used 0K [0x00000000d5d80000, 0x00000000dcc00000, 0x0000000100000000)
  eden space 58368K, 0% used [0x00000000d5d80000,0x00000000d5d80000,0x00000000d9680000)
  from space 8704K, 0% used [0x00000000dbf00000,0x00000000dbf00000,0x00000000dc780000)
  to   space 4608K, 0% used [0x00000000dc780000,0x00000000dc780000,0x00000000dcc00000)
 ParOldGen       total 84480K, used 10467K [0x0000000081800000, 0x0000000086a80000, 0x00000000d5d80000)
  object space 84480K, 12% used [0x0000000081800000,0x0000000082238ec0,0x0000000086a80000)
 Metaspace       used 19484K, capacity 19718K, committed 20096K, reserved 1067008K
  class space    used 2246K, capacity 2350K, committed 2432K, reserved 1048576K
}

Deoptimization events (10 events):
Event: 16.095 Thread 0x0000000019265800 Uncommon trap: reason=unstable_if action=reinterpret pc=0x000000000271db54 method=java.lang.StringCoding$StringDecoder.decode([BII)[C @ 33
Event: 16.145 Thread 0x0000000019267000 Uncommon trap: reason=class_check action=maybe_recompile pc=0x00000000027d72c4 method=java.io.FilterInputStream.read([B)I @ 5
Event: 16.146 Thread 0x0000000019267000 Uncommon trap: reason=class_check action=maybe_recompile pc=0x00000000027d72c4 method=java.io.FilterInputStream.read([B)I @ 5
Event: 16.455 Thread 0x0000000019263800 Uncommon trap: reason=unstable_if action=reinterpret pc=0x0000000002919774 method=com.googlecode.javacv.cpp.opencv_core$IplImage.flipCopyWithGamma(Ljava/nio/ByteBuffer;ILjava/nio/ByteBuffer;IZDZI)V @ 50
Event: 20.589 Thread 0x0000000019869800 Uncommon trap: reason=unstable_if action=reinterpret pc=0x00000000028bbbb0 method=java.lang.ref.SoftReference.get()Ljava/lang/Object; @ 17
Event: 33.065 Thread 0x0000000019265800 Uncommon trap: reason=unstable_if action=reinterpret pc=0x0000000002b5a5b8 method=javax.swing.plaf.nimbus.NimbusStyle.get(Ljavax/swing/plaf/synth/SynthContext;Ljava/lang/Object;)Ljava/lang/Object; @ 67
Event: 33.065 Thread 0x0000000019265800 Uncommon trap: reason=unstable_if action=reinterpret pc=0x0000000002639574 method=javax.swing.plaf.synth.SynthStyle.getFont(Ljavax/swing/plaf/synth/SynthContext;)Ljava/awt/Font; @ 10
Event: 33.463 Thread 0x0000000019265800 Uncommon trap: reason=unstable_if action=reinterpret pc=0x0000000002c5702c method=javax.swing.DefaultButtonModel.isPressed()Z @ 6
Event: 33.466 Thread 0x0000000019265800 Uncommon trap: reason=unstable_if action=reinterpret pc=0x0000000002af1550 method=java.awt.KeyboardFocusManager.getFocusOwner()Ljava/awt/Component; @ 8
Event: 33.466 Thread 0x0000000019265800 Uncommon trap: reason=unstable_if action=reinterpret pc=0x000000000299f040 method=javax.swing.JComponent.getClientProperty(Ljava/lang/Object;)Ljava/lang/Object; @ 16

Classes redefined (0 events):
No events

Internal exceptions (10 events):
Event: 2.270 Thread 0x0000000002412800 Exception <a 'java/lang/ClassNotFoundException': RootPane> (0x00000000d6e69d68) thrown at [C:\re\workspace\8-2-build-windows-amd64-cygwin\jdk8u161\10277\hotspot\src\share\vm\classfile\systemDictionary.cpp, line 210]
Event: 15.961 Thread 0x0000000019265800 Implicit null exception at 0x0000000002752cd6 to 0x0000000002753079
Event: 15.961 Thread 0x0000000019265800 Implicit null exception at 0x0000000002734cd6 to 0x0000000002735075
Event: 16.018 Thread 0x0000000019265800 Implicit null exception at 0x0000000002713c2f to 0x0000000002713c99
Event: 16.094 Thread 0x0000000019265800 Implicit null exception at 0x000000000271ee8c to 0x000000000271f5fd
Event: 33.065 Thread 0x0000000019265800 Implicit null exception at 0x0000000002b59e30 to 0x0000000002b5a58f
Event: 33.466 Thread 0x0000000019265800 Implicit null exception at 0x0000000002af132c to 0x0000000002af1541
Event: 40.535 Thread 0x000000001986a800 Exception <a 'java/lang/InterruptedException'> (0x00000000d7698410) thrown at [C:\re\workspace\8-2-build-windows-amd64-cygwin\jdk8u161\10277\hotspot\src\share\vm\runtime\objectMonitor.cpp, line 1684]
Event: 40.536 Thread 0x0000000019869800 Exception <a 'java/net/SocketException': Socket closed> (0x00000000d7697c38) thrown at [C:\re\workspace\8-2-build-windows-amd64-cygwin\jdk8u161\10277\hotspot\src\share\vm\prims\jni.cpp, line 735]
Event: 40.536 Thread 0x0000000019267000 Exception <a 'java/lang/InterruptedException'> (0x00000000d89c8c98) thrown at [C:\re\workspace\8-2-build-windows-amd64-cygwin\jdk8u161\10277\hotspot\src\share\vm\runtime\objectMonitor.cpp, line 1684]

Events (10 events):
Event: 40.543 Executing VM operation: RevokeBias
Event: 40.543 Executing VM operation: RevokeBias done
Event: 40.543 Thread 0x000000001986a800 Thread exited: 0x000000001986a800
Event: 40.543 Executing VM operation: RevokeBias
Event: 40.544 Executing VM operation: RevokeBias done
Event: 40.544 Executing VM operation: RevokeBias
Event: 40.544 Executing VM operation: RevokeBias done
Event: 40.544 Executing VM operation: RevokeBias
Event: 40.544 Executing VM operation: RevokeBias done
Event: 40.544 Thread 0x000000001986c800 Thread exited: 0x000000001986c800


Dynamic libraries:
0x00007ff6a2380000 - 0x00007ff6a23b7000 	C:\Program Files\Java\jdk1.8.0_161\bin\java.exe
0x00007ffc03c60000 - 0x00007ffc03e41000 	C:\WINDOWS\SYSTEM32\ntdll.dll
0x00007ffbfa970000 - 0x00007ffbfa982000 	C:\Program Files\AVAST Software\Avast\aswhook.dll
0x00007ffc012c0000 - 0x00007ffc01371000 	C:\WINDOWS\System32\KERNEL32.DLL
0x00007ffc00510000 - 0x00007ffc00783000 	C:\WINDOWS\System32\KERNELBASE.dll
0x00007ffc02530000 - 0x00007ffc025d1000 	C:\WINDOWS\System32\ADVAPI32.dll
0x00007ffc01de0000 - 0x00007ffc01e7e000 	C:\WINDOWS\System32\msvcrt.dll
0x00007ffc02030000 - 0x00007ffc0208b000 	C:\WINDOWS\System32\sechost.dll
0x00007ffc02640000 - 0x00007ffc02764000 	C:\WINDOWS\System32\RPCRT4.dll
0x00007ffc01e80000 - 0x00007ffc02010000 	C:\WINDOWS\System32\USER32.dll
0x00007ffc00790000 - 0x00007ffc007b0000 	C:\WINDOWS\System32\win32u.dll
0x00007ffc010f0000 - 0x00007ffc01118000 	C:\WINDOWS\System32\GDI32.dll
0x00007ffc00120000 - 0x00007ffc002b1000 	C:\WINDOWS\System32\gdi32full.dll
0x00007ffc00030000 - 0x00007ffc000cf000 	C:\WINDOWS\System32\msvcp_win.dll
0x00007ffc008e0000 - 0x00007ffc009d8000 	C:\WINDOWS\System32\ucrtbase.dll
0x00007ffbf24c0000 - 0x00007ffbf2729000 	C:\WINDOWS\WinSxS\amd64_microsoft.windows.common-controls_6595b64144ccf1df_6.0.17134.885_none_fb42a3473065565f\COMCTL32.dll
0x00007ffc02130000 - 0x00007ffc02452000 	C:\WINDOWS\System32\combase.dll
0x00007ffc00860000 - 0x00007ffc008d9000 	C:\WINDOWS\System32\bcryptPrimitives.dll
0x00007ffc01be0000 - 0x00007ffc01c0d000 	C:\WINDOWS\System32\IMM32.DLL
0x000000005e1f0000 - 0x000000005e2c2000 	C:\Program Files\Java\jdk1.8.0_161\jre\bin\msvcr100.dll
0x000000005d190000 - 0x000000005da2f000 	C:\Program Files\Java\jdk1.8.0_161\jre\bin\server\jvm.dll
0x00007ffc027e0000 - 0x00007ffc027e8000 	C:\WINDOWS\System32\PSAPI.DLL
0x00007ffbf0bb0000 - 0x00007ffbf0bb9000 	C:\WINDOWS\SYSTEM32\WSOCK32.dll
0x00007ffc02770000 - 0x00007ffc027dc000 	C:\WINDOWS\System32\WS2_32.dll
0x00007ffbf67c0000 - 0x00007ffbf67e3000 	C:\WINDOWS\SYSTEM32\WINMM.dll
0x00007ffbfb680000 - 0x00007ffbfb68a000 	C:\WINDOWS\SYSTEM32\VERSION.dll
0x00007ffbf6670000 - 0x00007ffbf669a000 	C:\WINDOWS\SYSTEM32\WINMMBASE.dll
0x00007ffc000d0000 - 0x00007ffc00119000 	C:\WINDOWS\System32\cfgmgr32.dll
0x000000005e1e0000 - 0x000000005e1ef000 	C:\Program Files\Java\jdk1.8.0_161\jre\bin\verify.dll
0x000000005d160000 - 0x000000005d189000 	C:\Program Files\Java\jdk1.8.0_161\jre\bin\java.dll
0x000000005d140000 - 0x000000005d156000 	C:\Program Files\Java\jdk1.8.0_161\jre\bin\zip.dll
0x00007ffc027f0000 - 0x00007ffc03c30000 	C:\WINDOWS\System32\SHELL32.dll
0x00007ffc019b0000 - 0x00007ffc01a59000 	C:\WINDOWS\System32\shcore.dll
0x00007ffc009e0000 - 0x00007ffc010ed000 	C:\WINDOWS\System32\windows.storage.dll
0x00007ffc025e0000 - 0x00007ffc02631000 	C:\WINDOWS\System32\shlwapi.dll
0x00007ffc00000000 - 0x00007ffc00011000 	C:\WINDOWS\System32\kernel.appcore.dll
0x00007ffbfffe0000 - 0x00007ffbfffff000 	C:\WINDOWS\System32\profapi.dll
0x00007ffbfff90000 - 0x00007ffbfffdc000 	C:\WINDOWS\System32\powrprof.dll
0x00007ffc00020000 - 0x00007ffc0002a000 	C:\WINDOWS\System32\FLTLIB.DLL
0x000000005cf60000 - 0x000000005d0f8000 	C:\Program Files\Java\jdk1.8.0_161\jre\bin\awt.dll
0x00007ffc02460000 - 0x00007ffc02522000 	C:\WINDOWS\System32\OLEAUT32.dll
0x00007ffbfda20000 - 0x00007ffbfdaab000 	C:\WINDOWS\SYSTEM32\apphelp.dll
0x00007ffbfdbc0000 - 0x00007ffbfdc58000 	C:\WINDOWS\system32\uxtheme.dll
0x00007ffc01a60000 - 0x00007ffc01bd3000 	C:\WINDOWS\System32\MSCTF.dll
0x00007ffbfdc90000 - 0x00007ffbfdcb9000 	C:\WINDOWS\system32\dwmapi.dll
0x00007ffc01c80000 - 0x00007ffc01dd1000 	C:\WINDOWS\System32\ole32.dll
0x000000005ce50000 - 0x000000005ce57000 	C:\Program Files\Java\jdk1.8.0_161\jre\bin\jawt.dll
0x0000000019d00000 - 0x0000000019d3e000 	C:\Program Files\Java\jdk1.8.0_161\jre\bin\j3dcore-ogl.dll
0x00007ffbe22c0000 - 0x00007ffbe23e0000 	C:\WINDOWS\SYSTEM32\OPENGL32.dll
0x00007ffbe60a0000 - 0x00007ffbe60cc000 	C:\WINDOWS\SYSTEM32\GLU32.dll
0x00007ffba3350000 - 0x00007ffba3e97000 	C:\WINDOWS\SYSTEM32\ig75icd64.dll
0x00007ffbd7a30000 - 0x00007ffbd846f000 	C:\WINDOWS\SYSTEM32\igdusc64.dll
0x00007ffbfbdc0000 - 0x00007ffbfbdd3000 	C:\WINDOWS\SYSTEM32\WTSAPI32.dll
0x000000005cf10000 - 0x000000005cf57000 	C:\Program Files\Java\jdk1.8.0_161\jre\bin\fontmanager.dll
0x000000005cd70000 - 0x000000005ce41000 	C:\Users\joaoq\AppData\Local\Temp\javacpp127277367008569\msvcr100.dll
0x000000005ccd0000 - 0x000000005cd68000 	C:\Users\joaoq\AppData\Local\Temp\javacpp127277367008569\msvcp100.dll
0x0000000066840000 - 0x00000000676b4000 	C:\Users\joaoq\AppData\Local\Temp\javacpp127277367008569\opencv_ffmpeg248_64.dll
0x00007ffbc4ce0000 - 0x00007ffbc4f52000 	C:\Users\joaoq\AppData\Local\Temp\javacpp127277367008569\opencv_core248.dll
0x00007ffbc26f0000 - 0x00007ffbc29a2000 	C:\Users\joaoq\AppData\Local\Temp\javacpp127277367008569\opencv_imgproc248.dll
0x00007ffbc21b0000 - 0x00007ffbc23fd000 	C:\Users\joaoq\AppData\Local\Temp\javacpp127277367008569\opencv_highgui248.dll
0x00007ffbf9720000 - 0x00007ffbf973f000 	C:\WINDOWS\SYSTEM32\AVIFIL32.dll
0x00007ffbf11b0000 - 0x00007ffbf11d9000 	C:\WINDOWS\SYSTEM32\MSVFW32.dll
0x00007ffbf1d60000 - 0x00007ffbf1d78000 	C:\WINDOWS\SYSTEM32\AVICAP32.dll
0x00007ffbfc4d0000 - 0x00007ffbfc4ec000 	C:\WINDOWS\SYSTEM32\MSACM32.dll
0x00007ffbf1cc0000 - 0x00007ffbf1cd3000 	C:\Users\joaoq\AppData\Local\Temp\javacpp127277367008569\jniopencv_highgui.dll
0x00007ffbff490000 - 0x00007ffbff4f6000 	C:\WINDOWS\system32\mswsock.dll
0x00007ffbffd60000 - 0x00007ffbffd77000 	C:\WINDOWS\SYSTEM32\CRYPTSP.dll
0x00007ffbff080000 - 0x00007ffbff0b3000 	C:\WINDOWS\system32\rsaenh.dll
0x00007ffbffa90000 - 0x00007ffbffab5000 	C:\WINDOWS\SYSTEM32\bcrypt.dll
0x00007ffbff640000 - 0x00007ffbff64b000 	C:\WINDOWS\SYSTEM32\CRYPTBASE.dll
0x00007ffbfa930000 - 0x00007ffbfa946000 	C:\WINDOWS\system32\napinsp.dll
0x00007ffbfa910000 - 0x00007ffbfa92a000 	C:\WINDOWS\system32\pnrpnsp.dll
0x00007ffbfc400000 - 0x00007ffbfc419000 	C:\WINDOWS\system32\NLAapi.dll
0x00007ffbff270000 - 0x00007ffbff32e000 	C:\WINDOWS\SYSTEM32\DNSAPI.dll
0x00007ffc01c10000 - 0x00007ffc01c18000 	C:\WINDOWS\System32\NSI.dll
0x00007ffbff220000 - 0x00007ffbff258000 	C:\WINDOWS\SYSTEM32\IPHLPAPI.DLL
0x00007ffbfa900000 - 0x00007ffbfa90e000 	C:\WINDOWS\System32\winrnr.dll
0x00007ffbf4070000 - 0x00007ffbf4085000 	C:\WINDOWS\System32\wshbth.dll
0x00007ffbcdd80000 - 0x00007ffbcde1a000 	C:\Users\joaoq\AppData\Local\Temp\javacpp127277367008569\jniopencv_core.dll
0x000000005d120000 - 0x000000005d13a000 	C:\Program Files\Java\jdk1.8.0_161\jre\bin\net.dll
0x000000005d100000 - 0x000000005d111000 	C:\Program Files\Java\jdk1.8.0_161\jre\bin\nio.dll
0x00007ffbf5c50000 - 0x00007ffbf5c5a000 	C:\Windows\System32\rasadhlp.dll
0x000000005cec0000 - 0x000000005cf02000 	C:\Program Files\Java\jdk1.8.0_161\jre\bin\t2k.dll
0x00007ffbf18f0000 - 0x00007ffbf1962000 	C:\WINDOWS\System32\fwpuclnt.dll
0x00007ffbf2f00000 - 0x00007ffbf2f96000 	C:\WINDOWS\System32\TextInputFramework.dll
0x00007ffbf55c0000 - 0x00007ffbf58de000 	C:\WINDOWS\System32\CoreUIComponents.dll
0x00007ffbfd760000 - 0x00007ffbfd83a000 	C:\WINDOWS\System32\CoreMessaging.dll
0x00007ffbfece0000 - 0x00007ffbfed11000 	C:\WINDOWS\SYSTEM32\ntmarta.dll
0x00007ffbfbb70000 - 0x00007ffbfbcbd000 	C:\WINDOWS\SYSTEM32\wintypes.dll
0x000000005ce90000 - 0x000000005ceba000 	C:\Program Files\Java\jdk1.8.0_161\jre\bin\dcpr.dll
0x00007ffbfe2d0000 - 0x00007ffbfe38b000 	C:\WINDOWS\SYSTEM32\dxgi.dll
0x00007ffbfc570000 - 0x00007ffbfc87b000 	C:\WINDOWS\SYSTEM32\d3d11.dll
0x00007ffbffac0000 - 0x00007ffbffc89000 	C:\WINDOWS\SYSTEM32\dbghelp.dll

VM Arguments:
jvm_args: -Dfile.encoding=UTF-8 
java_command: serial.JFMain
java_class_path (initial): C:\Program Files\Java\jre1.8.0_191\lib\ext\RXTXcomm.jar;C:\Program Files\NetBeans 8.2\java\modules\ext\AbsoluteLayout.jar;C:\Users\joaoq\Downloads\opencv\build\java\opencv-347.jar;C:\Users\joaoq\Downloads\IP-Camera-Java-CV-Libraries-master\javacv.jar;C:\Users\joaoq\Downloads\IP-Camera-Java-CV-Libraries-master\javacpp.jar;C:\Users\joaoq\Downloads\IP-Camera-Java-CV-Libraries-master\javacv-windows-x86.jar;C:\Users\joaoq\Downloads\IP-Camera-Java-CV-Libraries-master\javacv-windows-x86_64.jar;C:\Users\joaoq\Downloads\IP-Camera-Java-CV-Libraries-master\opencv-2.4.8-windows-x86.jar;C:\Users\joaoq\Downloads\IP-Camera-Java-CV-Libraries-master\opencv-2.4.8-windows-x86_64.jar;C:\Users\joaoq\Downloads\org.eclipse.paho.client.mqttv3-1.2.0.jar;C:\Users\joaoq\Google Drive\TCC João Pedro Quintino\TCC2\Software PC\ReadWriteSerial\build\classes
Launcher Type: SUN_STANDARD

Environment Variables:
JAVA_HOME=C:\Program Files\Java\jdk1.8.0_161
CLASSPATH=C:\Program Files\Java\jdk1.8.0_161\lib;C:\jflex-1.6.1\lib\jflex-1.6.1.jar
PATH=C:\Program Files (x86)\Common Files\Oracle\Java\javapath;C:\ProgramData\Oracle\Java\javapath;C:\Program Files (x86)\Intel\iCLS Client\;C:\Program Files\Intel\iCLS Client\;C:\Windows\system32;C:\Windows;C:\Windows\System32\Wbem;C:\Windows\System32\WindowsPowerShell\v1.0\;C:\Program Files (x86)\Intel\Intel(R) Management Engine Components\DAL;C:\Program Files\Intel\Intel(R) Management Engine Components\DAL;C:\Program Files (x86)\Intel\Intel(R) Management Engine Components\IPT;C:\Program Files\Intel\Intel(R) Management Engine Components\IPT;C:\Program Files (x86)\NVIDIA Corporation\PhysX\Common;C:\WINDOWS\system32;C:\WINDOWS;C:\WINDOWS\System32\Wbem;C:\WINDOWS\System32\WindowsPowerShell\v1.0\;C:\Program Files\Java\jdk1.8.0_161\bin;C:\WINDOWS\System32\OpenSSH\;C:\Program Files\MATLAB\R2018a\runtime\win64;C:\Program Files\MATLAB\R2018a\bin;D:\Program Files\nodejs\;D:\Program Files\Microsoft VS Code\bin;D:\Program Files (x86)\Yarn\bin\;C:\Program Files\Git\cmd;C:\Users\joaoq\AppData\Local\Programs\Python\Python37-32\Scripts\;C:\Users\joaoq\AppData\Local\Programs\Python\Python37-32\;C:\Users\joaoq\AppData\Local\Microsoft\WindowsApps;C:\Users\joaoq\AppData\Roaming\npm;C:\Users\joaoq\AppData\Local\Yarn\bin;D:\Program Files\Docker Toolbox
USERNAME=joaoq
OS=Windows_NT
PROCESSOR_IDENTIFIER=Intel64 Family 6 Model 69 Stepping 1, GenuineIntel



---------------  S Y S T E M  ---------------

OS: Windows 10.0 , 64 bit Build 17134 (10.0.17134.753)

CPU:total 4 (initial active 4) (2 cores per cpu, 2 threads per core) family 6 model 69 stepping 1, cmov, cx8, fxsr, mmx, sse, sse2, sse3, ssse3, sse4.1, sse4.2, popcnt, avx, avx2, aes, clmul, erms, lzcnt, ht, tsc, tscinvbit, bmi1, bmi2

Memory: 4k page, physical 8289792k(1885988k free), swap 13939048k(5021512k free)

vm_info: Java HotSpot(TM) 64-Bit Server VM (25.161-b12) for windows-amd64 JRE (1.8.0_161-b12), built on Dec 19 2017 17:52:25 by "java_re" with MS VC++ 10.0 (VS2010)

time: Thu Aug 08 20:56:34 2019
elapsed time: 40 seconds (0d 0h 0m 40s)

