#
# A fatal error has been detected by the Java Runtime Environment:
#
#  EXCEPTION_ACCESS_VIOLATION (0xc0000005) at pc=0x0000000066842310, pid=24116, tid=0x0000000000005f5c
#
# JRE version: Java(TM) SE Runtime Environment (8.0_161-b12) (build 1.8.0_161-b12)
# Java VM: Java HotSpot(TM) 64-Bit Server VM (25.161-b12 mixed mode windows-amd64 compressed oops)
# Problematic frame:
# C  [opencv_ffmpeg248_64.dll+0x2310]
#
# Failed to write core dump. Minidumps are not enabled by default on client versions of Windows
#
# If you would like to submit a bug report, please visit:
#   http://bugreport.java.com/bugreport/crash.jsp
# The crash happened outside the Java Virtual Machine in native code.
# See problematic frame for where to report the bug.
#

---------------  T H R E A D  ---------------

Current thread (0x000000001e18c800):  JavaThread "Thread-4" [_thread_in_native, id=24412, stack(0x0000000064940000,0x0000000064a40000)]

siginfo: ExceptionCode=0xc0000005, reading address 0x0000000000000008

Registers:
RAX=0x0000000000000000, RBX=0x00000000014fc2c0, RCX=0x00000000014f0000, RDX=0x000000001b7839c0
RSP=0x0000000064a3f010, RBP=0x8000000000000000, RSI=0x00000000014fc558, RDI=0x0000000000000000
R8 =0x0000000064a3f03c, R9 =0x00000000014fc558, R10=0x0000000000000000, R11=0x0000000064a3eb00
R12=0x0000000000000000, R13=0x0000000064a3f2d0, R14=0x0000000064a3f1a0, R15=0x000000001e18c800
RIP=0x0000000066842310, EFLAGS=0x0000000000010246

Top of Stack: (sp=0x0000000064a3f010)
0x0000000064a3f010:   0000000064a3f1b0 000000006684346a
0x0000000064a3f020:   0000482e379dbdfd 000000001760933b
0x0000000064a3f030:   0000482e379dbddd 0000000064a3f1a0
0x0000000064a3f040:   000000000000002c 00000000828a8238
0x0000000064a3f050:   00000000643ea7b0 0000000064a3f1b0
0x0000000064a3f060:   0000000000000000 0000000066843429
0x0000000064a3f070:   00000000826386a8 000000001e18c800
0x0000000064a3f080:   000000001e18c800 000000007236de8c
0x0000000064a3f090:   0000000100064e10 00007ffeca043323
0x0000000064a3f0a0:   00000000d62d0ca0 00000000723a8690
0x0000000064a3f0b0:   000000001e18c800 000000007239ed79
0x0000000064a3f0c0:   00000000d62d0ca0 00007ffeca0410e1
0x0000000064a3f0d0:   000000001e18c9f8 000000001e18c800
0x0000000064a3f0e0:   000000001e18c800 0000000000000000
0x0000000064a3f0f0:   0000000000000000 000000001e18c9f8
0x0000000064a3f100:   0000000019d8a6e0 00007fff00fd756b 

Instructions: (pc=0x0000000066842310)
0x00000000668422f0:   e0 48 83 c4 30 5b 5e 5f 5d 41 5c c3 0f 1f 40 00
0x0000000066842300:   48 8b 43 18 48 8b 53 20 4c 8d 44 24 2c 49 89 f1
0x0000000066842310:   48 8b 48 08 e8 c7 c5 0e 00 44 8b 64 24 2c 45 85
0x0000000066842320:   e4 74 1d 48 39 ab 90 02 00 00 74 64 48 83 83 18 


Register to memory mapping:

RAX=0x0000000000000000 is an unknown value
RBX=0x00000000014fc2c0 is an unknown value
RCX=0x00000000014f0000 is an unknown value
RDX=0x000000001b7839c0 is an unknown value
RSP=0x0000000064a3f010 is pointing into the stack for thread: 0x000000001e18c800
RBP=0x8000000000000000 is an unknown value
RSI=0x00000000014fc558 is an unknown value
RDI=0x0000000000000000 is an unknown value
R8 =0x0000000064a3f03c is pointing into the stack for thread: 0x000000001e18c800
R9 =0x00000000014fc558 is an unknown value
R10=0x0000000000000000 is an unknown value
R11=0x0000000064a3eb00 is pointing into the stack for thread: 0x000000001e18c800
R12=0x0000000000000000 is an unknown value
R13=0x0000000064a3f2d0 is pointing into the stack for thread: 0x000000001e18c800
R14=0x0000000064a3f1a0 is pointing into the stack for thread: 0x000000001e18c800
R15=0x000000001e18c800 is a thread


Stack: [0x0000000064940000,0x0000000064a40000],  sp=0x0000000064a3f010,  free space=1020k
Native frames: (J=compiled Java code, j=interpreted, Vv=VM code, C=native code)
C  [opencv_ffmpeg248_64.dll+0x2310]
C  [opencv_ffmpeg248_64.dll+0x3429]
C  [opencv_highgui248.dll+0x3323]
C  [opencv_highgui248.dll+0x10e1]
C  [jniopencv_highgui.dll+0x756b]
C  0x000000000379ad94

Java frames: (J=compiled Java code, j=interpreted, Vv=VM code)
J 2246  com.googlecode.javacv.cpp.opencv_highgui.cvGrabFrame(Lcom/googlecode/javacv/cpp/opencv_highgui$CvCapture;)I (0 bytes) @ 0x000000000379ad12 [0x000000000379acc0+0x52]
J 2270 C1 com.googlecode.javacv.OpenCVFrameGrabber.grab()Lcom/googlecode/javacv/cpp/opencv_core$IplImage; (177 bytes) @ 0x00000000037b127c [0x00000000037b1100+0x17c]
j  serial.CameraHandler.run()V+19
j  java.lang.Thread.run()V+11
v  ~StubRoutines::call_stub

---------------  P R O C E S S  ---------------

Java Threads: ( => current thread )
  0x0000000019ed1800 JavaThread "J3D-InputDeviceScheduler-2" [_thread_blocked, id=24528, stack(0x0000000068a90000,0x0000000068b90000)]
  0x0000000019ed5000 JavaThread "J3D-SoundSchedulerUpdateThread-2" [_thread_blocked, id=24524, stack(0x0000000068990000,0x0000000068a90000)]
  0x0000000019ed2000 JavaThread "J3D-RenderStructureUpdateThread-2" [_thread_blocked, id=24520, stack(0x0000000068890000,0x0000000068990000)]
  0x0000000019ed3800 JavaThread "J3D-BehaviorScheduler-2" [_thread_blocked, id=24516, stack(0x0000000068790000,0x0000000068890000)]
  0x0000000019ecd800 JavaThread "J3D-TransformStructureUpdateThread-2" [_thread_blocked, id=24512, stack(0x0000000066740000,0x0000000066840000)]
  0x0000000019ed4800 JavaThread "J3D-RenderingEnvironmentStructureUpdateThread-2" [_thread_blocked, id=24500, stack(0x0000000066640000,0x0000000066740000)]
  0x0000000019ecd000 JavaThread "J3D-SoundStructureUpdateThread-2" [_thread_blocked, id=24504, stack(0x0000000066540000,0x0000000066640000)]
  0x000000001a23b800 JavaThread "J3D-GeometryStructureUpdateThread-2" [_thread_blocked, id=24508, stack(0x0000000066440000,0x0000000066540000)]
  0x000000001a23b000 JavaThread "J3D-BehaviorStructureUpdateThread-2" [_thread_blocked, id=24492, stack(0x0000000066340000,0x0000000066440000)]
  0x000000001a23a000 JavaThread "DestroyJavaVM" [_thread_blocked, id=24164, stack(0x0000000002ca0000,0x0000000002da0000)]
  0x000000001a239800 JavaThread "J3D-InputDeviceScheduler-1" [_thread_blocked, id=24480, stack(0x0000000065440000,0x0000000065540000)]
  0x000000001a23f800 JavaThread "J3D-SoundSchedulerUpdateThread-1" [_thread_blocked, id=24464, stack(0x0000000065340000,0x0000000065440000)]
  0x000000001a240000 JavaThread "J3D-RenderStructureUpdateThread-1" [_thread_blocked, id=24484, stack(0x0000000065240000,0x0000000065340000)]
  0x000000001a23e800 JavaThread "J3D-BehaviorScheduler-1" [_thread_blocked, id=24452, stack(0x0000000065040000,0x0000000065140000)]
  0x000000001a23d000 JavaThread "J3D-TransformStructureUpdateThread-1" [_thread_blocked, id=24448, stack(0x0000000064f40000,0x0000000065040000)]
  0x000000001a23e000 JavaThread "J3D-RenderingEnvironmentStructureUpdateThread-1" [_thread_blocked, id=24444, stack(0x0000000064e40000,0x0000000064f40000)]
  0x000000001a23c800 JavaThread "J3D-SoundStructureUpdateThread-1" [_thread_blocked, id=24440, stack(0x0000000064d40000,0x0000000064e40000)]
  0x000000001e18f800 JavaThread "J3D-GeometryStructureUpdateThread-1" [_thread_blocked, id=24428, stack(0x0000000064c40000,0x0000000064d40000)]
  0x000000001e18e000 JavaThread "J3D-BehaviorStructureUpdateThread-1" [_thread_blocked, id=24432, stack(0x0000000064b40000,0x0000000064c40000)]
=>0x000000001e18c800 JavaThread "Thread-4" [_thread_in_native, id=24412, stack(0x0000000064940000,0x0000000064a40000)]
  0x000000001e18b800 JavaThread "TimerQueue" daemon [_thread_blocked, id=24404, stack(0x0000000064740000,0x0000000064840000)]
  0x000000001e190000 JavaThread "J3D-Renderer-1" [_thread_blocked, id=24368, stack(0x000000001f710000,0x000000001f810000)]
  0x000000001dfc1000 JavaThread "J3D-MasterControl-1" [_thread_blocked, id=24364, stack(0x000000001f610000,0x000000001f710000)]
  0x000000001dfc0000 JavaThread "J3D-NotificationThread" [_thread_blocked, id=24360, stack(0x000000001f510000,0x000000001f610000)]
  0x000000001a2fb800 JavaThread "J3D-TimerThread" [_thread_blocked, id=24348, stack(0x000000001f410000,0x000000001f510000)]
  0x000000001e58c800 JavaThread "J3D-RenderingAttributesStructureUpdateThread" [_thread_blocked, id=24344, stack(0x000000001f220000,0x000000001f320000)]
  0x00000000196e1800 JavaThread "AWT-EventQueue-0" [_thread_in_native, id=24324, stack(0x000000001dc50000,0x000000001dd50000)]
  0x00000000196e0800 JavaThread "AWT-Shutdown" [_thread_blocked, id=24320, stack(0x000000001db50000,0x000000001dc50000)]
  0x0000000019c68800 JavaThread "Java2D Disposer" daemon [_thread_blocked, id=24216, stack(0x000000001a3d0000,0x000000001a4d0000)]
  0x0000000017b7e000 JavaThread "Service Thread" daemon [_thread_blocked, id=24232, stack(0x0000000019880000,0x0000000019980000)]
  0x0000000017b2c000 JavaThread "C1 CompilerThread2" daemon [_thread_blocked, id=24228, stack(0x0000000019380000,0x0000000019480000)]
  0x0000000017b24000 JavaThread "C2 CompilerThread1" daemon [_thread_blocked, id=24220, stack(0x0000000019280000,0x0000000019380000)]
  0x0000000017b21000 JavaThread "C2 CompilerThread0" daemon [_thread_blocked, id=24208, stack(0x0000000019180000,0x0000000019280000)]
  0x0000000017b1d000 JavaThread "Attach Listener" daemon [_thread_blocked, id=24204, stack(0x0000000019080000,0x0000000019180000)]
  0x0000000017b1b800 JavaThread "Signal Dispatcher" daemon [_thread_blocked, id=24200, stack(0x0000000018f80000,0x0000000019080000)]
  0x0000000002f2d000 JavaThread "Finalizer" daemon [_thread_blocked, id=24188, stack(0x0000000018d70000,0x0000000018e70000)]
  0x0000000002f22000 JavaThread "Reference Handler" daemon [_thread_blocked, id=24180, stack(0x0000000018c70000,0x0000000018d70000)]

Other Threads:
  0x0000000017ae8000 VMThread [stack: 0x0000000018b70000,0x0000000018c70000] [id=24196]
  0x00000000194aa800 WatcherThread [stack: 0x0000000019980000,0x0000000019a80000] [id=24224]

VM state:not at safepoint (normal execution)

VM Mutex/Monitor currently owned by a thread: None

Heap:
 PSYoungGen      total 270848K, used 128619K [0x00000000d5d80000, 0x00000000f0a00000, 0x0000000100000000)
  eden space 262656K, 45% used [0x00000000d5d80000,0x00000000dd377c80,0x00000000e5e00000)
  from space 8192K, 95% used [0x00000000e5e00000,0x00000000e65a2f90,0x00000000e6600000)
  to   space 9216K, 0% used [0x00000000f0100000,0x00000000f0100000,0x00000000f0a00000)
 ParOldGen       total 87552K, used 24667K [0x0000000081800000, 0x0000000086d80000, 0x00000000d5d80000)
  object space 87552K, 28% used [0x0000000081800000,0x0000000083016c98,0x0000000086d80000)
 Metaspace       used 19661K, capacity 19958K, committed 20096K, reserved 1067008K
  class space    used 2252K, capacity 2385K, committed 2432K, reserved 1048576K

Card table byte_map: [0x0000000012390000,0x0000000012790000] byte_map_base: 0x0000000011f84000

Marking Bits: (ParMarkBitMap*) 0x0000000072a7f860
 Begin Bits: [0x0000000012e40000, 0x0000000014de0000)
 End Bits:   [0x0000000014de0000, 0x0000000016d80000)

Polling page: 0x0000000001280000

CodeCache: size=245760Kb used=8376Kb max_used=8389Kb free=237383Kb
 bounds [0x0000000002fd0000, 0x0000000003810000, 0x0000000011fd0000]
 total_blobs=2947 nmethods=2263 adapters=594
 compilation: enabled

Compilation events (10 events):
Event: 24.949 Thread 0x0000000017b21000 2388       4       javax.swing.plaf.nimbus.NimbusDefaults$LazyStyle::matches (229 bytes)
Event: 24.949 Thread 0x0000000017b24000 2389   !   4       javax.swing.UIDefaults::getFromHashtable (239 bytes)
Event: 24.965 Thread 0x0000000017b24000 nmethod 2389 0x0000000003804310 code [0x0000000003804520, 0x0000000003805720]
Event: 24.969 Thread 0x0000000017b2c000 2390       3       java.awt.geom.AffineTransform::scale (285 bytes)
Event: 24.970 Thread 0x0000000017b2c000 nmethod 2390 0x00000000037f0890 code [0x00000000037f0a80, 0x00000000037f1248]
Event: 24.993 Thread 0x0000000017b21000 nmethod 2388 0x0000000003805f90 code [0x0000000003806220, 0x0000000003807ee0]
Event: 25.112 Thread 0x0000000017b2c000 2391       3       org.eclipse.paho.client.mqttv3.logging.JSR47Logger::mapJULLevel (92 bytes)
Event: 25.112 Thread 0x0000000017b2c000 nmethod 2391 0x00000000037f2790 code [0x00000000037f2920, 0x00000000037f2bb0]
Event: 25.112 Thread 0x0000000017b2c000 2392       3       org.eclipse.paho.client.mqttv3.logging.JSR47Logger::trace (46 bytes)
Event: 25.113 Thread 0x0000000017b2c000 nmethod 2392 0x00000000037f1fd0 code [0x00000000037f2160, 0x00000000037f25d8]

GC Heap History (10 events):
Event: 8.842 GC heap before
{Heap before GC invocations=5 (full 0):
 PSYoungGen      total 71680K, used 68867K [0x00000000d5d80000, 0x00000000da880000, 0x0000000100000000)
  eden space 66560K, 96% used [0x00000000d5d80000,0x00000000d9c24048,0x00000000d9e80000)
  from space 5120K, 92% used [0x00000000da380000,0x00000000da81cce8,0x00000000da880000)
  to   space 5120K, 0% used [0x00000000d9e80000,0x00000000d9e80000,0x00000000da380000)
 ParOldGen       total 87552K, used 11860K [0x0000000081800000, 0x0000000086d80000, 0x00000000d5d80000)
  object space 87552K, 13% used [0x0000000081800000,0x0000000082395190,0x0000000086d80000)
 Metaspace       used 18769K, capacity 19080K, committed 19328K, reserved 1067008K
  class space    used 2234K, capacity 2352K, committed 2432K, reserved 1048576K
Event: 8.851 GC heap after
Heap after GC invocations=5 (full 0):
 PSYoungGen      total 71680K, used 4771K [0x00000000d5d80000, 0x00000000deb80000, 0x0000000100000000)
  eden space 66560K, 0% used [0x00000000d5d80000,0x00000000d5d80000,0x00000000d9e80000)
  from space 5120K, 93% used [0x00000000d9e80000,0x00000000da328cf8,0x00000000da380000)
  to   space 6144K, 0% used [0x00000000de580000,0x00000000de580000,0x00000000deb80000)
 ParOldGen       total 87552K, used 14568K [0x0000000081800000, 0x0000000086d80000, 0x00000000d5d80000)
  object space 87552K, 16% used [0x0000000081800000,0x000000008263a1a0,0x0000000086d80000)
 Metaspace       used 18769K, capacity 19080K, committed 19328K, reserved 1067008K
  class space    used 2234K, capacity 2352K, committed 2432K, reserved 1048576K
}
Event: 10.412 GC heap before
{Heap before GC invocations=6 (full 0):
 PSYoungGen      total 71680K, used 68975K [0x00000000d5d80000, 0x00000000deb80000, 0x0000000100000000)
  eden space 66560K, 96% used [0x00000000d5d80000,0x00000000d9c33110,0x00000000d9e80000)
  from space 5120K, 93% used [0x00000000d9e80000,0x00000000da328cf8,0x00000000da380000)
  to   space 6144K, 0% used [0x00000000de580000,0x00000000de580000,0x00000000deb80000)
 ParOldGen       total 87552K, used 14568K [0x0000000081800000, 0x0000000086d80000, 0x00000000d5d80000)
  object space 87552K, 16% used [0x0000000081800000,0x000000008263a1a0,0x0000000086d80000)
 Metaspace       used 18851K, capacity 19144K, committed 19328K, reserved 1067008K
  class space    used 2234K, capacity 2352K, committed 2432K, reserved 1048576K
Event: 10.428 GC heap after
Heap after GC invocations=6 (full 0):
 PSYoungGen      total 137728K, used 6127K [0x00000000d5d80000, 0x00000000dee80000, 0x0000000100000000)
  eden space 131584K, 0% used [0x00000000d5d80000,0x00000000d5d80000,0x00000000dde00000)
  from space 6144K, 99% used [0x00000000de580000,0x00000000deb7bce8,0x00000000deb80000)
  to   space 7680K, 0% used [0x00000000dde00000,0x00000000dde00000,0x00000000de580000)
 ParOldGen       total 87552K, used 15780K [0x0000000081800000, 0x0000000086d80000, 0x00000000d5d80000)
  object space 87552K, 18% used [0x0000000081800000,0x00000000827690f0,0x0000000086d80000)
 Metaspace       used 18851K, capacity 19144K, committed 19328K, reserved 1067008K
  class space    used 2234K, capacity 2352K, committed 2432K, reserved 1048576K
}
Event: 13.391 GC heap before
{Heap before GC invocations=7 (full 0):
 PSYoungGen      total 137728K, used 135370K [0x00000000d5d80000, 0x00000000dee80000, 0x0000000100000000)
  eden space 131584K, 98% used [0x00000000d5d80000,0x00000000ddbb6e10,0x00000000dde00000)
  from space 6144K, 99% used [0x00000000de580000,0x00000000deb7bce8,0x00000000deb80000)
  to   space 7680K, 0% used [0x00000000dde00000,0x00000000dde00000,0x00000000de580000)
 ParOldGen       total 87552K, used 15780K [0x0000000081800000, 0x0000000086d80000, 0x00000000d5d80000)
  object space 87552K, 18% used [0x0000000081800000,0x00000000827690f0,0x0000000086d80000)
 Metaspace       used 19000K, capacity 19278K, committed 19584K, reserved 1067008K
  class space    used 2236K, capacity 2353K, committed 2432K, reserved 1048576K
Event: 13.401 GC heap after
Heap after GC invocations=7 (full 0):
 PSYoungGen      total 139264K, used 3116K [0x00000000d5d80000, 0x00000000e6d80000, 0x0000000100000000)
  eden space 131584K, 0% used [0x00000000d5d80000,0x00000000d5d80000,0x00000000dde00000)
  from space 7680K, 40% used [0x00000000dde00000,0x00000000de10b010,0x00000000de580000)
  to   space 7680K, 0% used [0x00000000e6600000,0x00000000e6600000,0x00000000e6d80000)
 ParOldGen       total 87552K, used 19227K [0x0000000081800000, 0x0000000086d80000, 0x00000000d5d80000)
  object space 87552K, 21% used [0x0000000081800000,0x0000000082ac6c78,0x0000000086d80000)
 Metaspace       used 19000K, capacity 19278K, committed 19584K, reserved 1067008K
  class space    used 2236K, capacity 2353K, committed 2432K, reserved 1048576K
}
Event: 16.388 GC heap before
{Heap before GC invocations=8 (full 0):
 PSYoungGen      total 139264K, used 134047K [0x00000000d5d80000, 0x00000000e6d80000, 0x0000000100000000)
  eden space 131584K, 99% used [0x00000000d5d80000,0x00000000ddd5cdc8,0x00000000dde00000)
  from space 7680K, 40% used [0x00000000dde00000,0x00000000de10b010,0x00000000de580000)
  to   space 7680K, 0% used [0x00000000e6600000,0x00000000e6600000,0x00000000e6d80000)
 ParOldGen       total 87552K, used 19227K [0x0000000081800000, 0x0000000086d80000, 0x00000000d5d80000)
  object space 87552K, 21% used [0x0000000081800000,0x0000000082ac6c78,0x0000000086d80000)
 Metaspace       used 19231K, capacity 19478K, committed 19840K, reserved 1067008K
  class space    used 2245K, capacity 2353K, committed 2432K, reserved 1048576K
Event: 16.406 GC heap after
Heap after GC invocations=8 (full 0):
 PSYoungGen      total 270336K, used 7211K [0x00000000d5d80000, 0x00000000e6e80000, 0x0000000100000000)
  eden space 262656K, 0% used [0x00000000d5d80000,0x00000000d5d80000,0x00000000e5e00000)
  from space 7680K, 93% used [0x00000000e6600000,0x00000000e6d0af90,0x00000000e6d80000)
  to   space 8192K, 0% used [0x00000000e5e00000,0x00000000e5e00000,0x00000000e6600000)
 ParOldGen       total 87552K, used 21951K [0x0000000081800000, 0x0000000086d80000, 0x00000000d5d80000)
  object space 87552K, 25% used [0x0000000081800000,0x0000000082d6fc88,0x0000000086d80000)
 Metaspace       used 19231K, capacity 19478K, committed 19840K, reserved 1067008K
  class space    used 2245K, capacity 2353K, committed 2432K, reserved 1048576K
}
Event: 22.484 GC heap before
{Heap before GC invocations=9 (full 0):
 PSYoungGen      total 270336K, used 269371K [0x00000000d5d80000, 0x00000000e6e80000, 0x0000000100000000)
  eden space 262656K, 99% used [0x00000000d5d80000,0x00000000e5d83c70,0x00000000e5e00000)
  from space 7680K, 93% used [0x00000000e6600000,0x00000000e6d0af90,0x00000000e6d80000)
  to   space 8192K, 0% used [0x00000000e5e00000,0x00000000e5e00000,0x00000000e6600000)
 ParOldGen       total 87552K, used 21951K [0x0000000081800000, 0x0000000086d80000, 0x00000000d5d80000)
  object space 87552K, 25% used [0x0000000081800000,0x0000000082d6fc88,0x0000000086d80000)
 Metaspace       used 19567K, capacity 19798K, committed 20096K, reserved 1067008K
  class space    used 2249K, capacity 2353K, committed 2432K, reserved 1048576K
Event: 22.494 GC heap after
Heap after GC invocations=9 (full 0):
 PSYoungGen      total 270848K, used 7819K [0x00000000d5d80000, 0x00000000f0a00000, 0x0000000100000000)
  eden space 262656K, 0% used [0x00000000d5d80000,0x00000000d5d80000,0x00000000e5e00000)
  from space 8192K, 95% used [0x00000000e5e00000,0x00000000e65a2f90,0x00000000e6600000)
  to   space 9216K, 0% used [0x00000000f0100000,0x00000000f0100000,0x00000000f0a00000)
 ParOldGen       total 87552K, used 24667K [0x0000000081800000, 0x0000000086d80000, 0x00000000d5d80000)
  object space 87552K, 28% used [0x0000000081800000,0x0000000083016c98,0x0000000086d80000)
 Metaspace       used 19567K, capacity 19798K, committed 20096K, reserved 1067008K
  class space    used 2249K, capacity 2353K, committed 2432K, reserved 1048576K
}

Deoptimization events (10 events):
Event: 7.593 Thread 0x00000000196e1800 Uncommon trap: reason=unstable_if action=reinterpret pc=0x00000000031cc7e8 method=java.util.HashMap.hash(Ljava/lang/Object;)I @ 1
Event: 7.721 Thread 0x000000001e18c800 Uncommon trap: reason=unstable_if action=reinterpret pc=0x0000000003154734 method=com.googlecode.javacv.cpp.opencv_core$IplImage.flipCopyWithGamma(Ljava/nio/ByteBuffer;ILjava/nio/ByteBuffer;IZDZI)V @ 50
Event: 15.670 Thread 0x00000000196e1800 Uncommon trap: reason=range_check action=make_not_entrant pc=0x000000000363dfb0 method=java.util.ComparableTimSort.countRunAndMakeAscending([Ljava/lang/Object;II)I @ 35
Event: 21.437 Thread 0x00000000196e1800 Uncommon trap: reason=unstable_if action=reinterpret pc=0x00000000036735a0 method=javax.swing.plaf.nimbus.NimbusStyle.get(Ljavax/swing/plaf/synth/SynthContext;Ljava/lang/Object;)Ljava/lang/Object; @ 67
Event: 21.437 Thread 0x00000000196e1800 Uncommon trap: reason=unstable_if action=reinterpret pc=0x000000000369b73c method=javax.swing.plaf.synth.SynthStyle.getFont(Ljavax/swing/plaf/synth/SynthContext;)Ljava/awt/Font; @ 10
Event: 21.893 Thread 0x00000000196e1800 Uncommon trap: reason=unstable_if action=reinterpret pc=0x0000000003606e10 method=java.awt.KeyboardFocusManager.getFocusOwner()Ljava/awt/Component; @ 8
Event: 21.894 Thread 0x00000000196e1800 Uncommon trap: reason=unstable_if action=reinterpret pc=0x00000000034d7dc0 method=javax.swing.JComponent.getClientProperty(Ljava/lang/Object;)Ljava/lang/Object; @ 16
Event: 22.125 Thread 0x00000000196e1800 Uncommon trap: reason=unstable_if action=reinterpret pc=0x000000000371c470 method=javax.swing.SwingUtilities.computeIntersection(IIIILjava/awt/Rectangle;)Ljava/awt/Rectangle; @ 34
Event: 22.163 Thread 0x000000001dfc1000 Uncommon trap: reason=unstable_if action=reinterpret pc=0x0000000003739670 method=java.security.AccessControlContext.optimize()Ljava/security/AccessControlContext; @ 20
Event: 24.543 Thread 0x00000000196e1800 Uncommon trap: reason=null_check action=make_not_entrant pc=0x00000000037f578c method=javax.swing.plaf.nimbus.NimbusDefaults$LazyStyle.matches(Ljava/awt/Component;I)Z @ 39

Classes redefined (0 events):
No events

Internal exceptions (10 events):
Event: 6.779 Thread 0x00000000196e1800 Implicit null exception at 0x000000000322a556 to 0x000000000322a8f1
Event: 6.780 Thread 0x00000000196e1800 Implicit null exception at 0x0000000003223456 to 0x00000000032237e9
Event: 7.593 Thread 0x00000000196e1800 Implicit null exception at 0x00000000031cc76f to 0x00000000031cc7d9
Event: 21.437 Thread 0x00000000196e1800 Implicit null exception at 0x0000000003672c8f to 0x0000000003673582
Event: 21.893 Thread 0x00000000196e1800 Implicit null exception at 0x0000000003606bec to 0x0000000003606e01
Event: 22.163 Thread 0x000000001dfc1000 Implicit null exception at 0x0000000003738b04 to 0x0000000003739659
Event: 24.543 Thread 0x00000000196e1800 Implicit null exception at 0x00000000037f4111 to 0x00000000037f5775
Event: 25.112 Thread 0x000000001e0b9000 Exception <a 'java/lang/InterruptedException'> (0x00000000d93fee60) thrown at [C:\re\workspace\8-2-build-windows-amd64-cygwin\jdk8u161\10277\hotspot\src\share\vm\runtime\objectMonitor.cpp, line 1684]
Event: 25.113 Thread 0x000000001e191000 Exception <a 'java/net/SocketException': Socket closed> (0x00000000d936aa88) thrown at [C:\re\workspace\8-2-build-windows-amd64-cygwin\jdk8u161\10277\hotspot\src\share\vm\prims\jni.cpp, line 735]
Event: 25.114 Thread 0x000000001e191800 Exception <a 'java/lang/InterruptedException'> (0x00000000dd0d8678) thrown at [C:\re\workspace\8-2-build-windows-amd64-cygwin\jdk8u161\10277\hotspot\src\share\vm\runtime\objectMonitor.cpp, line 1684]

Events (10 events):
Event: 25.118 Thread 0x000000001e191800 Thread exited: 0x000000001e191800
Event: 25.118 Thread 0x000000001e191000 Thread exited: 0x000000001e191000
Event: 25.118 Thread 0x000000001e18b000 Thread exited: 0x000000001e18b000
Event: 25.118 Executing VM operation: RevokeBias
Event: 25.118 Executing VM operation: RevokeBias done
Event: 25.118 Thread 0x0000000019ece800 Thread exited: 0x0000000019ece800
Event: 25.118 Executing VM operation: RevokeBias
Event: 25.119 Executing VM operation: RevokeBias done
Event: 25.119 Executing VM operation: RevokeBias
Event: 25.119 Executing VM operation: RevokeBias done


Dynamic libraries:
0x00007ff7e58c0000 - 0x00007ff7e58f7000 	C:\Program Files\Java\jdk1.8.0_161\bin\java.exe
0x00007fff148b0000 - 0x00007fff14a91000 	C:\WINDOWS\SYSTEM32\ntdll.dll
0x00007fff0cf90000 - 0x00007fff0cfa2000 	C:\Program Files\AVAST Software\Avast\aswhook.dll
0x00007fff12240000 - 0x00007fff122f1000 	C:\WINDOWS\System32\KERNEL32.DLL
0x00007fff11240000 - 0x00007fff114b3000 	C:\WINDOWS\System32\KERNELBASE.dll
0x00007fff11de0000 - 0x00007fff11e81000 	C:\WINDOWS\System32\ADVAPI32.dll
0x00007fff12370000 - 0x00007fff1240e000 	C:\WINDOWS\System32\msvcrt.dll
0x00007fff147c0000 - 0x00007fff1481b000 	C:\WINDOWS\System32\sechost.dll
0x00007fff13bc0000 - 0x00007fff13ce4000 	C:\WINDOWS\System32\RPCRT4.dll
0x00007fff13cf0000 - 0x00007fff13e80000 	C:\WINDOWS\System32\USER32.dll
0x00007fff10c80000 - 0x00007fff10ca0000 	C:\WINDOWS\System32\win32u.dll
0x00007fff12210000 - 0x00007fff12238000 	C:\WINDOWS\System32\GDI32.dll
0x00007fff110a0000 - 0x00007fff11231000 	C:\WINDOWS\System32\gdi32full.dll
0x00007fff11590000 - 0x00007fff1162f000 	C:\WINDOWS\System32\msvcp_win.dll
0x00007fff10ca0000 - 0x00007fff10d98000 	C:\WINDOWS\System32\ucrtbase.dll
0x00007fff088a0000 - 0x00007fff08b09000 	C:\WINDOWS\WinSxS\amd64_microsoft.windows.common-controls_6595b64144ccf1df_6.0.17134.885_none_fb42a3473065565f\COMCTL32.dll
0x00007fff14490000 - 0x00007fff147b2000 	C:\WINDOWS\System32\combase.dll
0x00007fff11510000 - 0x00007fff11589000 	C:\WINDOWS\System32\bcryptPrimitives.dll
0x00007fff12590000 - 0x00007fff125bd000 	C:\WINDOWS\System32\IMM32.DLL
0x0000000072180000 - 0x0000000072252000 	C:\Program Files\Java\jdk1.8.0_161\jre\bin\msvcr100.dll
0x0000000072260000 - 0x0000000072aff000 	C:\Program Files\Java\jdk1.8.0_161\jre\bin\server\jvm.dll
0x00007fff125c0000 - 0x00007fff125c8000 	C:\WINDOWS\System32\PSAPI.DLL
0x00007fff07a70000 - 0x00007fff07a79000 	C:\WINDOWS\SYSTEM32\WSOCK32.dll
0x00007fff125d0000 - 0x00007fff1263c000 	C:\WINDOWS\System32\WS2_32.dll
0x00007fff0e910000 - 0x00007fff0e933000 	C:\WINDOWS\SYSTEM32\WINMM.dll
0x00007fff092a0000 - 0x00007fff092aa000 	C:\WINDOWS\SYSTEM32\VERSION.dll
0x00007fff0e8e0000 - 0x00007fff0e90a000 	C:\WINDOWS\SYSTEM32\WINMMBASE.dll
0x00007fff114c0000 - 0x00007fff11509000 	C:\WINDOWS\System32\cfgmgr32.dll
0x0000000073030000 - 0x000000007303f000 	C:\Program Files\Java\jdk1.8.0_161\jre\bin\verify.dll
0x0000000072150000 - 0x0000000072179000 	C:\Program Files\Java\jdk1.8.0_161\jre\bin\java.dll
0x0000000072130000 - 0x0000000072146000 	C:\Program Files\Java\jdk1.8.0_161\jre\bin\zip.dll
0x00007fff126a0000 - 0x00007fff13ae0000 	C:\WINDOWS\System32\SHELL32.dll
0x00007fff13e80000 - 0x00007fff13f29000 	C:\WINDOWS\System32\shcore.dll
0x00007fff11630000 - 0x00007fff11d3d000 	C:\WINDOWS\System32\windows.storage.dll
0x00007fff12310000 - 0x00007fff12361000 	C:\WINDOWS\System32\shlwapi.dll
0x00007fff10c40000 - 0x00007fff10c51000 	C:\WINDOWS\System32\kernel.appcore.dll
0x00007fff10c60000 - 0x00007fff10c7f000 	C:\WINDOWS\System32\profapi.dll
0x00007fff10bf0000 - 0x00007fff10c3c000 	C:\WINDOWS\System32\powrprof.dll
0x00007fff10be0000 - 0x00007fff10bea000 	C:\WINDOWS\System32\FLTLIB.DLL
0x0000000071f50000 - 0x00000000720e8000 	C:\Program Files\Java\jdk1.8.0_161\jre\bin\awt.dll
0x00007fff13ae0000 - 0x00007fff13ba2000 	C:\WINDOWS\System32\OLEAUT32.dll
0x00007fff0ef50000 - 0x00007fff0efdb000 	C:\WINDOWS\SYSTEM32\apphelp.dll
0x00007fff0f280000 - 0x00007fff0f318000 	C:\WINDOWS\system32\uxtheme.dll
0x00007fff12410000 - 0x00007fff12583000 	C:\WINDOWS\System32\MSCTF.dll
0x00007fff0f350000 - 0x00007fff0f379000 	C:\WINDOWS\system32\dwmapi.dll
0x00007fff11e90000 - 0x00007fff11fe1000 	C:\WINDOWS\System32\ole32.dll
0x0000000071f00000 - 0x0000000071f47000 	C:\Program Files\Java\jdk1.8.0_161\jre\bin\fontmanager.dll
0x0000000071cd0000 - 0x0000000071da1000 	C:\Users\joaoq\AppData\Local\Temp\javacpp617312786378752\msvcr100.dll
0x0000000071c30000 - 0x0000000071cc8000 	C:\Users\joaoq\AppData\Local\Temp\javacpp617312786378752\msvcp100.dll
0x0000000066840000 - 0x00000000676b4000 	C:\Users\joaoq\AppData\Local\Temp\javacpp617312786378752\opencv_ffmpeg248_64.dll
0x00007ffeda630000 - 0x00007ffeda8a2000 	C:\Users\joaoq\AppData\Local\Temp\javacpp617312786378752\opencv_core248.dll
0x00007ffed53b0000 - 0x00007ffed5662000 	C:\Users\joaoq\AppData\Local\Temp\javacpp617312786378752\opencv_imgproc248.dll
0x00007ffeca040000 - 0x00007ffeca28d000 	C:\Users\joaoq\AppData\Local\Temp\javacpp617312786378752\opencv_highgui248.dll
0x00007fff04df0000 - 0x00007fff04e0f000 	C:\WINDOWS\SYSTEM32\AVIFIL32.dll
0x00007fff03d20000 - 0x00007fff03d49000 	C:\WINDOWS\SYSTEM32\MSVFW32.dll
0x00007fff03d00000 - 0x00007fff03d18000 	C:\WINDOWS\SYSTEM32\AVICAP32.dll
0x00007fff0c100000 - 0x00007fff0c11c000 	C:\WINDOWS\SYSTEM32\MSACM32.dll
0x00007fff00fd0000 - 0x00007fff00fe3000 	C:\Users\joaoq\AppData\Local\Temp\javacpp617312786378752\jniopencv_highgui.dll
0x00007fff103e0000 - 0x00007fff10446000 	C:\WINDOWS\system32\mswsock.dll
0x00007fff10590000 - 0x00007fff105a7000 	C:\WINDOWS\SYSTEM32\CRYPTSP.dll
0x00007fff0ffd0000 - 0x00007fff10003000 	C:\WINDOWS\system32\rsaenh.dll
0x00007fff106c0000 - 0x00007fff106e5000 	C:\WINDOWS\SYSTEM32\bcrypt.dll
0x00007fff105b0000 - 0x00007fff105bb000 	C:\WINDOWS\SYSTEM32\CRYPTBASE.dll
0x00007fff0c2b0000 - 0x00007fff0c2c6000 	C:\WINDOWS\system32\napinsp.dll
0x00007fff0bc00000 - 0x00007fff0bc1a000 	C:\WINDOWS\system32\pnrpnsp.dll
0x00007fff0d770000 - 0x00007fff0d789000 	C:\WINDOWS\system32\NLAapi.dll
0x00007fff101b0000 - 0x00007fff1026e000 	C:\WINDOWS\SYSTEM32\DNSAPI.dll
0x00007fff13bb0000 - 0x00007fff13bb8000 	C:\WINDOWS\System32\NSI.dll
0x00007fff10170000 - 0x00007fff101a8000 	C:\WINDOWS\SYSTEM32\IPHLPAPI.DLL
0x00007fff0c480000 - 0x00007fff0c48e000 	C:\WINDOWS\System32\winrnr.dll
0x00007fff04f90000 - 0x00007fff04fa5000 	C:\WINDOWS\System32\wshbth.dll
0x00007ffef5460000 - 0x00007ffef54fa000 	C:\Users\joaoq\AppData\Local\Temp\javacpp617312786378752\jniopencv_core.dll
0x00007ffef5300000 - 0x00007ffef5420000 	C:\WINDOWS\system32\opengl32.dll
0x00007ffeff170000 - 0x00007ffeff19c000 	C:\WINDOWS\SYSTEM32\GLU32.dll
0x0000000072110000 - 0x000000007212a000 	C:\Program Files\Java\jdk1.8.0_161\jre\bin\net.dll
0x00000000720f0000 - 0x0000000072101000 	C:\Program Files\Java\jdk1.8.0_161\jre\bin\nio.dll
0x00007fff0a280000 - 0x00007fff0a28a000 	C:\Windows\System32\rasadhlp.dll
0x00007fff0a640000 - 0x00007fff0a6b2000 	C:\WINDOWS\System32\fwpuclnt.dll
0x0000000071c20000 - 0x0000000071c27000 	C:\Program Files\Java\jdk1.8.0_161\jre\bin\jawt.dll
0x000000001b1a0000 - 0x000000001b1de000 	C:\Program Files\Java\jdk1.8.0_161\jre\bin\j3dcore-ogl.dll
0x00007ffecf0b0000 - 0x00007ffecfbf7000 	C:\WINDOWS\SYSTEM32\ig75icd64.dll
0x00007ffeeca80000 - 0x00007ffeed4bf000 	C:\WINDOWS\SYSTEM32\igdusc64.dll
0x00007fff0ceb0000 - 0x00007fff0cec3000 	C:\WINDOWS\SYSTEM32\WTSAPI32.dll
0x0000000071eb0000 - 0x0000000071ef2000 	C:\Program Files\Java\jdk1.8.0_161\jre\bin\t2k.dll
0x00007ffefc090000 - 0x00007ffefc126000 	C:\WINDOWS\System32\TextInputFramework.dll
0x00007ffefbd70000 - 0x00007ffefc08e000 	C:\WINDOWS\System32\CoreUIComponents.dll
0x00007fff0ed40000 - 0x00007fff0ee1a000 	C:\WINDOWS\System32\CoreMessaging.dll
0x00007fff0fcc0000 - 0x00007fff0fcf1000 	C:\WINDOWS\SYSTEM32\ntmarta.dll
0x00007fff0c9e0000 - 0x00007fff0cb2d000 	C:\WINDOWS\SYSTEM32\wintypes.dll
0x0000000071e70000 - 0x0000000071e9a000 	C:\Program Files\Java\jdk1.8.0_161\jre\bin\dcpr.dll
0x00007fff0fa50000 - 0x00007fff0fb0b000 	C:\WINDOWS\SYSTEM32\dxgi.dll
0x00007fff0da30000 - 0x00007fff0dd3b000 	C:\WINDOWS\SYSTEM32\d3d11.dll
0x00007fff04bf0000 - 0x00007fff04db9000 	C:\WINDOWS\SYSTEM32\dbghelp.dll

VM Arguments:
jvm_args: -Dfile.encoding=UTF-8 
java_command: serial.JFMain
java_class_path (initial): C:\Program Files\Java\jre1.8.0_191\lib\ext\RXTXcomm.jar;C:\Program Files\NetBeans 8.2\java\modules\ext\AbsoluteLayout.jar;C:\Users\joaoq\Downloads\opencv\build\java\opencv-347.jar;C:\Users\joaoq\Downloads\IP-Camera-Java-CV-Libraries-master\javacv.jar;C:\Users\joaoq\Downloads\IP-Camera-Java-CV-Libraries-master\javacpp.jar;C:\Users\joaoq\Downloads\IP-Camera-Java-CV-Libraries-master\javacv-windows-x86.jar;C:\Users\joaoq\Downloads\IP-Camera-Java-CV-Libraries-master\javacv-windows-x86_64.jar;C:\Users\joaoq\Downloads\IP-Camera-Java-CV-Libraries-master\opencv-2.4.8-windows-x86.jar;C:\Users\joaoq\Downloads\IP-Camera-Java-CV-Libraries-master\opencv-2.4.8-windows-x86_64.jar;C:\Users\joaoq\Downloads\org.eclipse.paho.client.mqttv3-1.2.0.jar;C:\Users\joaoq\Google Drive\TCC João Pedro Quintino\TCC2\Software PC\ReadWriteSerial\build\classes
Launcher Type: SUN_STANDARD

Environment Variables:
JAVA_HOME=C:\Program Files\Java\jdk1.8.0_161
CLASSPATH=C:\Program Files\Java\jdk1.8.0_161\lib;C:\jflex-1.6.1\lib\jflex-1.6.1.jar
PATH=C:\Program Files (x86)\Common Files\Oracle\Java\javapath;C:\ProgramData\Oracle\Java\javapath;C:\Program Files (x86)\Intel\iCLS Client\;C:\Program Files\Intel\iCLS Client\;C:\Windows\system32;C:\Windows;C:\Windows\System32\Wbem;C:\Windows\System32\WindowsPowerShell\v1.0\;C:\Program Files (x86)\Intel\Intel(R) Management Engine Components\DAL;C:\Program Files\Intel\Intel(R) Management Engine Components\DAL;C:\Program Files (x86)\Intel\Intel(R) Management Engine Components\IPT;C:\Program Files\Intel\Intel(R) Management Engine Components\IPT;C:\Program Files (x86)\NVIDIA Corporation\PhysX\Common;C:\WINDOWS\system32;C:\WINDOWS;C:\WINDOWS\System32\Wbem;C:\WINDOWS\System32\WindowsPowerShell\v1.0\;C:\Program Files\Java\jdk1.8.0_161\bin;C:\WINDOWS\System32\OpenSSH\;C:\Program Files\MATLAB\R2018a\runtime\win64;C:\Program Files\MATLAB\R2018a\bin;D:\Program Files\nodejs\;D:\Program Files\Microsoft VS Code\bin;D:\Program Files (x86)\Yarn\bin\;C:\Program Files\Git\cmd;C:\Users\joaoq\AppData\Local\Programs\Python\Python37-32\Scripts\;C:\Users\joaoq\AppData\Local\Programs\Python\Python37-32\;C:\Users\joaoq\AppData\Local\Microsoft\WindowsApps;C:\Users\joaoq\AppData\Roaming\npm;C:\Users\joaoq\AppData\Local\Yarn\bin;D:\Program Files\Docker Toolbox
USERNAME=joaoq
OS=Windows_NT
PROCESSOR_IDENTIFIER=Intel64 Family 6 Model 69 Stepping 1, GenuineIntel



---------------  S Y S T E M  ---------------

OS: Windows 10.0 , 64 bit Build 17134 (10.0.17134.753)

CPU:total 4 (initial active 4) (2 cores per cpu, 2 threads per core) family 6 model 69 stepping 1, cmov, cx8, fxsr, mmx, sse, sse2, sse3, ssse3, sse4.1, sse4.2, popcnt, avx, avx2, aes, clmul, erms, lzcnt, ht, tsc, tscinvbit, bmi1, bmi2

Memory: 4k page, physical 8289792k(1848540k free), swap 11699404k(2589284k free)

vm_info: Java HotSpot(TM) 64-Bit Server VM (25.161-b12) for windows-amd64 JRE (1.8.0_161-b12), built on Dec 19 2017 17:52:25 by "java_re" with MS VC++ 10.0 (VS2010)

time: Thu Aug 01 20:25:51 2019
elapsed time: 25 seconds (0d 0h 0m 25s)

