#
# A fatal error has been detected by the Java Runtime Environment:
#
#  EXCEPTION_ACCESS_VIOLATION (0xc0000005) at pc=0x000000006684c380, pid=8460, tid=0x0000000000002040
#
# JRE version: Java(TM) SE Runtime Environment (8.0_161-b12) (build 1.8.0_161-b12)
# Java VM: Java HotSpot(TM) 64-Bit Server VM (25.161-b12 mixed mode windows-amd64 compressed oops)
# Problematic frame:
# C  [opencv_ffmpeg248_64.dll+0xc380]
#
# Failed to write core dump. Minidumps are not enabled by default on client versions of Windows
#
# If you would like to submit a bug report, please visit:
#   http://bugreport.java.com/bugreport/crash.jsp
# The crash happened outside the Java Virtual Machine in native code.
# See problematic frame for where to report the bug.
#

---------------  T H R E A D  ---------------

Current thread (0x0000000019ab7000):  JavaThread "Thread-4" [_thread_in_native, id=8256, stack(0x0000000064380000,0x0000000064480000)]

siginfo: ExceptionCode=0xc0000005, reading address 0x000000001a0a52e4

Registers:
RAX=0x0000000000000000, RBX=0x0000000000e4c2c0, RCX=0x000000001a0a4e90, RDX=0x0000000000e4c558
RSP=0x000000006447f310, RBP=0x8000000000000000, RSI=0x0000000000e4c558, RDI=0x0000000000000001
R8 =0x0000000000000064, R9 =0x0000000064477598, R10=0x0000000000000000, R11=0x0000000064477540
R12=0x0000000000000000, R13=0x000000001710fe70, R14=0x000000006447f578, R15=0x0000000019ab7000
RIP=0x000000006684c380, EFLAGS=0x0000000000010202

Top of Stack: (sp=0x000000006447f310)
0x000000006447f310:   0000000000000031 00000000d62d77f0
0x000000006447f320:   000000006447f5c8 0000000019846f80
0x000000006447f330:   0000000000000000 0000000066e4d581
0x000000006447f340:   000000006447f4f8 000000006684346a
0x000000006447f350:   0000000000e4cb20 0000000000e4cb18
0x000000006447f360:   0000000000e4c2c0 0000000000e4c2c0
0x000000006447f370:   0000000000e4c558 0000000000000001
0x000000006447f380:   8000000000000000 0000000000000000
0x000000006447f390:   000000001710fe70 000000006447f578
0x000000006447f3a0:   0000000019ab7000 00000000668422c8
0x000000006447f3b0:   0000000019ab7000 000000007236de8c
0x000000006447f3c0:   0000000100064e10 0000000000000005
0x000000006447f3d0:   00000000d62d7c40 00000000723a8690
0x000000006447f3e0:   000000001710fe70 0000000000000108
0x000000006447f3f0:   0000000002ad80e0 000000006447f558
0x000000006447f400:   0000000000000000 0000000066843429 

Instructions: (pc=0x000000006684c380)
0x000000006684c360:   f8 ff ff 66 66 66 66 2e 0f 1f 84 00 00 00 00 00
0x000000006684c370:   41 57 41 56 41 55 41 54 55 57 56 53 48 83 ec 58
0x000000006684c380:   f6 81 54 04 00 00 01 49 bc 00 00 00 00 00 00 00
0x000000006684c390:   80 48 8d 81 00 05 00 00 48 89 cb 48 89 d6 c7 44 


Register to memory mapping:

RAX=0x0000000000000000 is an unknown value
RBX=0x0000000000e4c2c0 is an unknown value
RCX=0x000000001a0a4e90 is an unknown value
RDX=0x0000000000e4c558 is an unknown value
RSP=0x000000006447f310 is pointing into the stack for thread: 0x0000000019ab7000
RBP=0x8000000000000000 is an unknown value
RSI=0x0000000000e4c558 is an unknown value
RDI=0x0000000000000001 is an unknown value
R8 =0x0000000000000064 is an unknown value
R9 =0x0000000064477598 is pointing into the stack for thread: 0x0000000019ab7000
R10=0x0000000000000000 is an unknown value
R11=0x0000000064477540 is pointing into the stack for thread: 0x0000000019ab7000
R12=0x0000000000000000 is an unknown value
R13={method} {0x000000001710fe78} 'cvGrabFrame' '(Lcom/googlecode/javacv/cpp/opencv_highgui$CvCapture;)I' in 'com/googlecode/javacv/cpp/opencv_highgui'
R14=0x000000006447f578 is pointing into the stack for thread: 0x0000000019ab7000
R15=0x0000000019ab7000 is a thread


Stack: [0x0000000064380000,0x0000000064480000],  sp=0x000000006447f310,  free space=1020k
Native frames: (J=compiled Java code, j=interpreted, Vv=VM code, C=native code)
C  [opencv_ffmpeg248_64.dll+0xc380]
C  [opencv_ffmpeg248_64.dll+0x22c8]
C  [opencv_ffmpeg248_64.dll+0x3429]
C  [opencv_highgui248.dll+0x3323]
C  [opencv_highgui248.dll+0x10e1]
C  [jniopencv_highgui.dll+0x756b]
C  0x0000000002ae8c67

Java frames: (J=compiled Java code, j=interpreted, Vv=VM code)
j  com.googlecode.javacv.cpp.opencv_highgui.cvGrabFrame(Lcom/googlecode/javacv/cpp/opencv_highgui$CvCapture;)I+0
j  com.googlecode.javacv.OpenCVFrameGrabber.grab()Lcom/googlecode/javacv/cpp/opencv_core$IplImage;+33
j  serial.CameraHandler.run()V+19
j  java.lang.Thread.run()V+11
v  ~StubRoutines::call_stub

---------------  P R O C E S S  ---------------

Java Threads: ( => current thread )
  0x000000001d9c6800 JavaThread "DestroyJavaVM" [_thread_blocked, id=18196, stack(0x00000000026f0000,0x00000000027f0000)]
  0x000000001d9c8000 JavaThread "J3D-InputDeviceScheduler-1" [_thread_blocked, id=15388, stack(0x0000000064e80000,0x0000000064f80000)]
  0x000000001d9cd000 JavaThread "J3D-SoundSchedulerUpdateThread-1" [_thread_blocked, id=17064, stack(0x0000000064d80000,0x0000000064e80000)]
  0x000000001d9cc800 JavaThread "J3D-RenderStructureUpdateThread-1" [_thread_blocked, id=9032, stack(0x0000000064c80000,0x0000000064d80000)]
  0x000000001d9c9800 JavaThread "J3D-BehaviorScheduler-1" [_thread_blocked, id=4168, stack(0x0000000064a80000,0x0000000064b80000)]
  0x000000001d9cb000 JavaThread "J3D-TransformStructureUpdateThread-1" [_thread_blocked, id=664, stack(0x0000000064980000,0x0000000064a80000)]
  0x000000001d9ca000 JavaThread "J3D-RenderingEnvironmentStructureUpdateThread-1" [_thread_blocked, id=17256, stack(0x0000000064880000,0x0000000064980000)]
  0x000000001d9c8800 JavaThread "J3D-SoundStructureUpdateThread-1" [_thread_blocked, id=14664, stack(0x0000000064780000,0x0000000064880000)]
  0x000000001d9cb800 JavaThread "MQTT Ping: cliente_java_1564700912715" [_thread_blocked, id=5056, stack(0x0000000064680000,0x0000000064780000)]
  0x0000000019aba800 JavaThread "J3D-GeometryStructureUpdateThread-1" [_thread_blocked, id=10808, stack(0x0000000064580000,0x0000000064680000)]
  0x0000000019ab8800 JavaThread "J3D-BehaviorStructureUpdateThread-1" [_thread_blocked, id=8132, stack(0x0000000064480000,0x0000000064580000)]
=>0x0000000019ab7000 JavaThread "Thread-4" [_thread_in_native, id=8256, stack(0x0000000064380000,0x0000000064480000)]
  0x0000000019ab6800 JavaThread "TimerQueue" daemon [_thread_blocked, id=18108, stack(0x0000000064180000,0x0000000064280000)]
  0x0000000019ab5800 JavaThread "pool-2-thread-4" [_thread_blocked, id=12244, stack(0x0000000064080000,0x0000000064180000)]
  0x0000000019ab5000 JavaThread "MQTT Snd: cliente_java_1564700912715" [_thread_blocked, id=12312, stack(0x0000000063f80000,0x0000000064080000)]
  0x0000000019abb000 JavaThread "MQTT Call: cliente_java_1564700912715" [_thread_blocked, id=596, stack(0x0000000063e80000,0x0000000063f80000)]
  0x0000000019ab9800 JavaThread "MQTT Rec: cliente_java_1564700912715" [_thread_in_native, id=16368, stack(0x000000001f140000,0x000000001f240000)]
  0x0000000019abc000 JavaThread "J3D-Renderer-1" [_thread_blocked, id=13964, stack(0x000000001f040000,0x000000001f140000)]
  0x0000000019e10800 JavaThread "J3D-MasterControl-1" [_thread_blocked, id=18028, stack(0x000000001ef40000,0x000000001f040000)]
  0x000000001da78000 JavaThread "J3D-NotificationThread" [_thread_blocked, id=9300, stack(0x000000001ee40000,0x000000001ef40000)]
  0x0000000019eb2000 JavaThread "J3D-TimerThread" [_thread_blocked, id=15312, stack(0x000000001ed40000,0x000000001ee40000)]
  0x000000001daf0800 JavaThread "J3D-RenderingAttributesStructureUpdateThread" [_thread_blocked, id=8016, stack(0x000000001eb50000,0x000000001ec50000)]
  0x000000001911d000 JavaThread "AWT-EventQueue-0" [_thread_blocked, id=13960, stack(0x000000001d680000,0x000000001d780000)]
  0x000000001911c000 JavaThread "AWT-Shutdown" [_thread_blocked, id=13944, stack(0x000000001d580000,0x000000001d680000)]
  0x000000001978b800 JavaThread "Java2D Disposer" daemon [_thread_blocked, id=12260, stack(0x0000000019ee0000,0x0000000019fe0000)]
  0x000000001767c800 JavaThread "Service Thread" daemon [_thread_blocked, id=5580, stack(0x0000000019390000,0x0000000019490000)]
  0x0000000018ea0800 JavaThread "C1 CompilerThread2" daemon [_thread_blocked, id=15860, stack(0x0000000019290000,0x0000000019390000)]
  0x0000000017624000 JavaThread "C2 CompilerThread1" daemon [_thread_blocked, id=15424, stack(0x0000000018d90000,0x0000000018e90000)]
  0x0000000017621000 JavaThread "C2 CompilerThread0" daemon [_thread_in_native, id=15640, stack(0x0000000018c90000,0x0000000018d90000)]
  0x000000001761d000 JavaThread "Attach Listener" daemon [_thread_blocked, id=17120, stack(0x0000000018b90000,0x0000000018c90000)]
  0x000000001761b800 JavaThread "Signal Dispatcher" daemon [_thread_blocked, id=16136, stack(0x0000000018a90000,0x0000000018b90000)]
  0x00000000029dd800 JavaThread "Finalizer" daemon [_thread_blocked, id=10072, stack(0x0000000018880000,0x0000000018980000)]
  0x00000000029d2000 JavaThread "Reference Handler" daemon [_thread_blocked, id=14612, stack(0x0000000018780000,0x0000000018880000)]

Other Threads:
  0x00000000175e8000 VMThread [stack: 0x0000000018680000,0x0000000018780000] [id=2436]
  0x0000000018ee2800 WatcherThread [stack: 0x0000000019490000,0x0000000019590000] [id=16436]

VM state:not at safepoint (normal execution)

VM Mutex/Monitor currently owned by a thread: None

Heap:
 PSYoungGen      total 273920K, used 194328K [0x00000000d5d80000, 0x00000000e7280000, 0x0000000100000000)
  eden space 265728K, 70% used [0x00000000d5d80000,0x00000000e14692c0,0x00000000e6100000)
  from space 8192K, 85% used [0x00000000e6980000,0x00000000e705cd50,0x00000000e7180000)
  to   space 8704K, 0% used [0x00000000e6100000,0x00000000e6100000,0x00000000e6980000)
 ParOldGen       total 87552K, used 11240K [0x0000000081800000, 0x0000000086d80000, 0x00000000d5d80000)
  object space 87552K, 12% used [0x0000000081800000,0x00000000822fa050,0x0000000086d80000)
 Metaspace       used 19521K, capacity 19818K, committed 20096K, reserved 1067008K
  class space    used 2252K, capacity 2382K, committed 2432K, reserved 1048576K

Card table byte_map: [0x0000000011e90000,0x0000000012290000] byte_map_base: 0x0000000011a84000

Marking Bits: (ParMarkBitMap*) 0x0000000072a7f860
 Begin Bits: [0x0000000012940000, 0x00000000148e0000)
 End Bits:   [0x00000000148e0000, 0x0000000016880000)

Polling page: 0x0000000000dc0000

CodeCache: size=245760Kb used=7712Kb max_used=7721Kb free=238048Kb
 bounds [0x0000000002ad0000, 0x0000000003270000, 0x0000000011ad0000]
 total_blobs=2789 nmethods=2107 adapters=593
 compilation: enabled

Compilation events (10 events):
Event: 20.984 Thread 0x0000000017624000 2213   !   4       sun.font.FontDesignMetrics::getMetrics (265 bytes)
Event: 20.985 Thread 0x0000000018ea0800 nmethod 2212 0x0000000003240290 code [0x0000000003240480, 0x0000000003240f08]
Event: 20.987 Thread 0x0000000018ea0800 2214   !   3       javax.swing.RepaintManager::getDoubleBufferMaximumSize (110 bytes)
Event: 20.988 Thread 0x0000000018ea0800 nmethod 2214 0x0000000003259d90 code [0x0000000003259fe0, 0x000000000325ae08]
Event: 20.988 Thread 0x0000000018ea0800 2215       3       java.awt.image.VolatileImage::getGraphics (5 bytes)
Event: 20.988 Thread 0x0000000018ea0800 nmethod 2215 0x0000000003251ad0 code [0x0000000003251c40, 0x0000000003251e48]
Event: 20.989 Thread 0x0000000018ea0800 2216       3       sun.java2d.SurfaceDataProxy$1::replaceData (2 bytes)
Event: 20.989 Thread 0x0000000018ea0800 nmethod 2216 0x000000000323ff50 code [0x00000000032400a0, 0x00000000032401f0]
Event: 20.989 Thread 0x0000000018ea0800 2217       3       sun.java2d.windows.GDIBlitLoops::Blit (37 bytes)
Event: 20.989 Thread 0x0000000018ea0800 nmethod 2217 0x00000000032547d0 code [0x0000000003254940, 0x0000000003254b88]

GC Heap History (10 events):
Event: 9.151 GC heap before
{Heap before GC invocations=4 (full 0):
 PSYoungGen      total 38400K, used 36043K [0x00000000d5d80000, 0x00000000da880000, 0x0000000100000000)
  eden space 33280K, 92% used [0x00000000d5d80000,0x00000000d7bb7cf0,0x00000000d7e00000)
  from space 5120K, 99% used [0x00000000d7e00000,0x00000000d82fb010,0x00000000d8300000)
  to   space 5120K, 0% used [0x00000000da380000,0x00000000da380000,0x00000000da880000)
 ParOldGen       total 87552K, used 3384K [0x0000000081800000, 0x0000000086d80000, 0x00000000d5d80000)
  object space 87552K, 3% used [0x0000000081800000,0x0000000081b4e100,0x0000000086d80000)
 Metaspace       used 18685K, capacity 19006K, committed 19328K, reserved 1067008K
  class space    used 2241K, capacity 2350K, committed 2432K, reserved 1048576K
Event: 9.159 GC heap after
Heap after GC invocations=4 (full 0):
 PSYoungGen      total 71680K, used 5100K [0x00000000d5d80000, 0x00000000da880000, 0x0000000100000000)
  eden space 66560K, 0% used [0x00000000d5d80000,0x00000000d5d80000,0x00000000d9e80000)
  from space 5120K, 99% used [0x00000000da380000,0x00000000da87b010,0x00000000da880000)
  to   space 5120K, 0% used [0x00000000d9e80000,0x00000000d9e80000,0x00000000da380000)
 ParOldGen       total 87552K, used 3424K [0x0000000081800000, 0x0000000086d80000, 0x00000000d5d80000)
  object space 87552K, 3% used [0x0000000081800000,0x0000000081b58100,0x0000000086d80000)
 Metaspace       used 18685K, capacity 19006K, committed 19328K, reserved 1067008K
  class space    used 2241K, capacity 2350K, committed 2432K, reserved 1048576K
}
Event: 9.526 GC heap before
{Heap before GC invocations=5 (full 0):
 PSYoungGen      total 71680K, used 69515K [0x00000000d5d80000, 0x00000000da880000, 0x0000000100000000)
  eden space 66560K, 96% used [0x00000000d5d80000,0x00000000d9c67f98,0x00000000d9e80000)
  from space 5120K, 99% used [0x00000000da380000,0x00000000da87b010,0x00000000da880000)
  to   space 5120K, 0% used [0x00000000d9e80000,0x00000000d9e80000,0x00000000da380000)
 ParOldGen       total 87552K, used 3424K [0x0000000081800000, 0x0000000086d80000, 0x00000000d5d80000)
  object space 87552K, 3% used [0x0000000081800000,0x0000000081b58100,0x0000000086d80000)
 Metaspace       used 18772K, capacity 19074K, committed 19328K, reserved 1067008K
  class space    used 2241K, capacity 2350K, committed 2432K, reserved 1048576K
Event: 9.534 GC heap after
Heap after GC invocations=5 (full 0):
 PSYoungGen      total 71680K, used 5100K [0x00000000d5d80000, 0x00000000def80000, 0x0000000100000000)
  eden space 66560K, 0% used [0x00000000d5d80000,0x00000000d5d80000,0x00000000d9e80000)
  from space 5120K, 99% used [0x00000000d9e80000,0x00000000da37b010,0x00000000da380000)
  to   space 8192K, 0% used [0x00000000de780000,0x00000000de780000,0x00000000def80000)
 ParOldGen       total 87552K, used 3464K [0x0000000081800000, 0x0000000086d80000, 0x00000000d5d80000)
  object space 87552K, 3% used [0x0000000081800000,0x0000000081b62100,0x0000000086d80000)
 Metaspace       used 18772K, capacity 19074K, committed 19328K, reserved 1067008K
  class space    used 2241K, capacity 2350K, committed 2432K, reserved 1048576K
}
Event: 10.545 GC heap before
{Heap before GC invocations=6 (full 0):
 PSYoungGen      total 71680K, used 69340K [0x00000000d5d80000, 0x00000000def80000, 0x0000000100000000)
  eden space 66560K, 96% used [0x00000000d5d80000,0x00000000d9c3c1d0,0x00000000d9e80000)
  from space 5120K, 99% used [0x00000000d9e80000,0x00000000da37b010,0x00000000da380000)
  to   space 8192K, 0% used [0x00000000de780000,0x00000000de780000,0x00000000def80000)
 ParOldGen       total 87552K, used 3464K [0x0000000081800000, 0x0000000086d80000, 0x00000000d5d80000)
  object space 87552K, 3% used [0x0000000081800000,0x0000000081b62100,0x0000000086d80000)
 Metaspace       used 18878K, capacity 19202K, committed 19328K, reserved 1067008K
  class space    used 2241K, capacity 2350K, committed 2432K, reserved 1048576K
Event: 10.553 GC heap after
Heap after GC invocations=6 (full 0):
 PSYoungGen      total 140288K, used 5260K [0x00000000d5d80000, 0x00000000dee80000, 0x0000000100000000)
  eden space 133120K, 0% used [0x00000000d5d80000,0x00000000d5d80000,0x00000000ddf80000)
  from space 7168K, 73% used [0x00000000de780000,0x00000000deca3010,0x00000000dee80000)
  to   space 7680K, 0% used [0x00000000ddf80000,0x00000000ddf80000,0x00000000de700000)
 ParOldGen       total 87552K, used 3472K [0x0000000081800000, 0x0000000086d80000, 0x00000000d5d80000)
  object space 87552K, 3% used [0x0000000081800000,0x0000000081b64100,0x0000000086d80000)
 Metaspace       used 18878K, capacity 19202K, committed 19328K, reserved 1067008K
  class space    used 2241K, capacity 2350K, committed 2432K, reserved 1048576K
}
Event: 13.645 GC heap before
{Heap before GC invocations=7 (full 0):
 PSYoungGen      total 140288K, used 137972K [0x00000000d5d80000, 0x00000000dee80000, 0x0000000100000000)
  eden space 133120K, 99% used [0x00000000d5d80000,0x00000000ddf1a308,0x00000000ddf80000)
  from space 7168K, 73% used [0x00000000de780000,0x00000000deca3010,0x00000000dee80000)
  to   space 7680K, 0% used [0x00000000ddf80000,0x00000000ddf80000,0x00000000de700000)
 ParOldGen       total 87552K, used 3472K [0x0000000081800000, 0x0000000086d80000, 0x00000000d5d80000)
  object space 87552K, 3% used [0x0000000081800000,0x0000000081b64100,0x0000000086d80000)
 Metaspace       used 19212K, capacity 19522K, committed 19840K, reserved 1067008K
  class space    used 2248K, capacity 2350K, committed 2432K, reserved 1048576K
Event: 13.658 GC heap after
Heap after GC invocations=7 (full 0):
 PSYoungGen      total 140800K, used 7059K [0x00000000d5d80000, 0x00000000e7180000, 0x0000000100000000)
  eden space 133120K, 0% used [0x00000000d5d80000,0x00000000d5d80000,0x00000000ddf80000)
  from space 7680K, 91% used [0x00000000ddf80000,0x00000000de664d50,0x00000000de700000)
  to   space 8192K, 0% used [0x00000000e6980000,0x00000000e6980000,0x00000000e7180000)
 ParOldGen       total 87552K, used 8508K [0x0000000081800000, 0x0000000086d80000, 0x00000000d5d80000)
  object space 87552K, 9% used [0x0000000081800000,0x000000008204f040,0x0000000086d80000)
 Metaspace       used 19212K, capacity 19522K, committed 19840K, reserved 1067008K
  class space    used 2248K, capacity 2350K, committed 2432K, reserved 1048576K
}
Event: 16.740 GC heap before
{Heap before GC invocations=8 (full 0):
 PSYoungGen      total 140800K, used 138652K [0x00000000d5d80000, 0x00000000e7180000, 0x0000000100000000)
  eden space 133120K, 98% used [0x00000000d5d80000,0x00000000dde02668,0x00000000ddf80000)
  from space 7680K, 91% used [0x00000000ddf80000,0x00000000de664d50,0x00000000de700000)
  to   space 8192K, 0% used [0x00000000e6980000,0x00000000e6980000,0x00000000e7180000)
 ParOldGen       total 87552K, used 8508K [0x0000000081800000, 0x0000000086d80000, 0x00000000d5d80000)
  object space 87552K, 9% used [0x0000000081800000,0x000000008204f040,0x0000000086d80000)
 Metaspace       used 19320K, capacity 19594K, committed 19840K, reserved 1067008K
  class space    used 2248K, capacity 2350K, committed 2432K, reserved 1048576K
Event: 16.746 GC heap after
Heap after GC invocations=8 (full 0):
 PSYoungGen      total 273920K, used 7027K [0x00000000d5d80000, 0x00000000e7280000, 0x0000000100000000)
  eden space 265728K, 0% used [0x00000000d5d80000,0x00000000d5d80000,0x00000000e6100000)
  from space 8192K, 85% used [0x00000000e6980000,0x00000000e705cd50,0x00000000e7180000)
  to   space 8704K, 0% used [0x00000000e6100000,0x00000000e6100000,0x00000000e6980000)
 ParOldGen       total 87552K, used 11240K [0x0000000081800000, 0x0000000086d80000, 0x00000000d5d80000)
  object space 87552K, 12% used [0x0000000081800000,0x00000000822fa050,0x0000000086d80000)
 Metaspace       used 19320K, capacity 19594K, committed 19840K, reserved 1067008K
  class space    used 2248K, capacity 2350K, committed 2432K, reserved 1048576K
}

Deoptimization events (10 events):
Event: 7.646 Thread 0x000000001911d000 Uncommon trap: reason=class_check action=maybe_recompile pc=0x0000000002cc8004 method=java.io.FilterInputStream.read([B)I @ 5
Event: 7.646 Thread 0x000000001911d000 Uncommon trap: reason=class_check action=maybe_recompile pc=0x0000000002cc8004 method=java.io.FilterInputStream.read([B)I @ 5
Event: 7.647 Thread 0x00000000028e2800 Uncommon trap: reason=class_check action=maybe_recompile pc=0x0000000002cc8014 method=java.io.FilterInputStream.read([BII)I @ 7
Event: 7.649 Thread 0x00000000028e2800 Uncommon trap: reason=class_check action=maybe_recompile pc=0x0000000002cc8014 method=java.io.FilterInputStream.read([BII)I @ 7
Event: 7.649 Thread 0x00000000028e2800 Uncommon trap: reason=class_check action=maybe_recompile pc=0x0000000002cc8014 method=java.io.FilterInputStream.read([BII)I @ 7
Event: 8.264 Thread 0x000000001911d000 Uncommon trap: reason=unstable_if action=reinterpret pc=0x0000000002dccdc8 method=java.lang.StringCoding$StringDecoder.decode([BII)[C @ 33
Event: 8.265 Thread 0x000000001911d000 Uncommon trap: reason=unstable_if action=reinterpret pc=0x0000000002dd08a4 method=java.lang.StringCoding$StringDecoder.decode([BII)[C @ 33
Event: 8.631 Thread 0x0000000019ab7000 Uncommon trap: reason=unstable_if action=reinterpret pc=0x0000000002ec9134 method=com.googlecode.javacv.cpp.opencv_core$IplImage.flipCopyWithGamma(Ljava/nio/ByteBuffer;ILjava/nio/ByteBuffer;IZDZI)V @ 50
Event: 13.250 Thread 0x000000001911d000 Uncommon trap: reason=unstable_if action=reinterpret pc=0x0000000002fecf80 method=javax.swing.JComponent.getClientProperty(Ljava/lang/Object;)Ljava/lang/Object; @ 16
Event: 16.726 Thread 0x000000001911d000 Uncommon trap: reason=range_check action=make_not_entrant pc=0x00000000031b6f7c method=java.util.ComparableTimSort.countRunAndMakeAscending([Ljava/lang/Object;II)I @ 35

Classes redefined (0 events):
No events

Internal exceptions (10 events):
Event: 0.707 Thread 0x00000000028e2800 Exception <a 'java/lang/ClassNotFoundException': javax/swing/JToolBarSeparator> (0x00000000d6292bf8) thrown at [C:\re\workspace\8-2-build-windows-amd64-cygwin\jdk8u161\10277\hotspot\src\share\vm\classfile\systemDictionary.cpp, line 210]
Event: 0.707 Thread 0x00000000028e2800 Exception <a 'java/lang/ClassNotFoundException': ToolBarSeparator> (0x00000000d6293090) thrown at [C:\re\workspace\8-2-build-windows-amd64-cygwin\jdk8u161\10277\hotspot\src\share\vm\classfile\systemDictionary.cpp, line 210]
Event: 0.707 Thread 0x00000000028e2800 Exception <a 'java/lang/ClassNotFoundException': ToolTip> (0x00000000d62937d0) thrown at [C:\re\workspace\8-2-build-windows-amd64-cygwin\jdk8u161\10277\hotspot\src\share\vm\classfile\systemDictionary.cpp, line 210]
Event: 0.709 Thread 0x00000000028e2800 Exception <a 'java/lang/ClassNotFoundException': Tree> (0x00000000d62943f0) thrown at [C:\re\workspace\8-2-build-windows-amd64-cygwin\jdk8u161\10277\hotspot\src\share\vm\classfile\systemDictionary.cpp, line 210]
Event: 0.709 Thread 0x00000000028e2800 Exception <a 'java/lang/ClassNotFoundException': Tree> (0x00000000d6294b30) thrown at [C:\re\workspace\8-2-build-windows-amd64-cygwin\jdk8u161\10277\hotspot\src\share\vm\classfile\systemDictionary.cpp, line 210]
Event: 0.709 Thread 0x00000000028e2800 Exception <a 'java/lang/ClassNotFoundException': javax/swing/JTreeCell> (0x00000000d6294eb0) thrown at [C:\re\workspace\8-2-build-windows-amd64-cygwin\jdk8u161\10277\hotspot\src\share\vm\classfile\systemDictionary.cpp, line 210]
Event: 0.709 Thread 0x00000000028e2800 Exception <a 'java/lang/ClassNotFoundException': TreeCell> (0x00000000d6295338) thrown at [C:\re\workspace\8-2-build-windows-amd64-cygwin\jdk8u161\10277\hotspot\src\share\vm\classfile\systemDictionary.cpp, line 210]
Event: 0.710 Thread 0x00000000028e2800 Exception <a 'java/lang/ClassNotFoundException': RootPane> (0x00000000d6295d98) thrown at [C:\re\workspace\8-2-build-windows-amd64-cygwin\jdk8u161\10277\hotspot\src\share\vm\classfile\systemDictionary.cpp, line 210]
Event: 7.206 Thread 0x000000001911d000 Implicit null exception at 0x0000000002d20216 to 0x0000000002d205b1
Event: 7.206 Thread 0x000000001911d000 Implicit null exception at 0x0000000002d00ad6 to 0x0000000002d00e6d

Events (10 events):
Event: 20.753 loading class javax/swing/ClientPropertyKey
Event: 20.753 loading class javax/swing/ClientPropertyKey done
Event: 20.753 loading class javax/swing/ClientPropertyKey$1
Event: 20.753 loading class sun/awt/AWTAccessor$ClientPropertyKeyAccessor
Event: 20.754 loading class sun/awt/AWTAccessor$ClientPropertyKeyAccessor done
Event: 20.754 loading class javax/swing/ClientPropertyKey$1 done
Event: 21.001 Thread 0x000000001d9ce000 Thread added: 0x000000001d9ce000
Event: 21.001 Thread 0x000000001d9c7000 Thread added: 0x000000001d9c7000
Event: 21.001 Thread 0x000000001d9d1000 Thread added: 0x000000001d9d1000
Event: 21.001 Thread 0x000000001d9ce800 Thread added: 0x000000001d9ce800


Dynamic libraries:
0x00007ff7e58c0000 - 0x00007ff7e58f7000 	C:\Program Files\Java\jdk1.8.0_161\bin\java.exe
0x00007fff148b0000 - 0x00007fff14a91000 	C:\WINDOWS\SYSTEM32\ntdll.dll
0x00007fff0cf90000 - 0x00007fff0cfa2000 	C:\Program Files\AVAST Software\Avast\aswhook.dll
0x00007fff12240000 - 0x00007fff122f1000 	C:\WINDOWS\System32\KERNEL32.DLL
0x00007fff11240000 - 0x00007fff114b3000 	C:\WINDOWS\System32\KERNELBASE.dll
0x00007fff11de0000 - 0x00007fff11e81000 	C:\WINDOWS\System32\ADVAPI32.dll
0x00007fff12370000 - 0x00007fff1240e000 	C:\WINDOWS\System32\msvcrt.dll
0x00007fff147c0000 - 0x00007fff1481b000 	C:\WINDOWS\System32\sechost.dll
0x00007fff13bc0000 - 0x00007fff13ce4000 	C:\WINDOWS\System32\RPCRT4.dll
0x00007fff13cf0000 - 0x00007fff13e80000 	C:\WINDOWS\System32\USER32.dll
0x00007fff10c80000 - 0x00007fff10ca0000 	C:\WINDOWS\System32\win32u.dll
0x00007fff12210000 - 0x00007fff12238000 	C:\WINDOWS\System32\GDI32.dll
0x00007fff110a0000 - 0x00007fff11231000 	C:\WINDOWS\System32\gdi32full.dll
0x00007fff11590000 - 0x00007fff1162f000 	C:\WINDOWS\System32\msvcp_win.dll
0x00007fff10ca0000 - 0x00007fff10d98000 	C:\WINDOWS\System32\ucrtbase.dll
0x00007fff088a0000 - 0x00007fff08b09000 	C:\WINDOWS\WinSxS\amd64_microsoft.windows.common-controls_6595b64144ccf1df_6.0.17134.885_none_fb42a3473065565f\COMCTL32.dll
0x00007fff14490000 - 0x00007fff147b2000 	C:\WINDOWS\System32\combase.dll
0x00007fff11510000 - 0x00007fff11589000 	C:\WINDOWS\System32\bcryptPrimitives.dll
0x00007fff12590000 - 0x00007fff125bd000 	C:\WINDOWS\System32\IMM32.DLL
0x0000000072180000 - 0x0000000072252000 	C:\Program Files\Java\jdk1.8.0_161\jre\bin\msvcr100.dll
0x0000000072260000 - 0x0000000072aff000 	C:\Program Files\Java\jdk1.8.0_161\jre\bin\server\jvm.dll
0x00007fff125c0000 - 0x00007fff125c8000 	C:\WINDOWS\System32\PSAPI.DLL
0x00007fff07a70000 - 0x00007fff07a79000 	C:\WINDOWS\SYSTEM32\WSOCK32.dll
0x00007fff125d0000 - 0x00007fff1263c000 	C:\WINDOWS\System32\WS2_32.dll
0x00007fff0e910000 - 0x00007fff0e933000 	C:\WINDOWS\SYSTEM32\WINMM.dll
0x00007fff092a0000 - 0x00007fff092aa000 	C:\WINDOWS\SYSTEM32\VERSION.dll
0x00007fff0e8e0000 - 0x00007fff0e90a000 	C:\WINDOWS\SYSTEM32\WINMMBASE.dll
0x00007fff114c0000 - 0x00007fff11509000 	C:\WINDOWS\System32\cfgmgr32.dll
0x0000000073030000 - 0x000000007303f000 	C:\Program Files\Java\jdk1.8.0_161\jre\bin\verify.dll
0x0000000072150000 - 0x0000000072179000 	C:\Program Files\Java\jdk1.8.0_161\jre\bin\java.dll
0x0000000072130000 - 0x0000000072146000 	C:\Program Files\Java\jdk1.8.0_161\jre\bin\zip.dll
0x00007fff126a0000 - 0x00007fff13ae0000 	C:\WINDOWS\System32\SHELL32.dll
0x00007fff13e80000 - 0x00007fff13f29000 	C:\WINDOWS\System32\shcore.dll
0x00007fff11630000 - 0x00007fff11d3d000 	C:\WINDOWS\System32\windows.storage.dll
0x00007fff12310000 - 0x00007fff12361000 	C:\WINDOWS\System32\shlwapi.dll
0x00007fff10c40000 - 0x00007fff10c51000 	C:\WINDOWS\System32\kernel.appcore.dll
0x00007fff10c60000 - 0x00007fff10c7f000 	C:\WINDOWS\System32\profapi.dll
0x00007fff10bf0000 - 0x00007fff10c3c000 	C:\WINDOWS\System32\powrprof.dll
0x00007fff10be0000 - 0x00007fff10bea000 	C:\WINDOWS\System32\FLTLIB.DLL
0x0000000071f50000 - 0x00000000720e8000 	C:\Program Files\Java\jdk1.8.0_161\jre\bin\awt.dll
0x00007fff13ae0000 - 0x00007fff13ba2000 	C:\WINDOWS\System32\OLEAUT32.dll
0x00007fff0ef50000 - 0x00007fff0efdb000 	C:\WINDOWS\SYSTEM32\apphelp.dll
0x00007fff0f280000 - 0x00007fff0f318000 	C:\WINDOWS\system32\uxtheme.dll
0x00007fff12410000 - 0x00007fff12583000 	C:\WINDOWS\System32\MSCTF.dll
0x00007fff0f350000 - 0x00007fff0f379000 	C:\WINDOWS\system32\dwmapi.dll
0x00007fff11e90000 - 0x00007fff11fe1000 	C:\WINDOWS\System32\ole32.dll
0x0000000071f00000 - 0x0000000071f47000 	C:\Program Files\Java\jdk1.8.0_161\jre\bin\fontmanager.dll
0x0000000071d30000 - 0x0000000071e01000 	C:\Users\joaoq\AppData\Local\Temp\javacpp616291847657221\msvcr100.dll
0x0000000071c90000 - 0x0000000071d28000 	C:\Users\joaoq\AppData\Local\Temp\javacpp616291847657221\msvcp100.dll
0x0000000066840000 - 0x00000000676b4000 	C:\Users\joaoq\AppData\Local\Temp\javacpp616291847657221\opencv_ffmpeg248_64.dll
0x00007ffee5320000 - 0x00007ffee5592000 	C:\Users\joaoq\AppData\Local\Temp\javacpp616291847657221\opencv_core248.dll
0x00007ffeda5f0000 - 0x00007ffeda8a2000 	C:\Users\joaoq\AppData\Local\Temp\javacpp616291847657221\opencv_imgproc248.dll
0x00007ffed5420000 - 0x00007ffed566d000 	C:\Users\joaoq\AppData\Local\Temp\javacpp616291847657221\opencv_highgui248.dll
0x00007fff0d810000 - 0x00007fff0d82f000 	C:\WINDOWS\SYSTEM32\AVIFIL32.dll
0x00007fff03d20000 - 0x00007fff03d49000 	C:\WINDOWS\SYSTEM32\MSVFW32.dll
0x00007fff09540000 - 0x00007fff09558000 	C:\WINDOWS\SYSTEM32\AVICAP32.dll
0x00007fff0c100000 - 0x00007fff0c11c000 	C:\WINDOWS\SYSTEM32\MSACM32.dll
0x00007fff04df0000 - 0x00007fff04e03000 	C:\Users\joaoq\AppData\Local\Temp\javacpp616291847657221\jniopencv_highgui.dll
0x00007fff103e0000 - 0x00007fff10446000 	C:\WINDOWS\system32\mswsock.dll
0x00007fff10590000 - 0x00007fff105a7000 	C:\WINDOWS\SYSTEM32\CRYPTSP.dll
0x00007fff0ffd0000 - 0x00007fff10003000 	C:\WINDOWS\system32\rsaenh.dll
0x00007fff106c0000 - 0x00007fff106e5000 	C:\WINDOWS\SYSTEM32\bcrypt.dll
0x00007fff105b0000 - 0x00007fff105bb000 	C:\WINDOWS\SYSTEM32\CRYPTBASE.dll
0x00007fff0c2b0000 - 0x00007fff0c2c6000 	C:\WINDOWS\system32\napinsp.dll
0x00007fff0bc00000 - 0x00007fff0bc1a000 	C:\WINDOWS\system32\pnrpnsp.dll
0x00007fff0d770000 - 0x00007fff0d789000 	C:\WINDOWS\system32\NLAapi.dll
0x00007fff101b0000 - 0x00007fff1026e000 	C:\WINDOWS\SYSTEM32\DNSAPI.dll
0x00007fff13bb0000 - 0x00007fff13bb8000 	C:\WINDOWS\System32\NSI.dll
0x00007fff10170000 - 0x00007fff101a8000 	C:\WINDOWS\SYSTEM32\IPHLPAPI.DLL
0x00007fff0c480000 - 0x00007fff0c48e000 	C:\WINDOWS\System32\winrnr.dll
0x00007fff04f90000 - 0x00007fff04fa5000 	C:\WINDOWS\System32\wshbth.dll
0x00007ffef5460000 - 0x00007ffef54fa000 	C:\Users\joaoq\AppData\Local\Temp\javacpp616291847657221\jniopencv_core.dll
0x00007ffef5300000 - 0x00007ffef5420000 	C:\WINDOWS\system32\opengl32.dll
0x00007ffeff170000 - 0x00007ffeff19c000 	C:\WINDOWS\SYSTEM32\GLU32.dll
0x0000000072110000 - 0x000000007212a000 	C:\Program Files\Java\jdk1.8.0_161\jre\bin\net.dll
0x00000000720f0000 - 0x0000000072101000 	C:\Program Files\Java\jdk1.8.0_161\jre\bin\nio.dll
0x0000000071c80000 - 0x0000000071c87000 	C:\Program Files\Java\jdk1.8.0_161\jre\bin\jawt.dll
0x0000000002a70000 - 0x0000000002aae000 	C:\Program Files\Java\jdk1.8.0_161\jre\bin\j3dcore-ogl.dll
0x00007fff0a280000 - 0x00007fff0a28a000 	C:\Windows\System32\rasadhlp.dll
0x00007ffecf0b0000 - 0x00007ffecfbf7000 	C:\WINDOWS\SYSTEM32\ig75icd64.dll
0x00007ffeeca80000 - 0x00007ffeed4bf000 	C:\WINDOWS\SYSTEM32\igdusc64.dll
0x00007fff0ceb0000 - 0x00007fff0cec3000 	C:\WINDOWS\SYSTEM32\WTSAPI32.dll
0x00007fff0a640000 - 0x00007fff0a6b2000 	C:\WINDOWS\System32\fwpuclnt.dll
0x0000000071eb0000 - 0x0000000071ef2000 	C:\Program Files\Java\jdk1.8.0_161\jre\bin\t2k.dll
0x00007ffefc090000 - 0x00007ffefc126000 	C:\WINDOWS\System32\TextInputFramework.dll
0x00007ffefbd70000 - 0x00007ffefc08e000 	C:\WINDOWS\System32\CoreUIComponents.dll
0x00007fff0ed40000 - 0x00007fff0ee1a000 	C:\WINDOWS\System32\CoreMessaging.dll
0x00007fff0fcc0000 - 0x00007fff0fcf1000 	C:\WINDOWS\SYSTEM32\ntmarta.dll
0x00007fff0c9e0000 - 0x00007fff0cb2d000 	C:\WINDOWS\SYSTEM32\wintypes.dll
0x0000000071e70000 - 0x0000000071e9a000 	C:\Program Files\Java\jdk1.8.0_161\jre\bin\dcpr.dll
0x00007fff0fa50000 - 0x00007fff0fb0b000 	C:\WINDOWS\SYSTEM32\dxgi.dll
0x00007fff0da30000 - 0x00007fff0dd3b000 	C:\WINDOWS\SYSTEM32\d3d11.dll
0x00007fff04bf0000 - 0x00007fff04db9000 	C:\WINDOWS\SYSTEM32\dbghelp.dll

VM Arguments:
jvm_args: -Dfile.encoding=UTF-8 
java_command: serial.JFMain
java_class_path (initial): C:\Program Files\Java\jre1.8.0_191\lib\ext\RXTXcomm.jar;C:\Program Files\NetBeans 8.2\java\modules\ext\AbsoluteLayout.jar;C:\Users\joaoq\Downloads\opencv\build\java\opencv-347.jar;C:\Users\joaoq\Downloads\IP-Camera-Java-CV-Libraries-master\javacv.jar;C:\Users\joaoq\Downloads\IP-Camera-Java-CV-Libraries-master\javacpp.jar;C:\Users\joaoq\Downloads\IP-Camera-Java-CV-Libraries-master\javacv-windows-x86.jar;C:\Users\joaoq\Downloads\IP-Camera-Java-CV-Libraries-master\javacv-windows-x86_64.jar;C:\Users\joaoq\Downloads\IP-Camera-Java-CV-Libraries-master\opencv-2.4.8-windows-x86.jar;C:\Users\joaoq\Downloads\IP-Camera-Java-CV-Libraries-master\opencv-2.4.8-windows-x86_64.jar;C:\Users\joaoq\Downloads\org.eclipse.paho.client.mqttv3-1.2.0.jar;C:\Users\joaoq\Google Drive\TCC João Pedro Quintino\TCC2\Software PC\ReadWriteSerial\build\classes
Launcher Type: SUN_STANDARD

Environment Variables:
JAVA_HOME=C:\Program Files\Java\jdk1.8.0_161
CLASSPATH=C:\Program Files\Java\jdk1.8.0_161\lib;C:\jflex-1.6.1\lib\jflex-1.6.1.jar
PATH=C:\Program Files (x86)\Common Files\Oracle\Java\javapath;C:\ProgramData\Oracle\Java\javapath;C:\Program Files (x86)\Intel\iCLS Client\;C:\Program Files\Intel\iCLS Client\;C:\Windows\system32;C:\Windows;C:\Windows\System32\Wbem;C:\Windows\System32\WindowsPowerShell\v1.0\;C:\Program Files (x86)\Intel\Intel(R) Management Engine Components\DAL;C:\Program Files\Intel\Intel(R) Management Engine Components\DAL;C:\Program Files (x86)\Intel\Intel(R) Management Engine Components\IPT;C:\Program Files\Intel\Intel(R) Management Engine Components\IPT;C:\Program Files (x86)\NVIDIA Corporation\PhysX\Common;C:\WINDOWS\system32;C:\WINDOWS;C:\WINDOWS\System32\Wbem;C:\WINDOWS\System32\WindowsPowerShell\v1.0\;C:\Program Files\Java\jdk1.8.0_161\bin;C:\WINDOWS\System32\OpenSSH\;C:\Program Files\MATLAB\R2018a\runtime\win64;C:\Program Files\MATLAB\R2018a\bin;D:\Program Files\nodejs\;D:\Program Files\Microsoft VS Code\bin;D:\Program Files (x86)\Yarn\bin\;C:\Program Files\Git\cmd;C:\Users\joaoq\AppData\Local\Programs\Python\Python37-32\Scripts\;C:\Users\joaoq\AppData\Local\Programs\Python\Python37-32\;C:\Users\joaoq\AppData\Local\Microsoft\WindowsApps;C:\Users\joaoq\AppData\Roaming\npm;C:\Users\joaoq\AppData\Local\Yarn\bin;D:\Program Files\Docker Toolbox
USERNAME=joaoq
OS=Windows_NT
PROCESSOR_IDENTIFIER=Intel64 Family 6 Model 69 Stepping 1, GenuineIntel



---------------  S Y S T E M  ---------------

OS: Windows 10.0 , 64 bit Build 17134 (10.0.17134.753)

CPU:total 4 (initial active 4) (2 cores per cpu, 2 threads per core) family 6 model 69 stepping 1, cmov, cx8, fxsr, mmx, sse, sse2, sse3, ssse3, sse4.1, sse4.2, popcnt, avx, avx2, aes, clmul, erms, lzcnt, ht, tsc, tscinvbit, bmi1, bmi2

Memory: 4k page, physical 8289792k(1496624k free), swap 11699512k(1675744k free)

vm_info: Java HotSpot(TM) 64-Bit Server VM (25.161-b12) for windows-amd64 JRE (1.8.0_161-b12), built on Dec 19 2017 17:52:25 by "java_re" with MS VC++ 10.0 (VS2010)

time: Thu Aug 01 20:08:46 2019
elapsed time: 21 seconds (0d 0h 0m 21s)

