#
# A fatal error has been detected by the Java Runtime Environment:
#
#  EXCEPTION_ACCESS_VIOLATION (0xc0000005) at pc=0x0000000066842310, pid=7180, tid=0x0000000000003f88
#
# JRE version: Java(TM) SE Runtime Environment (8.0_161-b12) (build 1.8.0_161-b12)
# Java VM: Java HotSpot(TM) 64-Bit Server VM (25.161-b12 mixed mode windows-amd64 compressed oops)
# Problematic frame:
# C  [opencv_ffmpeg248_64.dll+0x2310]
#
# Failed to write core dump. Minidumps are not enabled by default on client versions of Windows
#
# If you would like to submit a bug report, please visit:
#   http://bugreport.java.com/bugreport/crash.jsp
# The crash happened outside the Java Virtual Machine in native code.
# See problematic frame for where to report the bug.
#

---------------  T H R E A D  ---------------

Current thread (0x00000000199f4000):  JavaThread "Thread-4" [_thread_in_native, id=16264, stack(0x0000000063dd0000,0x0000000063ed0000)]

siginfo: ExceptionCode=0xc0000005, reading address 0x0000000000000008

Registers:
RAX=0x0000000000000000, RBX=0x0000000000d0c2c0, RCX=0x0000000000d00000, RDX=0x000000001af53960
RSP=0x0000000063ecf1f0, RBP=0x8000000000000000, RSI=0x0000000000d0c558, RDI=0x0000000000000003
R8 =0x0000000063ecf21c, R9 =0x0000000000d0c558, R10=0x0000000000000000, R11=0x0000000063ecece0
R12=0x0000000000000000, R13=0x0000000016ccee70, R14=0x0000000063ecf3b8, R15=0x00000000199f4000
RIP=0x0000000066842310, EFLAGS=0x0000000000010246

Top of Stack: (sp=0x0000000063ecf1f0)
0x0000000063ecf1f0:   00000000199f4000 000000007236de8c
0x0000000063ecf200:   0000000100064e10 0000000000000005
0x0000000063ecf210:   00000000d5d857e8 00000000723a8690
0x0000000063ecf220:   0000000016ccee70 0000000000000001
0x0000000063ecf230:   00000000026980e0 0000000063ecf398
0x0000000063ecf240:   0000000000000000 0000000066843429
0x0000000063ecf250:   00000000199f4000 0000000000000000
0x0000000063ecf260:   0000000000000000 00000000199f41f8
0x0000000063ecf270:   00000000193e94c0 00007ffebae83323
0x0000000063ecf280:   0000000000000000 0000000019850570
0x0000000063ecf290:   0000000063ecf338 0000000002b57a9c
0x0000000063ecf2a0:   00000000d5d857e8 00007ffebae810e1
0x0000000063ecf2b0:   0000000000000000 00000000026a91c6
0x0000000063ecf2c0:   00000000199f41f8 0000000016ccefb0
0x0000000063ecf2d0:   0000000019850570 0000000000000001
0x0000000063ecf2e0:   0000000000000000 00007fff00f7756b 

Instructions: (pc=0x0000000066842310)
0x00000000668422f0:   e0 48 83 c4 30 5b 5e 5f 5d 41 5c c3 0f 1f 40 00
0x0000000066842300:   48 8b 43 18 48 8b 53 20 4c 8d 44 24 2c 49 89 f1
0x0000000066842310:   48 8b 48 08 e8 c7 c5 0e 00 44 8b 64 24 2c 45 85
0x0000000066842320:   e4 74 1d 48 39 ab 90 02 00 00 74 64 48 83 83 18 


Register to memory mapping:

RAX=0x0000000000000000 is an unknown value
RBX=0x0000000000d0c2c0 is an unknown value
RCX=0x0000000000d00000 is an unknown value
RDX=0x000000001af53960 is an unknown value
RSP=0x0000000063ecf1f0 is pointing into the stack for thread: 0x00000000199f4000
RBP=0x8000000000000000 is an unknown value
RSI=0x0000000000d0c558 is an unknown value
RDI=0x0000000000000003 is an unknown value
R8 =0x0000000063ecf21c is pointing into the stack for thread: 0x00000000199f4000
R9 =0x0000000000d0c558 is an unknown value
R10=0x0000000000000000 is an unknown value
R11=0x0000000063ecece0 is pointing into the stack for thread: 0x00000000199f4000
R12=0x0000000000000000 is an unknown value
R13={method} {0x0000000016ccee78} 'cvGrabFrame' '(Lcom/googlecode/javacv/cpp/opencv_highgui$CvCapture;)I' in 'com/googlecode/javacv/cpp/opencv_highgui'
R14=0x0000000063ecf3b8 is pointing into the stack for thread: 0x00000000199f4000
R15=0x00000000199f4000 is a thread


Stack: [0x0000000063dd0000,0x0000000063ed0000],  sp=0x0000000063ecf1f0,  free space=1020k
Native frames: (J=compiled Java code, j=interpreted, Vv=VM code, C=native code)
C  [opencv_ffmpeg248_64.dll+0x2310]
C  [opencv_ffmpeg248_64.dll+0x3429]
C  [opencv_highgui248.dll+0x3323]
C  [opencv_highgui248.dll+0x10e1]
C  [jniopencv_highgui.dll+0x756b]
C  0x00000000026a8c67

Java frames: (J=compiled Java code, j=interpreted, Vv=VM code)
j  com.googlecode.javacv.cpp.opencv_highgui.cvGrabFrame(Lcom/googlecode/javacv/cpp/opencv_highgui$CvCapture;)I+0
j  com.googlecode.javacv.OpenCVFrameGrabber.grab()Lcom/googlecode/javacv/cpp/opencv_core$IplImage;+33
j  serial.CameraHandler.run()V+19
j  java.lang.Thread.run()V+11
v  ~StubRoutines::call_stub

---------------  P R O C E S S  ---------------

Java Threads: ( => current thread )
  0x000000001d7b4000 JavaThread "DestroyJavaVM" [_thread_blocked, id=16460, stack(0x0000000002420000,0x0000000002520000)]
  0x000000001d7b3800 JavaThread "MQTT Ping: cliente_java_1564700046166" [_thread_blocked, id=16424, stack(0x00000000652d0000,0x00000000653d0000)]
  0x000000001d7b2000 JavaThread "pool-2-thread-4" [_thread_blocked, id=15904, stack(0x00000000651d0000,0x00000000652d0000)]
  0x000000001d7af800 JavaThread "MQTT Call: cliente_java_1564700046166" [_thread_blocked, id=9260, stack(0x00000000650d0000,0x00000000651d0000)]
  0x000000001d7b1000 JavaThread "MQTT Snd: cliente_java_1564700046166" [_thread_blocked, id=16024, stack(0x0000000064fd0000,0x00000000650d0000)]
  0x000000001d7ae000 JavaThread "J3D-InputDeviceScheduler-1" [_thread_blocked, id=15112, stack(0x00000000646d0000,0x00000000647d0000)]
  0x000000001d7b5000 JavaThread "J3D-SoundSchedulerUpdateThread-1" [_thread_blocked, id=12760, stack(0x00000000645d0000,0x00000000646d0000)]
  0x000000001d7b2800 JavaThread "J3D-RenderStructureUpdateThread-1" [_thread_blocked, id=11116, stack(0x00000000644d0000,0x00000000645d0000)]
  0x000000001d7af000 JavaThread "J3D-BehaviorScheduler-1" [_thread_blocked, id=16564, stack(0x00000000643d0000,0x00000000644d0000)]
  0x00000000199f8000 JavaThread "J3D-TransformStructureUpdateThread-1" [_thread_blocked, id=7796, stack(0x00000000642d0000,0x00000000643d0000)]
  0x00000000199f7000 JavaThread "J3D-RenderingEnvironmentStructureUpdateThread-1" [_thread_blocked, id=12352, stack(0x00000000641d0000,0x00000000642d0000)]
  0x00000000199f6800 JavaThread "J3D-SoundStructureUpdateThread-1" [_thread_blocked, id=9000, stack(0x00000000640d0000,0x00000000641d0000)]
  0x00000000199f5800 JavaThread "J3D-GeometryStructureUpdateThread-1" [_thread_blocked, id=17412, stack(0x0000000063fd0000,0x00000000640d0000)]
  0x00000000199f5000 JavaThread "J3D-BehaviorStructureUpdateThread-1" [_thread_blocked, id=17392, stack(0x0000000063ed0000,0x0000000063fd0000)]
=>0x00000000199f4000 JavaThread "Thread-4" [_thread_in_native, id=16264, stack(0x0000000063dd0000,0x0000000063ed0000)]
  0x00000000199f8800 JavaThread "TimerQueue" daemon [_thread_blocked, id=17284, stack(0x0000000063cd0000,0x0000000063dd0000)]
  0x00000000199fb000 JavaThread "MQTT Rec: cliente_java_1564700046166" [_thread_in_native, id=1612, stack(0x000000005f3d0000,0x000000005f4d0000)]
  0x00000000199f9800 JavaThread "J3D-Renderer-1" [_thread_blocked, id=11948, stack(0x000000001ed00000,0x000000001ee00000)]
  0x00000000196e7000 JavaThread "J3D-MasterControl-1" [_thread_blocked, id=18324, stack(0x000000001ec00000,0x000000001ed00000)]
  0x00000000196e6800 JavaThread "J3D-NotificationThread" [_thread_blocked, id=16336, stack(0x000000001eb00000,0x000000001ec00000)]
  0x0000000019922000 JavaThread "J3D-TimerThread" [_thread_blocked, id=16732, stack(0x000000001ea00000,0x000000001eb00000)]
  0x0000000019921000 JavaThread "J3D-RenderingAttributesStructureUpdateThread" [_thread_blocked, id=896, stack(0x000000001e900000,0x000000001ea00000)]
  0x000000001723a800 JavaThread "AWT-EventQueue-0" [_thread_blocked, id=8312, stack(0x000000001d430000,0x000000001d530000)]
  0x000000001723a000 JavaThread "AWT-Shutdown" [_thread_blocked, id=11852, stack(0x000000001d330000,0x000000001d430000)]
  0x0000000019339000 JavaThread "Java2D Disposer" daemon [_thread_blocked, id=15128, stack(0x0000000019a90000,0x0000000019b90000)]
  0x000000001723d800 JavaThread "Service Thread" daemon [_thread_blocked, id=15444, stack(0x0000000018f40000,0x0000000019040000)]
  0x00000000171f3800 JavaThread "C1 CompilerThread2" daemon [_thread_blocked, id=6932, stack(0x0000000018a40000,0x0000000018b40000)]
  0x00000000171e4000 JavaThread "C2 CompilerThread1" daemon [_thread_blocked, id=8196, stack(0x0000000018940000,0x0000000018a40000)]
  0x00000000171e1000 JavaThread "C2 CompilerThread0" daemon [_thread_blocked, id=16872, stack(0x0000000018840000,0x0000000018940000)]
  0x00000000171dd000 JavaThread "Attach Listener" daemon [_thread_blocked, id=17212, stack(0x0000000018740000,0x0000000018840000)]
  0x00000000171db800 JavaThread "Signal Dispatcher" daemon [_thread_blocked, id=17596, stack(0x0000000018640000,0x0000000018740000)]
  0x000000000264d800 JavaThread "Finalizer" daemon [_thread_blocked, id=17464, stack(0x0000000018430000,0x0000000018530000)]
  0x0000000002642000 JavaThread "Reference Handler" daemon [_thread_blocked, id=15400, stack(0x0000000018330000,0x0000000018430000)]

Other Threads:
  0x00000000171a8000 VMThread [stack: 0x0000000018230000,0x0000000018330000] [id=7192]
  0x0000000018b95000 WatcherThread [stack: 0x0000000019040000,0x0000000019140000] [id=13224]

VM state:not at safepoint (normal execution)

VM Mutex/Monitor currently owned by a thread: None

Heap:
 PSYoungGen      total 150528K, used 61653K [0x00000000d5d80000, 0x00000000e8380000, 0x0000000100000000)
  eden space 132608K, 42% used [0x00000000d5d80000,0x00000000d942f5a8,0x00000000ddf00000)
  from space 17920K, 31% used [0x00000000ddf00000,0x00000000de486020,0x00000000df080000)
  to   space 17920K, 0% used [0x00000000e7200000,0x00000000e7200000,0x00000000e8380000)
 ParOldGen       total 87552K, used 56381K [0x0000000081800000, 0x0000000086d80000, 0x00000000d5d80000)
  object space 87552K, 64% used [0x0000000081800000,0x0000000084f0f748,0x0000000086d80000)
 Metaspace       used 19295K, capacity 19518K, committed 19840K, reserved 1067008K
  class space    used 2251K, capacity 2350K, committed 2432K, reserved 1048576K

Card table byte_map: [0x0000000011a50000,0x0000000011e50000] byte_map_base: 0x0000000011644000

Marking Bits: (ParMarkBitMap*) 0x0000000072a7f860
 Begin Bits: [0x0000000012500000, 0x00000000144a0000)
 End Bits:   [0x00000000144a0000, 0x0000000016440000)

Polling page: 0x0000000000950000

CodeCache: size=245760Kb used=6505Kb max_used=6505Kb free=239254Kb
 bounds [0x0000000002690000, 0x0000000002cf0000, 0x0000000011690000]
 total_blobs=2437 nmethods=1756 adapters=592
 compilation: enabled

Compilation events (10 events):
Event: 14.676 Thread 0x00000000171f3800 1879       1       java.awt.image.SinglePixelPackedSampleModel::getScanlineStride (5 bytes)
Event: 14.676 Thread 0x00000000171f3800 nmethod 1879 0x0000000002ce3e90 code [0x0000000002ce3fe0, 0x0000000002ce40f0]
Event: 14.676 Thread 0x00000000171f3800 1880  s    3       sun.java2d.StateTrackableDelegate::setUntrackable (33 bytes)
Event: 14.676 Thread 0x00000000171f3800 nmethod 1880 0x0000000002ce3850 code [0x0000000002ce39c0, 0x0000000002ce3da8]
Event: 14.722 Thread 0x00000000171f3800 1881       3       javax.swing.LookAndFeel::installProperty (37 bytes)
Event: 14.723 Thread 0x00000000171f3800 nmethod 1881 0x0000000002cdfd50 code [0x0000000002cdff60, 0x0000000002ce0be8]
Event: 14.723 Thread 0x00000000171f3800 1882   !   3       javax.swing.JComponent::getClientProperty (56 bytes)
Event: 14.724 Thread 0x00000000171f3800 nmethod 1882 0x0000000002ce3150 code [0x0000000002ce32e0, 0x0000000002ce3708]
Event: 14.797 Thread 0x00000000171f3800 1883       3       java.awt.Component::eventEnabled (9 bytes)
Event: 14.798 Thread 0x00000000171f3800 nmethod 1883 0x0000000002cdf910 code [0x0000000002cdfa80, 0x0000000002cdfc88]

GC Heap History (10 events):
Event: 8.198 GC heap before
{Heap before GC invocations=3 (full 0):
 PSYoungGen      total 38400K, used 36403K [0x00000000d5d80000, 0x00000000da880000, 0x0000000100000000)
  eden space 33280K, 94% used [0x00000000d5d80000,0x00000000d7c112b0,0x00000000d7e00000)
  from space 5120K, 99% used [0x00000000d8300000,0x00000000d87fbce8,0x00000000d8800000)
  to   space 5120K, 0% used [0x00000000d7e00000,0x00000000d7e00000,0x00000000d8300000)
 ParOldGen       total 87552K, used 9267K [0x0000000081800000, 0x0000000086d80000, 0x00000000d5d80000)
  object space 87552K, 10% used [0x0000000081800000,0x000000008210cc80,0x0000000086d80000)
 Metaspace       used 18463K, capacity 18714K, committed 19072K, reserved 1067008K
  class space    used 2216K, capacity 2318K, committed 2432K, reserved 1048576K
Event: 8.222 GC heap after
Heap after GC invocations=3 (full 0):
 PSYoungGen      total 38400K, used 5103K [0x00000000d5d80000, 0x00000000da880000, 0x0000000100000000)
  eden space 33280K, 0% used [0x00000000d5d80000,0x00000000d5d80000,0x00000000d7e00000)
  from space 5120K, 99% used [0x00000000d7e00000,0x00000000d82fbce8,0x00000000d8300000)
  to   space 5120K, 0% used [0x00000000da380000,0x00000000da380000,0x00000000da880000)
 ParOldGen       total 87552K, used 20091K [0x0000000081800000, 0x0000000086d80000, 0x00000000d5d80000)
  object space 87552K, 22% used [0x0000000081800000,0x0000000082b9ecc0,0x0000000086d80000)
 Metaspace       used 18463K, capacity 18714K, committed 19072K, reserved 1067008K
  class space    used 2216K, capacity 2318K, committed 2432K, reserved 1048576K
}
Event: 8.398 GC heap before
{Heap before GC invocations=4 (full 0):
 PSYoungGen      total 38400K, used 36590K [0x00000000d5d80000, 0x00000000da880000, 0x0000000100000000)
  eden space 33280K, 94% used [0x00000000d5d80000,0x00000000d7c3fe80,0x00000000d7e00000)
  from space 5120K, 99% used [0x00000000d7e00000,0x00000000d82fbce8,0x00000000d8300000)
  to   space 5120K, 0% used [0x00000000da380000,0x00000000da380000,0x00000000da880000)
 ParOldGen       total 87552K, used 20091K [0x0000000081800000, 0x0000000086d80000, 0x00000000d5d80000)
  object space 87552K, 22% used [0x0000000081800000,0x0000000082b9ecc0,0x0000000086d80000)
 Metaspace       used 18496K, capacity 18714K, committed 19072K, reserved 1067008K
  class space    used 2217K, capacity 2318K, committed 2432K, reserved 1048576K
Event: 8.413 GC heap after
Heap after GC invocations=4 (full 0):
 PSYoungGen      total 71680K, used 5103K [0x00000000d5d80000, 0x00000000da880000, 0x0000000100000000)
  eden space 66560K, 0% used [0x00000000d5d80000,0x00000000d5d80000,0x00000000d9e80000)
  from space 5120K, 99% used [0x00000000da380000,0x00000000da87bce8,0x00000000da880000)
  to   space 5120K, 0% used [0x00000000d9e80000,0x00000000d9e80000,0x00000000da380000)
 ParOldGen       total 87552K, used 22812K [0x0000000081800000, 0x0000000086d80000, 0x00000000d5d80000)
  object space 87552K, 26% used [0x0000000081800000,0x0000000082e47280,0x0000000086d80000)
 Metaspace       used 18496K, capacity 18714K, committed 19072K, reserved 1067008K
  class space    used 2217K, capacity 2318K, committed 2432K, reserved 1048576K
}
Event: 8.807 GC heap before
{Heap before GC invocations=5 (full 0):
 PSYoungGen      total 71680K, used 71663K [0x00000000d5d80000, 0x00000000da880000, 0x0000000100000000)
  eden space 66560K, 100% used [0x00000000d5d80000,0x00000000d9e80000,0x00000000d9e80000)
  from space 5120K, 99% used [0x00000000da380000,0x00000000da87bce8,0x00000000da880000)
  to   space 5120K, 0% used [0x00000000d9e80000,0x00000000d9e80000,0x00000000da380000)
 ParOldGen       total 87552K, used 22812K [0x0000000081800000, 0x0000000086d80000, 0x00000000d5d80000)
  object space 87552K, 26% used [0x0000000081800000,0x0000000082e47280,0x0000000086d80000)
 Metaspace       used 18761K, capacity 19006K, committed 19328K, reserved 1067008K
  class space    used 2238K, capacity 2350K, committed 2432K, reserved 1048576K
Event: 8.836 GC heap after
Heap after GC invocations=5 (full 0):
 PSYoungGen      total 71680K, used 4268K [0x00000000d5d80000, 0x00000000e0180000, 0x0000000100000000)
  eden space 66560K, 0% used [0x00000000d5d80000,0x00000000d5d80000,0x00000000d9e80000)
  from space 5120K, 83% used [0x00000000d9e80000,0x00000000da2ab010,0x00000000da380000)
  to   space 17408K, 0% used [0x00000000df080000,0x00000000df080000,0x00000000e0180000)
 ParOldGen       total 87552K, used 49596K [0x0000000081800000, 0x0000000086d80000, 0x00000000d5d80000)
  object space 87552K, 56% used [0x0000000081800000,0x000000008486f2b8,0x0000000086d80000)
 Metaspace       used 18761K, capacity 19006K, committed 19328K, reserved 1067008K
  class space    used 2238K, capacity 2350K, committed 2432K, reserved 1048576K
}
Event: 10.348 GC heap before
{Heap before GC invocations=6 (full 0):
 PSYoungGen      total 71680K, used 70172K [0x00000000d5d80000, 0x00000000e0180000, 0x0000000100000000)
  eden space 66560K, 99% used [0x00000000d5d80000,0x00000000d9ddc318,0x00000000d9e80000)
  from space 5120K, 83% used [0x00000000d9e80000,0x00000000da2ab010,0x00000000da380000)
  to   space 17408K, 0% used [0x00000000df080000,0x00000000df080000,0x00000000e0180000)
 ParOldGen       total 87552K, used 49596K [0x0000000081800000, 0x0000000086d80000, 0x00000000d5d80000)
  object space 87552K, 56% used [0x0000000081800000,0x000000008486f2b8,0x0000000086d80000)
 Metaspace       used 18953K, capacity 19198K, committed 19328K, reserved 1067008K
  class space    used 2245K, capacity 2350K, committed 2432K, reserved 1048576K
Event: 10.358 GC heap after
Heap after GC invocations=6 (full 0):
 PSYoungGen      total 150016K, used 12400K [0x00000000d5d80000, 0x00000000e0280000, 0x0000000100000000)
  eden space 132608K, 0% used [0x00000000d5d80000,0x00000000d5d80000,0x00000000ddf00000)
  from space 17408K, 71% used [0x00000000df080000,0x00000000dfc9c040,0x00000000e0180000)
  to   space 17920K, 0% used [0x00000000ddf00000,0x00000000ddf00000,0x00000000df080000)
 ParOldGen       total 87552K, used 49604K [0x0000000081800000, 0x0000000086d80000, 0x00000000d5d80000)
  object space 87552K, 56% used [0x0000000081800000,0x00000000848712b8,0x0000000086d80000)
 Metaspace       used 18953K, capacity 19198K, committed 19328K, reserved 1067008K
  class space    used 2245K, capacity 2350K, committed 2432K, reserved 1048576K
}
Event: 13.613 GC heap before
{Heap before GC invocations=7 (full 0):
 PSYoungGen      total 150016K, used 144302K [0x00000000d5d80000, 0x00000000e0280000, 0x0000000100000000)
  eden space 132608K, 99% used [0x00000000d5d80000,0x00000000dde4f908,0x00000000ddf00000)
  from space 17408K, 71% used [0x00000000df080000,0x00000000dfc9c040,0x00000000e0180000)
  to   space 17920K, 0% used [0x00000000ddf00000,0x00000000ddf00000,0x00000000df080000)
 ParOldGen       total 87552K, used 52304K [0x0000000081800000, 0x0000000086d80000, 0x00000000d5d80000)
  object space 87552K, 59% used [0x0000000081800000,0x0000000084b142c8,0x0000000086d80000)
 Metaspace       used 19191K, capacity 19454K, committed 19584K, reserved 1067008K
  class space    used 2245K, capacity 2350K, committed 2432K, reserved 1048576K
Event: 13.623 GC heap after
Heap after GC invocations=7 (full 0):
 PSYoungGen      total 150528K, used 5656K [0x00000000d5d80000, 0x00000000e8380000, 0x0000000100000000)
  eden space 132608K, 0% used [0x00000000d5d80000,0x00000000d5d80000,0x00000000ddf00000)
  from space 17920K, 31% used [0x00000000ddf00000,0x00000000de486020,0x00000000df080000)
  to   space 17920K, 0% used [0x00000000e7200000,0x00000000e7200000,0x00000000e8380000)
 ParOldGen       total 87552K, used 56381K [0x0000000081800000, 0x0000000086d80000, 0x00000000d5d80000)
  object space 87552K, 64% used [0x0000000081800000,0x0000000084f0f748,0x0000000086d80000)
 Metaspace       used 19191K, capacity 19454K, committed 19584K, reserved 1067008K
  class space    used 2245K, capacity 2350K, committed 2432K, reserved 1048576K
}

Deoptimization events (10 events):
Event: 6.849 Thread 0x000000001723a800 Uncommon trap: reason=unstable_if action=reinterpret pc=0x00000000028b08e4 method=java.util.HashMap.getNode(ILjava/lang/Object;)Ljava/util/HashMap$Node; @ 84
Event: 6.849 Thread 0x000000001723a800 Uncommon trap: reason=unstable_if action=reinterpret pc=0x00000000028c855c method=java.util.HashMap.getNode(ILjava/lang/Object;)Ljava/util/HashMap$Node; @ 84
Event: 6.861 Thread 0x0000000002552800 Uncommon trap: reason=unstable_if action=reinterpret pc=0x000000000290f4d4 method=java.util.HashMap.putVal(ILjava/lang/Object;Ljava/lang/Object;ZZ)Ljava/lang/Object; @ 236
Event: 6.881 Thread 0x0000000002552800 Uncommon trap: reason=unstable_if action=reinterpret pc=0x00000000028984bc method=java.net.URI.match(CJJ)Z @ 45
Event: 7.106 Thread 0x0000000002552800 Uncommon trap: reason=class_check action=maybe_recompile pc=0x00000000028818d4 method=java.io.FilterInputStream.read([BII)I @ 7
Event: 7.107 Thread 0x0000000002552800 Uncommon trap: reason=class_check action=maybe_recompile pc=0x00000000028818d4 method=java.io.FilterInputStream.read([BII)I @ 7
Event: 7.108 Thread 0x0000000002552800 Uncommon trap: reason=class_check action=maybe_recompile pc=0x00000000028818d4 method=java.io.FilterInputStream.read([BII)I @ 7
Event: 7.809 Thread 0x00000000199f4000 Uncommon trap: reason=unstable_if action=reinterpret pc=0x0000000002a75374 method=com.googlecode.javacv.cpp.opencv_core$IplImage.flipCopyWithGamma(Ljava/nio/ByteBuffer;ILjava/nio/ByteBuffer;IZDZI)V @ 50
Event: 14.668 Thread 0x000000001723a800 Uncommon trap: reason=unstable_if action=reinterpret pc=0x0000000002ce2e50 method=java.awt.KeyboardFocusManager.getFocusOwner()Ljava/awt/Component; @ 8
Event: 14.668 Thread 0x000000001723a800 Uncommon trap: reason=unstable_if action=reinterpret pc=0x0000000002b76d40 method=javax.swing.JComponent.getClientProperty(Ljava/lang/Object;)Ljava/lang/Object; @ 16

Classes redefined (0 events):
No events

Internal exceptions (10 events):
Event: 0.578 Thread 0x0000000002552800 Exception <a 'java/lang/ClassNotFoundException': ToolBarSeparator> (0x00000000d6293000) thrown at [C:\re\workspace\8-2-build-windows-amd64-cygwin\jdk8u161\10277\hotspot\src\share\vm\classfile\systemDictionary.cpp, line 210]
Event: 0.578 Thread 0x0000000002552800 Exception <a 'java/lang/ClassNotFoundException': ToolTip> (0x00000000d6293740) thrown at [C:\re\workspace\8-2-build-windows-amd64-cygwin\jdk8u161\10277\hotspot\src\share\vm\classfile\systemDictionary.cpp, line 210]
Event: 0.579 Thread 0x0000000002552800 Exception <a 'java/lang/ClassNotFoundException': Tree> (0x00000000d6294360) thrown at [C:\re\workspace\8-2-build-windows-amd64-cygwin\jdk8u161\10277\hotspot\src\share\vm\classfile\systemDictionary.cpp, line 210]
Event: 0.579 Thread 0x0000000002552800 Exception <a 'java/lang/ClassNotFoundException': Tree> (0x00000000d6294aa0) thrown at [C:\re\workspace\8-2-build-windows-amd64-cygwin\jdk8u161\10277\hotspot\src\share\vm\classfile\systemDictionary.cpp, line 210]
Event: 0.579 Thread 0x0000000002552800 Exception <a 'java/lang/ClassNotFoundException': javax/swing/JTreeCell> (0x00000000d6294e20) thrown at [C:\re\workspace\8-2-build-windows-amd64-cygwin\jdk8u161\10277\hotspot\src\share\vm\classfile\systemDictionary.cpp, line 210]
Event: 0.579 Thread 0x0000000002552800 Exception <a 'java/lang/ClassNotFoundException': TreeCell> (0x00000000d62952a8) thrown at [C:\re\workspace\8-2-build-windows-amd64-cygwin\jdk8u161\10277\hotspot\src\share\vm\classfile\systemDictionary.cpp, line 210]
Event: 0.580 Thread 0x0000000002552800 Exception <a 'java/lang/ClassNotFoundException': RootPane> (0x00000000d6295d08) thrown at [C:\re\workspace\8-2-build-windows-amd64-cygwin\jdk8u161\10277\hotspot\src\share\vm\classfile\systemDictionary.cpp, line 210]
Event: 6.826 Thread 0x000000001723a800 Implicit null exception at 0x00000000028d4416 to 0x00000000028d47b1
Event: 6.830 Thread 0x000000001723a800 Implicit null exception at 0x00000000028bbad6 to 0x00000000028bbe6d
Event: 14.668 Thread 0x000000001723a800 Implicit null exception at 0x0000000002ce2c2c to 0x0000000002ce2e41

Events (10 events):
Event: 14.673 loading class sun/awt/im/CompositionAreaHandler
Event: 14.673 loading class sun/awt/im/CompositionAreaHandler done
Event: 14.674 loading class java/text/AttributedString
Event: 14.674 loading class java/text/AttributedString done
Event: 14.674 loading class java/text/AttributedString$AttributedStringIterator
Event: 14.674 loading class java/text/AttributedCharacterIterator
Event: 14.674 loading class java/text/CharacterIterator
Event: 14.674 loading class java/text/CharacterIterator done
Event: 14.674 loading class java/text/AttributedCharacterIterator done
Event: 14.674 loading class java/text/AttributedString$AttributedStringIterator done


Dynamic libraries:
0x00007ff7e58c0000 - 0x00007ff7e58f7000 	C:\Program Files\Java\jdk1.8.0_161\bin\java.exe
0x00007fff148b0000 - 0x00007fff14a91000 	C:\WINDOWS\SYSTEM32\ntdll.dll
0x00007fff0cf90000 - 0x00007fff0cfa2000 	C:\Program Files\AVAST Software\Avast\aswhook.dll
0x00007fff12240000 - 0x00007fff122f1000 	C:\WINDOWS\System32\KERNEL32.DLL
0x00007fff11240000 - 0x00007fff114b3000 	C:\WINDOWS\System32\KERNELBASE.dll
0x00007fff11de0000 - 0x00007fff11e81000 	C:\WINDOWS\System32\ADVAPI32.dll
0x00007fff12370000 - 0x00007fff1240e000 	C:\WINDOWS\System32\msvcrt.dll
0x00007fff147c0000 - 0x00007fff1481b000 	C:\WINDOWS\System32\sechost.dll
0x00007fff13bc0000 - 0x00007fff13ce4000 	C:\WINDOWS\System32\RPCRT4.dll
0x00007fff13cf0000 - 0x00007fff13e80000 	C:\WINDOWS\System32\USER32.dll
0x00007fff10c80000 - 0x00007fff10ca0000 	C:\WINDOWS\System32\win32u.dll
0x00007fff12210000 - 0x00007fff12238000 	C:\WINDOWS\System32\GDI32.dll
0x00007fff110a0000 - 0x00007fff11231000 	C:\WINDOWS\System32\gdi32full.dll
0x00007fff11590000 - 0x00007fff1162f000 	C:\WINDOWS\System32\msvcp_win.dll
0x00007fff10ca0000 - 0x00007fff10d98000 	C:\WINDOWS\System32\ucrtbase.dll
0x00007fff088a0000 - 0x00007fff08b09000 	C:\WINDOWS\WinSxS\amd64_microsoft.windows.common-controls_6595b64144ccf1df_6.0.17134.885_none_fb42a3473065565f\COMCTL32.dll
0x00007fff14490000 - 0x00007fff147b2000 	C:\WINDOWS\System32\combase.dll
0x00007fff11510000 - 0x00007fff11589000 	C:\WINDOWS\System32\bcryptPrimitives.dll
0x00007fff12590000 - 0x00007fff125bd000 	C:\WINDOWS\System32\IMM32.DLL
0x0000000072180000 - 0x0000000072252000 	C:\Program Files\Java\jdk1.8.0_161\jre\bin\msvcr100.dll
0x0000000072260000 - 0x0000000072aff000 	C:\Program Files\Java\jdk1.8.0_161\jre\bin\server\jvm.dll
0x00007fff125c0000 - 0x00007fff125c8000 	C:\WINDOWS\System32\PSAPI.DLL
0x00007fff07a70000 - 0x00007fff07a79000 	C:\WINDOWS\SYSTEM32\WSOCK32.dll
0x00007fff125d0000 - 0x00007fff1263c000 	C:\WINDOWS\System32\WS2_32.dll
0x00007fff0e910000 - 0x00007fff0e933000 	C:\WINDOWS\SYSTEM32\WINMM.dll
0x00007fff092a0000 - 0x00007fff092aa000 	C:\WINDOWS\SYSTEM32\VERSION.dll
0x00007fff0e8e0000 - 0x00007fff0e90a000 	C:\WINDOWS\SYSTEM32\WINMMBASE.dll
0x00007fff114c0000 - 0x00007fff11509000 	C:\WINDOWS\System32\cfgmgr32.dll
0x0000000073030000 - 0x000000007303f000 	C:\Program Files\Java\jdk1.8.0_161\jre\bin\verify.dll
0x0000000072150000 - 0x0000000072179000 	C:\Program Files\Java\jdk1.8.0_161\jre\bin\java.dll
0x0000000072130000 - 0x0000000072146000 	C:\Program Files\Java\jdk1.8.0_161\jre\bin\zip.dll
0x00007fff126a0000 - 0x00007fff13ae0000 	C:\WINDOWS\System32\SHELL32.dll
0x00007fff13e80000 - 0x00007fff13f29000 	C:\WINDOWS\System32\shcore.dll
0x00007fff11630000 - 0x00007fff11d3d000 	C:\WINDOWS\System32\windows.storage.dll
0x00007fff12310000 - 0x00007fff12361000 	C:\WINDOWS\System32\shlwapi.dll
0x00007fff10c40000 - 0x00007fff10c51000 	C:\WINDOWS\System32\kernel.appcore.dll
0x00007fff10c60000 - 0x00007fff10c7f000 	C:\WINDOWS\System32\profapi.dll
0x00007fff10bf0000 - 0x00007fff10c3c000 	C:\WINDOWS\System32\powrprof.dll
0x00007fff10be0000 - 0x00007fff10bea000 	C:\WINDOWS\System32\FLTLIB.DLL
0x0000000071f50000 - 0x00000000720e8000 	C:\Program Files\Java\jdk1.8.0_161\jre\bin\awt.dll
0x00007fff13ae0000 - 0x00007fff13ba2000 	C:\WINDOWS\System32\OLEAUT32.dll
0x00007fff0ef50000 - 0x00007fff0efdb000 	C:\WINDOWS\SYSTEM32\apphelp.dll
0x00007fff0f280000 - 0x00007fff0f318000 	C:\WINDOWS\system32\uxtheme.dll
0x00007fff12410000 - 0x00007fff12583000 	C:\WINDOWS\System32\MSCTF.dll
0x00007fff0f350000 - 0x00007fff0f379000 	C:\WINDOWS\system32\dwmapi.dll
0x00007fff11e90000 - 0x00007fff11fe1000 	C:\WINDOWS\System32\ole32.dll
0x0000000071f00000 - 0x0000000071f47000 	C:\Program Files\Java\jdk1.8.0_161\jre\bin\fontmanager.dll
0x0000000071d30000 - 0x0000000071e01000 	C:\Users\joaoq\AppData\Local\Temp\javacpp615425655986992\msvcr100.dll
0x0000000071c90000 - 0x0000000071d28000 	C:\Users\joaoq\AppData\Local\Temp\javacpp615425655986992\msvcp100.dll
0x0000000066840000 - 0x00000000676b4000 	C:\Users\joaoq\AppData\Local\Temp\javacpp615425655986992\opencv_ffmpeg248_64.dll
0x00007ffeca010000 - 0x00007ffeca282000 	C:\Users\joaoq\AppData\Local\Temp\javacpp615425655986992\opencv_core248.dll
0x00007ffec1980000 - 0x00007ffec1c32000 	C:\Users\joaoq\AppData\Local\Temp\javacpp615425655986992\opencv_imgproc248.dll
0x00007ffebae80000 - 0x00007ffebb0cd000 	C:\Users\joaoq\AppData\Local\Temp\javacpp615425655986992\opencv_highgui248.dll
0x00007fff09540000 - 0x00007fff0955f000 	C:\WINDOWS\SYSTEM32\AVIFIL32.dll
0x00007fff03d20000 - 0x00007fff03d49000 	C:\WINDOWS\SYSTEM32\MSVFW32.dll
0x00007fff00fd0000 - 0x00007fff00fe8000 	C:\WINDOWS\SYSTEM32\AVICAP32.dll
0x00007fff0c100000 - 0x00007fff0c11c000 	C:\WINDOWS\SYSTEM32\MSACM32.dll
0x00007fff00f70000 - 0x00007fff00f83000 	C:\Users\joaoq\AppData\Local\Temp\javacpp615425655986992\jniopencv_highgui.dll
0x00007fff103e0000 - 0x00007fff10446000 	C:\WINDOWS\system32\mswsock.dll
0x00007fff10590000 - 0x00007fff105a7000 	C:\WINDOWS\SYSTEM32\CRYPTSP.dll
0x00007fff0ffd0000 - 0x00007fff10003000 	C:\WINDOWS\system32\rsaenh.dll
0x00007fff106c0000 - 0x00007fff106e5000 	C:\WINDOWS\SYSTEM32\bcrypt.dll
0x00007fff105b0000 - 0x00007fff105bb000 	C:\WINDOWS\SYSTEM32\CRYPTBASE.dll
0x00007fff0c2b0000 - 0x00007fff0c2c6000 	C:\WINDOWS\system32\napinsp.dll
0x00007fff0bc00000 - 0x00007fff0bc1a000 	C:\WINDOWS\system32\pnrpnsp.dll
0x00007fff0d770000 - 0x00007fff0d789000 	C:\WINDOWS\system32\NLAapi.dll
0x00007fff101b0000 - 0x00007fff1026e000 	C:\WINDOWS\SYSTEM32\DNSAPI.dll
0x00007fff13bb0000 - 0x00007fff13bb8000 	C:\WINDOWS\System32\NSI.dll
0x00007fff10170000 - 0x00007fff101a8000 	C:\WINDOWS\SYSTEM32\IPHLPAPI.DLL
0x00007fff0c480000 - 0x00007fff0c48e000 	C:\WINDOWS\System32\winrnr.dll
0x00007fff04f90000 - 0x00007fff04fa5000 	C:\WINDOWS\System32\wshbth.dll
0x00007ffef5460000 - 0x00007ffef54fa000 	C:\Users\joaoq\AppData\Local\Temp\javacpp615425655986992\jniopencv_core.dll
0x00007ffef5300000 - 0x00007ffef5420000 	C:\WINDOWS\system32\opengl32.dll
0x00007ffeff170000 - 0x00007ffeff19c000 	C:\WINDOWS\SYSTEM32\GLU32.dll
0x0000000072110000 - 0x000000007212a000 	C:\Program Files\Java\jdk1.8.0_161\jre\bin\net.dll
0x00000000720f0000 - 0x0000000072101000 	C:\Program Files\Java\jdk1.8.0_161\jre\bin\nio.dll
0x0000000071c80000 - 0x0000000071c87000 	C:\Program Files\Java\jdk1.8.0_161\jre\bin\jawt.dll
0x0000000019be0000 - 0x0000000019c1e000 	C:\Program Files\Java\jdk1.8.0_161\jre\bin\j3dcore-ogl.dll
0x00007ffecf0b0000 - 0x00007ffecfbf7000 	C:\WINDOWS\SYSTEM32\ig75icd64.dll
0x00007ffeeca80000 - 0x00007ffeed4bf000 	C:\WINDOWS\SYSTEM32\igdusc64.dll
0x00007fff0ceb0000 - 0x00007fff0cec3000 	C:\WINDOWS\SYSTEM32\WTSAPI32.dll
0x00007fff0a280000 - 0x00007fff0a28a000 	C:\Windows\System32\rasadhlp.dll
0x0000000071eb0000 - 0x0000000071ef2000 	C:\Program Files\Java\jdk1.8.0_161\jre\bin\t2k.dll
0x00007ffefc090000 - 0x00007ffefc126000 	C:\WINDOWS\System32\TextInputFramework.dll
0x00007ffefbd70000 - 0x00007ffefc08e000 	C:\WINDOWS\System32\CoreUIComponents.dll
0x00007fff0ed40000 - 0x00007fff0ee1a000 	C:\WINDOWS\System32\CoreMessaging.dll
0x00007fff0fcc0000 - 0x00007fff0fcf1000 	C:\WINDOWS\SYSTEM32\ntmarta.dll
0x00007fff0c9e0000 - 0x00007fff0cb2d000 	C:\WINDOWS\SYSTEM32\wintypes.dll
0x0000000071e70000 - 0x0000000071e9a000 	C:\Program Files\Java\jdk1.8.0_161\jre\bin\dcpr.dll
0x00007fff0fa50000 - 0x00007fff0fb0b000 	C:\WINDOWS\SYSTEM32\dxgi.dll
0x00007fff0da30000 - 0x00007fff0dd3b000 	C:\WINDOWS\SYSTEM32\d3d11.dll
0x00007fff0a640000 - 0x00007fff0a6b2000 	C:\WINDOWS\System32\fwpuclnt.dll
0x00007fff04bf0000 - 0x00007fff04db9000 	C:\WINDOWS\SYSTEM32\dbghelp.dll

VM Arguments:
jvm_args: -Dfile.encoding=UTF-8 
java_command: serial.JFMain
java_class_path (initial): C:\Program Files\Java\jre1.8.0_191\lib\ext\RXTXcomm.jar;C:\Program Files\NetBeans 8.2\java\modules\ext\AbsoluteLayout.jar;C:\Users\joaoq\Downloads\opencv\build\java\opencv-347.jar;C:\Users\joaoq\Downloads\IP-Camera-Java-CV-Libraries-master\javacv.jar;C:\Users\joaoq\Downloads\IP-Camera-Java-CV-Libraries-master\javacpp.jar;C:\Users\joaoq\Downloads\IP-Camera-Java-CV-Libraries-master\javacv-windows-x86.jar;C:\Users\joaoq\Downloads\IP-Camera-Java-CV-Libraries-master\javacv-windows-x86_64.jar;C:\Users\joaoq\Downloads\IP-Camera-Java-CV-Libraries-master\opencv-2.4.8-windows-x86.jar;C:\Users\joaoq\Downloads\IP-Camera-Java-CV-Libraries-master\opencv-2.4.8-windows-x86_64.jar;C:\Users\joaoq\Downloads\org.eclipse.paho.client.mqttv3-1.2.0.jar;C:\Users\joaoq\Google Drive\TCC João Pedro Quintino\TCC2\Software PC\ReadWriteSerial\build\classes
Launcher Type: SUN_STANDARD

Environment Variables:
JAVA_HOME=C:\Program Files\Java\jdk1.8.0_161
CLASSPATH=C:\Program Files\Java\jdk1.8.0_161\lib;C:\jflex-1.6.1\lib\jflex-1.6.1.jar
PATH=C:\Program Files (x86)\Common Files\Oracle\Java\javapath;C:\ProgramData\Oracle\Java\javapath;C:\Program Files (x86)\Intel\iCLS Client\;C:\Program Files\Intel\iCLS Client\;C:\Windows\system32;C:\Windows;C:\Windows\System32\Wbem;C:\Windows\System32\WindowsPowerShell\v1.0\;C:\Program Files (x86)\Intel\Intel(R) Management Engine Components\DAL;C:\Program Files\Intel\Intel(R) Management Engine Components\DAL;C:\Program Files (x86)\Intel\Intel(R) Management Engine Components\IPT;C:\Program Files\Intel\Intel(R) Management Engine Components\IPT;C:\Program Files (x86)\NVIDIA Corporation\PhysX\Common;C:\WINDOWS\system32;C:\WINDOWS;C:\WINDOWS\System32\Wbem;C:\WINDOWS\System32\WindowsPowerShell\v1.0\;C:\Program Files\Java\jdk1.8.0_161\bin;C:\WINDOWS\System32\OpenSSH\;C:\Program Files\MATLAB\R2018a\runtime\win64;C:\Program Files\MATLAB\R2018a\bin;D:\Program Files\nodejs\;D:\Program Files\Microsoft VS Code\bin;D:\Program Files (x86)\Yarn\bin\;C:\Program Files\Git\cmd;C:\Users\joaoq\AppData\Local\Programs\Python\Python37-32\Scripts\;C:\Users\joaoq\AppData\Local\Programs\Python\Python37-32\;C:\Users\joaoq\AppData\Local\Microsoft\WindowsApps;C:\Users\joaoq\AppData\Roaming\npm;C:\Users\joaoq\AppData\Local\Yarn\bin;D:\Program Files\Docker Toolbox
USERNAME=joaoq
OS=Windows_NT
PROCESSOR_IDENTIFIER=Intel64 Family 6 Model 69 Stepping 1, GenuineIntel



---------------  S Y S T E M  ---------------

OS: Windows 10.0 , 64 bit Build 17134 (10.0.17134.753)

CPU:total 4 (initial active 4) (2 cores per cpu, 2 threads per core) family 6 model 69 stepping 1, cmov, cx8, fxsr, mmx, sse, sse2, sse3, ssse3, sse4.1, sse4.2, popcnt, avx, avx2, aes, clmul, erms, lzcnt, ht, tsc, tscinvbit, bmi1, bmi2

Memory: 4k page, physical 8289792k(1583168k free), swap 11699512k(1731832k free)

vm_info: Java HotSpot(TM) 64-Bit Server VM (25.161-b12) for windows-amd64 JRE (1.8.0_161-b12), built on Dec 19 2017 17:52:25 by "java_re" with MS VC++ 10.0 (VS2010)

time: Thu Aug 01 19:54:14 2019
elapsed time: 15 seconds (0d 0h 0m 15s)

