#
# A fatal error has been detected by the Java Runtime Environment:
#
#  EXCEPTION_ACCESS_VIOLATION (0xc0000005) at pc=0x0000000066842310, pid=18596, tid=0x00000000000049d4
#
# JRE version: Java(TM) SE Runtime Environment (8.0_161-b12) (build 1.8.0_161-b12)
# Java VM: Java HotSpot(TM) 64-Bit Server VM (25.161-b12 mixed mode windows-amd64 compressed oops)
# Problematic frame:
# C  [opencv_ffmpeg248_64.dll+0x2310]
#
# Failed to write core dump. Minidumps are not enabled by default on client versions of Windows
#
# If you would like to submit a bug report, please visit:
#   http://bugreport.java.com/bugreport/crash.jsp
# The crash happened outside the Java Virtual Machine in native code.
# See problematic frame for where to report the bug.
#

---------------  T H R E A D  ---------------

Current thread (0x000000001d6bf000):  JavaThread "Thread-4" [_thread_in_native, id=18900, stack(0x0000000063a80000,0x0000000063b80000)]

siginfo: ExceptionCode=0xc0000005, reading address 0x0000000000000008

Registers:
RAX=0x0000000000000000, RBX=0x000000000077c2c0, RCX=0x0000000000770000, RDX=0x000000001b04a260
RSP=0x0000000063b7eee0, RBP=0x8000000000000000, RSI=0x000000000077c558, RDI=0x0000000000000002
R8 =0x0000000063b7ef0c, R9 =0x000000000077c558, R10=0x0000000000000000, R11=0x0000000063b7e9d0
R12=0x0000000000000000, R13=0x0000000063b7f1a0, R14=0x0000000063b7f070, R15=0x000000001d6bf000
RIP=0x0000000066842310, EFLAGS=0x0000000000010246

Top of Stack: (sp=0x0000000063b7eee0)
0x0000000063b7eee0:   0000000063b7f080 000000006684346a
0x0000000063b7eef0:   00004852d9dd35e4 00000000169a933b
0x0000000063b7ef00:   00004852d9dd3504 0000000063b7f070
0x0000000063b7ef10:   0000000000000071 0000000082a5a7d8
0x0000000063b7ef20:   00000000648b3dd0 0000000063b7f080
0x0000000063b7ef30:   0000000000000000 0000000066843429
0x0000000063b7ef40:   0000000082395d98 000000001d6bf000
0x0000000063b7ef50:   000000001d6bf000 000000007236de8c
0x0000000063b7ef60:   0000000100064e10 00007ffed5423323
0x0000000063b7ef70:   00000000d62cb808 00000000723a8690
0x0000000063b7ef80:   000000001d6bf000 000000007239ed79
0x0000000063b7ef90:   00000000d62cb808 00007ffed54210e1
0x0000000063b7efa0:   000000001d6bf1f8 000000001d6bf000
0x0000000063b7efb0:   000000001d6bf000 0000000000000000
0x0000000063b7efc0:   0000000000000000 000000001d6bf1f8
0x0000000063b7efd0:   00000000191164e0 00007fff04df756b 

Instructions: (pc=0x0000000066842310)
0x00000000668422f0:   e0 48 83 c4 30 5b 5e 5f 5d 41 5c c3 0f 1f 40 00
0x0000000066842300:   48 8b 43 18 48 8b 53 20 4c 8d 44 24 2c 49 89 f1
0x0000000066842310:   48 8b 48 08 e8 c7 c5 0e 00 44 8b 64 24 2c 45 85
0x0000000066842320:   e4 74 1d 48 39 ab 90 02 00 00 74 64 48 83 83 18 


Register to memory mapping:

RAX=0x0000000000000000 is an unknown value
RBX=0x000000000077c2c0 is an unknown value
RCX=0x0000000000770000 is an unknown value
RDX=0x000000001b04a260 is an unknown value
RSP=0x0000000063b7eee0 is pointing into the stack for thread: 0x000000001d6bf000
RBP=0x8000000000000000 is an unknown value
RSI=0x000000000077c558 is an unknown value
RDI=0x0000000000000002 is an unknown value
R8 =0x0000000063b7ef0c is pointing into the stack for thread: 0x000000001d6bf000
R9 =0x000000000077c558 is an unknown value
R10=0x0000000000000000 is an unknown value
R11=0x0000000063b7e9d0 is pointing into the stack for thread: 0x000000001d6bf000
R12=0x0000000000000000 is an unknown value
R13=0x0000000063b7f1a0 is pointing into the stack for thread: 0x000000001d6bf000
R14=0x0000000063b7f070 is pointing into the stack for thread: 0x000000001d6bf000
R15=0x000000001d6bf000 is a thread


Stack: [0x0000000063a80000,0x0000000063b80000],  sp=0x0000000063b7eee0,  free space=1019k
Native frames: (J=compiled Java code, j=interpreted, Vv=VM code, C=native code)
C  [opencv_ffmpeg248_64.dll+0x2310]
C  [opencv_ffmpeg248_64.dll+0x3429]
C  [opencv_highgui248.dll+0x3323]
C  [opencv_highgui248.dll+0x10e1]
C  [jniopencv_highgui.dll+0x756b]
C  0x000000000275b314

Java frames: (J=compiled Java code, j=interpreted, Vv=VM code)
J 2182  com.googlecode.javacv.cpp.opencv_highgui.cvGrabFrame(Lcom/googlecode/javacv/cpp/opencv_highgui$CvCapture;)I (0 bytes) @ 0x000000000275b292 [0x000000000275b240+0x52]
J 2186 C1 com.googlecode.javacv.OpenCVFrameGrabber.grab()Lcom/googlecode/javacv/cpp/opencv_core$IplImage; (177 bytes) @ 0x0000000002b1dcbc [0x0000000002b1db40+0x17c]
j  serial.CameraHandler.run()V+19
j  java.lang.Thread.run()V+11
v  ~StubRoutines::call_stub

---------------  P R O C E S S  ---------------

Java Threads: ( => current thread )
  0x000000001d885000 JavaThread "pool-2-thread-7" [_thread_blocked, id=19080, stack(0x00000000684c0000,0x00000000685c0000)]
  0x000000001d889000 JavaThread "J3D-InputDeviceScheduler-2" [_thread_blocked, id=19072, stack(0x00000000682c0000,0x00000000683c0000)]
  0x000000001d884800 JavaThread "J3D-SoundSchedulerUpdateThread-2" [_thread_blocked, id=19068, stack(0x00000000681c0000,0x00000000682c0000)]
  0x000000001d887800 JavaThread "J3D-RenderStructureUpdateThread-2" [_thread_blocked, id=19064, stack(0x00000000680c0000,0x00000000681c0000)]
  0x000000001d886800 JavaThread "J3D-BehaviorScheduler-2" [_thread_blocked, id=19104, stack(0x0000000067fc0000,0x00000000680c0000)]
  0x000000001d886000 JavaThread "J3D-TransformStructureUpdateThread-2" [_thread_blocked, id=19060, stack(0x0000000067ec0000,0x0000000067fc0000)]
  0x000000001d87d000 JavaThread "J3D-RenderingEnvironmentStructureUpdateThread-2" [_thread_blocked, id=19116, stack(0x0000000066680000,0x0000000066780000)]
  0x000000001d883800 JavaThread "J3D-SoundStructureUpdateThread-2" [_thread_blocked, id=19052, stack(0x0000000066580000,0x0000000066680000)]
  0x000000001d883000 JavaThread "J3D-GeometryStructureUpdateThread-2" [_thread_blocked, id=19048, stack(0x0000000066480000,0x0000000066580000)]
  0x000000001d882000 JavaThread "J3D-BehaviorStructureUpdateThread-2" [_thread_blocked, id=19044, stack(0x0000000066380000,0x0000000066480000)]
  0x000000001d880000 JavaThread "pool-2-thread-6" [_thread_blocked, id=19040, stack(0x0000000065280000,0x0000000065380000)]
  0x000000001d881800 JavaThread "pool-2-thread-5" [_thread_blocked, id=19032, stack(0x0000000065180000,0x0000000065280000)]
  0x000000001d87a000 JavaThread "MQTT Reconnect: cliente_java_1564701527560" [_thread_blocked, id=19024, stack(0x0000000065080000,0x0000000065180000)]
  0x000000001d87d800 JavaThread "DestroyJavaVM" [_thread_blocked, id=18664, stack(0x0000000002080000,0x0000000002180000)]
  0x000000001d880800 JavaThread "J3D-InputDeviceScheduler-1" [_thread_blocked, id=18916, stack(0x0000000064780000,0x0000000064880000)]
  0x000000001d87c000 JavaThread "J3D-SoundSchedulerUpdateThread-1" [_thread_blocked, id=18912, stack(0x0000000064680000,0x0000000064780000)]
  0x000000001d87b800 JavaThread "J3D-RenderStructureUpdateThread-1" [_thread_blocked, id=18888, stack(0x0000000064480000,0x0000000064580000)]
  0x000000001d87f000 JavaThread "J3D-BehaviorScheduler-1" [_thread_blocked, id=18880, stack(0x0000000064380000,0x0000000064480000)]
  0x000000001d87a800 JavaThread "J3D-TransformStructureUpdateThread-1" [_thread_blocked, id=18876, stack(0x0000000064280000,0x0000000064380000)]
  0x000000001d87e800 JavaThread "J3D-RenderingEnvironmentStructureUpdateThread-1" [_thread_blocked, id=18872, stack(0x0000000064180000,0x0000000064280000)]
  0x000000001d6c2800 JavaThread "J3D-SoundStructureUpdateThread-1" [_thread_blocked, id=18868, stack(0x0000000064080000,0x0000000064180000)]
  0x000000001d6c2000 JavaThread "J3D-GeometryStructureUpdateThread-1" [_thread_blocked, id=18864, stack(0x0000000063f80000,0x0000000064080000)]
  0x000000001d6bc000 JavaThread "J3D-BehaviorStructureUpdateThread-1" [_thread_blocked, id=18860, stack(0x0000000063e80000,0x0000000063f80000)]
  0x000000001d6bd800 JavaThread "MQTT Con: cliente_java_1564701527560" [_thread_in_native, id=18884, stack(0x0000000063d80000,0x0000000063e80000)]
  0x000000001d6c0800 JavaThread "MQTT Con: cliente_java_1564701527560" [_thread_blocked, id=18856, stack(0x0000000063c80000,0x0000000063d80000)]
  0x000000001d6c1000 JavaThread "MQTT Con: cliente_java_1564701527560" [_thread_blocked, id=18908, stack(0x0000000063b80000,0x0000000063c80000)]
=>0x000000001d6bf000 JavaThread "Thread-4" [_thread_in_native, id=18900, stack(0x0000000063a80000,0x0000000063b80000)]
  0x000000001d6bf800 JavaThread "TimerQueue" daemon [_thread_blocked, id=18848, stack(0x0000000063980000,0x0000000063a80000)]
  0x000000001d6bc800 JavaThread "J3D-Renderer-1" [_thread_blocked, id=18820, stack(0x000000001eb40000,0x000000001ec40000)]
  0x000000001d6e1800 JavaThread "J3D-MasterControl-1" [_thread_blocked, id=18824, stack(0x000000001ea40000,0x000000001eb40000)]
  0x000000001d3f7000 JavaThread "J3D-NotificationThread" [_thread_blocked, id=18808, stack(0x000000001e940000,0x000000001ea40000)]
  0x000000001d9b4000 JavaThread "J3D-TimerThread" [_thread_blocked, id=18804, stack(0x000000001e840000,0x000000001e940000)]
  0x000000001d726800 JavaThread "J3D-RenderingAttributesStructureUpdateThread" [_thread_blocked, id=18800, stack(0x000000001e740000,0x000000001e840000)]
  0x0000000019034800 JavaThread "MQTT Rec: cliente_java_1564701527560" [_thread_blocked, id=18796, stack(0x000000001e540000,0x000000001e640000)]
  0x000000001892c800 JavaThread "AWT-EventQueue-0" [_thread_blocked, id=18792, stack(0x000000001d070000,0x000000001d170000)]
  0x000000001892b800 JavaThread "AWT-Shutdown" [_thread_blocked, id=18788, stack(0x000000001cf70000,0x000000001d070000)]
  0x0000000018fed000 JavaThread "Java2D Disposer" daemon [_thread_blocked, id=18736, stack(0x0000000019770000,0x0000000019870000)]
  0x0000000018850800 JavaThread "Service Thread" daemon [_thread_blocked, id=18724, stack(0x0000000018c20000,0x0000000018d20000)]
  0x0000000016ecd000 JavaThread "C1 CompilerThread2" daemon [_thread_blocked, id=18720, stack(0x0000000018720000,0x0000000018820000)]
  0x0000000016ec3800 JavaThread "C2 CompilerThread1" daemon [_thread_blocked, id=18716, stack(0x0000000018620000,0x0000000018720000)]
  0x0000000016ec0800 JavaThread "C2 CompilerThread0" daemon [_thread_blocked, id=18712, stack(0x0000000018520000,0x0000000018620000)]
  0x0000000016ebc800 JavaThread "Attach Listener" daemon [_thread_blocked, id=18708, stack(0x0000000018420000,0x0000000018520000)]
  0x0000000016ebb000 JavaThread "Signal Dispatcher" daemon [_thread_blocked, id=18700, stack(0x0000000018320000,0x0000000018420000)]
  0x0000000016ea8800 JavaThread "Finalizer" daemon [_thread_blocked, id=18696, stack(0x0000000018110000,0x0000000018210000)]
  0x0000000002363000 JavaThread "Reference Handler" daemon [_thread_blocked, id=18704, stack(0x0000000018010000,0x0000000018110000)]

Other Threads:
  0x0000000016e87800 VMThread [stack: 0x0000000017f10000,0x0000000018010000] [id=18688]
  0x0000000016f1c800 WatcherThread [stack: 0x0000000018d20000,0x0000000018e20000] [id=18728]

VM state:not at safepoint (normal execution)

VM Mutex/Monitor currently owned by a thread: None

Heap:
 PSYoungGen      total 259072K, used 66948K [0x00000000d5d80000, 0x00000000f0780000, 0x0000000100000000)
  eden space 251904K, 23% used [0x00000000d5d80000,0x00000000d97fc918,0x00000000e5380000)
  from space 7168K, 98% used [0x00000000f0080000,0x00000000f0764840,0x00000000f0780000)
  to   space 8192K, 0% used [0x00000000ef780000,0x00000000ef780000,0x00000000eff80000)
 ParOldGen       total 87552K, used 30083K [0x0000000081800000, 0x0000000086d80000, 0x00000000d5d80000)
  object space 87552K, 34% used [0x0000000081800000,0x0000000083560c08,0x0000000086d80000)
 Metaspace       used 19617K, capacity 19856K, committed 20096K, reserved 1067008K
  class space    used 2249K, capacity 2352K, committed 2432K, reserved 1048576K

Card table byte_map: [0x0000000011730000,0x0000000011b30000] byte_map_base: 0x0000000011324000

Marking Bits: (ParMarkBitMap*) 0x0000000072a7f860
 Begin Bits: [0x00000000121e0000, 0x0000000014180000)
 End Bits:   [0x0000000014180000, 0x0000000016120000)

Polling page: 0x0000000000760000

CodeCache: size=245760Kb used=8407Kb max_used=8407Kb free=237352Kb
 bounds [0x0000000002370000, 0x0000000002bb0000, 0x0000000011370000]
 total_blobs=2911 nmethods=2228 adapters=593
 compilation: enabled

Compilation events (10 events):
Event: 32.169 Thread 0x0000000016ecd000 2353       3       java.awt.Component::getNativeContainer (29 bytes)
Event: 32.170 Thread 0x0000000016ecd000 nmethod 2353 0x0000000002ba7cd0 code [0x0000000002ba7e60, 0x0000000002ba8318]
Event: 32.171 Thread 0x0000000016ecd000 2354       3       javax.swing.plaf.nimbus.AbstractRegionPainter$PaintContext::access$800 (5 bytes)
Event: 32.171 Thread 0x0000000016ecd000 nmethod 2354 0x0000000002ba8410 code [0x0000000002ba8560, 0x0000000002ba8690]
Event: 32.171 Thread 0x0000000016ecd000 2355       3       javax.swing.plaf.nimbus.AbstractRegionPainter$PaintContext::access$700 (5 bytes)
Event: 32.171 Thread 0x0000000016ecd000 nmethod 2355 0x0000000002ba8750 code [0x0000000002ba88a0, 0x0000000002ba89d0]
Event: 32.172 Thread 0x0000000016ecd000 2356       3       sun.java2d.pipe.Region::intersectsQuickCheckXYXY (39 bytes)
Event: 32.172 Thread 0x0000000016ecd000 nmethod 2356 0x0000000002ba8a90 code [0x0000000002ba8c00, 0x0000000002ba8e70]
Event: 32.211 Thread 0x0000000016ecd000 2357       3       java.awt.image.BufferedImage::<init> (926 bytes)
Event: 32.216 Thread 0x0000000016ecd000 nmethod 2357 0x0000000002ba8f10 code [0x0000000002ba93c0, 0x0000000002babd78]

GC Heap History (10 events):
Event: 9.137 GC heap before
{Heap before GC invocations=6 (full 0):
 PSYoungGen      total 71680K, used 68658K [0x00000000d5d80000, 0x00000000deb80000, 0x0000000100000000)
  eden space 66560K, 96% used [0x00000000d5d80000,0x00000000d9bfbb90,0x00000000d9e80000)
  from space 5120K, 91% used [0x00000000d9e80000,0x00000000da310cf8,0x00000000da380000)
  to   space 6144K, 0% used [0x00000000de580000,0x00000000de580000,0x00000000deb80000)
 ParOldGen       total 87552K, used 14570K [0x0000000081800000, 0x0000000086d80000, 0x00000000d5d80000)
  object space 87552K, 16% used [0x0000000081800000,0x000000008263ab40,0x0000000086d80000)
 Metaspace       used 18834K, capacity 19144K, committed 19328K, reserved 1067008K
  class space    used 2234K, capacity 2352K, committed 2432K, reserved 1048576K
Event: 9.146 GC heap after
Heap after GC invocations=6 (full 0):
 PSYoungGen      total 137728K, used 6127K [0x00000000d5d80000, 0x00000000dee80000, 0x0000000100000000)
  eden space 131584K, 0% used [0x00000000d5d80000,0x00000000d5d80000,0x00000000dde00000)
  from space 6144K, 99% used [0x00000000de580000,0x00000000deb7bd08,0x00000000deb80000)
  to   space 7680K, 0% used [0x00000000dde00000,0x00000000dde00000,0x00000000de580000)
 ParOldGen       total 87552K, used 15803K [0x0000000081800000, 0x0000000086d80000, 0x00000000d5d80000)
  object space 87552K, 18% used [0x0000000081800000,0x000000008276eff0,0x0000000086d80000)
 Metaspace       used 18834K, capacity 19144K, committed 19328K, reserved 1067008K
  class space    used 2234K, capacity 2352K, committed 2432K, reserved 1048576K
}
Event: 12.299 GC heap before
{Heap before GC invocations=7 (full 0):
 PSYoungGen      total 137728K, used 136580K [0x00000000d5d80000, 0x00000000dee80000, 0x0000000100000000)
  eden space 131584K, 99% used [0x00000000d5d80000,0x00000000ddce53d8,0x00000000dde00000)
  from space 6144K, 99% used [0x00000000de580000,0x00000000deb7bd08,0x00000000deb80000)
  to   space 7680K, 0% used [0x00000000dde00000,0x00000000dde00000,0x00000000de580000)
 ParOldGen       total 87552K, used 15803K [0x0000000081800000, 0x0000000086d80000, 0x00000000d5d80000)
  object space 87552K, 18% used [0x0000000081800000,0x000000008276eff0,0x0000000086d80000)
 Metaspace       used 18952K, capacity 19272K, committed 19584K, reserved 1067008K
  class space    used 2234K, capacity 2352K, committed 2432K, reserved 1048576K
Event: 12.309 GC heap after
Heap after GC invocations=7 (full 0):
 PSYoungGen      total 139264K, used 2828K [0x00000000d5d80000, 0x00000000e6d80000, 0x0000000100000000)
  eden space 131584K, 0% used [0x00000000d5d80000,0x00000000d5d80000,0x00000000dde00000)
  from space 7680K, 36% used [0x00000000dde00000,0x00000000de0c3010,0x00000000de580000)
  to   space 7680K, 0% used [0x00000000e6600000,0x00000000e6600000,0x00000000e6d80000)
 ParOldGen       total 87552K, used 19226K [0x0000000081800000, 0x0000000086d80000, 0x00000000d5d80000)
  object space 87552K, 21% used [0x0000000081800000,0x0000000082ac6bc8,0x0000000086d80000)
 Metaspace       used 18952K, capacity 19272K, committed 19584K, reserved 1067008K
  class space    used 2234K, capacity 2352K, committed 2432K, reserved 1048576K
}
Event: 15.446 GC heap before
{Heap before GC invocations=8 (full 0):
 PSYoungGen      total 139264K, used 133246K [0x00000000d5d80000, 0x00000000e6d80000, 0x0000000100000000)
  eden space 131584K, 99% used [0x00000000d5d80000,0x00000000ddcdc840,0x00000000dde00000)
  from space 7680K, 36% used [0x00000000dde00000,0x00000000de0c3010,0x00000000de580000)
  to   space 7680K, 0% used [0x00000000e6600000,0x00000000e6600000,0x00000000e6d80000)
 ParOldGen       total 87552K, used 19226K [0x0000000081800000, 0x0000000086d80000, 0x00000000d5d80000)
  object space 87552K, 21% used [0x0000000081800000,0x0000000082ac6bc8,0x0000000086d80000)
 Metaspace       used 19035K, capacity 19336K, committed 19584K, reserved 1067008K
  class space    used 2234K, capacity 2352K, committed 2432K, reserved 1048576K
Event: 15.451 GC heap after
Heap after GC invocations=8 (full 0):
 PSYoungGen      total 270848K, used 5528K [0x00000000d5d80000, 0x00000000e6d80000, 0x0000000100000000)
  eden space 263168K, 0% used [0x00000000d5d80000,0x00000000d5d80000,0x00000000e5e80000)
  from space 7680K, 71% used [0x00000000e6600000,0x00000000e6b66020,0x00000000e6d80000)
  to   space 7680K, 0% used [0x00000000e5e80000,0x00000000e5e80000,0x00000000e6600000)
 ParOldGen       total 87552K, used 21950K [0x0000000081800000, 0x0000000086d80000, 0x00000000d5d80000)
  object space 87552K, 25% used [0x0000000081800000,0x0000000082d6fbd8,0x0000000086d80000)
 Metaspace       used 19035K, capacity 19336K, committed 19584K, reserved 1067008K
  class space    used 2234K, capacity 2352K, committed 2432K, reserved 1048576K
}
Event: 24.898 GC heap before
{Heap before GC invocations=9 (full 0):
 PSYoungGen      total 270848K, used 267065K [0x00000000d5d80000, 0x00000000e6d80000, 0x0000000100000000)
  eden space 263168K, 99% used [0x00000000d5d80000,0x00000000e5ce85c8,0x00000000e5e80000)
  from space 7680K, 71% used [0x00000000e6600000,0x00000000e6b66020,0x00000000e6d80000)
  to   space 7680K, 0% used [0x00000000e5e80000,0x00000000e5e80000,0x00000000e6600000)
 ParOldGen       total 87552K, used 21950K [0x0000000081800000, 0x0000000086d80000, 0x00000000d5d80000)
  object space 87552K, 25% used [0x0000000081800000,0x0000000082d6fbd8,0x0000000086d80000)
 Metaspace       used 19430K, capacity 19720K, committed 19840K, reserved 1067008K
  class space    used 2243K, capacity 2352K, committed 2432K, reserved 1048576K
Event: 24.907 GC heap after
Heap after GC invocations=9 (full 0):
 PSYoungGen      total 270848K, used 5504K [0x00000000d5d80000, 0x00000000f0800000, 0x0000000100000000)
  eden space 263168K, 0% used [0x00000000d5d80000,0x00000000d5d80000,0x00000000e5e80000)
  from space 7680K, 71% used [0x00000000e5e80000,0x00000000e63e0050,0x00000000e6600000)
  to   space 7680K, 0% used [0x00000000f0080000,0x00000000f0080000,0x00000000f0800000)
 ParOldGen       total 87552K, used 27358K [0x0000000081800000, 0x0000000086d80000, 0x00000000d5d80000)
  object space 87552K, 31% used [0x0000000081800000,0x00000000832b7bf8,0x0000000086d80000)
 Metaspace       used 19430K, capacity 19720K, committed 19840K, reserved 1067008K
  class space    used 2243K, capacity 2352K, committed 2432K, reserved 1048576K
}
Event: 31.049 GC heap before
{Heap before GC invocations=10 (full 0):
 PSYoungGen      total 270848K, used 266092K [0x00000000d5d80000, 0x00000000f0800000, 0x0000000100000000)
  eden space 263168K, 99% used [0x00000000d5d80000,0x00000000e5bfb240,0x00000000e5e80000)
  from space 7680K, 71% used [0x00000000e5e80000,0x00000000e63e0050,0x00000000e6600000)
  to   space 7680K, 0% used [0x00000000f0080000,0x00000000f0080000,0x00000000f0800000)
 ParOldGen       total 87552K, used 27358K [0x0000000081800000, 0x0000000086d80000, 0x00000000d5d80000)
  object space 87552K, 31% used [0x0000000081800000,0x00000000832b7bf8,0x0000000086d80000)
 Metaspace       used 19550K, capacity 19784K, committed 20096K, reserved 1067008K
  class space    used 2247K, capacity 2352K, committed 2432K, reserved 1048576K
Event: 31.055 GC heap after
Heap after GC invocations=10 (full 0):
 PSYoungGen      total 259072K, used 7058K [0x00000000d5d80000, 0x00000000f0780000, 0x0000000100000000)
  eden space 251904K, 0% used [0x00000000d5d80000,0x00000000d5d80000,0x00000000e5380000)
  from space 7168K, 98% used [0x00000000f0080000,0x00000000f0764840,0x00000000f0780000)
  to   space 8192K, 0% used [0x00000000ef780000,0x00000000ef780000,0x00000000eff80000)
 ParOldGen       total 87552K, used 30083K [0x0000000081800000, 0x0000000086d80000, 0x00000000d5d80000)
  object space 87552K, 34% used [0x0000000081800000,0x0000000083560c08,0x0000000086d80000)
 Metaspace       used 19550K, capacity 19784K, committed 20096K, reserved 1067008K
  class space    used 2247K, capacity 2352K, committed 2432K, reserved 1048576K
}

Deoptimization events (10 events):
Event: 15.659 Thread 0x000000001892c800 Uncommon trap: reason=range_check action=make_not_entrant pc=0x000000000297bc08 method=java.util.ComparableTimSort.countRunAndMakeAscending([Ljava/lang/Object;II)I @ 35
Event: 22.354 Thread 0x0000000019034800 Uncommon trap: reason=class_check action=maybe_recompile pc=0x00000000025b4ed0 method=java.io.FilterInputStream.read([BII)I @ 7
Event: 24.121 Thread 0x000000001892c800 Uncommon trap: reason=null_check action=make_not_entrant pc=0x0000000002b16f8c method=javax.swing.plaf.nimbus.NimbusDefaults$LazyStyle.matches(Ljava/awt/Component;I)Z @ 39
Event: 26.623 Thread 0x000000001892c800 Uncommon trap: reason=unstable_if action=reinterpret pc=0x0000000002a89f24 method=javax.swing.DefaultButtonModel.isRollover()Z @ 7
Event: 26.625 Thread 0x000000001892c800 Uncommon trap: reason=unstable_if action=reinterpret pc=0x000000000299f980 method=javax.swing.plaf.nimbus.NimbusStyle.get(Ljavax/swing/plaf/synth/SynthContext;Ljava/lang/Object;)Ljava/lang/Object; @ 67
Event: 26.625 Thread 0x000000001892c800 Uncommon trap: reason=unstable_if action=reinterpret pc=0x00000000029fc3b4 method=javax.swing.plaf.synth.SynthStyle.getFont(Ljavax/swing/plaf/synth/SynthContext;)Ljava/awt/Font; @ 10
Event: 27.051 Thread 0x000000001892c800 Uncommon trap: reason=unstable_if action=reinterpret pc=0x0000000002b0fbfc method=java.security.AccessControlContext.optimize()Ljava/security/AccessControlContext; @ 220
Event: 27.052 Thread 0x000000001892c800 Uncommon trap: reason=unstable_if action=reinterpret pc=0x0000000002661450 method=java.awt.KeyboardFocusManager.getFocusOwner()Ljava/awt/Component; @ 8
Event: 27.052 Thread 0x000000001892c800 Uncommon trap: reason=unstable_if action=reinterpret pc=0x0000000002876f80 method=javax.swing.JComponent.getClientProperty(Ljava/lang/Object;)Ljava/lang/Object; @ 16
Event: 27.253 Thread 0x000000001892c800 Uncommon trap: reason=unstable_if action=reinterpret pc=0x0000000002a1d8a8 method=java.awt.Component.setBoundsOp(I)V @ 42

Classes redefined (0 events):
No events

Internal exceptions (10 events):
Event: 5.490 Thread 0x000000001892c800 Implicit null exception at 0x00000000025d7296 to 0x00000000025d7631
Event: 5.490 Thread 0x000000001892c800 Implicit null exception at 0x00000000025ca696 to 0x00000000025caa35
Event: 6.738 Thread 0x000000001892c800 Implicit null exception at 0x000000000257102f to 0x0000000002571099
Event: 22.343 Thread 0x000000001d6c1000 Exception <a 'java/lang/InterruptedException'> (0x00000000e271cbe0) thrown at [C:\re\workspace\8-2-build-windows-amd64-cygwin\jdk8u161\10277\hotspot\src\share\vm\runtime\objectMonitor.cpp, line 1684]
Event: 22.344 Thread 0x000000001d6bd800 Exception <a 'java/lang/InterruptedException'> (0x00000000da55a558) thrown at [C:\re\workspace\8-2-build-windows-amd64-cygwin\jdk8u161\10277\hotspot\src\share\vm\runtime\objectMonitor.cpp, line 1684]
Event: 24.121 Thread 0x000000001892c800 Implicit null exception at 0x0000000002b15911 to 0x0000000002b16f75
Event: 26.378 Thread 0x000000001d6c0800 Exception <a 'java/net/SocketTimeoutException': connect timed out> (0x00000000d9cda840) thrown at [C:\re\workspace\8-2-build-windows-amd64-cygwin\jdk8u161\10277\hotspot\src\share\vm\prims\jni.cpp, line 735]
Event: 26.625 Thread 0x000000001892c800 Implicit null exception at 0x000000000299f252 to 0x000000000299f95f
Event: 27.052 Thread 0x000000001892c800 Implicit null exception at 0x000000000266122c to 0x0000000002661441
Event: 29.386 Thread 0x000000001d6c1000 Exception <a 'java/net/SocketTimeoutException': connect timed out> (0x00000000d9d5ed58) thrown at [C:\re\workspace\8-2-build-windows-amd64-cygwin\jdk8u161\10277\hotspot\src\share\vm\prims\jni.cpp, line 735]

Events (10 events):
Event: 28.958 Thread 0x000000001892c800 DEOPT UNPACKING pc=0x00000000023b7890 sp=0x000000001d16dc68 mode 0
Event: 29.386 Executing VM operation: RevokeBias
Event: 29.386 Executing VM operation: RevokeBias done
Event: 29.386 Executing VM operation: RevokeBias
Event: 29.386 Executing VM operation: RevokeBias done
Event: 29.386 Executing VM operation: RevokeBias
Event: 29.386 Executing VM operation: RevokeBias done
Event: 31.048 Executing VM operation: ParallelGCFailedAllocation
Event: 31.055 Executing VM operation: ParallelGCFailedAllocation done
Event: 31.393 Thread 0x000000001d885000 Thread added: 0x000000001d885000


Dynamic libraries:
0x00007ff7e58c0000 - 0x00007ff7e58f7000 	C:\Program Files\Java\jdk1.8.0_161\bin\java.exe
0x00007fff148b0000 - 0x00007fff14a91000 	C:\WINDOWS\SYSTEM32\ntdll.dll
0x00007fff0cf90000 - 0x00007fff0cfa2000 	C:\Program Files\AVAST Software\Avast\aswhook.dll
0x00007fff12240000 - 0x00007fff122f1000 	C:\WINDOWS\System32\KERNEL32.DLL
0x00007fff11240000 - 0x00007fff114b3000 	C:\WINDOWS\System32\KERNELBASE.dll
0x00007fff11de0000 - 0x00007fff11e81000 	C:\WINDOWS\System32\ADVAPI32.dll
0x00007fff12370000 - 0x00007fff1240e000 	C:\WINDOWS\System32\msvcrt.dll
0x00007fff147c0000 - 0x00007fff1481b000 	C:\WINDOWS\System32\sechost.dll
0x00007fff13bc0000 - 0x00007fff13ce4000 	C:\WINDOWS\System32\RPCRT4.dll
0x00007fff13cf0000 - 0x00007fff13e80000 	C:\WINDOWS\System32\USER32.dll
0x00007fff10c80000 - 0x00007fff10ca0000 	C:\WINDOWS\System32\win32u.dll
0x00007fff12210000 - 0x00007fff12238000 	C:\WINDOWS\System32\GDI32.dll
0x00007fff110a0000 - 0x00007fff11231000 	C:\WINDOWS\System32\gdi32full.dll
0x00007fff11590000 - 0x00007fff1162f000 	C:\WINDOWS\System32\msvcp_win.dll
0x00007fff10ca0000 - 0x00007fff10d98000 	C:\WINDOWS\System32\ucrtbase.dll
0x00007fff088a0000 - 0x00007fff08b09000 	C:\WINDOWS\WinSxS\amd64_microsoft.windows.common-controls_6595b64144ccf1df_6.0.17134.885_none_fb42a3473065565f\COMCTL32.dll
0x00007fff14490000 - 0x00007fff147b2000 	C:\WINDOWS\System32\combase.dll
0x00007fff11510000 - 0x00007fff11589000 	C:\WINDOWS\System32\bcryptPrimitives.dll
0x00007fff12590000 - 0x00007fff125bd000 	C:\WINDOWS\System32\IMM32.DLL
0x0000000072180000 - 0x0000000072252000 	C:\Program Files\Java\jdk1.8.0_161\jre\bin\msvcr100.dll
0x0000000072260000 - 0x0000000072aff000 	C:\Program Files\Java\jdk1.8.0_161\jre\bin\server\jvm.dll
0x00007fff125c0000 - 0x00007fff125c8000 	C:\WINDOWS\System32\PSAPI.DLL
0x00007fff07a70000 - 0x00007fff07a79000 	C:\WINDOWS\SYSTEM32\WSOCK32.dll
0x00007fff125d0000 - 0x00007fff1263c000 	C:\WINDOWS\System32\WS2_32.dll
0x00007fff0e910000 - 0x00007fff0e933000 	C:\WINDOWS\SYSTEM32\WINMM.dll
0x00007fff092a0000 - 0x00007fff092aa000 	C:\WINDOWS\SYSTEM32\VERSION.dll
0x00007fff0e8e0000 - 0x00007fff0e90a000 	C:\WINDOWS\SYSTEM32\WINMMBASE.dll
0x00007fff114c0000 - 0x00007fff11509000 	C:\WINDOWS\System32\cfgmgr32.dll
0x0000000073030000 - 0x000000007303f000 	C:\Program Files\Java\jdk1.8.0_161\jre\bin\verify.dll
0x0000000072150000 - 0x0000000072179000 	C:\Program Files\Java\jdk1.8.0_161\jre\bin\java.dll
0x0000000072130000 - 0x0000000072146000 	C:\Program Files\Java\jdk1.8.0_161\jre\bin\zip.dll
0x00007fff126a0000 - 0x00007fff13ae0000 	C:\WINDOWS\System32\SHELL32.dll
0x00007fff13e80000 - 0x00007fff13f29000 	C:\WINDOWS\System32\shcore.dll
0x00007fff11630000 - 0x00007fff11d3d000 	C:\WINDOWS\System32\windows.storage.dll
0x00007fff12310000 - 0x00007fff12361000 	C:\WINDOWS\System32\shlwapi.dll
0x00007fff10c40000 - 0x00007fff10c51000 	C:\WINDOWS\System32\kernel.appcore.dll
0x00007fff10c60000 - 0x00007fff10c7f000 	C:\WINDOWS\System32\profapi.dll
0x00007fff10bf0000 - 0x00007fff10c3c000 	C:\WINDOWS\System32\powrprof.dll
0x00007fff10be0000 - 0x00007fff10bea000 	C:\WINDOWS\System32\FLTLIB.DLL
0x0000000071f50000 - 0x00000000720e8000 	C:\Program Files\Java\jdk1.8.0_161\jre\bin\awt.dll
0x00007fff13ae0000 - 0x00007fff13ba2000 	C:\WINDOWS\System32\OLEAUT32.dll
0x00007fff0ef50000 - 0x00007fff0efdb000 	C:\WINDOWS\SYSTEM32\apphelp.dll
0x00007fff0f280000 - 0x00007fff0f318000 	C:\WINDOWS\system32\uxtheme.dll
0x00007fff12410000 - 0x00007fff12583000 	C:\WINDOWS\System32\MSCTF.dll
0x00007fff0f350000 - 0x00007fff0f379000 	C:\WINDOWS\system32\dwmapi.dll
0x00007fff11e90000 - 0x00007fff11fe1000 	C:\WINDOWS\System32\ole32.dll
0x0000000071f00000 - 0x0000000071f47000 	C:\Program Files\Java\jdk1.8.0_161\jre\bin\fontmanager.dll
0x0000000071d30000 - 0x0000000071e01000 	C:\Users\joaoq\AppData\Local\Temp\javacpp616908677182725\msvcr100.dll
0x0000000071c90000 - 0x0000000071d28000 	C:\Users\joaoq\AppData\Local\Temp\javacpp616908677182725\msvcp100.dll
0x0000000066840000 - 0x00000000676b4000 	C:\Users\joaoq\AppData\Local\Temp\javacpp616908677182725\opencv_ffmpeg248_64.dll
0x00007ffee5320000 - 0x00007ffee5592000 	C:\Users\joaoq\AppData\Local\Temp\javacpp616908677182725\opencv_core248.dll
0x00007ffeda5f0000 - 0x00007ffeda8a2000 	C:\Users\joaoq\AppData\Local\Temp\javacpp616908677182725\opencv_imgproc248.dll
0x00007ffed5420000 - 0x00007ffed566d000 	C:\Users\joaoq\AppData\Local\Temp\javacpp616908677182725\opencv_highgui248.dll
0x00007fff0d810000 - 0x00007fff0d82f000 	C:\WINDOWS\SYSTEM32\AVIFIL32.dll
0x00007fff03d20000 - 0x00007fff03d49000 	C:\WINDOWS\SYSTEM32\MSVFW32.dll
0x00007fff09540000 - 0x00007fff09558000 	C:\WINDOWS\SYSTEM32\AVICAP32.dll
0x00007fff0c100000 - 0x00007fff0c11c000 	C:\WINDOWS\SYSTEM32\MSACM32.dll
0x00007fff04df0000 - 0x00007fff04e03000 	C:\Users\joaoq\AppData\Local\Temp\javacpp616908677182725\jniopencv_highgui.dll
0x00007fff103e0000 - 0x00007fff10446000 	C:\WINDOWS\system32\mswsock.dll
0x00007fff10590000 - 0x00007fff105a7000 	C:\WINDOWS\SYSTEM32\CRYPTSP.dll
0x00007fff0ffd0000 - 0x00007fff10003000 	C:\WINDOWS\system32\rsaenh.dll
0x00007fff106c0000 - 0x00007fff106e5000 	C:\WINDOWS\SYSTEM32\bcrypt.dll
0x00007fff105b0000 - 0x00007fff105bb000 	C:\WINDOWS\SYSTEM32\CRYPTBASE.dll
0x00007fff0c2b0000 - 0x00007fff0c2c6000 	C:\WINDOWS\system32\napinsp.dll
0x00007fff0bc00000 - 0x00007fff0bc1a000 	C:\WINDOWS\system32\pnrpnsp.dll
0x00007fff0d770000 - 0x00007fff0d789000 	C:\WINDOWS\system32\NLAapi.dll
0x00007fff101b0000 - 0x00007fff1026e000 	C:\WINDOWS\SYSTEM32\DNSAPI.dll
0x00007fff13bb0000 - 0x00007fff13bb8000 	C:\WINDOWS\System32\NSI.dll
0x00007fff10170000 - 0x00007fff101a8000 	C:\WINDOWS\SYSTEM32\IPHLPAPI.DLL
0x00007fff0c480000 - 0x00007fff0c48e000 	C:\WINDOWS\System32\winrnr.dll
0x00007fff04f90000 - 0x00007fff04fa5000 	C:\WINDOWS\System32\wshbth.dll
0x00007ffef5460000 - 0x00007ffef54fa000 	C:\Users\joaoq\AppData\Local\Temp\javacpp616908677182725\jniopencv_core.dll
0x00007ffef5300000 - 0x00007ffef5420000 	C:\WINDOWS\system32\opengl32.dll
0x00007ffeff170000 - 0x00007ffeff19c000 	C:\WINDOWS\SYSTEM32\GLU32.dll
0x0000000072110000 - 0x000000007212a000 	C:\Program Files\Java\jdk1.8.0_161\jre\bin\net.dll
0x00000000720f0000 - 0x0000000072101000 	C:\Program Files\Java\jdk1.8.0_161\jre\bin\nio.dll
0x0000000071c20000 - 0x0000000071c27000 	C:\Program Files\Java\jdk1.8.0_161\jre\bin\jawt.dll
0x00007fff0a280000 - 0x00007fff0a28a000 	C:\Windows\System32\rasadhlp.dll
0x0000000019b30000 - 0x0000000019b6e000 	C:\Program Files\Java\jdk1.8.0_161\jre\bin\j3dcore-ogl.dll
0x00007fff0a640000 - 0x00007fff0a6b2000 	C:\WINDOWS\System32\fwpuclnt.dll
0x00007ffecf0b0000 - 0x00007ffecfbf7000 	C:\WINDOWS\SYSTEM32\ig75icd64.dll
0x00007ffeeca80000 - 0x00007ffeed4bf000 	C:\WINDOWS\SYSTEM32\igdusc64.dll
0x00007fff0ceb0000 - 0x00007fff0cec3000 	C:\WINDOWS\SYSTEM32\WTSAPI32.dll
0x0000000071eb0000 - 0x0000000071ef2000 	C:\Program Files\Java\jdk1.8.0_161\jre\bin\t2k.dll
0x00007ffefc090000 - 0x00007ffefc126000 	C:\WINDOWS\System32\TextInputFramework.dll
0x00007ffefbd70000 - 0x00007ffefc08e000 	C:\WINDOWS\System32\CoreUIComponents.dll
0x00007fff0ed40000 - 0x00007fff0ee1a000 	C:\WINDOWS\System32\CoreMessaging.dll
0x00007fff0fcc0000 - 0x00007fff0fcf1000 	C:\WINDOWS\SYSTEM32\ntmarta.dll
0x00007fff0c9e0000 - 0x00007fff0cb2d000 	C:\WINDOWS\SYSTEM32\wintypes.dll
0x0000000071e70000 - 0x0000000071e9a000 	C:\Program Files\Java\jdk1.8.0_161\jre\bin\dcpr.dll
0x00007fff0fa50000 - 0x00007fff0fb0b000 	C:\WINDOWS\SYSTEM32\dxgi.dll
0x00007fff0da30000 - 0x00007fff0dd3b000 	C:\WINDOWS\SYSTEM32\d3d11.dll
0x00007fff04bf0000 - 0x00007fff04db9000 	C:\WINDOWS\SYSTEM32\dbghelp.dll

VM Arguments:
jvm_args: -Dfile.encoding=UTF-8 
java_command: serial.JFMain
java_class_path (initial): C:\Program Files\Java\jre1.8.0_191\lib\ext\RXTXcomm.jar;C:\Program Files\NetBeans 8.2\java\modules\ext\AbsoluteLayout.jar;C:\Users\joaoq\Downloads\opencv\build\java\opencv-347.jar;C:\Users\joaoq\Downloads\IP-Camera-Java-CV-Libraries-master\javacv.jar;C:\Users\joaoq\Downloads\IP-Camera-Java-CV-Libraries-master\javacpp.jar;C:\Users\joaoq\Downloads\IP-Camera-Java-CV-Libraries-master\javacv-windows-x86.jar;C:\Users\joaoq\Downloads\IP-Camera-Java-CV-Libraries-master\javacv-windows-x86_64.jar;C:\Users\joaoq\Downloads\IP-Camera-Java-CV-Libraries-master\opencv-2.4.8-windows-x86.jar;C:\Users\joaoq\Downloads\IP-Camera-Java-CV-Libraries-master\opencv-2.4.8-windows-x86_64.jar;C:\Users\joaoq\Downloads\org.eclipse.paho.client.mqttv3-1.2.0.jar;C:\Users\joaoq\Google Drive\TCC João Pedro Quintino\TCC2\Software PC\ReadWriteSerial\build\classes
Launcher Type: SUN_STANDARD

Environment Variables:
JAVA_HOME=C:\Program Files\Java\jdk1.8.0_161
CLASSPATH=C:\Program Files\Java\jdk1.8.0_161\lib;C:\jflex-1.6.1\lib\jflex-1.6.1.jar
PATH=C:\Program Files (x86)\Common Files\Oracle\Java\javapath;C:\ProgramData\Oracle\Java\javapath;C:\Program Files (x86)\Intel\iCLS Client\;C:\Program Files\Intel\iCLS Client\;C:\Windows\system32;C:\Windows;C:\Windows\System32\Wbem;C:\Windows\System32\WindowsPowerShell\v1.0\;C:\Program Files (x86)\Intel\Intel(R) Management Engine Components\DAL;C:\Program Files\Intel\Intel(R) Management Engine Components\DAL;C:\Program Files (x86)\Intel\Intel(R) Management Engine Components\IPT;C:\Program Files\Intel\Intel(R) Management Engine Components\IPT;C:\Program Files (x86)\NVIDIA Corporation\PhysX\Common;C:\WINDOWS\system32;C:\WINDOWS;C:\WINDOWS\System32\Wbem;C:\WINDOWS\System32\WindowsPowerShell\v1.0\;C:\Program Files\Java\jdk1.8.0_161\bin;C:\WINDOWS\System32\OpenSSH\;C:\Program Files\MATLAB\R2018a\runtime\win64;C:\Program Files\MATLAB\R2018a\bin;D:\Program Files\nodejs\;D:\Program Files\Microsoft VS Code\bin;D:\Program Files (x86)\Yarn\bin\;C:\Program Files\Git\cmd;C:\Users\joaoq\AppData\Local\Programs\Python\Python37-32\Scripts\;C:\Users\joaoq\AppData\Local\Programs\Python\Python37-32\;C:\Users\joaoq\AppData\Local\Microsoft\WindowsApps;C:\Users\joaoq\AppData\Roaming\npm;C:\Users\joaoq\AppData\Local\Yarn\bin;D:\Program Files\Docker Toolbox
USERNAME=joaoq
OS=Windows_NT
PROCESSOR_IDENTIFIER=Intel64 Family 6 Model 69 Stepping 1, GenuineIntel



---------------  S Y S T E M  ---------------

OS: Windows 10.0 , 64 bit Build 17134 (10.0.17134.753)

CPU:total 4 (initial active 4) (2 cores per cpu, 2 threads per core) family 6 model 69 stepping 1, cmov, cx8, fxsr, mmx, sse, sse2, sse3, ssse3, sse4.1, sse4.2, popcnt, avx, avx2, aes, clmul, erms, lzcnt, ht, tsc, tscinvbit, bmi1, bmi2

Memory: 4k page, physical 8289792k(1981116k free), swap 12140992k(1890568k free)

vm_info: Java HotSpot(TM) 64-Bit Server VM (25.161-b12) for windows-amd64 JRE (1.8.0_161-b12), built on Dec 19 2017 17:52:25 by "java_re" with MS VC++ 10.0 (VS2010)

time: Thu Aug 01 20:19:14 2019
elapsed time: 32 seconds (0d 0h 0m 32s)

