#
# A fatal error has been detected by the Java Runtime Environment:
#
#  EXCEPTION_ACCESS_VIOLATION (0xc0000005) at pc=0x00007ff94d5b4989, pid=11820, tid=0x000000000000109c
#
# JRE version: Java(TM) SE Runtime Environment (8.0_161-b12) (build 1.8.0_161-b12)
# Java VM: Java HotSpot(TM) 64-Bit Server VM (25.161-b12 mixed mode windows-amd64 compressed oops)
# Problematic frame:
# C  [ntdll.dll+0x24989]
#
# Failed to write core dump. Minidumps are not enabled by default on client versions of Windows
#
# If you would like to submit a bug report, please visit:
#   http://bugreport.java.com/bugreport/crash.jsp
# The crash happened outside the Java Virtual Machine in native code.
# See problematic frame for where to report the bug.
#

---------------  T H R E A D  ---------------

Current thread (0x0000000019526000):  JavaThread "Thread-4" [_thread_in_native, id=4252, stack(0x00000000226f0000,0x00000000227f0000)]

siginfo: ExceptionCode=0xc0000005, writing address 0x0000000000000024

Registers:
RAX=0xffffffffffffffff, RBX=0x00000000196c3c48, RCX=0x0000000000000000, RDX=0xffffffffffffffff
RSP=0x00000000227eeaa0, RBP=0x00000000227eeb10, RSI=0x0000000000000000, RDI=0x0000000000000000
R8 =0x0000000000000000, R9 =0x00007ff8f1aae600, R10=0x0000000000000000, R11=0x0000000000000246
R12=0x0000000000000000, R13=0x000000001d9e3020, R14=0x0000000000000000, R15=0x0000000019526000
RIP=0x00007ff94d5b4989, EFLAGS=0x0000000000010213

Top of Stack: (sp=0x00000000227eeaa0)
0x00000000227eeaa0:   ffffffffffffffff 00000000196c3c48
0x00000000227eeab0:   00000000dbae3048 00007ff9168b1a81
0x00000000227eeac0:   00000000dbae3060 0000000056e86b3f
0x00000000227eead0:   00000000227eec30 0000000000716000
0x00000000227eeae0:   0000000000000000 0000000056d6d163
0x00000000227eeaf0:   00000000227eeb80 00007ff9168b19a1
0x00000000227eeb00:   0000000019526000 00007ff949bd9252
0x00000000227eeb10:   0000000019526000 0000000000000001
0x00000000227eeb20:   000000001d9e3020 0000000000000000
0x00000000227eeb30:   0000000000000000 0000000000000000
0x00000000227eeb40:   0000000000000001 00007ff94d5aefb7
0x00000000227eeb50:   0000000000000000 00000000196c3c48
0x00000000227eeb60:   00000000fffffffa 0000000000000000
0x00000000227eeb70:   00000000227eed20 00007ff94d5aeed0
0x00000000227eeb80:   00007ff8f1aae640 00007ff8f1aae600
0x00000000227eeb90:   0000000000000000 0000000000000000 

Instructions: (pc=0x00007ff94d5b4989)
0x00007ff94d5b4969:   35 52 75 13 00 4c 0f 45 f6 48 39 73 18 0f 84 b6
0x00007ff94d5b4979:   01 00 00 48 8b 0b 48 83 f9 ff 0f 84 b6 01 00 00
0x00007ff94d5b4989:   ff 41 24 48 8b 7b 18 44 8b ee 48 89 7d c0 e8 74
0x00007ff94d5b4999:   2a ff ff 85 c0 0f 85 4e 73 08 00 b9 82 03 fe 7f 


Register to memory mapping:

RAX=0xffffffffffffffff is an unknown value
RBX=0x00000000196c3c48 is an unknown value
RCX=0x0000000000000000 is an unknown value
RDX=0xffffffffffffffff is an unknown value
RSP=0x00000000227eeaa0 is pointing into the stack for thread: 0x0000000019526000
RBP=0x00000000227eeb10 is pointing into the stack for thread: 0x0000000019526000
RSI=0x0000000000000000 is an unknown value
RDI=0x0000000000000000 is an unknown value
R8 =0x0000000000000000 is an unknown value
R9 =0x00007ff8f1aae600 is an unknown value
R10=0x0000000000000000 is an unknown value
R11=0x0000000000000246 is an unknown value
R12=0x0000000000000000 is an unknown value
R13=0x000000001d9e3020 is an unknown value
R14=0x0000000000000000 is an unknown value
R15=0x0000000019526000 is a thread


Stack: [0x00000000226f0000,0x00000000227f0000],  sp=0x00000000227eeaa0,  free space=1018k
Native frames: (J=compiled Java code, j=interpreted, Vv=VM code, C=native code)
C  [ntdll.dll+0x24989]
C  [ntdll.dll+0x1efb7]
C  [ntdll.dll+0x1eed0]
C  [opencv_highgui248.dll+0x15963]
C  [opencv_highgui248.dll+0x16946]
C  [opencv_highgui248.dll+0x1129]
C  [jniopencv_highgui.dll+0x6a76]
C  0x0000000002e6f19b

Java frames: (J=compiled Java code, j=interpreted, Vv=VM code)
J 1949  com.googlecode.javacv.cpp.opencv_highgui.cvRetrieveFrame(Lcom/googlecode/javacv/cpp/opencv_highgui$CvCapture;I)Lcom/googlecode/javacv/cpp/opencv_core$IplImage; (0 bytes) @ 0x0000000002e6f115 [0x0000000002e6f0c0+0x55]
J 1956 C1 com.googlecode.javacv.OpenCVFrameGrabber.grab()Lcom/googlecode/javacv/cpp/opencv_core$IplImage; (177 bytes) @ 0x0000000002e75b54 [0x0000000002e75a80+0xd4]
j  serial.CameraHandler.run()V+16
j  java.lang.Thread.run()V+11
v  ~StubRoutines::call_stub

---------------  P R O C E S S  ---------------

Java Threads: ( => current thread )
  0x000000001999a800 JavaThread "Thread-2" [_thread_new, id=1884, stack(0x0000000000000000,0x0000000000000000)]
  0x00000000199a1800 JavaThread "Thread-0" daemon [_thread_new, id=10616, stack(0x0000000000000000,0x0000000000000000)]
  0x000000001999a000 JavaThread "Thread-1" [_thread_new, id=11508, stack(0x0000000000000000,0x0000000000000000)]
  0x0000000019999000 JavaThread "DestroyJavaVM" [_thread_blocked, id=12472, stack(0x00000000024b0000,0x00000000025b0000)]
  0x00000000199a0000 JavaThread "pool-2-thread-2" [_thread_blocked, id=4296, stack(0x00000000242c0000,0x00000000243c0000)]
  0x000000001999f000 JavaThread "J3D-InputDeviceScheduler-1" [_thread_blocked, id=8764, stack(0x0000000022ff0000,0x00000000230f0000)]
  0x000000001999e800 JavaThread "J3D-SoundSchedulerUpdateThread-1" [_thread_blocked, id=8940, stack(0x0000000022ef0000,0x0000000022ff0000)]
  0x000000001999d800 JavaThread "J3D-RenderStructureUpdateThread-1" [_thread_blocked, id=6092, stack(0x0000000022df0000,0x0000000022ef0000)]
  0x000000001999d000 JavaThread "J3D-BehaviorScheduler-1" [_thread_blocked, id=8040, stack(0x0000000022cf0000,0x0000000022df0000)]
  0x000000001999c000 JavaThread "J3D-TransformStructureUpdateThread-1" [_thread_blocked, id=636, stack(0x0000000022bf0000,0x0000000022cf0000)]
  0x0000000019528000 JavaThread "J3D-RenderingEnvironmentStructureUpdateThread-1" [_thread_blocked, id=11644, stack(0x0000000022af0000,0x0000000022bf0000)]
  0x0000000019523000 JavaThread "J3D-SoundStructureUpdateThread-1" [_thread_blocked, id=10232, stack(0x00000000229f0000,0x0000000022af0000)]
  0x0000000019527800 JavaThread "J3D-GeometryStructureUpdateThread-1" [_thread_blocked, id=15168, stack(0x00000000228f0000,0x00000000229f0000)]
  0x0000000019526800 JavaThread "J3D-BehaviorStructureUpdateThread-1" [_thread_blocked, id=7456, stack(0x00000000227f0000,0x00000000228f0000)]
=>0x0000000019526000 JavaThread "Thread-4" [_thread_in_native, id=4252, stack(0x00000000226f0000,0x00000000227f0000)]
  0x0000000019523800 JavaThread "TimerQueue" daemon [_thread_blocked, id=12068, stack(0x00000000225f0000,0x00000000226f0000)]
  0x0000000019521800 JavaThread "MQTT Con: cliente_java_1567508255704" [_thread_blocked, id=9680, stack(0x00000000223f0000,0x00000000224f0000)]
  0x0000000019522000 JavaThread "AWT-EventQueue-0" [_thread_blocked, id=3584, stack(0x00000000222f0000,0x00000000223f0000)]
  0x0000000019524800 JavaThread "AWT-Shutdown" [_thread_blocked, id=4424, stack(0x00000000221f0000,0x00000000222f0000)]
  0x0000000019512800 JavaThread "J3D-Renderer-1" [_thread_blocked, id=13556, stack(0x000000001a9c0000,0x000000001aac0000)]
  0x00000000196e7000 JavaThread "J3D-MasterControl-1" [_thread_blocked, id=10944, stack(0x000000001a8c0000,0x000000001a9c0000)]
  0x0000000019647000 JavaThread "J3D-NotificationThread" [_thread_blocked, id=4428, stack(0x000000001a7c0000,0x000000001a8c0000)]
  0x000000001950b800 JavaThread "J3D-TimerThread" [_thread_blocked, id=4184, stack(0x000000001a6c0000,0x000000001a7c0000)]
  0x0000000019590800 JavaThread "J3D-RenderingAttributesStructureUpdateThread" [_thread_blocked, id=15004, stack(0x000000001a520000,0x000000001a620000)]
  0x0000000019543800 JavaThread "AWT-Windows" daemon [_thread_in_native, id=9060, stack(0x0000000019d90000,0x0000000019e90000)]
  0x00000000195d0800 JavaThread "Java2D Disposer" daemon [_thread_blocked, id=1368, stack(0x0000000019b90000,0x0000000019c90000)]
  0x0000000018c6a800 JavaThread "Service Thread" daemon [_thread_blocked, id=6816, stack(0x0000000019040000,0x0000000019140000)]
  0x00000000172ee800 JavaThread "C1 CompilerThread2" daemon [_thread_blocked, id=8824, stack(0x0000000018b40000,0x0000000018c40000)]
  0x00000000172e2800 JavaThread "C2 CompilerThread1" daemon [_thread_blocked, id=8612, stack(0x0000000018a40000,0x0000000018b40000)]
  0x00000000172e0000 JavaThread "C2 CompilerThread0" daemon [_thread_blocked, id=12232, stack(0x0000000018940000,0x0000000018a40000)]
  0x00000000172e9800 JavaThread "Attach Listener" daemon [_thread_blocked, id=3688, stack(0x0000000018840000,0x0000000018940000)]
  0x00000000172e8800 JavaThread "Signal Dispatcher" daemon [_thread_blocked, id=7776, stack(0x0000000018740000,0x0000000018840000)]
  0x000000000278d800 JavaThread "Finalizer" daemon [_thread_blocked, id=12088, stack(0x0000000018530000,0x0000000018630000)]
  0x0000000002782000 JavaThread "Reference Handler" daemon [_thread_blocked, id=2360, stack(0x0000000018430000,0x0000000018530000)]

Other Threads:
  0x00000000172a8000 VMThread [stack: 0x0000000018330000,0x0000000018430000] [id=13044]
  0x0000000018c85000 WatcherThread [stack: 0x0000000019140000,0x0000000019240000] [id=13724]

VM state:not at safepoint (normal execution)

VM Mutex/Monitor currently owned by a thread: None

Heap:
 PSYoungGen      total 200192K, used 133925K [0x00000000d5d80000, 0x00000000e3380000, 0x0000000100000000)
  eden space 191488K, 68% used [0x00000000d5d80000,0x00000000ddd7e668,0x00000000e1880000)
  from space 8704K, 32% used [0x00000000e2b00000,0x00000000e2dcb030,0x00000000e3380000)
  to   space 13824K, 0% used [0x00000000e1880000,0x00000000e1880000,0x00000000e2600000)
 ParOldGen       total 71168K, used 48238K [0x0000000081800000, 0x0000000085d80000, 0x00000000d5d80000)
  object space 71168K, 67% used [0x0000000081800000,0x000000008471ba68,0x0000000085d80000)
 Metaspace       used 19722K, capacity 19958K, committed 20352K, reserved 1067008K
  class space    used 2236K, capacity 2318K, committed 2432K, reserved 1048576K

Card table byte_map: [0x0000000011b50000,0x0000000011f50000] byte_map_base: 0x0000000011744000

Marking Bits: (ParMarkBitMap*) 0x000000005740f860
 Begin Bits: [0x0000000012600000, 0x00000000145a0000)
 End Bits:   [0x00000000145a0000, 0x0000000016540000)

Polling page: 0x0000000000b60000

CodeCache: size=245760Kb used=8801Kb max_used=8942Kb free=236958Kb
 bounds [0x0000000002790000, 0x0000000003060000, 0x0000000011790000]
 total_blobs=2982 nmethods=2299 adapters=594
 compilation: enabled

Compilation events (10 events):
Event: 73.192 Thread 0x00000000172ee800 2541  s    3       sun.java2d.loops.RenderCache::get (100 bytes)
Event: 73.194 Thread 0x00000000172ee800 nmethod 2541 0x0000000002ca9290 code [0x0000000002ca9440, 0x0000000002ca9d88]
Event: 73.210 Thread 0x00000000172ee800 2542       3       javax.swing.GroupLayout$ComponentSpring::calculatePreferredSize (45 bytes)
Event: 73.217 Thread 0x00000000172ee800 nmethod 2542 0x0000000002c9aa90 code [0x0000000002c9ae00, 0x0000000002c9c898]
Event: 73.230 Thread 0x00000000172ee800 2543       3       sun.java2d.SunGraphics2D::validateColor (102 bytes)
Event: 73.232 Thread 0x00000000172ee800 nmethod 2543 0x0000000002c93290 code [0x0000000002c93440, 0x0000000002c93aa8]
Event: 73.234 Thread 0x00000000172ee800 2544       3       java.awt.geom.AffineTransform::transform (663 bytes)
Event: 73.239 Thread 0x00000000172ee800 nmethod 2544 0x0000000002ca4f50 code [0x0000000002ca51e0, 0x0000000002ca6348]
Event: 73.239 Thread 0x00000000172ee800 2545       3       java.awt.MultipleGradientPaintContext::interpolate (202 bytes)
Event: 73.239 Thread 0x00000000172ee800 nmethod 2545 0x0000000002c8dd50 code [0x0000000002c8df40, 0x0000000002c8e330]

GC Heap History (10 events):
Event: 46.392 GC heap before
{Heap before GC invocations=13 (full 1):
 PSYoungGen      total 129024K, used 113668K [0x00000000d5d80000, 0x00000000e0880000, 0x0000000100000000)
  eden space 112640K, 100% used [0x00000000d5d80000,0x00000000dcb80000,0x00000000dcb80000)
  from space 16384K, 6% used [0x00000000dcb80000,0x00000000dcc81010,0x00000000ddb80000)
  to   space 16384K, 0% used [0x00000000df880000,0x00000000df880000,0x00000000e0880000)
 ParOldGen       total 71168K, used 48222K [0x0000000081800000, 0x0000000085d80000, 0x00000000d5d80000)
  object space 71168K, 67% used [0x0000000081800000,0x0000000084717a68,0x0000000085d80000)
 Metaspace       used 19562K, capacity 19830K, committed 20096K, reserved 1067008K
  class space    used 2226K, capacity 2318K, committed 2432K, reserved 1048576K
Event: 46.398 GC heap after
Heap after GC invocations=13 (full 1):
 PSYoungGen      total 150528K, used 64K [0x00000000d5d80000, 0x00000000e0480000, 0x0000000100000000)
  eden space 138240K, 0% used [0x00000000d5d80000,0x00000000d5d80000,0x00000000de480000)
  from space 12288K, 0% used [0x00000000df880000,0x00000000df890000,0x00000000e0480000)
  to   space 16384K, 0% used [0x00000000de480000,0x00000000de480000,0x00000000df480000)
 ParOldGen       total 71168K, used 48230K [0x0000000081800000, 0x0000000085d80000, 0x00000000d5d80000)
  object space 71168K, 67% used [0x0000000081800000,0x0000000084719a68,0x0000000085d80000)
 Metaspace       used 19562K, capacity 19830K, committed 20096K, reserved 1067008K
  class space    used 2226K, capacity 2318K, committed 2432K, reserved 1048576K
}
Event: 51.451 GC heap before
{Heap before GC invocations=14 (full 1):
 PSYoungGen      total 150528K, used 138169K [0x00000000d5d80000, 0x00000000e0480000, 0x0000000100000000)
  eden space 138240K, 99% used [0x00000000d5d80000,0x00000000de45e508,0x00000000de480000)
  from space 12288K, 0% used [0x00000000df880000,0x00000000df890000,0x00000000e0480000)
  to   space 16384K, 0% used [0x00000000de480000,0x00000000de480000,0x00000000df480000)
 ParOldGen       total 71168K, used 48230K [0x0000000081800000, 0x0000000085d80000, 0x00000000d5d80000)
  object space 71168K, 67% used [0x0000000081800000,0x0000000084719a68,0x0000000085d80000)
 Metaspace       used 19566K, capacity 19830K, committed 20096K, reserved 1067008K
  class space    used 2226K, capacity 2318K, committed 2432K, reserved 1048576K
Event: 51.457 GC heap after
Heap after GC invocations=14 (full 1):
 PSYoungGen      total 154624K, used 2828K [0x00000000d5d80000, 0x00000000e1e00000, 0x0000000100000000)
  eden space 138240K, 0% used [0x00000000d5d80000,0x00000000d5d80000,0x00000000de480000)
  from space 16384K, 17% used [0x00000000de480000,0x00000000de743030,0x00000000df480000)
  to   space 15872K, 0% used [0x00000000e0e80000,0x00000000e0e80000,0x00000000e1e00000)
 ParOldGen       total 71168K, used 48230K [0x0000000081800000, 0x0000000085d80000, 0x00000000d5d80000)
  object space 71168K, 67% used [0x0000000081800000,0x0000000084719a68,0x0000000085d80000)
 Metaspace       used 19566K, capacity 19830K, committed 20096K, reserved 1067008K
  class space    used 2226K, capacity 2318K, committed 2432K, reserved 1048576K
}
Event: 56.429 GC heap before
{Heap before GC invocations=15 (full 1):
 PSYoungGen      total 154624K, used 141068K [0x00000000d5d80000, 0x00000000e1e00000, 0x0000000100000000)
  eden space 138240K, 100% used [0x00000000d5d80000,0x00000000de480000,0x00000000de480000)
  from space 16384K, 17% used [0x00000000de480000,0x00000000de743030,0x00000000df480000)
  to   space 15872K, 0% used [0x00000000e0e80000,0x00000000e0e80000,0x00000000e1e00000)
 ParOldGen       total 71168K, used 48230K [0x0000000081800000, 0x0000000085d80000, 0x00000000d5d80000)
  object space 71168K, 67% used [0x0000000081800000,0x0000000084719a68,0x0000000085d80000)
 Metaspace       used 19611K, capacity 19830K, committed 20096K, reserved 1067008K
  class space    used 2226K, capacity 2318K, committed 2432K, reserved 1048576K
Event: 56.470 GC heap after
Heap after GC invocations=15 (full 1):
 PSYoungGen      total 181760K, used 2828K [0x00000000d5d80000, 0x00000000e1d80000, 0x0000000100000000)
  eden space 166400K, 0% used [0x00000000d5d80000,0x00000000d5d80000,0x00000000e0000000)
  from space 15360K, 18% used [0x00000000e0e80000,0x00000000e1143030,0x00000000e1d80000)
  to   space 14848K, 0% used [0x00000000e0000000,0x00000000e0000000,0x00000000e0e80000)
 ParOldGen       total 71168K, used 48238K [0x0000000081800000, 0x0000000085d80000, 0x00000000d5d80000)
  object space 71168K, 67% used [0x0000000081800000,0x000000008471ba68,0x0000000085d80000)
 Metaspace       used 19611K, capacity 19830K, committed 20096K, reserved 1067008K
  class space    used 2226K, capacity 2318K, committed 2432K, reserved 1048576K
}
Event: 62.477 GC heap before
{Heap before GC invocations=16 (full 1):
 PSYoungGen      total 181760K, used 169015K [0x00000000d5d80000, 0x00000000e1d80000, 0x0000000100000000)
  eden space 166400K, 99% used [0x00000000d5d80000,0x00000000dffcacf8,0x00000000e0000000)
  from space 15360K, 18% used [0x00000000e0e80000,0x00000000e1143030,0x00000000e1d80000)
  to   space 14848K, 0% used [0x00000000e0000000,0x00000000e0000000,0x00000000e0e80000)
 ParOldGen       total 71168K, used 48238K [0x0000000081800000, 0x0000000085d80000, 0x00000000d5d80000)
  object space 71168K, 67% used [0x0000000081800000,0x000000008471ba68,0x0000000085d80000)
 Metaspace       used 19618K, capacity 19894K, committed 20096K, reserved 1067008K
  class space    used 2226K, capacity 2318K, committed 2432K, reserved 1048576K
Event: 62.486 GC heap after
Heap after GC invocations=16 (full 1):
 PSYoungGen      total 181248K, used 2860K [0x00000000d5d80000, 0x00000000e3900000, 0x0000000100000000)
  eden space 166400K, 0% used [0x00000000d5d80000,0x00000000d5d80000,0x00000000e0000000)
  from space 14848K, 19% used [0x00000000e0000000,0x00000000e02cb030,0x00000000e0e80000)
  to   space 14336K, 0% used [0x00000000e2b00000,0x00000000e2b00000,0x00000000e3900000)
 ParOldGen       total 71168K, used 48238K [0x0000000081800000, 0x0000000085d80000, 0x00000000d5d80000)
  object space 71168K, 67% used [0x0000000081800000,0x000000008471ba68,0x0000000085d80000)
 Metaspace       used 19618K, capacity 19894K, committed 20096K, reserved 1067008K
  class space    used 2226K, capacity 2318K, committed 2432K, reserved 1048576K
}
Event: 68.632 GC heap before
{Heap before GC invocations=17 (full 1):
 PSYoungGen      total 181248K, used 168976K [0x00000000d5d80000, 0x00000000e3900000, 0x0000000100000000)
  eden space 166400K, 99% used [0x00000000d5d80000,0x00000000dffb9020,0x00000000e0000000)
  from space 14848K, 19% used [0x00000000e0000000,0x00000000e02cb030,0x00000000e0e80000)
  to   space 14336K, 0% used [0x00000000e2b00000,0x00000000e2b00000,0x00000000e3900000)
 ParOldGen       total 71168K, used 48238K [0x0000000081800000, 0x0000000085d80000, 0x00000000d5d80000)
  object space 71168K, 67% used [0x0000000081800000,0x000000008471ba68,0x0000000085d80000)
 Metaspace       used 19647K, capacity 19894K, committed 20096K, reserved 1067008K
  class space    used 2227K, capacity 2318K, committed 2432K, reserved 1048576K
Event: 68.637 GC heap after
Heap after GC invocations=17 (full 1):
 PSYoungGen      total 200192K, used 2860K [0x00000000d5d80000, 0x00000000e3380000, 0x0000000100000000)
  eden space 191488K, 0% used [0x00000000d5d80000,0x00000000d5d80000,0x00000000e1880000)
  from space 8704K, 32% used [0x00000000e2b00000,0x00000000e2dcb030,0x00000000e3380000)
  to   space 13824K, 0% used [0x00000000e1880000,0x00000000e1880000,0x00000000e2600000)
 ParOldGen       total 71168K, used 48238K [0x0000000081800000, 0x0000000085d80000, 0x00000000d5d80000)
  object space 71168K, 67% used [0x0000000081800000,0x000000008471ba68,0x0000000085d80000)
 Metaspace       used 19647K, capacity 19894K, committed 20096K, reserved 1067008K
  class space    used 2227K, capacity 2318K, committed 2432K, reserved 1048576K
}

Deoptimization events (10 events):
Event: 72.894 Thread 0x0000000019522000 Uncommon trap: reason=unstable_if action=reinterpret pc=0x0000000002bacfd0 method=sun.java2d.loops.RenderCache.get(Lsun/java2d/loops/SurfaceType;Lsun/java2d/loops/CompositeType;Lsun/java2d/loops/SurfaceType;)Ljava/lang/Object; @ 29
Event: 72.899 Thread 0x0000000019522000 Uncommon trap: reason=unstable_if action=reinterpret pc=0x0000000002e94234 method=javax.swing.plaf.nimbus.NimbusStyle.get(Ljavax/swing/plaf/synth/SynthContext;Ljava/lang/Object;)Ljava/lang/Object; @ 67
Event: 72.899 Thread 0x0000000019522000 Uncommon trap: reason=unstable_if action=reinterpret pc=0x0000000002efb0f4 method=javax.swing.plaf.synth.SynthStyle.getFont(Ljavax/swing/plaf/synth/SynthContext;)Ljava/awt/Font; @ 10
Event: 72.902 Thread 0x0000000019522000 Uncommon trap: reason=unstable_if action=reinterpret pc=0x0000000002f66a90 method=javax.swing.DefaultButtonModel.isRollover()Z @ 7
Event: 72.932 Thread 0x0000000019522000 Uncommon trap: reason=class_check action=maybe_recompile pc=0x00000000030300fc method=sun.java2d.loops.SurfaceType.pixelFor(ILjava/awt/image/ColorModel;)I @ 6
Event: 72.932 Thread 0x0000000019522000 Uncommon trap: reason=class_check action=maybe_recompile pc=0x00000000030300fc method=sun.java2d.loops.SurfaceType.pixelFor(ILjava/awt/image/ColorModel;)I @ 6
Event: 73.195 Thread 0x0000000019522000 Uncommon trap: reason=unstable_if action=reinterpret pc=0x0000000002e77ed0 method=java.awt.KeyboardFocusManager.getFocusOwner()Ljava/awt/Component; @ 8
Event: 73.196 Thread 0x0000000019522000 Uncommon trap: reason=unstable_if action=reinterpret pc=0x0000000002cdb980 method=javax.swing.JComponent.getClientProperty(Ljava/lang/Object;)Ljava/lang/Object; @ 16
Event: 73.233 Thread 0x0000000019522000 Uncommon trap: reason=unstable_if action=reinterpret pc=0x000000000302abdc method=sun.java2d.SurfaceData.getTextPipe(Lsun/java2d/SunGraphics2D;Z)Lsun/java2d/pipe/TextPipe; @ 33
Event: 73.269 Thread 0x0000000019522000 Uncommon trap: reason=unstable_if action=reinterpret pc=0x0000000002fb369c method=sun.awt.PostEventQueue.flush()V @ 37

Classes redefined (0 events):
No events

Internal exceptions (10 events):
Event: 9.760 Thread 0x0000000019522000 Implicit null exception at 0x00000000029d10d6 to 0x00000000029d1479
Event: 9.762 Thread 0x0000000019522000 Implicit null exception at 0x00000000029b2c54 to 0x00000000029b3011
Event: 10.362 Thread 0x0000000019522000 Implicit null exception at 0x0000000002b1874c to 0x0000000002b18ebd
Event: 13.449 Thread 0x0000000019521800 Exception <a 'java/net/SocketTimeoutException': connect timed out> (0x00000000d62935f8) thrown at [C:\re\workspace\8-2-build-windows-amd64-cygwin\jdk8u161\10277\hotspot\src\share\vm\prims\jni.cpp, line 735]
Event: 16.478 Thread 0x0000000019521800 Exception <a 'java/net/SocketTimeoutException': connect timed out> (0x00000000d7db5db0) thrown at [C:\re\workspace\8-2-build-windows-amd64-cygwin\jdk8u161\10277\hotspot\src\share\vm\prims\jni.cpp, line 735]
Event: 22.986 Thread 0x0000000019522000 Implicit null exception at 0x0000000002ebce78 to 0x0000000002ec0039
Event: 72.397 Thread 0x0000000019522000 Implicit null exception at 0x0000000002acd31a to 0x0000000002acd4ed
Event: 72.894 Thread 0x0000000019522000 Implicit null exception at 0x0000000002bacd60 to 0x0000000002bacfb9
Event: 72.899 Thread 0x0000000019522000 Implicit null exception at 0x0000000002e93a85 to 0x0000000002e94223
Event: 73.195 Thread 0x0000000019522000 Implicit null exception at 0x0000000002e77cac to 0x0000000002e77ec1

Events (10 events):
Event: 73.207 loading class java/text/CharacterIterator
Event: 73.207 loading class java/text/CharacterIterator done
Event: 73.207 loading class java/text/AttributedCharacterIterator done
Event: 73.207 loading class java/text/AttributedString$AttributedStringIterator done
Event: 73.233 Thread 0x0000000019522000 Uncommon trap: trap_request=0xffffff65 fr.pc=0x000000000302abdc
Event: 73.233 Thread 0x0000000019522000 DEOPT PACKING pc=0x000000000302abdc sp=0x00000000223ebe30
Event: 73.233 Thread 0x0000000019522000 DEOPT UNPACKING pc=0x00000000027d583b sp=0x00000000223ebde8 mode 2
Event: 73.269 Thread 0x0000000019522000 Uncommon trap: trap_request=0xffffff65 fr.pc=0x0000000002fb369c
Event: 73.269 Thread 0x0000000019522000 DEOPT PACKING pc=0x0000000002fb369c sp=0x00000000223ec9a0
Event: 73.269 Thread 0x0000000019522000 DEOPT UNPACKING pc=0x00000000027d583b sp=0x00000000223ec6b0 mode 2


Dynamic libraries:
0x00007ff704a80000 - 0x00007ff704ab7000 	C:\Program Files\Java\jdk1.8.0_161\bin\java.exe
0x00007ff94d590000 - 0x00007ff94d771000 	C:\WINDOWS\SYSTEM32\ntdll.dll
0x00007ff9471b0000 - 0x00007ff9471c2000 	C:\Program Files\AVAST Software\Avast\aswhook.dll
0x00007ff94baf0000 - 0x00007ff94bba1000 	C:\WINDOWS\System32\KERNEL32.DLL
0x00007ff949ba0000 - 0x00007ff949e13000 	C:\WINDOWS\System32\KERNELBASE.dll
0x00007ff94bbb0000 - 0x00007ff94bc51000 	C:\WINDOWS\System32\ADVAPI32.dll
0x00007ff94b8c0000 - 0x00007ff94b95e000 	C:\WINDOWS\System32\msvcrt.dll
0x00007ff94b4a0000 - 0x00007ff94b4fb000 	C:\WINDOWS\System32\sechost.dll
0x00007ff94d430000 - 0x00007ff94d554000 	C:\WINDOWS\System32\RPCRT4.dll
0x00007ff94aad0000 - 0x00007ff94ac60000 	C:\WINDOWS\System32\USER32.dll
0x00007ff949e20000 - 0x00007ff949e40000 	C:\WINDOWS\System32\win32u.dll
0x00007ff94b960000 - 0x00007ff94b988000 	C:\WINDOWS\System32\GDI32.dll
0x00007ff949960000 - 0x00007ff949af1000 	C:\WINDOWS\System32\gdi32full.dll
0x00007ff949b00000 - 0x00007ff949b9f000 	C:\WINDOWS\System32\msvcp_win.dll
0x00007ff949e40000 - 0x00007ff949f38000 	C:\WINDOWS\System32\ucrtbase.dll
0x00007ff93bad0000 - 0x00007ff93bd39000 	C:\WINDOWS\WinSxS\amd64_microsoft.windows.common-controls_6595b64144ccf1df_6.0.17134.950_none_fb3da4273069d3e0\COMCTL32.dll
0x00007ff94d0a0000 - 0x00007ff94d3c2000 	C:\WINDOWS\System32\combase.dll
0x00007ff94a1e0000 - 0x00007ff94a259000 	C:\WINDOWS\System32\bcryptPrimitives.dll
0x00007ff94b470000 - 0x00007ff94b49d000 	C:\WINDOWS\System32\IMM32.DLL
0x0000000056b10000 - 0x0000000056be2000 	C:\Program Files\Java\jdk1.8.0_161\jre\bin\msvcr100.dll
0x0000000056bf0000 - 0x000000005748f000 	C:\Program Files\Java\jdk1.8.0_161\jre\bin\server\jvm.dll
0x00007ff94acc0000 - 0x00007ff94acc8000 	C:\WINDOWS\System32\PSAPI.DLL
0x00007ff93a960000 - 0x00007ff93a969000 	C:\WINDOWS\SYSTEM32\WSOCK32.dll
0x00007ff94b820000 - 0x00007ff94b88c000 	C:\WINDOWS\System32\WS2_32.dll
0x00007ff9450d0000 - 0x00007ff9450f3000 	C:\WINDOWS\SYSTEM32\WINMM.dll
0x00007ff940670000 - 0x00007ff94067a000 	C:\WINDOWS\SYSTEM32\VERSION.dll
0x00007ff945040000 - 0x00007ff94506a000 	C:\WINDOWS\SYSTEM32\WINMMBASE.dll
0x00007ff94a260000 - 0x00007ff94a2a9000 	C:\WINDOWS\System32\cfgmgr32.dll
0x00000000575e0000 - 0x00000000575ef000 	C:\Program Files\Java\jdk1.8.0_161\jre\bin\verify.dll
0x00000000575b0000 - 0x00000000575d9000 	C:\Program Files\Java\jdk1.8.0_161\jre\bin\java.dll
0x0000000057590000 - 0x00000000575a6000 	C:\Program Files\Java\jdk1.8.0_161\jre\bin\zip.dll
0x00007ff94bc60000 - 0x00007ff94d0a0000 	C:\WINDOWS\System32\SHELL32.dll
0x00007ff94aa20000 - 0x00007ff94aac9000 	C:\WINDOWS\System32\shcore.dll
0x00007ff94a310000 - 0x00007ff94aa1d000 	C:\WINDOWS\System32\windows.storage.dll
0x00007ff94ac60000 - 0x00007ff94acb1000 	C:\WINDOWS\System32\shlwapi.dll
0x00007ff949920000 - 0x00007ff949931000 	C:\WINDOWS\System32\kernel.appcore.dll
0x00007ff9498f0000 - 0x00007ff94990f000 	C:\WINDOWS\System32\profapi.dll
0x00007ff9498a0000 - 0x00007ff9498ec000 	C:\WINDOWS\System32\powrprof.dll
0x00007ff949910000 - 0x00007ff94991a000 	C:\WINDOWS\System32\FLTLIB.DLL
0x0000000056950000 - 0x0000000056ae8000 	C:\Program Files\Java\jdk1.8.0_161\jre\bin\awt.dll
0x00007ff94b2f0000 - 0x00007ff94b3b2000 	C:\WINDOWS\System32\OLEAUT32.dll
0x00007ff947930000 - 0x00007ff9479bb000 	C:\WINDOWS\SYSTEM32\apphelp.dll
0x00007ff947d60000 - 0x00007ff947df8000 	C:\WINDOWS\system32\uxtheme.dll
0x00007ff94b6a0000 - 0x00007ff94b813000 	C:\WINDOWS\System32\MSCTF.dll
0x00007ff947ff0000 - 0x00007ff948019000 	C:\WINDOWS\system32\dwmapi.dll
0x00007ff94b990000 - 0x00007ff94bae1000 	C:\WINDOWS\System32\ole32.dll
0x0000000056870000 - 0x0000000056877000 	C:\Program Files\Java\jdk1.8.0_161\jre\bin\jawt.dll
0x000000001a4c0000 - 0x000000001a4fe000 	C:\Program Files\Java\jdk1.8.0_161\jre\bin\j3dcore-ogl.dll
0x00007ff92cff0000 - 0x00007ff92d110000 	C:\WINDOWS\SYSTEM32\OPENGL32.dll
0x00007ff940a00000 - 0x00007ff940a2c000 	C:\WINDOWS\SYSTEM32\GLU32.dll
0x00007ff9134f0000 - 0x00007ff914037000 	C:\WINDOWS\SYSTEM32\ig75icd64.dll
0x00007ff92bf70000 - 0x00007ff92c9af000 	C:\WINDOWS\SYSTEM32\igdusc64.dll
0x00007ff947390000 - 0x00007ff9473a3000 	C:\WINDOWS\SYSTEM32\WTSAPI32.dll
0x0000000056900000 - 0x0000000056947000 	C:\Program Files\Java\jdk1.8.0_161\jre\bin\fontmanager.dll
0x0000000056740000 - 0x0000000056811000 	C:\Users\joaoq\AppData\Local\Temp\javacpp340284311368655\msvcr100.dll
0x00000000566a0000 - 0x0000000056738000 	C:\Users\joaoq\AppData\Local\Temp\javacpp340284311368655\msvcp100.dll
0x0000000066840000 - 0x00000000676b4000 	C:\Users\joaoq\AppData\Local\Temp\javacpp340284311368655\opencv_ffmpeg248_64.dll
0x00007ff90e640000 - 0x00007ff90e8b2000 	C:\Users\joaoq\AppData\Local\Temp\javacpp340284311368655\opencv_core248.dll
0x00007ff906b50000 - 0x00007ff906e02000 	C:\Users\joaoq\AppData\Local\Temp\javacpp340284311368655\opencv_imgproc248.dll
0x00007ff8f1880000 - 0x00007ff8f1acd000 	C:\Users\joaoq\AppData\Local\Temp\javacpp340284311368655\opencv_highgui248.dll
0x00007ff944980000 - 0x00007ff94499f000 	C:\WINDOWS\SYSTEM32\AVIFIL32.dll
0x00007ff940f80000 - 0x00007ff940fa9000 	C:\WINDOWS\SYSTEM32\MSVFW32.dll
0x00007ff944960000 - 0x00007ff944978000 	C:\WINDOWS\SYSTEM32\AVICAP32.dll
0x00007ff93f590000 - 0x00007ff93f5ac000 	C:\WINDOWS\SYSTEM32\MSACM32.dll
0x00007ff942c40000 - 0x00007ff942c53000 	C:\Users\joaoq\AppData\Local\Temp\javacpp340284311368655\jniopencv_highgui.dll
0x00007ff94b3c0000 - 0x00007ff94b460000 	C:\WINDOWS\System32\clbcatq.dll
0x00007ff940f60000 - 0x00007ff940f77000 	C:\Windows\System32\devenum.dll
0x00007ff94ae40000 - 0x00007ff94b28b000 	C:\WINDOWS\System32\setupapi.dll
0x00007ff948960000 - 0x00007ff948991000 	C:\WINDOWS\SYSTEM32\ntmarta.dll
0x00007ff9496b0000 - 0x00007ff9496d7000 	C:\WINDOWS\SYSTEM32\DEVOBJ.dll
0x00007ff94a2b0000 - 0x00007ff94a307000 	C:\WINDOWS\System32\WINTRUST.dll
0x00007ff949940000 - 0x00007ff949952000 	C:\WINDOWS\System32\MSASN1.dll
0x00007ff949ff0000 - 0x00007ff94a1d2000 	C:\WINDOWS\System32\CRYPT32.dll
0x00007ff9479c0000 - 0x00007ff9479ca000 	C:\WINDOWS\SYSTEM32\msdmo.dll
0x00007ff93ffe0000 - 0x00007ff940013000 	C:\Windows\System32\qcap.dll
0x00007ff907970000 - 0x00007ff907b2d000 	C:\Windows\System32\quartz.dll
0x00007ff949400000 - 0x00007ff949425000 	C:\Windows\System32\bcrypt.dll
0x00007ff93c460000 - 0x00007ff93c4ab000 	C:\Windows\System32\mfksproxy.dll
0x00007ff942760000 - 0x00007ff94277d000 	C:\Windows\System32\ATL.DLL
0x00007ff939310000 - 0x00007ff9394eb000 	C:\Windows\System32\MFPlat.DLL
0x00007ff940e20000 - 0x00007ff940e4e000 	C:\Windows\System32\RTWorkQ.DLL
0x00007ff93c410000 - 0x00007ff93c45e000 	C:\Windows\System32\MFSENSORGROUP.dll
0x00007ff938c90000 - 0x00007ff938cd8000 	C:\Windows\System32\ksproxy.ax
0x00007ff944630000 - 0x00007ff944639000 	C:\Windows\System32\ksuser.dll
0x00007ff936070000 - 0x00007ff936207000 	C:\Windows\System32\d3d9.dll
0x00007ff9460d0000 - 0x00007ff94614f000 	C:\WINDOWS\SYSTEM32\policymanager.dll
0x00007ff945900000 - 0x00007ff945991000 	C:\Windows\System32\msvcp110_win.dll
0x00007ff945140000 - 0x00007ff94514c000 	C:\Windows\System32\vidcap.ax
0x00007ff940a70000 - 0x00007ff940a96000 	C:\Windows\System32\kswdmcap.ax
0x00007ff901030000 - 0x00007ff901194000 	C:\Windows\System32\MFC42.dll
0x00007ff922000000 - 0x00007ff92209f000 	C:\Windows\System32\qedit.dll
0x00007ff94ad50000 - 0x00007ff94ae3d000 	C:\WINDOWS\System32\COMDLG32.dll
0x00007ff93c9f0000 - 0x00007ff93cb8b000 	C:\WINDOWS\WinSxS\amd64_microsoft.windows.gdiplus_6595b64144ccf1df_1.1.17134.950_none_2c28970c8afc4dae\gdiplus.dll
0x00007ff9281e0000 - 0x00007ff9282d6000 	C:\Windows\System32\DDRAW.dll
0x00007ff948630000 - 0x00007ff9486eb000 	C:\Windows\System32\dxgi.dll
0x00007ff940600000 - 0x00007ff940608000 	C:\Windows\System32\DCIMAN32.dll
0x00007ff916880000 - 0x00007ff91691a000 	C:\Users\joaoq\AppData\Local\Temp\javacpp340284311368655\jniopencv_core.dll
0x0000000057570000 - 0x000000005758a000 	C:\Program Files\Java\jdk1.8.0_161\jre\bin\net.dll
0x00007ff949120000 - 0x00007ff949186000 	C:\WINDOWS\system32\mswsock.dll
0x0000000056af0000 - 0x0000000056b01000 	C:\Program Files\Java\jdk1.8.0_161\jre\bin\nio.dll
0x00007ff948eb0000 - 0x00007ff948f6e000 	C:\WINDOWS\SYSTEM32\DNSAPI.dll
0x00007ff94b890000 - 0x00007ff94b898000 	C:\WINDOWS\System32\NSI.dll
0x00007ff948e70000 - 0x00007ff948ea8000 	C:\WINDOWS\SYSTEM32\IPHLPAPI.DLL
0x00007ff93d130000 - 0x00007ff93d13a000 	C:\Windows\System32\rasadhlp.dll
0x00000000568b0000 - 0x00000000568f2000 	C:\Program Files\Java\jdk1.8.0_161\jre\bin\t2k.dll
0x00007ff93c970000 - 0x00007ff93c9e2000 	C:\WINDOWS\System32\fwpuclnt.dll
0x0000000056820000 - 0x000000005684a000 	C:\Program Files\Java\jdk1.8.0_161\jre\bin\dcpr.dll
0x00007ff9473b0000 - 0x00007ff9476bb000 	C:\WINDOWS\SYSTEM32\d3d11.dll
0x00007ff941e40000 - 0x00007ff941ed6000 	C:\WINDOWS\System32\TextInputFramework.dll
0x00007ff942120000 - 0x00007ff94243e000 	C:\WINDOWS\System32\CoreUIComponents.dll
0x00007ff946f10000 - 0x00007ff946fea000 	C:\WINDOWS\System32\CoreMessaging.dll
0x00007ff9476c0000 - 0x00007ff94780d000 	C:\WINDOWS\SYSTEM32\wintypes.dll
0x00007ff9390b0000 - 0x00007ff939279000 	C:\WINDOWS\SYSTEM32\dbghelp.dll

VM Arguments:
jvm_args: -Dfile.encoding=UTF-8 
java_command: serial.JFMain
java_class_path (initial): C:\Program Files\Java\jre1.8.0_191\lib\ext\RXTXcomm.jar;C:\Program Files\NetBeans 8.2\java\modules\ext\AbsoluteLayout.jar;C:\Users\joaoq\Downloads\org.eclipse.paho.client.mqttv3-1.2.0.jar;C:\Users\joaoq\OneDrive\Documentos\IPCamera\javacpp.jar;C:\Users\joaoq\OneDrive\Documentos\IPCamera\javacv.jar;C:\Users\joaoq\OneDrive\Documentos\IPCamera\javacv-windows-x86.jar;C:\Users\joaoq\OneDrive\Documentos\IPCamera\javacv-windows-x86_64.jar;C:\Users\joaoq\OneDrive\Documentos\IPCamera\opencv-2.4.8-windows-x86.jar;C:\Users\joaoq\OneDrive\Documentos\IPCamera\opencv-2.4.8-windows-x86_64.jar;C:\Users\joaoq\Google Drive\TCC João Pedro Quintino\TCC2\Software PC\ReadWriteSerial\build\classes
Launcher Type: SUN_STANDARD

Environment Variables:
JAVA_HOME=C:\Program Files\Java\jdk1.8.0_161
CLASSPATH=C:\Program Files\Java\jdk1.8.0_161\lib;C:\jflex-1.6.1\lib\jflex-1.6.1.jar
PATH=C:\Program Files (x86)\Common Files\Oracle\Java\javapath;C:\ProgramData\Oracle\Java\javapath;C:\Program Files (x86)\Intel\iCLS Client\;C:\Program Files\Intel\iCLS Client\;C:\Windows\system32;C:\Windows;C:\Windows\System32\Wbem;C:\Windows\System32\WindowsPowerShell\v1.0\;C:\Program Files (x86)\Intel\Intel(R) Management Engine Components\DAL;C:\Program Files\Intel\Intel(R) Management Engine Components\DAL;C:\Program Files (x86)\Intel\Intel(R) Management Engine Components\IPT;C:\Program Files\Intel\Intel(R) Management Engine Components\IPT;C:\Program Files (x86)\NVIDIA Corporation\PhysX\Common;C:\WINDOWS\system32;C:\WINDOWS;C:\WINDOWS\System32\Wbem;C:\WINDOWS\System32\WindowsPowerShell\v1.0\;C:\Program Files\Java\jdk1.8.0_161\bin;C:\WINDOWS\System32\OpenSSH\;C:\Program Files\MATLAB\R2018a\runtime\win64;C:\Program Files\MATLAB\R2018a\bin;D:\Program Files\nodejs\;D:\Program Files\Microsoft VS Code\bin;D:\Program Files (x86)\Yarn\bin\;D:\Program Files\Git\cmd;C:\Users\joaoq\AppData\Local\Programs\Python\Python37-32\Scripts\;C:\Users\joaoq\AppData\Local\Programs\Python\Python37-32\;C:\Users\joaoq\AppData\Local\Microsoft\WindowsApps;C:\Users\joaoq\AppData\Roaming\npm;C:\Users\joaoq\AppData\Local\Yarn\bin;D:\Program Files\Docker Toolbox;C:\Program Files\heroku\bin
USERNAME=joaoq
OS=Windows_NT
PROCESSOR_IDENTIFIER=Intel64 Family 6 Model 69 Stepping 1, GenuineIntel



---------------  S Y S T E M  ---------------

OS: Windows 10.0 , 64 bit Build 17134 (10.0.17134.753)

CPU:total 4 (initial active 4) (2 cores per cpu, 2 threads per core) family 6 model 69 stepping 1, cmov, cx8, fxsr, mmx, sse, sse2, sse3, ssse3, sse4.1, sse4.2, popcnt, avx, avx2, aes, clmul, erms, lzcnt, ht, tsc, tscinvbit, bmi1, bmi2

Memory: 4k page, physical 8289792k(2699736k free), swap 12221952k(5760060k free)

vm_info: Java HotSpot(TM) 64-Bit Server VM (25.161-b12) for windows-amd64 JRE (1.8.0_161-b12), built on Dec 19 2017 17:52:25 by "java_re" with MS VC++ 10.0 (VS2010)

time: Tue Sep 03 07:58:39 2019
elapsed time: 73 seconds (0d 0h 1m 13s)

